
  _                   .-=-.           .-=-.          .-==-.       
 { }      __        .' O o '.       .' O o '.       /  -<' )--<   
 { }    .' O'.     / o .-. O \     / o .-. O \     /  .---`       
 { }   / .-. o\   /O  /   \  o\   /O  /   \  o\   /O /            
  \ `-` /   \ O`-'o  /     \  O`-'o  /     \  O`-`o /             
   `-.-`     '.____.'       `._____.'       `.____.'              

Serpent 2 beta

A Continuous-energy Monte Carlo Reactor Physics Burnup Calculation Code

 - Version 2.1.31 (May 16, 2019) -- Contact: serpent@vtt.fi

 - Reference: J. Leppanen, et al. "The Serpent Monte Carlo code: Status,
              development and applications in 2013." Ann. Nucl. Energy,
              82 (2015) 142-150.

 - Compiled May 16 2019 10:33:27

 - MPI Parallel calculation mode available

 - OpenMP Parallel calculation mode available

 - Geometry and mesh plotting available

 - Default data path set to: "/opt/serpent/xsdata"

Begin calculation on Fri Aug 23 08:30:29 2019

Reading input file "godiva28.inp"...

Checking duplicate input definitions...
OK.

Creating geometry...
OK.

Counting geometry zones...

Processing cells...
OK.

Linking materials to geometry...
OK.

Counting cells...
OK.

Processing data for group constant generation:

 - 70 energy groups in micro-group structure
 - 2 energy groups in macro-group structure
 - B1 fundamental mode calculation is not run
 - Group constants generated in 1 universes
 - Discontinuity factors are not calculated
 - Pin-power distributions are not calculated
 - Albedos are not calculated
 - Poison cross sections are not calculated

Plotting geometry:

   0% complete
  50% complete
 100% complete

Reading ACE directory files...
OK.

Reading neutron-induced fission yields...
OK.

Adding nuclides in material uranium...

Nuclide  92235.03c -- uranium 235 at 300K (U-235)
Nuclide  92238.03c -- uranium 238 at 300K (U-238)

Adding nuclides in material water...

Nuclide   1001.03c -- hydrogen at 300K (H-1)
Nuclide   8016.03c -- oxygen 16 at 300K (O-16)

Adding thermal scattering data...

Nuclide   lwj3.00t -- hydrogen at 294K (H-1)

Checking data and printing output...
OK.

Generating unionize energy grids...

Adding points:

  1001.03c -- Points added in neutron grid: 252
  1001.03s -- Points added in neutron grid: 91
  8016.03c -- Points added in neutron grid: 2353
 92235.03c -- Points added in neutron grid: 30672
 92238.03c -- Points added in neutron grid: 64861

Generating unionized energy grid:

 - Unionization performed without grid thinning
   between 1.00E-11 and 20.0 MeV.

 - Final neutron grid size: 98053 points.

 - 3.29 Mb of memory allocated for grid data

OK.

Processing cross sections and ENDF reaction laws...

Nuclide   1001.03c -- hydrogen at 300K (H-1)
Nuclide   1001.03s -- hydrogen at 300K (H-1)
Nuclide   8016.03c -- oxygen 16 at 300K (O-16)
Nuclide  92235.03c -- uranium 235 at 300K (U-235)
Nuclide  92238.03c -- uranium 238 at 300K (U-238)

SUMMARY -- 5 nuclides included in calculation:

 - 5 transport nuclides
 - Neutron energy cut-offs at 1.00E-11 and 20.0 MeV
 - 118 transport reactions
 - 29 special reactions
 - 4 decay reactions
 - 25.46 Mb of memory allocated for data

Normalizing compositions and processing mixtures...
OK.

Allocating memory for macroscopic cross section data...
OK.

Allocating memory for particle structures...
OK.

Calculating maximum densities...
OK.

Performing density cut-off...
OK.

Sorting material-wise reaction lists:

   0% complete
 100% complete

Calculating macroscopic cross sections:

   0% complete
 100% complete

Calculating DT neutron majorant cross section:

   0% complete
 100% complete

Clearing results and statistics...
OK.

Sampling initial source...
OK.

Inactive cycle   1 /  20: k-eff = 1.00000
Inactive cycle   2 /  20: k-eff = 1.13700
Inactive cycle   3 /  20: k-eff = 1.07174
Inactive cycle   4 /  20: k-eff = 1.09703
Inactive cycle   5 /  20: k-eff = 1.11765
Inactive cycle   6 /  20: k-eff = 1.11564
Inactive cycle   7 /  20: k-eff = 1.08217
Inactive cycle   8 /  20: k-eff = 1.10295
Inactive cycle   9 /  20: k-eff = 1.12854
Inactive cycle  10 /  20: k-eff = 1.10100
Inactive cycle  11 /  20: k-eff = 1.08339
Inactive cycle  12 /  20: k-eff = 1.13886
Inactive cycle  13 /  20: k-eff = 1.09945
Inactive cycle  14 /  20: k-eff = 1.08340
Inactive cycle  15 /  20: k-eff = 1.10918
Inactive cycle  16 /  20: k-eff = 1.07458
Inactive cycle  17 /  20: k-eff = 1.09564
Inactive cycle  18 /  20: k-eff = 1.11646
Inactive cycle  19 /  20: k-eff = 1.09279
Inactive cycle  20 /  20: k-eff = 1.09344

----- Begin active cycles -----

------------------------------------------------------------

Serpent 2.1.31 -- Static criticality source simulation

Title: "godiva in a water tank: enrichment = 76.0%, radius = 8.7407 cm" 

Active cycle    1 / 120  Source neutrons :  5162

Running time :                  0:00:10
Estimated running time :        -:--:--
Estimated running time left :   -:--:--

Estimated relative CPU usage :   792.0%

k-eff (analog)    = 1.12887 +/- 0.00000  [1.12887  1.12887]
k-eff (implicit)  = 1.08794 +/- 0.00000  [1.08794  1.08794]

(O4) (MPI=1) (OMP=8) 
------------------------------------------------------------
------------------------------------------------------------

Serpent 2.1.31 -- Static criticality source simulation

Title: "godiva in a water tank: enrichment = 76.0%, radius = 8.7407 cm" 

Active cycle    2 / 120  Source neutrons :  4854

Running time :                  0:00:10
Estimated running time :        -:--:--
Estimated running time left :   -:--:--

Estimated relative CPU usage :   792.1%

k-eff (analog)    = 1.11239 +/- 0.01648  [1.08009  1.14469]
k-eff (implicit)  = 1.10262 +/- 0.01468  [1.07384  1.13139]

(O4) (MPI=1) (OMP=8) 
------------------------------------------------------------
------------------------------------------------------------

Serpent 2.1.31 -- Static criticality source simulation

Title: "godiva in a water tank: enrichment = 76.0%, radius = 8.7407 cm" 

Active cycle    3 / 120  Source neutrons :  5076

Running time :                  0:00:11
Estimated running time :        -:--:--
Estimated running time left :   -:--:--

Estimated relative CPU usage :   791.8%

k-eff (analog)    = 1.11245 +/- 0.00952  [1.09380  1.13110]
k-eff (implicit)  = 1.10659 +/- 0.00936  [1.08824  1.12493]

(O4) (MPI=1) (OMP=8) 
------------------------------------------------------------
------------------------------------------------------------

Serpent 2.1.31 -- Static criticality source simulation

Title: "godiva in a water tank: enrichment = 76.0%, radius = 8.7407 cm" 

Active cycle    4 / 120  Source neutrons :  4965

Running time :                  0:00:11
Estimated running time :        -:--:--
Estimated running time left :   -:--:--

Estimated relative CPU usage :   790.7%

k-eff (analog)    = 1.11053 +/- 0.00700  [1.09682  1.12424]
k-eff (implicit)  = 1.10526 +/- 0.00675  [1.09202  1.11849]

(O4) (MPI=1) (OMP=8) 
------------------------------------------------------------
------------------------------------------------------------

Serpent 2.1.31 -- Static criticality source simulation

Title: "godiva in a water tank: enrichment = 76.0%, radius = 8.7407 cm" 

Active cycle    5 / 120  Source neutrons :  4972

Running time :                  0:00:12
Estimated running time :        0:00:58
Estimated running time left :   0:00:46

Estimated relative CPU usage :   791.6%

k-eff (analog)    = 1.10814 +/- 0.00592  [1.09653  1.11975]
k-eff (implicit)  = 1.10254 +/- 0.00589  [1.09100  1.11409]

(O4) (MPI=1) (OMP=8) 
------------------------------------------------------------
------------------------------------------------------------

Serpent 2.1.31 -- Static criticality source simulation

Title: "godiva in a water tank: enrichment = 76.0%, radius = 8.7407 cm" 

Active cycle    6 / 120  Source neutrons :  4982

Running time :                  0:00:12
Estimated running time :        0:00:58
Estimated running time left :   0:00:45

Estimated relative CPU usage :   792.0%

k-eff (analog)    = 1.10589 +/- 0.00533  [1.09544  1.11635]
k-eff (implicit)  = 1.10057 +/- 0.00520  [1.09038  1.11076]

(O4) (MPI=1) (OMP=8) 
------------------------------------------------------------
------------------------------------------------------------

Serpent 2.1.31 -- Static criticality source simulation

Title: "godiva in a water tank: enrichment = 76.0%, radius = 8.7407 cm" 

Active cycle    7 / 120  Source neutrons :  4970

Running time :                  0:00:12
Estimated running time :        0:00:58
Estimated running time left :   0:00:45

Estimated relative CPU usage :   791.9%

k-eff (analog)    = 1.10335 +/- 0.00518  [1.09320  1.11349]
k-eff (implicit)  = 1.09531 +/- 0.00685  [1.08189  1.10874]

(O4) (MPI=1) (OMP=8) 
------------------------------------------------------------
------------------------------------------------------------

Serpent 2.1.31 -- Static criticality source simulation

Title: "godiva in a water tank: enrichment = 76.0%, radius = 8.7407 cm" 

Active cycle    8 / 120  Source neutrons :  5086

Running time :                  0:00:13
Estimated running time :        0:00:58
Estimated running time left :   0:00:45

Estimated relative CPU usage :   791.6%

k-eff (analog)    = 1.10377 +/- 0.00450  [1.09495  1.11260]
k-eff (implicit)  = 1.09977 +/- 0.00742  [1.08523  1.11432]

(O4) (MPI=1) (OMP=8) 
------------------------------------------------------------
------------------------------------------------------------

Serpent 2.1.31 -- Static criticality source simulation

Title: "godiva in a water tank: enrichment = 76.0%, radius = 8.7407 cm" 

Active cycle    9 / 120  Source neutrons :  5088

Running time :                  0:00:13
Estimated running time :        0:00:58
Estimated running time left :   0:00:44

Estimated relative CPU usage :   792.0%

k-eff (analog)    = 1.10627 +/- 0.00469  [1.09708  1.11547]
k-eff (implicit)  = 1.09908 +/- 0.00658  [1.08618  1.11198]

(O4) (MPI=1) (OMP=8) 
------------------------------------------------------------
------------------------------------------------------------

Serpent 2.1.31 -- Static criticality source simulation

Title: "godiva in a water tank: enrichment = 76.0%, radius = 8.7407 cm" 

Active cycle   10 / 120  Source neutrons :  4837

Running time :                  0:00:14
Estimated running time :        0:00:58
Estimated running time left :   0:00:44

Estimated relative CPU usage :   792.1%

k-eff (analog)    = 1.10460 +/- 0.00452  [1.09574  1.11346]
k-eff (implicit)  = 1.09797 +/- 0.00599  [1.08623  1.10971]

(O4) (MPI=1) (OMP=8) 
------------------------------------------------------------
------------------------------------------------------------

Serpent 2.1.31 -- Static criticality source simulation

Title: "godiva in a water tank: enrichment = 76.0%, radius = 8.7407 cm" 

Active cycle   11 / 120  Source neutrons :  5120

Running time :                  0:00:14
Estimated running time :        0:00:58
Estimated running time left :   0:00:44

Estimated relative CPU usage :   792.0%

k-eff (analog)    = 1.10561 +/- 0.00421  [1.09736  1.11386]
k-eff (implicit)  = 1.10051 +/- 0.00598  [1.08878  1.11224]

(O4) (MPI=1) (OMP=8) 
------------------------------------------------------------
------------------------------------------------------------

Serpent 2.1.31 -- Static criticality source simulation

Title: "godiva in a water tank: enrichment = 76.0%, radius = 8.7407 cm" 

Active cycle   12 / 120  Source neutrons :  5138

Running time :                  0:00:14
Estimated running time :        0:00:58
Estimated running time left :   0:00:43

Estimated relative CPU usage :   791.5%

k-eff (analog)    = 1.10902 +/- 0.00514  [1.09895  1.11908]
k-eff (implicit)  = 1.10240 +/- 0.00578  [1.09107  1.11373]

(O4) (MPI=1) (OMP=8) 
------------------------------------------------------------
------------------------------------------------------------

Serpent 2.1.31 -- Static criticality source simulation

Title: "godiva in a water tank: enrichment = 76.0%, radius = 8.7407 cm" 

Active cycle   13 / 120  Source neutrons :  4730

Running time :                  0:00:15
Estimated running time :        0:00:58
Estimated running time left :   0:00:42

Estimated relative CPU usage :   790.0%

k-eff (analog)    = 1.10714 +/- 0.00508  [1.09717  1.11710]
k-eff (implicit)  = 1.10146 +/- 0.00540  [1.09088  1.11205]

(O4) (MPI=1) (OMP=8) 
------------------------------------------------------------
------------------------------------------------------------

Serpent 2.1.31 -- Static criticality source simulation

Title: "godiva in a water tank: enrichment = 76.0%, radius = 8.7407 cm" 

Active cycle   14 / 120  Source neutrons :  5067

Running time :                  0:00:15
Estimated running time :        0:00:58
Estimated running time left :   0:00:42

Estimated relative CPU usage :   792.6%

k-eff (analog)    = 1.10656 +/- 0.00474  [1.09727  1.11586]
k-eff (implicit)  = 1.10140 +/- 0.00500  [1.09160  1.11120]

(O4) (MPI=1) (OMP=8) 
------------------------------------------------------------
------------------------------------------------------------

Serpent 2.1.31 -- Static criticality source simulation

Title: "godiva in a water tank: enrichment = 76.0%, radius = 8.7407 cm" 

Active cycle   15 / 120  Source neutrons :  4938

Running time :                  0:00:16
Estimated running time :        0:00:58
Estimated running time left :   0:00:41

Estimated relative CPU usage :   792.1%

k-eff (analog)    = 1.10516 +/- 0.00463  [1.09608  1.11424]
k-eff (implicit)  = 1.10263 +/- 0.00481  [1.09319  1.11206]

(O4) (MPI=1) (OMP=8) 
------------------------------------------------------------
------------------------------------------------------------

Serpent 2.1.31 -- Static criticality source simulation

Title: "godiva in a water tank: enrichment = 76.0%, radius = 8.7407 cm" 

Active cycle   16 / 120  Source neutrons :  5180

Running time :                  0:00:16
Estimated running time :        0:00:58
Estimated running time left :   0:00:41

Estimated relative CPU usage :   791.0%

k-eff (analog)    = 1.10637 +/- 0.00450  [1.09755  1.11519]
k-eff (implicit)  = 1.10248 +/- 0.00450  [1.09365  1.11131]

(O4) (MPI=1) (OMP=8) 
------------------------------------------------------------
------------------------------------------------------------

Serpent 2.1.31 -- Static criticality source simulation

Title: "godiva in a water tank: enrichment = 76.0%, radius = 8.7407 cm" 

Active cycle   17 / 120  Source neutrons :  4854

Running time :                  0:00:16
Estimated running time :        0:00:58
Estimated running time left :   0:00:41

Estimated relative CPU usage :   791.8%

k-eff (analog)    = 1.10551 +/- 0.00431  [1.09705  1.11396]
k-eff (implicit)  = 1.10268 +/- 0.00424  [1.09438  1.11098]

(O4) (MPI=1) (OMP=8) 
------------------------------------------------------------
------------------------------------------------------------

Serpent 2.1.31 -- Static criticality source simulation

Title: "godiva in a water tank: enrichment = 76.0%, radius = 8.7407 cm" 

Active cycle   18 / 120  Source neutrons :  5021

Running time :                  0:00:17
Estimated running time :        0:00:58
Estimated running time left :   0:00:40

Estimated relative CPU usage :   792.2%

k-eff (analog)    = 1.10500 +/- 0.00410  [1.09696  1.11303]
k-eff (implicit)  = 1.10092 +/- 0.00437  [1.09236  1.10947]

(O4) (MPI=1) (OMP=8) 
------------------------------------------------------------
------------------------------------------------------------

Serpent 2.1.31 -- Static criticality source simulation

Title: "godiva in a water tank: enrichment = 76.0%, radius = 8.7407 cm" 

Active cycle   19 / 120  Source neutrons :  4976

Running time :                  0:00:17
Estimated running time :        0:00:58
Estimated running time left :   0:00:40

Estimated relative CPU usage :   791.0%

k-eff (analog)    = 1.10426 +/- 0.00395  [1.09653  1.11200]
k-eff (implicit)  = 1.10073 +/- 0.00413  [1.09263  1.10883]

(O4) (MPI=1) (OMP=8) 
------------------------------------------------------------
------------------------------------------------------------

Serpent 2.1.31 -- Static criticality source simulation

Title: "godiva in a water tank: enrichment = 76.0%, radius = 8.7407 cm" 

Active cycle   20 / 120  Source neutrons :  5003

Running time :                  0:00:18
Estimated running time :        0:00:58
Estimated running time left :   0:00:40

Estimated relative CPU usage :   788.6%

k-eff (analog)    = 1.10363 +/- 0.00380  [1.09619  1.11108]
k-eff (implicit)  = 1.10027 +/- 0.00395  [1.09253  1.10801]

(O4) (MPI=1) (OMP=8) 
------------------------------------------------------------
------------------------------------------------------------

Serpent 2.1.31 -- Static criticality source simulation

Title: "godiva in a water tank: enrichment = 76.0%, radius = 8.7407 cm" 

Active cycle   21 / 120  Source neutrons :  4955

Running time :                  0:00:18
Estimated running time :        0:00:58
Estimated running time left :   0:00:39

Estimated relative CPU usage :   791.4%

k-eff (analog)    = 1.10260 +/- 0.00376  [1.09524  1.10996]
k-eff (implicit)  = 1.10060 +/- 0.00377  [1.09321  1.10799]

(O4) (MPI=1) (OMP=8) 
------------------------------------------------------------
------------------------------------------------------------

Serpent 2.1.31 -- Static criticality source simulation

Title: "godiva in a water tank: enrichment = 76.0%, radius = 8.7407 cm" 

Active cycle   22 / 120  Source neutrons :  5072

Running time :                  0:00:18
Estimated running time :        0:00:58
Estimated running time left :   0:00:39

Estimated relative CPU usage :   790.2%

k-eff (analog)    = 1.10236 +/- 0.00359  [1.09533  1.10940]
k-eff (implicit)  = 1.10025 +/- 0.00361  [1.09318  1.10733]

(O4) (MPI=1) (OMP=8) 
------------------------------------------------------------
------------------------------------------------------------

Serpent 2.1.31 -- Static criticality source simulation

Title: "godiva in a water tank: enrichment = 76.0%, radius = 8.7407 cm" 

Active cycle   23 / 120  Source neutrons :  4999

Running time :                  0:00:19
Estimated running time :        0:00:58
Estimated running time left :   0:00:38

Estimated relative CPU usage :   793.5%

k-eff (analog)    = 1.10214 +/- 0.00344  [1.09541  1.10888]
k-eff (implicit)  = 1.09985 +/- 0.00347  [1.09304  1.10666]

(O4) (MPI=1) (OMP=8) 
------------------------------------------------------------
------------------------------------------------------------

Serpent 2.1.31 -- Static criticality source simulation

Title: "godiva in a water tank: enrichment = 76.0%, radius = 8.7407 cm" 

Active cycle   24 / 120  Source neutrons :  4991

Running time :                  0:00:19
Estimated running time :        0:00:58
Estimated running time left :   0:00:38

Estimated relative CPU usage :   790.1%

k-eff (analog)    = 1.10185 +/- 0.00330  [1.09538  1.10833]
k-eff (implicit)  = 1.09979 +/- 0.00333  [1.09327  1.10631]

(O4) (MPI=1) (OMP=8) 
------------------------------------------------------------
------------------------------------------------------------

Serpent 2.1.31 -- Static criticality source simulation

Title: "godiva in a water tank: enrichment = 76.0%, radius = 8.7407 cm" 

Active cycle   25 / 120  Source neutrons :  5140

Running time :                  0:00:20
Estimated running time :        0:00:58
Estimated running time left :   0:00:38

Estimated relative CPU usage :   791.7%

k-eff (analog)    = 1.10282 +/- 0.00331  [1.09633  1.10931]
k-eff (implicit)  = 1.09994 +/- 0.00319  [1.09368  1.10620]

(O4) (MPI=1) (OMP=8) 
------------------------------------------------------------
------------------------------------------------------------

Serpent 2.1.31 -- Static criticality source simulation

Title: "godiva in a water tank: enrichment = 76.0%, radius = 8.7407 cm" 

Active cycle   26 / 120  Source neutrons :  4891

Running time :                  0:00:20
Estimated running time :        0:00:58
Estimated running time left :   0:00:37

Estimated relative CPU usage :   789.4%

k-eff (analog)    = 1.10276 +/- 0.00318  [1.09653  1.10900]
k-eff (implicit)  = 1.09995 +/- 0.00307  [1.09394  1.10597]

(O4) (MPI=1) (OMP=8) 
------------------------------------------------------------
------------------------------------------------------------

Serpent 2.1.31 -- Static criticality source simulation

Title: "godiva in a water tank: enrichment = 76.0%, radius = 8.7407 cm" 

Active cycle   27 / 120  Source neutrons :  5050

Running time :                  0:00:20
Estimated running time :        0:00:58
Estimated running time left :   0:00:37

Estimated relative CPU usage :   791.4%

k-eff (analog)    = 1.10312 +/- 0.00308  [1.09708  1.10916]
k-eff (implicit)  = 1.09956 +/- 0.00298  [1.09372  1.10540]

(O4) (MPI=1) (OMP=8) 
------------------------------------------------------------
------------------------------------------------------------

Serpent 2.1.31 -- Static criticality source simulation

Title: "godiva in a water tank: enrichment = 76.0%, radius = 8.7407 cm" 

Active cycle   28 / 120  Source neutrons :  4903

Running time :                  0:00:21
Estimated running time :        0:00:58
Estimated running time left :   0:00:36

Estimated relative CPU usage :   790.6%

k-eff (analog)    = 1.10268 +/- 0.00300  [1.09679  1.10857]
k-eff (implicit)  = 1.09824 +/- 0.00316  [1.09205  1.10443]

(O4) (MPI=1) (OMP=8) 
------------------------------------------------------------
------------------------------------------------------------

Serpent 2.1.31 -- Static criticality source simulation

Title: "godiva in a water tank: enrichment = 76.0%, radius = 8.7407 cm" 

Active cycle   29 / 120  Source neutrons :  4940

Running time :                  0:00:21
Estimated running time :        0:00:58
Estimated running time left :   0:00:36

Estimated relative CPU usage :   792.1%

k-eff (analog)    = 1.10182 +/- 0.00302  [1.09590  1.10774]
k-eff (implicit)  = 1.09761 +/- 0.00311  [1.09151  1.10371]

(O4) (MPI=1) (OMP=8) 
------------------------------------------------------------
------------------------------------------------------------

Serpent 2.1.31 -- Static criticality source simulation

Title: "godiva in a water tank: enrichment = 76.0%, radius = 8.7407 cm" 

Active cycle   30 / 120  Source neutrons :  4988

Running time :                  0:00:22
Estimated running time :        0:00:58
Estimated running time left :   0:00:36

Estimated relative CPU usage :   790.2%

k-eff (analog)    = 1.10093 +/- 0.00305  [1.09495  1.10691]
k-eff (implicit)  = 1.09692 +/- 0.00309  [1.09087  1.10296]

(O4) (MPI=1) (OMP=8) 
------------------------------------------------------------
------------------------------------------------------------

Serpent 2.1.31 -- Static criticality source simulation

Title: "godiva in a water tank: enrichment = 76.0%, radius = 8.7407 cm" 

Active cycle   31 / 120  Source neutrons :  5073

Running time :                  0:00:22
Estimated running time :        0:00:58
Estimated running time left :   0:00:35

Estimated relative CPU usage :   793.8%

k-eff (analog)    = 1.10060 +/- 0.00297  [1.09478  1.10643]
k-eff (implicit)  = 1.09676 +/- 0.00299  [1.09091  1.10262]

(O4) (MPI=1) (OMP=8) 
------------------------------------------------------------
------------------------------------------------------------

Serpent 2.1.31 -- Static criticality source simulation

Title: "godiva in a water tank: enrichment = 76.0%, radius = 8.7407 cm" 

Active cycle   32 / 120  Source neutrons :  5042

Running time :                  0:00:23
Estimated running time :        0:00:58
Estimated running time left :   0:00:35

Estimated relative CPU usage :   790.3%

k-eff (analog)    = 1.10059 +/- 0.00288  [1.09495  1.10622]
k-eff (implicit)  = 1.09655 +/- 0.00290  [1.09087  1.10224]

(O4) (MPI=1) (OMP=8) 
------------------------------------------------------------
------------------------------------------------------------

Serpent 2.1.31 -- Static criticality source simulation

Title: "godiva in a water tank: enrichment = 76.0%, radius = 8.7407 cm" 

Active cycle   33 / 120  Source neutrons :  4893

Running time :                  0:00:23
Estimated running time :        0:00:58
Estimated running time left :   0:00:34

Estimated relative CPU usage :   789.5%

k-eff (analog)    = 1.09985 +/- 0.00288  [1.09421  1.10550]
k-eff (implicit)  = 1.09765 +/- 0.00302  [1.09173  1.10357]

(O4) (MPI=1) (OMP=8) 
------------------------------------------------------------
------------------------------------------------------------

Serpent 2.1.31 -- Static criticality source simulation

Title: "godiva in a water tank: enrichment = 76.0%, radius = 8.7407 cm" 

Active cycle   34 / 120  Source neutrons :  5183

Running time :                  0:00:23
Estimated running time :        0:00:58
Estimated running time left :   0:00:34

Estimated relative CPU usage :   789.4%

k-eff (analog)    = 1.10032 +/- 0.00284  [1.09477  1.10588]
k-eff (implicit)  = 1.09751 +/- 0.00293  [1.09176  1.10326]

(O4) (MPI=1) (OMP=8) 
------------------------------------------------------------
------------------------------------------------------------

Serpent 2.1.31 -- Static criticality source simulation

Title: "godiva in a water tank: enrichment = 76.0%, radius = 8.7407 cm" 

Active cycle   35 / 120  Source neutrons :  4834

Running time :                  0:00:24
Estimated running time :        0:00:58
Estimated running time left :   0:00:34

Estimated relative CPU usage :   793.1%

k-eff (analog)    = 1.09971 +/- 0.00282  [1.09418  1.10524]
k-eff (implicit)  = 1.09748 +/- 0.00285  [1.09190  1.10306]

(O4) (MPI=1) (OMP=8) 
------------------------------------------------------------
------------------------------------------------------------

Serpent 2.1.31 -- Static criticality source simulation

Title: "godiva in a water tank: enrichment = 76.0%, radius = 8.7407 cm" 

Active cycle   36 / 120  Source neutrons :  5005

Running time :                  0:00:24
Estimated running time :        0:00:58
Estimated running time left :   0:00:33

Estimated relative CPU usage :   788.0%

k-eff (analog)    = 1.09916 +/- 0.00280  [1.09368  1.10464]
k-eff (implicit)  = 1.09715 +/- 0.00279  [1.09168  1.10261]

(O4) (MPI=1) (OMP=8) 
------------------------------------------------------------
------------------------------------------------------------

Serpent 2.1.31 -- Static criticality source simulation

Title: "godiva in a water tank: enrichment = 76.0%, radius = 8.7407 cm" 

Active cycle   37 / 120  Source neutrons :  5068

Running time :                  0:00:25
Estimated running time :        0:00:58
Estimated running time left :   0:00:33

Estimated relative CPU usage :   791.4%

k-eff (analog)    = 1.09904 +/- 0.00272  [1.09370  1.10437]
k-eff (implicit)  = 1.09745 +/- 0.00273  [1.09210  1.10280]

(O4) (MPI=1) (OMP=8) 
------------------------------------------------------------
------------------------------------------------------------

Serpent 2.1.31 -- Static criticality source simulation

Title: "godiva in a water tank: enrichment = 76.0%, radius = 8.7407 cm" 

Active cycle   38 / 120  Source neutrons :  4937

Running time :                  0:00:25
Estimated running time :        0:00:58
Estimated running time left :   0:00:32

Estimated relative CPU usage :   790.2%

k-eff (analog)    = 1.09856 +/- 0.00269  [1.09328  1.10383]
k-eff (implicit)  = 1.09699 +/- 0.00270  [1.09171  1.10227]

(O4) (MPI=1) (OMP=8) 
------------------------------------------------------------
------------------------------------------------------------

Serpent 2.1.31 -- Static criticality source simulation

Title: "godiva in a water tank: enrichment = 76.0%, radius = 8.7407 cm" 

Active cycle   39 / 120  Source neutrons :  5078

Running time :                  0:00:25
Estimated running time :        0:00:58
Estimated running time left :   0:00:32

Estimated relative CPU usage :   790.9%

k-eff (analog)    = 1.09853 +/- 0.00262  [1.09339  1.10367]
k-eff (implicit)  = 1.09673 +/- 0.00264  [1.09156  1.10190]

(O4) (MPI=1) (OMP=8) 
------------------------------------------------------------
------------------------------------------------------------

Serpent 2.1.31 -- Static criticality source simulation

Title: "godiva in a water tank: enrichment = 76.0%, radius = 8.7407 cm" 

Active cycle   40 / 120  Source neutrons :  4873

Running time :                  0:00:26
Estimated running time :        0:00:58
Estimated running time left :   0:00:32

Estimated relative CPU usage :   785.5%

k-eff (analog)    = 1.09781 +/- 0.00266  [1.09261  1.10302]
k-eff (implicit)  = 1.09668 +/- 0.00257  [1.09164  1.10173]

(O4) (MPI=1) (OMP=8) 
------------------------------------------------------------
------------------------------------------------------------

Serpent 2.1.31 -- Static criticality source simulation

Title: "godiva in a water tank: enrichment = 76.0%, radius = 8.7407 cm" 

Active cycle   41 / 120  Source neutrons :  5269

Running time :                  0:00:26
Estimated running time :        0:00:58
Estimated running time left :   0:00:31

Estimated relative CPU usage :   791.5%

k-eff (analog)    = 1.09853 +/- 0.00269  [1.09326  1.10380]
k-eff (implicit)  = 1.09699 +/- 0.00253  [1.09204  1.10195]

(O4) (MPI=1) (OMP=8) 
------------------------------------------------------------
------------------------------------------------------------

Serpent 2.1.31 -- Static criticality source simulation

Title: "godiva in a water tank: enrichment = 76.0%, radius = 8.7407 cm" 

Active cycle   42 / 120  Source neutrons :  4871

Running time :                  0:00:27
Estimated running time :        0:00:58
Estimated running time left :   0:00:31

Estimated relative CPU usage :   790.1%

k-eff (analog)    = 1.09853 +/- 0.00262  [1.09338  1.10367]
k-eff (implicit)  = 1.09683 +/- 0.00247  [1.09199  1.10167]

(O4) (MPI=1) (OMP=8) 
------------------------------------------------------------
------------------------------------------------------------

Serpent 2.1.31 -- Static criticality source simulation

Title: "godiva in a water tank: enrichment = 76.0%, radius = 8.7407 cm" 

Active cycle   43 / 120  Source neutrons :  5011

Running time :                  0:00:27
Estimated running time :        0:00:58
Estimated running time left :   0:00:30

Estimated relative CPU usage :   791.9%

k-eff (analog)    = 1.09857 +/- 0.00256  [1.09355  1.10360]
k-eff (implicit)  = 1.09740 +/- 0.00248  [1.09254  1.10226]

(O4) (MPI=1) (OMP=8) 
------------------------------------------------------------
------------------------------------------------------------

Serpent 2.1.31 -- Static criticality source simulation

Title: "godiva in a water tank: enrichment = 76.0%, radius = 8.7407 cm" 

Active cycle   44 / 120  Source neutrons :  5116

Running time :                  0:00:27
Estimated running time :        0:00:58
Estimated running time left :   0:00:30

Estimated relative CPU usage :   789.4%

k-eff (analog)    = 1.09920 +/- 0.00258  [1.09414  1.10426]
k-eff (implicit)  = 1.09736 +/- 0.00242  [1.09261  1.10211]

(O4) (MPI=1) (OMP=8) 
------------------------------------------------------------
------------------------------------------------------------

Serpent 2.1.31 -- Static criticality source simulation

Title: "godiva in a water tank: enrichment = 76.0%, radius = 8.7407 cm" 

Active cycle   45 / 120  Source neutrons :  4755

Running time :                  0:00:28
Estimated running time :        0:00:58
Estimated running time left :   0:00:30

Estimated relative CPU usage :   791.7%

k-eff (analog)    = 1.09858 +/- 0.00260  [1.09348  1.10367]
k-eff (implicit)  = 1.09738 +/- 0.00237  [1.09274  1.10202]

(O4) (MPI=1) (OMP=8) 
------------------------------------------------------------
------------------------------------------------------------

Serpent 2.1.31 -- Static criticality source simulation

Title: "godiva in a water tank: enrichment = 76.0%, radius = 8.7407 cm" 

Active cycle   46 / 120  Source neutrons :  4947

Running time :                  0:00:28
Estimated running time :        0:00:58
Estimated running time left :   0:00:29

Estimated relative CPU usage :   793.9%

k-eff (analog)    = 1.09773 +/- 0.00268  [1.09248  1.10298]
k-eff (implicit)  = 1.09708 +/- 0.00234  [1.09251  1.10166]

(O4) (MPI=1) (OMP=8) 
------------------------------------------------------------
------------------------------------------------------------

Serpent 2.1.31 -- Static criticality source simulation

Title: "godiva in a water tank: enrichment = 76.0%, radius = 8.7407 cm" 

Active cycle   47 / 120  Source neutrons :  5090

Running time :                  0:00:29
Estimated running time :        0:00:58
Estimated running time left :   0:00:29

Estimated relative CPU usage :   790.8%

k-eff (analog)    = 1.09732 +/- 0.00265  [1.09213  1.10252]
k-eff (implicit)  = 1.09677 +/- 0.00231  [1.09226  1.10129]

(O4) (MPI=1) (OMP=8) 
------------------------------------------------------------
------------------------------------------------------------

Serpent 2.1.31 -- Static criticality source simulation

Title: "godiva in a water tank: enrichment = 76.0%, radius = 8.7407 cm" 

Active cycle   48 / 120  Source neutrons :  5009

Running time :                  0:00:29
Estimated running time :        0:00:58
Estimated running time left :   0:00:28

Estimated relative CPU usage :   790.3%

k-eff (analog)    = 1.09698 +/- 0.00262  [1.09184  1.10211]
k-eff (implicit)  = 1.09712 +/- 0.00228  [1.09265  1.10160]

(O4) (MPI=1) (OMP=8) 
------------------------------------------------------------
------------------------------------------------------------

Serpent 2.1.31 -- Static criticality source simulation

Title: "godiva in a water tank: enrichment = 76.0%, radius = 8.7407 cm" 

Active cycle   49 / 120  Source neutrons :  5070

Running time :                  0:00:29
Estimated running time :        0:00:58
Estimated running time left :   0:00:28

Estimated relative CPU usage :   793.1%

k-eff (analog)    = 1.09695 +/- 0.00257  [1.09192  1.10198]
k-eff (implicit)  = 1.09719 +/- 0.00224  [1.09280  1.10157]

(O4) (MPI=1) (OMP=8) 
------------------------------------------------------------
------------------------------------------------------------

Serpent 2.1.31 -- Static criticality source simulation

Title: "godiva in a water tank: enrichment = 76.0%, radius = 8.7407 cm" 

Active cycle   50 / 120  Source neutrons :  4965

Running time :                  0:00:30
Estimated running time :        0:00:58
Estimated running time left :   0:00:28

Estimated relative CPU usage :   790.3%

k-eff (analog)    = 1.09678 +/- 0.00252  [1.09184  1.10172]
k-eff (implicit)  = 1.09662 +/- 0.00226  [1.09218  1.10106]

(O4) (MPI=1) (OMP=8) 
------------------------------------------------------------
------------------------------------------------------------

Serpent 2.1.31 -- Static criticality source simulation

Title: "godiva in a water tank: enrichment = 76.0%, radius = 8.7407 cm" 

Active cycle   51 / 120  Source neutrons :  4950

Running time :                  0:00:30
Estimated running time :        0:00:58
Estimated running time left :   0:00:27

Estimated relative CPU usage :   786.2%

k-eff (analog)    = 1.09639 +/- 0.00250  [1.09149  1.10129]
k-eff (implicit)  = 1.09631 +/- 0.00224  [1.09191  1.10070]

(O4) (MPI=1) (OMP=8) 
------------------------------------------------------------
------------------------------------------------------------

Serpent 2.1.31 -- Static criticality source simulation

Title: "godiva in a water tank: enrichment = 76.0%, radius = 8.7407 cm" 

Active cycle   52 / 120  Source neutrons :  4945

Running time :                  0:00:30
Estimated running time :        0:00:58
Estimated running time left :   0:00:27

Estimated relative CPU usage :   792.1%

k-eff (analog)    = 1.09580 +/- 0.00252  [1.09085  1.10074]
k-eff (implicit)  = 1.09622 +/- 0.00220  [1.09190  1.10053]

(O4) (MPI=1) (OMP=8) 
------------------------------------------------------------
------------------------------------------------------------

Serpent 2.1.31 -- Static criticality source simulation

Title: "godiva in a water tank: enrichment = 76.0%, radius = 8.7407 cm" 

Active cycle   53 / 120  Source neutrons :  5180

Running time :                  0:00:31
Estimated running time :        0:00:58
Estimated running time left :   0:00:26

Estimated relative CPU usage :   789.0%

k-eff (analog)    = 1.09595 +/- 0.00248  [1.09109  1.10081]
k-eff (implicit)  = 1.09602 +/- 0.00217  [1.09177  1.10026]

(O4) (MPI=1) (OMP=8) 
------------------------------------------------------------
------------------------------------------------------------

Serpent 2.1.31 -- Static criticality source simulation

Title: "godiva in a water tank: enrichment = 76.0%, radius = 8.7407 cm" 

Active cycle   54 / 120  Source neutrons :  4973

Running time :                  0:00:31
Estimated running time :        0:00:58
Estimated running time left :   0:00:26

Estimated relative CPU usage :   791.6%

k-eff (analog)    = 1.09598 +/- 0.00243  [1.09121  1.10075]
k-eff (implicit)  = 1.09644 +/- 0.00217  [1.09219  1.10069]

(O4) (MPI=1) (OMP=8) 
------------------------------------------------------------
------------------------------------------------------------

Serpent 2.1.31 -- Static criticality source simulation

Title: "godiva in a water tank: enrichment = 76.0%, radius = 8.7407 cm" 

Active cycle   55 / 120  Source neutrons :  5089

Running time :                  0:00:32
Estimated running time :        0:00:58
Estimated running time left :   0:00:26

Estimated relative CPU usage :   792.0%

k-eff (analog)    = 1.09637 +/- 0.00242  [1.09163  1.10111]
k-eff (implicit)  = 1.09681 +/- 0.00216  [1.09257  1.10104]

(O4) (MPI=1) (OMP=8) 
------------------------------------------------------------
------------------------------------------------------------

Serpent 2.1.31 -- Static criticality source simulation

Title: "godiva in a water tank: enrichment = 76.0%, radius = 8.7407 cm" 

Active cycle   56 / 120  Source neutrons :  4971

Running time :                  0:00:32
Estimated running time :        0:00:58
Estimated running time left :   0:00:25

Estimated relative CPU usage :   789.8%

k-eff (analog)    = 1.09663 +/- 0.00239  [1.09194  1.10131]
k-eff (implicit)  = 1.09674 +/- 0.00212  [1.09258  1.10090]

(O4) (MPI=1) (OMP=8) 
------------------------------------------------------------
------------------------------------------------------------

Serpent 2.1.31 -- Static criticality source simulation

Title: "godiva in a water tank: enrichment = 76.0%, radius = 8.7407 cm" 

Active cycle   57 / 120  Source neutrons :  5002

Running time :                  0:00:33
Estimated running time :        0:00:58
Estimated running time left :   0:00:25

Estimated relative CPU usage :   788.0%

k-eff (analog)    = 1.09689 +/- 0.00236  [1.09226  1.10152]
k-eff (implicit)  = 1.09677 +/- 0.00209  [1.09269  1.10086]

(O4) (MPI=1) (OMP=8) 
------------------------------------------------------------
------------------------------------------------------------

Serpent 2.1.31 -- Static criticality source simulation

Title: "godiva in a water tank: enrichment = 76.0%, radius = 8.7407 cm" 

Active cycle   58 / 120  Source neutrons :  5013

Running time :                  0:00:33
Estimated running time :        0:00:58
Estimated running time left :   0:00:24

Estimated relative CPU usage :   789.4%

k-eff (analog)    = 1.09718 +/- 0.00234  [1.09260  1.10177]
k-eff (implicit)  = 1.09677 +/- 0.00205  [1.09276  1.10079]

(O4) (MPI=1) (OMP=8) 
------------------------------------------------------------
------------------------------------------------------------

Serpent 2.1.31 -- Static criticality source simulation

Title: "godiva in a water tank: enrichment = 76.0%, radius = 8.7407 cm" 

Active cycle   59 / 120  Source neutrons :  4962

Running time :                  0:00:33
Estimated running time :        0:00:58
Estimated running time left :   0:00:24

Estimated relative CPU usage :   792.9%

k-eff (analog)    = 1.09733 +/- 0.00230  [1.09281  1.10185]
k-eff (implicit)  = 1.09646 +/- 0.00204  [1.09246  1.10045]

(O4) (MPI=1) (OMP=8) 
------------------------------------------------------------
------------------------------------------------------------

Serpent 2.1.31 -- Static criticality source simulation

Title: "godiva in a water tank: enrichment = 76.0%, radius = 8.7407 cm" 

Active cycle   60 / 120  Source neutrons :  4848

Running time :                  0:00:34
Estimated running time :        0:00:58
Estimated running time left :   0:00:24

Estimated relative CPU usage :   787.0%

k-eff (analog)    = 1.09691 +/- 0.00230  [1.09239  1.10142]
k-eff (implicit)  = 1.09631 +/- 0.00201  [1.09237  1.10025]

(O4) (MPI=1) (OMP=8) 
------------------------------------------------------------
------------------------------------------------------------

Serpent 2.1.31 -- Static criticality source simulation

Title: "godiva in a water tank: enrichment = 76.0%, radius = 8.7407 cm" 

Active cycle   61 / 120  Source neutrons :  5024

Running time :                  0:00:34
Estimated running time :        0:00:58
Estimated running time left :   0:00:23

Estimated relative CPU usage :   791.7%

k-eff (analog)    = 1.09659 +/- 0.00229  [1.09210  1.10107]
k-eff (implicit)  = 1.09605 +/- 0.00199  [1.09214  1.09996]

(O4) (MPI=1) (OMP=8) 
------------------------------------------------------------
------------------------------------------------------------

Serpent 2.1.31 -- Static criticality source simulation

Title: "godiva in a water tank: enrichment = 76.0%, radius = 8.7407 cm" 

Active cycle   62 / 120  Source neutrons :  5087

Running time :                  0:00:35
Estimated running time :        0:00:58
Estimated running time left :   0:00:23

Estimated relative CPU usage :   791.7%

k-eff (analog)    = 1.09658 +/- 0.00225  [1.09216  1.10099]
k-eff (implicit)  = 1.09614 +/- 0.00196  [1.09229  1.09999]

(O4) (MPI=1) (OMP=8) 
------------------------------------------------------------
------------------------------------------------------------

Serpent 2.1.31 -- Static criticality source simulation

Title: "godiva in a water tank: enrichment = 76.0%, radius = 8.7407 cm" 

Active cycle   63 / 120  Source neutrons :  5062

Running time :                  0:00:35
Estimated running time :        0:00:58
Estimated running time left :   0:00:22

Estimated relative CPU usage :   790.4%

k-eff (analog)    = 1.09678 +/- 0.00223  [1.09242  1.10114]
k-eff (implicit)  = 1.09613 +/- 0.00193  [1.09235  1.09992]

(O4) (MPI=1) (OMP=8) 
------------------------------------------------------------
------------------------------------------------------------

Serpent 2.1.31 -- Static criticality source simulation

Title: "godiva in a water tank: enrichment = 76.0%, radius = 8.7407 cm" 

Active cycle   64 / 120  Source neutrons :  4935

Running time :                  0:00:35
Estimated running time :        0:00:58
Estimated running time left :   0:00:22

Estimated relative CPU usage :   792.2%

k-eff (analog)    = 1.09676 +/- 0.00219  [1.09246  1.10105]
k-eff (implicit)  = 1.09653 +/- 0.00194  [1.09272  1.10034]

(O4) (MPI=1) (OMP=8) 
------------------------------------------------------------
------------------------------------------------------------

Serpent 2.1.31 -- Static criticality source simulation

Title: "godiva in a water tank: enrichment = 76.0%, radius = 8.7407 cm" 

Active cycle   65 / 120  Source neutrons :  5110

Running time :                  0:00:36
Estimated running time :        0:00:58
Estimated running time left :   0:00:22

Estimated relative CPU usage :   789.2%

k-eff (analog)    = 1.09710 +/- 0.00218  [1.09282  1.10138]
k-eff (implicit)  = 1.09672 +/- 0.00192  [1.09295  1.10048]

(O4) (MPI=1) (OMP=8) 
------------------------------------------------------------
------------------------------------------------------------

Serpent 2.1.31 -- Static criticality source simulation

Title: "godiva in a water tank: enrichment = 76.0%, radius = 8.7407 cm" 

Active cycle   66 / 120  Source neutrons :  4917

Running time :                  0:00:36
Estimated running time :        0:00:58
Estimated running time left :   0:00:21

Estimated relative CPU usage :   791.4%

k-eff (analog)    = 1.09716 +/- 0.00215  [1.09294  1.10137]
k-eff (implicit)  = 1.09690 +/- 0.00190  [1.09317  1.10062]

(O4) (MPI=1) (OMP=8) 
------------------------------------------------------------
------------------------------------------------------------

Serpent 2.1.31 -- Static criticality source simulation

Title: "godiva in a water tank: enrichment = 76.0%, radius = 8.7407 cm" 

Active cycle   67 / 120  Source neutrons :  5102

Running time :                  0:00:37
Estimated running time :        0:00:58
Estimated running time left :   0:00:21

Estimated relative CPU usage :   791.0%

k-eff (analog)    = 1.09754 +/- 0.00215  [1.09332  1.10177]
k-eff (implicit)  = 1.09667 +/- 0.00188  [1.09298  1.10037]

(O4) (MPI=1) (OMP=8) 
------------------------------------------------------------
------------------------------------------------------------

Serpent 2.1.31 -- Static criticality source simulation

Title: "godiva in a water tank: enrichment = 76.0%, radius = 8.7407 cm" 

Active cycle   68 / 120  Source neutrons :  4835

Running time :                  0:00:37
Estimated running time :        0:00:58
Estimated running time left :   0:00:20

Estimated relative CPU usage :   791.5%

k-eff (analog)    = 1.09738 +/- 0.00213  [1.09320  1.10155]
k-eff (implicit)  = 1.09674 +/- 0.00186  [1.09310  1.10038]

(O4) (MPI=1) (OMP=8) 
------------------------------------------------------------
------------------------------------------------------------

Serpent 2.1.31 -- Static criticality source simulation

Title: "godiva in a water tank: enrichment = 76.0%, radius = 8.7407 cm" 

Active cycle   69 / 120  Source neutrons :  5030

Running time :                  0:00:37
Estimated running time :        0:00:58
Estimated running time left :   0:00:20

Estimated relative CPU usage :   790.6%

k-eff (analog)    = 1.09731 +/- 0.00210  [1.09319  1.10142]
k-eff (implicit)  = 1.09689 +/- 0.00184  [1.09329  1.10049]

(O4) (MPI=1) (OMP=8) 
------------------------------------------------------------
------------------------------------------------------------

Serpent 2.1.31 -- Static criticality source simulation

Title: "godiva in a water tank: enrichment = 76.0%, radius = 8.7407 cm" 

Active cycle   70 / 120  Source neutrons :  5053

Running time :                  0:00:38
Estimated running time :        0:00:58
Estimated running time left :   0:00:20

Estimated relative CPU usage :   791.3%

k-eff (analog)    = 1.09740 +/- 0.00207  [1.09334  1.10146]
k-eff (implicit)  = 1.09702 +/- 0.00182  [1.09346  1.10057]

(O4) (MPI=1) (OMP=8) 
------------------------------------------------------------
------------------------------------------------------------

Serpent 2.1.31 -- Static criticality source simulation

Title: "godiva in a water tank: enrichment = 76.0%, radius = 8.7407 cm" 

Active cycle   71 / 120  Source neutrons :  5001

Running time :                  0:00:38
Estimated running time :        0:00:58
Estimated running time left :   0:00:19

Estimated relative CPU usage :   790.2%

k-eff (analog)    = 1.09750 +/- 0.00204  [1.09349  1.10151]
k-eff (implicit)  = 1.09714 +/- 0.00179  [1.09363  1.10066]

(O4) (MPI=1) (OMP=8) 
------------------------------------------------------------
------------------------------------------------------------

Serpent 2.1.31 -- Static criticality source simulation

Title: "godiva in a water tank: enrichment = 76.0%, radius = 8.7407 cm" 

Active cycle   72 / 120  Source neutrons :  4998

Running time :                  0:00:39
Estimated running time :        0:00:58
Estimated running time left :   0:00:19

Estimated relative CPU usage :   787.6%

k-eff (analog)    = 1.09759 +/- 0.00202  [1.09364  1.10155]
k-eff (implicit)  = 1.09726 +/- 0.00177  [1.09379  1.10074]

(O4) (MPI=1) (OMP=8) 
------------------------------------------------------------
------------------------------------------------------------

Serpent 2.1.31 -- Static criticality source simulation

Title: "godiva in a water tank: enrichment = 76.0%, radius = 8.7407 cm" 

Active cycle   73 / 120  Source neutrons :  4992

Running time :                  0:00:39
Estimated running time :        0:00:58
Estimated running time left :   0:00:18

Estimated relative CPU usage :   792.3%

k-eff (analog)    = 1.09765 +/- 0.00199  [1.09375  1.10156]
k-eff (implicit)  = 1.09720 +/- 0.00175  [1.09377  1.10063]

(O4) (MPI=1) (OMP=8) 
------------------------------------------------------------
------------------------------------------------------------

Serpent 2.1.31 -- Static criticality source simulation

Title: "godiva in a water tank: enrichment = 76.0%, radius = 8.7407 cm" 

Active cycle   74 / 120  Source neutrons :  4884

Running time :                  0:00:39
Estimated running time :        0:00:58
Estimated running time left :   0:00:18

Estimated relative CPU usage :   791.3%

k-eff (analog)    = 1.09737 +/- 0.00198  [1.09348  1.10126]
k-eff (implicit)  = 1.09709 +/- 0.00173  [1.09371  1.10048]

(O4) (MPI=1) (OMP=8) 
------------------------------------------------------------
------------------------------------------------------------

Serpent 2.1.31 -- Static criticality source simulation

Title: "godiva in a water tank: enrichment = 76.0%, radius = 8.7407 cm" 

Active cycle   75 / 120  Source neutrons :  5023

Running time :                  0:00:40
Estimated running time :        0:00:58
Estimated running time left :   0:00:18

Estimated relative CPU usage :   791.5%

k-eff (analog)    = 1.09716 +/- 0.00197  [1.09330  1.10102]
k-eff (implicit)  = 1.09694 +/- 0.00171  [1.09359  1.10030]

(O4) (MPI=1) (OMP=8) 
------------------------------------------------------------
------------------------------------------------------------

Serpent 2.1.31 -- Static criticality source simulation

Title: "godiva in a water tank: enrichment = 76.0%, radius = 8.7407 cm" 

Active cycle   76 / 120  Source neutrons :  4871

Running time :                  0:00:40
Estimated running time :        0:00:58
Estimated running time left :   0:00:17

Estimated relative CPU usage :   790.4%

k-eff (analog)    = 1.09659 +/- 0.00203  [1.09262  1.10056]
k-eff (implicit)  = 1.09708 +/- 0.00169  [1.09376  1.10040]

(O4) (MPI=1) (OMP=8) 
------------------------------------------------------------
------------------------------------------------------------

Serpent 2.1.31 -- Static criticality source simulation

Title: "godiva in a water tank: enrichment = 76.0%, radius = 8.7407 cm" 

Active cycle   77 / 120  Source neutrons :  5253

Running time :                  0:00:41
Estimated running time :        0:00:58
Estimated running time left :   0:00:17

Estimated relative CPU usage :   789.1%

k-eff (analog)    = 1.09672 +/- 0.00200  [1.09279  1.10065]
k-eff (implicit)  = 1.09710 +/- 0.00167  [1.09382  1.10038]

(O4) (MPI=1) (OMP=8) 
------------------------------------------------------------
------------------------------------------------------------

Serpent 2.1.31 -- Static criticality source simulation

Title: "godiva in a water tank: enrichment = 76.0%, radius = 8.7407 cm" 

Active cycle   78 / 120  Source neutrons :  4974

Running time :                  0:00:41
Estimated running time :        0:00:58
Estimated running time left :   0:00:16

Estimated relative CPU usage :   789.7%

k-eff (analog)    = 1.09678 +/- 0.00198  [1.09290  1.10066]
k-eff (implicit)  = 1.09751 +/- 0.00170  [1.09417  1.10084]

(O4) (MPI=1) (OMP=8) 
------------------------------------------------------------
------------------------------------------------------------

Serpent 2.1.31 -- Static criticality source simulation

Title: "godiva in a water tank: enrichment = 76.0%, radius = 8.7407 cm" 

Active cycle   79 / 120  Source neutrons :  4952

Running time :                  0:00:41
Estimated running time :        0:00:58
Estimated running time left :   0:00:16

Estimated relative CPU usage :   794.0%

k-eff (analog)    = 1.09670 +/- 0.00195  [1.09287  1.10053]
k-eff (implicit)  = 1.09773 +/- 0.00169  [1.09441  1.10105]

(O4) (MPI=1) (OMP=8) 
------------------------------------------------------------
------------------------------------------------------------

Serpent 2.1.31 -- Static criticality source simulation

Title: "godiva in a water tank: enrichment = 76.0%, radius = 8.7407 cm" 

Active cycle   80 / 120  Source neutrons :  5086

Running time :                  0:00:42
Estimated running time :        0:00:58
Estimated running time left :   0:00:16

Estimated relative CPU usage :   787.7%

k-eff (analog)    = 1.09686 +/- 0.00194  [1.09306  1.10066]
k-eff (implicit)  = 1.09783 +/- 0.00167  [1.09454  1.10111]

(O4) (MPI=1) (OMP=8) 
------------------------------------------------------------
------------------------------------------------------------

Serpent 2.1.31 -- Static criticality source simulation

Title: "godiva in a water tank: enrichment = 76.0%, radius = 8.7407 cm" 

Active cycle   81 / 120  Source neutrons :  4855

Running time :                  0:00:42
Estimated running time :        0:00:58
Estimated running time left :   0:00:15

Estimated relative CPU usage :   792.2%

k-eff (analog)    = 1.09662 +/- 0.00193  [1.09284  1.10040]
k-eff (implicit)  = 1.09774 +/- 0.00166  [1.09450  1.10099]

(O4) (MPI=1) (OMP=8) 
------------------------------------------------------------
------------------------------------------------------------

Serpent 2.1.31 -- Static criticality source simulation

Title: "godiva in a water tank: enrichment = 76.0%, radius = 8.7407 cm" 

Active cycle   82 / 120  Source neutrons :  5210

Running time :                  0:00:43
Estimated running time :        0:00:58
Estimated running time left :   0:00:15

Estimated relative CPU usage :   789.5%

k-eff (analog)    = 1.09693 +/- 0.00193  [1.09315  1.10072]
k-eff (implicit)  = 1.09782 +/- 0.00164  [1.09461  1.10103]

(O4) (MPI=1) (OMP=8) 
------------------------------------------------------------
------------------------------------------------------------

Serpent 2.1.31 -- Static criticality source simulation

Title: "godiva in a water tank: enrichment = 76.0%, radius = 8.7407 cm" 

Active cycle   83 / 120  Source neutrons :  4854

Running time :                  0:00:43
Estimated running time :        0:00:58
Estimated running time left :   0:00:14

Estimated relative CPU usage :   791.7%

k-eff (analog)    = 1.09684 +/- 0.00191  [1.09310  1.10059]
k-eff (implicit)  = 1.09805 +/- 0.00163  [1.09485  1.10125]

(O4) (MPI=1) (OMP=8) 
------------------------------------------------------------
------------------------------------------------------------

Serpent 2.1.31 -- Static criticality source simulation

Title: "godiva in a water tank: enrichment = 76.0%, radius = 8.7407 cm" 

Active cycle   84 / 120  Source neutrons :  5167

Running time :                  0:00:43
Estimated running time :        0:00:58
Estimated running time left :   0:00:14

Estimated relative CPU usage :   791.6%

k-eff (analog)    = 1.09719 +/- 0.00192  [1.09343  1.10095]
k-eff (implicit)  = 1.09808 +/- 0.00161  [1.09491  1.10124]

(O4) (MPI=1) (OMP=8) 
------------------------------------------------------------
------------------------------------------------------------

Serpent 2.1.31 -- Static criticality source simulation

Title: "godiva in a water tank: enrichment = 76.0%, radius = 8.7407 cm" 

Active cycle   85 / 120  Source neutrons :  4846

Running time :                  0:00:44
Estimated running time :        0:00:58
Estimated running time left :   0:00:14

Estimated relative CPU usage :   786.0%

k-eff (analog)    = 1.09712 +/- 0.00190  [1.09341  1.10084]
k-eff (implicit)  = 1.09787 +/- 0.00161  [1.09472  1.10102]

(O4) (MPI=1) (OMP=8) 
------------------------------------------------------------
------------------------------------------------------------

Serpent 2.1.31 -- Static criticality source simulation

Title: "godiva in a water tank: enrichment = 76.0%, radius = 8.7407 cm" 

Active cycle   86 / 120  Source neutrons :  4868

Running time :                  0:00:44
Estimated running time :        0:00:58
Estimated running time left :   0:00:13

Estimated relative CPU usage :   791.5%

k-eff (analog)    = 1.09672 +/- 0.00192  [1.09297  1.10048]
k-eff (implicit)  = 1.09790 +/- 0.00159  [1.09478  1.10102]

(O4) (MPI=1) (OMP=8) 
------------------------------------------------------------
------------------------------------------------------------

Serpent 2.1.31 -- Static criticality source simulation

Title: "godiva in a water tank: enrichment = 76.0%, radius = 8.7407 cm" 

Active cycle   87 / 120  Source neutrons :  5084

Running time :                  0:00:45
Estimated running time :        0:00:58
Estimated running time left :   0:00:13

Estimated relative CPU usage :   791.4%

k-eff (analog)    = 1.09654 +/- 0.00190  [1.09280  1.10027]
k-eff (implicit)  = 1.09786 +/- 0.00157  [1.09478  1.10094]

(O4) (MPI=1) (OMP=8) 
------------------------------------------------------------
------------------------------------------------------------

Serpent 2.1.31 -- Static criticality source simulation

Title: "godiva in a water tank: enrichment = 76.0%, radius = 8.7407 cm" 

Active cycle   88 / 120  Source neutrons :  5048

Running time :                  0:00:45
Estimated running time :        0:00:58
Estimated running time left :   0:00:12

Estimated relative CPU usage :   790.3%

k-eff (analog)    = 1.09647 +/- 0.00188  [1.09278  1.10016]
k-eff (implicit)  = 1.09793 +/- 0.00156  [1.09488  1.10098]

(O4) (MPI=1) (OMP=8) 
------------------------------------------------------------
------------------------------------------------------------

Serpent 2.1.31 -- Static criticality source simulation

Title: "godiva in a water tank: enrichment = 76.0%, radius = 8.7407 cm" 

Active cycle   89 / 120  Source neutrons :  5095

Running time :                  0:00:45
Estimated running time :        0:00:58
Estimated running time left :   0:00:12

Estimated relative CPU usage :   791.1%

k-eff (analog)    = 1.09664 +/- 0.00187  [1.09298  1.10030]
k-eff (implicit)  = 1.09792 +/- 0.00154  [1.09490  1.10093]

(O4) (MPI=1) (OMP=8) 
------------------------------------------------------------
------------------------------------------------------------

Serpent 2.1.31 -- Static criticality source simulation

Title: "godiva in a water tank: enrichment = 76.0%, radius = 8.7407 cm" 

Active cycle   90 / 120  Source neutrons :  4910

Running time :                  0:00:46
Estimated running time :        0:00:58
Estimated running time left :   0:00:12

Estimated relative CPU usage :   792.1%

k-eff (analog)    = 1.09658 +/- 0.00185  [1.09296  1.10021]
k-eff (implicit)  = 1.09803 +/- 0.00153  [1.09504  1.10102]

(O4) (MPI=1) (OMP=8) 
------------------------------------------------------------
------------------------------------------------------------

Serpent 2.1.31 -- Static criticality source simulation

Title: "godiva in a water tank: enrichment = 76.0%, radius = 8.7407 cm" 

Active cycle   91 / 120  Source neutrons :  5055

Running time :                  0:00:46
Estimated running time :        0:00:58
Estimated running time left :   0:00:11

Estimated relative CPU usage :   791.0%

k-eff (analog)    = 1.09666 +/- 0.00183  [1.09307  1.10025]
k-eff (implicit)  = 1.09808 +/- 0.00151  [1.09512  1.10104]

(O4) (MPI=1) (OMP=8) 
------------------------------------------------------------
------------------------------------------------------------

Serpent 2.1.31 -- Static criticality source simulation

Title: "godiva in a water tank: enrichment = 76.0%, radius = 8.7407 cm" 

Active cycle   92 / 120  Source neutrons :  4982

Running time :                  0:00:47
Estimated running time :        0:00:58
Estimated running time left :   0:00:11

Estimated relative CPU usage :   790.4%

k-eff (analog)    = 1.09669 +/- 0.00181  [1.09314  1.10024]
k-eff (implicit)  = 1.09797 +/- 0.00150  [1.09503  1.10090]

(O4) (MPI=1) (OMP=8) 
------------------------------------------------------------
------------------------------------------------------------

Serpent 2.1.31 -- Static criticality source simulation

Title: "godiva in a water tank: enrichment = 76.0%, radius = 8.7407 cm" 

Active cycle   93 / 120  Source neutrons :  4896

Running time :                  0:00:47
Estimated running time :        0:00:58
Estimated running time left :   0:00:10

Estimated relative CPU usage :   793.0%

k-eff (analog)    = 1.09648 +/- 0.00180  [1.09294  1.10001]
k-eff (implicit)  = 1.09837 +/- 0.00154  [1.09536  1.10138]

(O4) (MPI=1) (OMP=8) 
------------------------------------------------------------
------------------------------------------------------------

Serpent 2.1.31 -- Static criticality source simulation

Title: "godiva in a water tank: enrichment = 76.0%, radius = 8.7407 cm" 

Active cycle   94 / 120  Source neutrons :  5263

Running time :                  0:00:47
Estimated running time :        0:00:58
Estimated running time left :   0:00:10

Estimated relative CPU usage :   787.5%

k-eff (analog)    = 1.09687 +/- 0.00183  [1.09329  1.10045]
k-eff (implicit)  = 1.09815 +/- 0.00153  [1.09514  1.10115]

(O4) (MPI=1) (OMP=8) 
------------------------------------------------------------
------------------------------------------------------------

Serpent 2.1.31 -- Static criticality source simulation

Title: "godiva in a water tank: enrichment = 76.0%, radius = 8.7407 cm" 

Active cycle   95 / 120  Source neutrons :  4868

Running time :                  0:00:48
Estimated running time :        0:00:58
Estimated running time left :   0:00:10

Estimated relative CPU usage :   793.0%

k-eff (analog)    = 1.09694 +/- 0.00181  [1.09339  1.10048]
k-eff (implicit)  = 1.09856 +/- 0.00157  [1.09547  1.10164]

(O4) (MPI=1) (OMP=8) 
------------------------------------------------------------
------------------------------------------------------------

Serpent 2.1.31 -- Static criticality source simulation

Title: "godiva in a water tank: enrichment = 76.0%, radius = 8.7407 cm" 

Active cycle   96 / 120  Source neutrons :  5173

Running time :                  0:00:48
Estimated running time :        0:00:58
Estimated running time left :   0:00:09

Estimated relative CPU usage :   790.9%

k-eff (analog)    = 1.09740 +/- 0.00185  [1.09378  1.10103]
k-eff (implicit)  = 1.09861 +/- 0.00156  [1.09555  1.10166]

(O4) (MPI=1) (OMP=8) 
------------------------------------------------------------
------------------------------------------------------------

Serpent 2.1.31 -- Static criticality source simulation

Title: "godiva in a water tank: enrichment = 76.0%, radius = 8.7407 cm" 

Active cycle   97 / 120  Source neutrons :  4818

Running time :                  0:00:49
Estimated running time :        0:00:58
Estimated running time left :   0:00:09

Estimated relative CPU usage :   790.3%

k-eff (analog)    = 1.09743 +/- 0.00183  [1.09384  1.10102]
k-eff (implicit)  = 1.09841 +/- 0.00155  [1.09536  1.10145]

(O4) (MPI=1) (OMP=8) 
------------------------------------------------------------
------------------------------------------------------------

Serpent 2.1.31 -- Static criticality source simulation

Title: "godiva in a water tank: enrichment = 76.0%, radius = 8.7407 cm" 

Active cycle   98 / 120  Source neutrons :  4985

Running time :                  0:00:49
Estimated running time :        0:00:58
Estimated running time left :   0:00:08

Estimated relative CPU usage :   792.2%

k-eff (analog)    = 1.09742 +/- 0.00181  [1.09387  1.10097]
k-eff (implicit)  = 1.09844 +/- 0.00154  [1.09543  1.10146]

(O4) (MPI=1) (OMP=8) 
------------------------------------------------------------
------------------------------------------------------------

Serpent 2.1.31 -- Static criticality source simulation

Title: "godiva in a water tank: enrichment = 76.0%, radius = 8.7407 cm" 

Active cycle   99 / 120  Source neutrons :  5178

Running time :                  0:00:49
Estimated running time :        0:00:58
Estimated running time left :   0:00:08

Estimated relative CPU usage :   792.0%

k-eff (analog)    = 1.09781 +/- 0.00184  [1.09421  1.10141]
k-eff (implicit)  = 1.09850 +/- 0.00152  [1.09551  1.10148]

(O4) (MPI=1) (OMP=8) 
------------------------------------------------------------
------------------------------------------------------------

Serpent 2.1.31 -- Static criticality source simulation

Title: "godiva in a water tank: enrichment = 76.0%, radius = 8.7407 cm" 

Active cycle  100 / 120  Source neutrons :  4905

Running time :                  0:00:50
Estimated running time :        0:00:58
Estimated running time left :   0:00:08

Estimated relative CPU usage :   788.0%

k-eff (analog)    = 1.09797 +/- 0.00182  [1.09440  1.10155]
k-eff (implicit)  = 1.09836 +/- 0.00151  [1.09539  1.10133]

(O4) (MPI=1) (OMP=8) 
------------------------------------------------------------
------------------------------------------------------------

Serpent 2.1.31 -- Static criticality source simulation

Title: "godiva in a water tank: enrichment = 76.0%, radius = 8.7407 cm" 

Active cycle  101 / 120  Source neutrons :  4839

Running time :                  0:00:50
Estimated running time :        0:00:58
Estimated running time left :   0:00:07

Estimated relative CPU usage :   785.6%

k-eff (analog)    = 1.09778 +/- 0.00182  [1.09422  1.10134]
k-eff (implicit)  = 1.09829 +/- 0.00150  [1.09535  1.10123]

(O4) (MPI=1) (OMP=8) 
------------------------------------------------------------
------------------------------------------------------------

Serpent 2.1.31 -- Static criticality source simulation

Title: "godiva in a water tank: enrichment = 76.0%, radius = 8.7407 cm" 

Active cycle  102 / 120  Source neutrons :  5113

Running time :                  0:00:51
Estimated running time :        0:00:58
Estimated running time left :   0:00:07

Estimated relative CPU usage :   790.2%

k-eff (analog)    = 1.09783 +/- 0.00180  [1.09430  1.10135]
k-eff (implicit)  = 1.09840 +/- 0.00149  [1.09548  1.10132]

(O4) (MPI=1) (OMP=8) 
------------------------------------------------------------
------------------------------------------------------------

Serpent 2.1.31 -- Static criticality source simulation

Title: "godiva in a water tank: enrichment = 76.0%, radius = 8.7407 cm" 

Active cycle  103 / 120  Source neutrons :  5120

Running time :                  0:00:51
Estimated running time :        0:00:58
Estimated running time left :   0:00:06

Estimated relative CPU usage :   792.3%

k-eff (analog)    = 1.09813 +/- 0.00181  [1.09459  1.10167]
k-eff (implicit)  = 1.09857 +/- 0.00148  [1.09566  1.10148]

(O4) (MPI=1) (OMP=8) 
------------------------------------------------------------
------------------------------------------------------------

Serpent 2.1.31 -- Static criticality source simulation

Title: "godiva in a water tank: enrichment = 76.0%, radius = 8.7407 cm" 

Active cycle  104 / 120  Source neutrons :  4980

Running time :                  0:00:51
Estimated running time :        0:00:58
Estimated running time left :   0:00:06

Estimated relative CPU usage :   790.8%

k-eff (analog)    = 1.09839 +/- 0.00181  [1.09484  1.10193]
k-eff (implicit)  = 1.09827 +/- 0.00150  [1.09533  1.10121]

(O4) (MPI=1) (OMP=8) 
------------------------------------------------------------
------------------------------------------------------------

Serpent 2.1.31 -- Static criticality source simulation

Title: "godiva in a water tank: enrichment = 76.0%, radius = 8.7407 cm" 

Active cycle  105 / 120  Source neutrons :  4753

Running time :                  0:00:52
Estimated running time :        0:00:58
Estimated running time left :   0:00:06

Estimated relative CPU usage :   791.2%

k-eff (analog)    = 1.09811 +/- 0.00181  [1.09455  1.10166]
k-eff (implicit)  = 1.09806 +/- 0.00150  [1.09511  1.10100]

(O4) (MPI=1) (OMP=8) 
------------------------------------------------------------
------------------------------------------------------------

Serpent 2.1.31 -- Static criticality source simulation

Title: "godiva in a water tank: enrichment = 76.0%, radius = 8.7407 cm" 

Active cycle  106 / 120  Source neutrons :  5055

Running time :                  0:00:52
Estimated running time :        0:00:58
Estimated running time left :   0:00:05

Estimated relative CPU usage :   790.6%

k-eff (analog)    = 1.09794 +/- 0.00180  [1.09441  1.10148]
k-eff (implicit)  = 1.09795 +/- 0.00149  [1.09503  1.10087]

(O4) (MPI=1) (OMP=8) 
------------------------------------------------------------
------------------------------------------------------------

Serpent 2.1.31 -- Static criticality source simulation

Title: "godiva in a water tank: enrichment = 76.0%, radius = 8.7407 cm" 

Active cycle  107 / 120  Source neutrons :  4962

Running time :                  0:00:53
Estimated running time :        0:00:58
Estimated running time left :   0:00:05

Estimated relative CPU usage :   793.3%

k-eff (analog)    = 1.09771 +/- 0.00180  [1.09418  1.10124]
k-eff (implicit)  = 1.09812 +/- 0.00149  [1.09520  1.10103]

(O4) (MPI=1) (OMP=8) 
------------------------------------------------------------
------------------------------------------------------------

Serpent 2.1.31 -- Static criticality source simulation

Title: "godiva in a water tank: enrichment = 76.0%, radius = 8.7407 cm" 

Active cycle  108 / 120  Source neutrons :  5149

Running time :                  0:00:53
Estimated running time :        0:00:58
Estimated running time left :   0:00:04

Estimated relative CPU usage :   790.3%

k-eff (analog)    = 1.09777 +/- 0.00179  [1.09427  1.10127]
k-eff (implicit)  = 1.09823 +/- 0.00148  [1.09534  1.10113]

(O4) (MPI=1) (OMP=8) 
------------------------------------------------------------
------------------------------------------------------------

Serpent 2.1.31 -- Static criticality source simulation

Title: "godiva in a water tank: enrichment = 76.0%, radius = 8.7407 cm" 

Active cycle  109 / 120  Source neutrons :  5036

Running time :                  0:00:53
Estimated running time :        0:00:58
Estimated running time left :   0:00:04

Estimated relative CPU usage :   791.5%

k-eff (analog)    = 1.09791 +/- 0.00177  [1.09443  1.10138]
k-eff (implicit)  = 1.09823 +/- 0.00146  [1.09536  1.10110]

(O4) (MPI=1) (OMP=8) 
------------------------------------------------------------
------------------------------------------------------------

Serpent 2.1.31 -- Static criticality source simulation

Title: "godiva in a water tank: enrichment = 76.0%, radius = 8.7407 cm" 

Active cycle  110 / 120  Source neutrons :  4921

Running time :                  0:00:54
Estimated running time :        0:00:58
Estimated running time left :   0:00:04

Estimated relative CPU usage :   787.0%

k-eff (analog)    = 1.09788 +/- 0.00176  [1.09443  1.10133]
k-eff (implicit)  = 1.09830 +/- 0.00145  [1.09545  1.10114]

(O4) (MPI=1) (OMP=8) 
------------------------------------------------------------
------------------------------------------------------------

Serpent 2.1.31 -- Static criticality source simulation

Title: "godiva in a water tank: enrichment = 76.0%, radius = 8.7407 cm" 

Active cycle  111 / 120  Source neutrons :  5202

Running time :                  0:00:54
Estimated running time :        0:00:58
Estimated running time left :   0:00:03

Estimated relative CPU usage :   791.5%

k-eff (analog)    = 1.09825 +/- 0.00178  [1.09476  1.10174]
k-eff (implicit)  = 1.09809 +/- 0.00145  [1.09525  1.10094]

(O4) (MPI=1) (OMP=8) 
------------------------------------------------------------
------------------------------------------------------------

Serpent 2.1.31 -- Static criticality source simulation

Title: "godiva in a water tank: enrichment = 76.0%, radius = 8.7407 cm" 

Active cycle  112 / 120  Source neutrons :  4709

Running time :                  0:00:55
Estimated running time :        0:00:58
Estimated running time left :   0:00:03

Estimated relative CPU usage :   789.6%

k-eff (analog)    = 1.09802 +/- 0.00178  [1.09454  1.10151]
k-eff (implicit)  = 1.09821 +/- 0.00144  [1.09538  1.10104]

(O4) (MPI=1) (OMP=8) 
------------------------------------------------------------
------------------------------------------------------------

Serpent 2.1.31 -- Static criticality source simulation

Title: "godiva in a water tank: enrichment = 76.0%, radius = 8.7407 cm" 

Active cycle  113 / 120  Source neutrons :  5086

Running time :                  0:00:55
Estimated running time :        0:00:58
Estimated running time left :   0:00:02

Estimated relative CPU usage :   793.3%

k-eff (analog)    = 1.09797 +/- 0.00177  [1.09451  1.10143]
k-eff (implicit)  = 1.09826 +/- 0.00143  [1.09545  1.10106]

(O4) (MPI=1) (OMP=8) 
------------------------------------------------------------
------------------------------------------------------------

Serpent 2.1.31 -- Static criticality source simulation

Title: "godiva in a water tank: enrichment = 76.0%, radius = 8.7407 cm" 

Active cycle  114 / 120  Source neutrons :  5006

Running time :                  0:00:55
Estimated running time :        0:00:58
Estimated running time left :   0:00:02

Estimated relative CPU usage :   791.0%

k-eff (analog)    = 1.09792 +/- 0.00175  [1.09449  1.10135]
k-eff (implicit)  = 1.09836 +/- 0.00142  [1.09557  1.10116]

(O4) (MPI=1) (OMP=8) 
------------------------------------------------------------
------------------------------------------------------------

Serpent 2.1.31 -- Static criticality source simulation

Title: "godiva in a water tank: enrichment = 76.0%, radius = 8.7407 cm" 

Active cycle  115 / 120  Source neutrons :  5152

Running time :                  0:00:56
Estimated running time :        0:00:58
Estimated running time left :   0:00:02

Estimated relative CPU usage :   791.9%

k-eff (analog)    = 1.09816 +/- 0.00175  [1.09473  1.10160]
k-eff (implicit)  = 1.09853 +/- 0.00142  [1.09575  1.10131]

(O4) (MPI=1) (OMP=8) 
------------------------------------------------------------
------------------------------------------------------------

Serpent 2.1.31 -- Static criticality source simulation

Title: "godiva in a water tank: enrichment = 76.0%, radius = 8.7407 cm" 

Active cycle  116 / 120  Source neutrons :  5005

Running time :                  0:00:56
Estimated running time :        0:00:58
Estimated running time left :   0:00:01

Estimated relative CPU usage :   790.3%

k-eff (analog)    = 1.09841 +/- 0.00175  [1.09497  1.10185]
k-eff (implicit)  = 1.09855 +/- 0.00141  [1.09579  1.10131]

(O4) (MPI=1) (OMP=8) 
------------------------------------------------------------
------------------------------------------------------------

Serpent 2.1.31 -- Static criticality source simulation

Title: "godiva in a water tank: enrichment = 76.0%, radius = 8.7407 cm" 

Active cycle  117 / 120  Source neutrons :  4768

Running time :                  0:00:57
Estimated running time :        0:00:58
Estimated running time left :   0:00:01

Estimated relative CPU usage :   791.9%

k-eff (analog)    = 1.09821 +/- 0.00175  [1.09478  1.10164]
k-eff (implicit)  = 1.09841 +/- 0.00140  [1.09566  1.10116]

(O4) (MPI=1) (OMP=8) 
------------------------------------------------------------
------------------------------------------------------------

Serpent 2.1.31 -- Static criticality source simulation

Title: "godiva in a water tank: enrichment = 76.0%, radius = 8.7407 cm" 

Active cycle  118 / 120  Source neutrons :  4984

Running time :                  0:00:57
Estimated running time :        0:00:58
Estimated running time left :   0:00:00

Estimated relative CPU usage :   793.4%

k-eff (analog)    = 1.09798 +/- 0.00175  [1.09455  1.10141]
k-eff (implicit)  = 1.09816 +/- 0.00141  [1.09539  1.10093]

(O4) (MPI=1) (OMP=8) 
------------------------------------------------------------
------------------------------------------------------------

Serpent 2.1.31 -- Static criticality source simulation

Title: "godiva in a water tank: enrichment = 76.0%, radius = 8.7407 cm" 

Active cycle  119 / 120  Source neutrons :  4901

Running time :                  0:00:57
Estimated running time :        0:00:58
Estimated running time left :   0:00:00

Estimated relative CPU usage :   790.3%

k-eff (analog)    = 1.09758 +/- 0.00178  [1.09408  1.10107]
k-eff (implicit)  = 1.09796 +/- 0.00142  [1.09518  1.10073]

(O4) (MPI=1) (OMP=8) 
------------------------------------------------------------
------------------------------------------------------------

Serpent 2.1.31 -- Static criticality source simulation

Title: "godiva in a water tank: enrichment = 76.0%, radius = 8.7407 cm" 

Active cycle  120 / 120  Source neutrons :  5071

Running time :                  0:00:58
Estimated running time :        0:00:58
Estimated running time left :   0:00:00

Estimated relative CPU usage :   789.3%

k-eff (analog)    = 1.09731 +/- 0.00179  [1.09380  1.10081]
k-eff (implicit)  = 1.09799 +/- 0.00141  [1.09523  1.10074]

(O4) (MPI=1) (OMP=8) 
------------------------------------------------------------

Transport cycle completed in 54.8 seconds.

Calculating activities...
OK.

