
  _                   .-=-.           .-=-.          .-==-.       
 { }      __        .' O o '.       .' O o '.       /  -<' )--<   
 { }    .' O'.     / o .-. O \     / o .-. O \     /  .---`       
 { }   / .-. o\   /O  /   \  o\   /O  /   \  o\   /O /            
  \ `-` /   \ O`-'o  /     \  O`-'o  /     \  O`-`o /             
   `-.-`     '.____.'       `._____.'       `.____.'              

Serpent 2 beta

A Continuous-energy Monte Carlo Reactor Physics Burnup Calculation Code

 - Version 2.1.31 (May 16, 2019) -- Contact: serpent@vtt.fi

 - Reference: J. Leppanen, et al. "The Serpent Monte Carlo code: Status,
              development and applications in 2013." Ann. Nucl. Energy,
              82 (2015) 142-150.

 - Compiled May 16 2019 10:33:27

 - MPI Parallel calculation mode available

 - OpenMP Parallel calculation mode available

 - Geometry and mesh plotting available

 - Default data path set to: "/opt/serpent/xsdata"

Begin calculation on Fri Aug 23 08:30:27 2019

Reading input file "godiva12.inp"...

Checking duplicate input definitions...
OK.

Creating geometry...
OK.

Counting geometry zones...

Processing cells...
OK.

Linking materials to geometry...
OK.

Counting cells...
OK.

Processing data for group constant generation:

 - 70 energy groups in micro-group structure
 - 2 energy groups in macro-group structure
 - B1 fundamental mode calculation is not run
 - Group constants generated in 1 universes
 - Discontinuity factors are not calculated
 - Pin-power distributions are not calculated
 - Albedos are not calculated
 - Poison cross sections are not calculated

Plotting geometry:

   0% complete
  50% complete
 100% complete

Reading ACE directory files...
OK.

Reading neutron-induced fission yields...
OK.

Adding nuclides in material uranium...

Nuclide  92235.03c -- uranium 235 at 300K (U-235)
Nuclide  92238.03c -- uranium 238 at 300K (U-238)

Adding nuclides in material water...

Nuclide   1001.03c -- hydrogen at 300K (H-1)
Nuclide   8016.03c -- oxygen 16 at 300K (O-16)

Adding thermal scattering data...

Nuclide   lwj3.00t -- hydrogen at 294K (H-1)

Checking data and printing output...
OK.

Generating unionize energy grids...

Adding points:

  1001.03c -- Points added in neutron grid: 252
  1001.03s -- Points added in neutron grid: 91
  8016.03c -- Points added in neutron grid: 2353
 92235.03c -- Points added in neutron grid: 30672
 92238.03c -- Points added in neutron grid: 64861

Generating unionized energy grid:

 - Unionization performed without grid thinning
   between 1.00E-11 and 20.0 MeV.

 - Final neutron grid size: 98053 points.

 - 3.29 Mb of memory allocated for grid data

OK.

Processing cross sections and ENDF reaction laws...

Nuclide   1001.03c -- hydrogen at 300K (H-1)
Nuclide   1001.03s -- hydrogen at 300K (H-1)
Nuclide   8016.03c -- oxygen 16 at 300K (O-16)
Nuclide  92235.03c -- uranium 235 at 300K (U-235)
Nuclide  92238.03c -- uranium 238 at 300K (U-238)

SUMMARY -- 5 nuclides included in calculation:

 - 5 transport nuclides
 - Neutron energy cut-offs at 1.00E-11 and 20.0 MeV
 - 118 transport reactions
 - 29 special reactions
 - 4 decay reactions
 - 25.46 Mb of memory allocated for data

Normalizing compositions and processing mixtures...
OK.

Allocating memory for macroscopic cross section data...
OK.

Allocating memory for particle structures...
OK.

Calculating maximum densities...
OK.

Performing density cut-off...
OK.

Sorting material-wise reaction lists:

   0% complete
  50% complete
 100% complete

Calculating macroscopic cross sections:

   0% complete
 100% complete

Calculating DT neutron majorant cross section:

   0% complete
 100% complete

Clearing results and statistics...
OK.

Sampling initial source...
OK.

Inactive cycle   1 /  20: k-eff = 1.00000
Inactive cycle   2 /  20: k-eff = 0.92260
Inactive cycle   3 /  20: k-eff = 0.92666
Inactive cycle   4 /  20: k-eff = 0.92481
Inactive cycle   5 /  20: k-eff = 0.90853
Inactive cycle   6 /  20: k-eff = 0.88909
Inactive cycle   7 /  20: k-eff = 0.92234
Inactive cycle   8 /  20: k-eff = 0.89744
Inactive cycle   9 /  20: k-eff = 0.89726
Inactive cycle  10 /  20: k-eff = 0.89690
Inactive cycle  11 /  20: k-eff = 0.90246
Inactive cycle  12 /  20: k-eff = 0.85806
Inactive cycle  13 /  20: k-eff = 0.92550
Inactive cycle  14 /  20: k-eff = 0.89811
Inactive cycle  15 /  20: k-eff = 0.91194
Inactive cycle  16 /  20: k-eff = 0.92270
Inactive cycle  17 /  20: k-eff = 0.90055
Inactive cycle  18 /  20: k-eff = 0.88921
Inactive cycle  19 /  20: k-eff = 0.91268
Inactive cycle  20 /  20: k-eff = 0.90009

----- Begin active cycles -----

------------------------------------------------------------

Serpent 2.1.31 -- Static criticality source simulation

Title: "godiva in a water tank: enrichment = 44.0%, radius = 8.7407 cm" 

Active cycle    1 / 120  Source neutrons :  5142

Running time :                  0:00:05
Estimated running time :        -:--:--
Estimated running time left :   -:--:--

Estimated relative CPU usage :   797.7%

k-eff (analog)    = 0.92565 +/- 0.00000  [0.92565  0.92565]
k-eff (implicit)  = 0.91998 +/- 0.00000  [0.91998  0.91998]

(O4) (MPI=1) (OMP=8) 
------------------------------------------------------------
------------------------------------------------------------

Serpent 2.1.31 -- Static criticality source simulation

Title: "godiva in a water tank: enrichment = 44.0%, radius = 8.7407 cm" 

Active cycle    2 / 120  Source neutrons :  5076

Running time :                  0:00:05
Estimated running time :        -:--:--
Estimated running time left :   -:--:--

Estimated relative CPU usage :   801.3%

k-eff (analog)    = 0.93268 +/- 0.00703  [0.91889  0.94647]
k-eff (implicit)  = 0.92034 +/- 0.00036  [0.91963  0.92105]

(O4) (MPI=1) (OMP=8) 
------------------------------------------------------------
------------------------------------------------------------

Serpent 2.1.31 -- Static criticality source simulation

Title: "godiva in a water tank: enrichment = 44.0%, radius = 8.7407 cm" 

Active cycle    3 / 120  Source neutrons :  4891

Running time :                  0:00:05
Estimated running time :        -:--:--
Estimated running time left :   -:--:--

Estimated relative CPU usage :   797.8%

k-eff (analog)    = 0.92820 +/- 0.00605  [0.91634  0.94006]
k-eff (implicit)  = 0.91889 +/- 0.00146  [0.91603  0.92176]

(O4) (MPI=1) (OMP=8) 
------------------------------------------------------------
------------------------------------------------------------

Serpent 2.1.31 -- Static criticality source simulation

Title: "godiva in a water tank: enrichment = 44.0%, radius = 8.7407 cm" 

Active cycle    4 / 120  Source neutrons :  4945

Running time :                  0:00:05
Estimated running time :        -:--:--
Estimated running time left :   -:--:--

Estimated relative CPU usage :   798.0%

k-eff (analog)    = 0.92343 +/- 0.00641  [0.91087  0.93599]
k-eff (implicit)  = 0.91503 +/- 0.00400  [0.90719  0.92287]

(O4) (MPI=1) (OMP=8) 
------------------------------------------------------------
------------------------------------------------------------

Serpent 2.1.31 -- Static criticality source simulation

Title: "godiva in a water tank: enrichment = 44.0%, radius = 8.7407 cm" 

Active cycle    5 / 120  Source neutrons :  4912

Running time :                  0:00:06
Estimated running time :        -:--:--
Estimated running time left :   -:--:--

Estimated relative CPU usage :   797.7%

k-eff (analog)    = 0.91737 +/- 0.00783  [0.90201  0.93272]
k-eff (implicit)  = 0.91147 +/- 0.00472  [0.90222  0.92072]

(O4) (MPI=1) (OMP=8) 
------------------------------------------------------------
------------------------------------------------------------

Serpent 2.1.31 -- Static criticality source simulation

Title: "godiva in a water tank: enrichment = 44.0%, radius = 8.7407 cm" 

Active cycle    6 / 120  Source neutrons :  5103

Running time :                  0:00:06
Estimated running time :        -:--:--
Estimated running time left :   -:--:--

Estimated relative CPU usage :   797.9%

k-eff (analog)    = 0.91639 +/- 0.00647  [0.90371  0.92908]
k-eff (implicit)  = 0.91408 +/- 0.00465  [0.90496  0.92321]

(O4) (MPI=1) (OMP=8) 
------------------------------------------------------------
------------------------------------------------------------

Serpent 2.1.31 -- Static criticality source simulation

Title: "godiva in a water tank: enrichment = 44.0%, radius = 8.7407 cm" 

Active cycle    7 / 120  Source neutrons :  5085

Running time :                  0:00:06
Estimated running time :        -:--:--
Estimated running time left :   -:--:--

Estimated relative CPU usage :   794.2%

k-eff (analog)    = 0.91791 +/- 0.00568  [0.90679  0.92903]
k-eff (implicit)  = 0.91431 +/- 0.00394  [0.90658  0.92203]

(O4) (MPI=1) (OMP=8) 
------------------------------------------------------------
------------------------------------------------------------

Serpent 2.1.31 -- Static criticality source simulation

Title: "godiva in a water tank: enrichment = 44.0%, radius = 8.7407 cm" 

Active cycle    8 / 120  Source neutrons :  4936

Running time :                  0:00:06
Estimated running time :        -:--:--
Estimated running time left :   -:--:--

Estimated relative CPU usage :   801.6%

k-eff (analog)    = 0.91756 +/- 0.00493  [0.90791  0.92722]
k-eff (implicit)  = 0.91120 +/- 0.00461  [0.90217  0.92024]

(O4) (MPI=1) (OMP=8) 
------------------------------------------------------------
------------------------------------------------------------

Serpent 2.1.31 -- Static criticality source simulation

Title: "godiva in a water tank: enrichment = 44.0%, radius = 8.7407 cm" 

Active cycle    9 / 120  Source neutrons :  4834

Running time :                  0:00:06
Estimated running time :        -:--:--
Estimated running time left :   -:--:--

Estimated relative CPU usage :   794.0%

k-eff (analog)    = 0.91392 +/- 0.00567  [0.90280  0.92504]
k-eff (implicit)  = 0.91008 +/- 0.00422  [0.90182  0.91835]

(O4) (MPI=1) (OMP=8) 
------------------------------------------------------------
------------------------------------------------------------

Serpent 2.1.31 -- Static criticality source simulation

Title: "godiva in a water tank: enrichment = 44.0%, radius = 8.7407 cm" 

Active cycle   10 / 120  Source neutrons :  4996

Running time :                  0:00:07
Estimated running time :        0:00:29
Estimated running time left :   0:00:22

Estimated relative CPU usage :   797.8%

k-eff (analog)    = 0.91093 +/- 0.00589  [0.89940  0.92247]
k-eff (implicit)  = 0.91088 +/- 0.00386  [0.90332  0.91843]

(O4) (MPI=1) (OMP=8) 
------------------------------------------------------------
------------------------------------------------------------

Serpent 2.1.31 -- Static criticality source simulation

Title: "godiva in a water tank: enrichment = 44.0%, radius = 8.7407 cm" 

Active cycle   11 / 120  Source neutrons :  5154

Running time :                  0:00:07
Estimated running time :        0:00:29
Estimated running time left :   0:00:22

Estimated relative CPU usage :   794.5%

k-eff (analog)    = 0.91097 +/- 0.00532  [0.90053  0.92140]
k-eff (implicit)  = 0.90797 +/- 0.00454  [0.89907  0.91687]

(O4) (MPI=1) (OMP=8) 
------------------------------------------------------------
------------------------------------------------------------

Serpent 2.1.31 -- Static criticality source simulation

Title: "godiva in a water tank: enrichment = 44.0%, radius = 8.7407 cm" 

Active cycle   12 / 120  Source neutrons :  4881

Running time :                  0:00:07
Estimated running time :        0:00:29
Estimated running time left :   0:00:22

Estimated relative CPU usage :   802.4%

k-eff (analog)    = 0.90919 +/- 0.00518  [0.89904  0.91933]
k-eff (implicit)  = 0.90759 +/- 0.00416  [0.89944  0.91575]

(O4) (MPI=1) (OMP=8) 
------------------------------------------------------------
------------------------------------------------------------

Serpent 2.1.31 -- Static criticality source simulation

Title: "godiva in a water tank: enrichment = 44.0%, radius = 8.7407 cm" 

Active cycle   13 / 120  Source neutrons :  5143

Running time :                  0:00:07
Estimated running time :        0:00:29
Estimated running time left :   0:00:22

Estimated relative CPU usage :   796.7%

k-eff (analog)    = 0.90964 +/- 0.00478  [0.90026  0.91901]
k-eff (implicit)  = 0.90729 +/- 0.00384  [0.89977  0.91482]

(O4) (MPI=1) (OMP=8) 
------------------------------------------------------------
------------------------------------------------------------

Serpent 2.1.31 -- Static criticality source simulation

Title: "godiva in a water tank: enrichment = 44.0%, radius = 8.7407 cm" 

Active cycle   14 / 120  Source neutrons :  4919

Running time :                  0:00:07
Estimated running time :        0:00:29
Estimated running time left :   0:00:21

Estimated relative CPU usage :   798.0%

k-eff (analog)    = 0.90896 +/- 0.00448  [0.90018  0.91774]
k-eff (implicit)  = 0.90747 +/- 0.00356  [0.90049  0.91444]

(O4) (MPI=1) (OMP=8) 
------------------------------------------------------------
------------------------------------------------------------

Serpent 2.1.31 -- Static criticality source simulation

Title: "godiva in a water tank: enrichment = 44.0%, radius = 8.7407 cm" 

Active cycle   15 / 120  Source neutrons :  5012

Running time :                  0:00:08
Estimated running time :        0:00:29
Estimated running time left :   0:00:21

Estimated relative CPU usage :   797.9%

k-eff (analog)    = 0.90852 +/- 0.00419  [0.90031  0.91674]
k-eff (implicit)  = 0.90708 +/- 0.00334  [0.90054  0.91361]

(O4) (MPI=1) (OMP=8) 
------------------------------------------------------------
------------------------------------------------------------

Serpent 2.1.31 -- Static criticality source simulation

Title: "godiva in a water tank: enrichment = 44.0%, radius = 8.7407 cm" 

Active cycle   16 / 120  Source neutrons :  4969

Running time :                  0:00:08
Estimated running time :        0:00:29
Estimated running time left :   0:00:21

Estimated relative CPU usage :   797.5%

k-eff (analog)    = 0.90779 +/- 0.00399  [0.89997  0.91561]
k-eff (implicit)  = 0.90745 +/- 0.00314  [0.90129  0.91361]

(O4) (MPI=1) (OMP=8) 
------------------------------------------------------------
------------------------------------------------------------

Serpent 2.1.31 -- Static criticality source simulation

Title: "godiva in a water tank: enrichment = 44.0%, radius = 8.7407 cm" 

Active cycle   17 / 120  Source neutrons :  5048

Running time :                  0:00:08
Estimated running time :        0:00:29
Estimated running time left :   0:00:21

Estimated relative CPU usage :   794.2%

k-eff (analog)    = 0.90765 +/- 0.00375  [0.90030  0.91500]
k-eff (implicit)  = 0.90697 +/- 0.00299  [0.90111  0.91283]

(O4) (MPI=1) (OMP=8) 
------------------------------------------------------------
------------------------------------------------------------

Serpent 2.1.31 -- Static criticality source simulation

Title: "godiva in a water tank: enrichment = 44.0%, radius = 8.7407 cm" 

Active cycle   18 / 120  Source neutrons :  4915

Running time :                  0:00:08
Estimated running time :        0:00:29
Estimated running time left :   0:00:20

Estimated relative CPU usage :   797.9%

k-eff (analog)    = 0.90667 +/- 0.00367  [0.89948  0.91386]
k-eff (implicit)  = 0.90752 +/- 0.00287  [0.90189  0.91316]

(O4) (MPI=1) (OMP=8) 
------------------------------------------------------------
------------------------------------------------------------

Serpent 2.1.31 -- Static criticality source simulation

Title: "godiva in a water tank: enrichment = 44.0%, radius = 8.7407 cm" 

Active cycle   19 / 120  Source neutrons :  5303

Running time :                  0:00:08
Estimated running time :        0:00:29
Estimated running time left :   0:00:20

Estimated relative CPU usage :   800.5%

k-eff (analog)    = 0.90863 +/- 0.00399  [0.90082  0.91644]
k-eff (implicit)  = 0.90641 +/- 0.00294  [0.90066  0.91217]

(O4) (MPI=1) (OMP=8) 
------------------------------------------------------------
------------------------------------------------------------

Serpent 2.1.31 -- Static criticality source simulation

Title: "godiva in a water tank: enrichment = 44.0%, radius = 8.7407 cm" 

Active cycle   20 / 120  Source neutrons :  4663

Running time :                  0:00:09
Estimated running time :        0:00:29
Estimated running time left :   0:00:20

Estimated relative CPU usage :   796.3%

k-eff (analog)    = 0.90721 +/- 0.00404  [0.89930  0.91513]
k-eff (implicit)  = 0.90563 +/- 0.00289  [0.89996  0.91130]

(O4) (MPI=1) (OMP=8) 
------------------------------------------------------------
------------------------------------------------------------

Serpent 2.1.31 -- Static criticality source simulation

Title: "godiva in a water tank: enrichment = 44.0%, radius = 8.7407 cm" 

Active cycle   21 / 120  Source neutrons :  5110

Running time :                  0:00:09
Estimated running time :        0:00:29
Estimated running time left :   0:00:20

Estimated relative CPU usage :   794.2%

k-eff (analog)    = 0.90686 +/- 0.00386  [0.89929  0.91442]
k-eff (implicit)  = 0.90597 +/- 0.00277  [0.90053  0.91141]

(O4) (MPI=1) (OMP=8) 
------------------------------------------------------------
------------------------------------------------------------

Serpent 2.1.31 -- Static criticality source simulation

Title: "godiva in a water tank: enrichment = 44.0%, radius = 8.7407 cm" 

Active cycle   22 / 120  Source neutrons :  5227

Running time :                  0:00:09
Estimated running time :        0:00:29
Estimated running time left :   0:00:20

Estimated relative CPU usage :   800.5%

k-eff (analog)    = 0.90839 +/- 0.00398  [0.90058  0.91619]
k-eff (implicit)  = 0.90646 +/- 0.00269  [0.90118  0.91173]

(O4) (MPI=1) (OMP=8) 
------------------------------------------------------------
------------------------------------------------------------

Serpent 2.1.31 -- Static criticality source simulation

Title: "godiva in a water tank: enrichment = 44.0%, radius = 8.7407 cm" 

Active cycle   23 / 120  Source neutrons :  4719

Running time :                  0:00:09
Estimated running time :        0:00:29
Estimated running time left :   0:00:20

Estimated relative CPU usage :   797.7%

k-eff (analog)    = 0.90748 +/- 0.00391  [0.89982  0.91515]
k-eff (implicit)  = 0.90560 +/- 0.00271  [0.90029  0.91091]

(O4) (MPI=1) (OMP=8) 
------------------------------------------------------------
------------------------------------------------------------

Serpent 2.1.31 -- Static criticality source simulation

Title: "godiva in a water tank: enrichment = 44.0%, radius = 8.7407 cm" 

Active cycle   24 / 120  Source neutrons :  5070

Running time :                  0:00:10
Estimated running time :        0:00:29
Estimated running time left :   0:00:19

Estimated relative CPU usage :   797.8%

k-eff (analog)    = 0.90718 +/- 0.00376  [0.89981  0.91454]
k-eff (implicit)  = 0.90574 +/- 0.00260  [0.90065  0.91083]

(O4) (MPI=1) (OMP=8) 
------------------------------------------------------------
------------------------------------------------------------

Serpent 2.1.31 -- Static criticality source simulation

Title: "godiva in a water tank: enrichment = 44.0%, radius = 8.7407 cm" 

Active cycle   25 / 120  Source neutrons :  4806

Running time :                  0:00:10
Estimated running time :        0:00:29
Estimated running time left :   0:00:19

Estimated relative CPU usage :   798.0%

k-eff (analog)    = 0.90550 +/- 0.00398  [0.89770  0.91329]
k-eff (implicit)  = 0.90490 +/- 0.00263  [0.89974  0.91005]

(O4) (MPI=1) (OMP=8) 
------------------------------------------------------------
------------------------------------------------------------

Serpent 2.1.31 -- Static criticality source simulation

Title: "godiva in a water tank: enrichment = 44.0%, radius = 8.7407 cm" 

Active cycle   26 / 120  Source neutrons :  5113

Running time :                  0:00:10
Estimated running time :        0:00:29
Estimated running time left :   0:00:19

Estimated relative CPU usage :   797.6%

k-eff (analog)    = 0.90470 +/- 0.00390  [0.89705  0.91235]
k-eff (implicit)  = 0.90456 +/- 0.00255  [0.89956  0.90955]

(O4) (MPI=1) (OMP=8) 
------------------------------------------------------------
------------------------------------------------------------

Serpent 2.1.31 -- Static criticality source simulation

Title: "godiva in a water tank: enrichment = 44.0%, radius = 8.7407 cm" 

Active cycle   27 / 120  Source neutrons :  4985

Running time :                  0:00:10
Estimated running time :        0:00:29
Estimated running time left :   0:00:19

Estimated relative CPU usage :   798.4%

k-eff (analog)    = 0.90386 +/- 0.00385  [0.89632  0.91140]
k-eff (implicit)  = 0.90523 +/- 0.00254  [0.90025  0.91022]

(O4) (MPI=1) (OMP=8) 
------------------------------------------------------------
------------------------------------------------------------

Serpent 2.1.31 -- Static criticality source simulation

Title: "godiva in a water tank: enrichment = 44.0%, radius = 8.7407 cm" 

Active cycle   28 / 120  Source neutrons :  5170

Running time :                  0:00:10
Estimated running time :        0:00:29
Estimated running time left :   0:00:19

Estimated relative CPU usage :   796.0%

k-eff (analog)    = 0.90415 +/- 0.00372  [0.89686  0.91144]
k-eff (implicit)  = 0.90517 +/- 0.00245  [0.90036  0.90997]

(O4) (MPI=1) (OMP=8) 
------------------------------------------------------------
------------------------------------------------------------

Serpent 2.1.31 -- Static criticality source simulation

Title: "godiva in a water tank: enrichment = 44.0%, radius = 8.7407 cm" 

Active cycle   29 / 120  Source neutrons :  5064

Running time :                  0:00:11
Estimated running time :        0:00:29
Estimated running time left :   0:00:18

Estimated relative CPU usage :   796.7%

k-eff (analog)    = 0.90483 +/- 0.00365  [0.89767  0.91199]
k-eff (implicit)  = 0.90508 +/- 0.00237  [0.90044  0.90972]

(O4) (MPI=1) (OMP=8) 
------------------------------------------------------------
------------------------------------------------------------

Serpent 2.1.31 -- Static criticality source simulation

Title: "godiva in a water tank: enrichment = 44.0%, radius = 8.7407 cm" 

Active cycle   30 / 120  Source neutrons :  4894

Running time :                  0:00:11
Estimated running time :        0:00:29
Estimated running time left :   0:00:18

Estimated relative CPU usage :   798.0%

k-eff (analog)    = 0.90481 +/- 0.00353  [0.89789  0.91172]
k-eff (implicit)  = 0.90559 +/- 0.00235  [0.90100  0.91019]

(O4) (MPI=1) (OMP=8) 
------------------------------------------------------------
------------------------------------------------------------

Serpent 2.1.31 -- Static criticality source simulation

Title: "godiva in a water tank: enrichment = 44.0%, radius = 8.7407 cm" 

Active cycle   31 / 120  Source neutrons :  5155

Running time :                  0:00:11
Estimated running time :        0:00:29
Estimated running time left :   0:00:18

Estimated relative CPU usage :   797.6%

k-eff (analog)    = 0.90569 +/- 0.00353  [0.89878  0.91260]
k-eff (implicit)  = 0.90526 +/- 0.00229  [0.90076  0.90975]

(O4) (MPI=1) (OMP=8) 
------------------------------------------------------------
------------------------------------------------------------

Serpent 2.1.31 -- Static criticality source simulation

Title: "godiva in a water tank: enrichment = 44.0%, radius = 8.7407 cm" 

Active cycle   32 / 120  Source neutrons :  4864

Running time :                  0:00:11
Estimated running time :        0:00:29
Estimated running time left :   0:00:18

Estimated relative CPU usage :   797.9%

k-eff (analog)    = 0.90572 +/- 0.00341  [0.89903  0.91241]
k-eff (implicit)  = 0.90494 +/- 0.00224  [0.90055  0.90934]

(O4) (MPI=1) (OMP=8) 
------------------------------------------------------------
------------------------------------------------------------

Serpent 2.1.31 -- Static criticality source simulation

Title: "godiva in a water tank: enrichment = 44.0%, radius = 8.7407 cm" 

Active cycle   33 / 120  Source neutrons :  5009

Running time :                  0:00:11
Estimated running time :        0:00:29
Estimated running time left :   0:00:18

Estimated relative CPU usage :   797.9%

k-eff (analog)    = 0.90581 +/- 0.00331  [0.89932  0.91229]
k-eff (implicit)  = 0.90530 +/- 0.00220  [0.90098  0.90961]

(O4) (MPI=1) (OMP=8) 
------------------------------------------------------------
------------------------------------------------------------

Serpent 2.1.31 -- Static criticality source simulation

Title: "godiva in a water tank: enrichment = 44.0%, radius = 8.7407 cm" 

Active cycle   34 / 120  Source neutrons :  4969

Running time :                  0:00:12
Estimated running time :        0:00:29
Estimated running time left :   0:00:17

Estimated relative CPU usage :   801.4%

k-eff (analog)    = 0.90572 +/- 0.00321  [0.89942  0.91201]
k-eff (implicit)  = 0.90464 +/- 0.00224  [0.90025  0.90902]

(O4) (MPI=1) (OMP=8) 
------------------------------------------------------------
------------------------------------------------------------

Serpent 2.1.31 -- Static criticality source simulation

Title: "godiva in a water tank: enrichment = 44.0%, radius = 8.7407 cm" 

Active cycle   35 / 120  Source neutrons :  4798

Running time :                  0:00:12
Estimated running time :        0:00:29
Estimated running time left :   0:00:17

Estimated relative CPU usage :   797.9%

k-eff (analog)    = 0.90459 +/- 0.00332  [0.89810  0.91109]
k-eff (implicit)  = 0.90510 +/- 0.00222  [0.90075  0.90946]

(O4) (MPI=1) (OMP=8) 
------------------------------------------------------------
------------------------------------------------------------

Serpent 2.1.31 -- Static criticality source simulation

Title: "godiva in a water tank: enrichment = 44.0%, radius = 8.7407 cm" 

Active cycle   36 / 120  Source neutrons :  5309

Running time :                  0:00:12
Estimated running time :        0:00:29
Estimated running time left :   0:00:17

Estimated relative CPU usage :   796.6%

k-eff (analog)    = 0.90502 +/- 0.00325  [0.89865  0.91139]
k-eff (implicit)  = 0.90576 +/- 0.00226  [0.90134  0.91019]

(O4) (MPI=1) (OMP=8) 
------------------------------------------------------------
------------------------------------------------------------

Serpent 2.1.31 -- Static criticality source simulation

Title: "godiva in a water tank: enrichment = 44.0%, radius = 8.7407 cm" 

Active cycle   37 / 120  Source neutrons :  5070

Running time :                  0:00:12
Estimated running time :        0:00:29
Estimated running time left :   0:00:17

Estimated relative CPU usage :   796.5%

k-eff (analog)    = 0.90577 +/- 0.00325  [0.89940  0.91214]
k-eff (implicit)  = 0.90589 +/- 0.00220  [0.90158  0.91020]

(O4) (MPI=1) (OMP=8) 
------------------------------------------------------------
------------------------------------------------------------

Serpent 2.1.31 -- Static criticality source simulation

Title: "godiva in a water tank: enrichment = 44.0%, radius = 8.7407 cm" 

Active cycle   38 / 120  Source neutrons :  4850

Running time :                  0:00:12
Estimated running time :        0:00:29
Estimated running time left :   0:00:16

Estimated relative CPU usage :   797.8%

k-eff (analog)    = 0.90574 +/- 0.00316  [0.89955  0.91194]
k-eff (implicit)  = 0.90594 +/- 0.00214  [0.90174  0.91013]

(O4) (MPI=1) (OMP=8) 
------------------------------------------------------------
------------------------------------------------------------

Serpent 2.1.31 -- Static criticality source simulation

Title: "godiva in a water tank: enrichment = 44.0%, radius = 8.7407 cm" 

Active cycle   39 / 120  Source neutrons :  4948

Running time :                  0:00:13
Estimated running time :        0:00:29
Estimated running time left :   0:00:16

Estimated relative CPU usage :   797.9%

k-eff (analog)    = 0.90548 +/- 0.00309  [0.89942  0.91154]
k-eff (implicit)  = 0.90619 +/- 0.00210  [0.90207  0.91030]

(O4) (MPI=1) (OMP=8) 
------------------------------------------------------------
------------------------------------------------------------

Serpent 2.1.31 -- Static criticality source simulation

Title: "godiva in a water tank: enrichment = 44.0%, radius = 8.7407 cm" 

Active cycle   40 / 120  Source neutrons :  5119

Running time :                  0:00:13
Estimated running time :        0:00:29
Estimated running time left :   0:00:16

Estimated relative CPU usage :   795.1%

k-eff (analog)    = 0.90576 +/- 0.00303  [0.89983  0.91169]
k-eff (implicit)  = 0.90597 +/- 0.00206  [0.90194  0.91001]

(O4) (MPI=1) (OMP=8) 
------------------------------------------------------------
------------------------------------------------------------

Serpent 2.1.31 -- Static criticality source simulation

Title: "godiva in a water tank: enrichment = 44.0%, radius = 8.7407 cm" 

Active cycle   41 / 120  Source neutrons :  4880

Running time :                  0:00:13
Estimated running time :        0:00:29
Estimated running time left :   0:00:16

Estimated relative CPU usage :   798.0%

k-eff (analog)    = 0.90549 +/- 0.00296  [0.89968  0.91130]
k-eff (implicit)  = 0.90639 +/- 0.00205  [0.90237  0.91041]

(O4) (MPI=1) (OMP=8) 
------------------------------------------------------------
------------------------------------------------------------

Serpent 2.1.31 -- Static criticality source simulation

Title: "godiva in a water tank: enrichment = 44.0%, radius = 8.7407 cm" 

Active cycle   42 / 120  Source neutrons :  5091

Running time :                  0:00:13
Estimated running time :        0:00:29
Estimated running time left :   0:00:16

Estimated relative CPU usage :   798.0%

k-eff (analog)    = 0.90562 +/- 0.00290  [0.89994  0.91129]
k-eff (implicit)  = 0.90642 +/- 0.00200  [0.90250  0.91034]

(O4) (MPI=1) (OMP=8) 
------------------------------------------------------------
------------------------------------------------------------

Serpent 2.1.31 -- Static criticality source simulation

Title: "godiva in a water tank: enrichment = 44.0%, radius = 8.7407 cm" 

Active cycle   43 / 120  Source neutrons :  5016

Running time :                  0:00:13
Estimated running time :        0:00:29
Estimated running time left :   0:00:15

Estimated relative CPU usage :   801.3%

k-eff (analog)    = 0.90581 +/- 0.00283  [0.90026  0.91136]
k-eff (implicit)  = 0.90667 +/- 0.00197  [0.90281  0.91053]

(O4) (MPI=1) (OMP=8) 
------------------------------------------------------------
------------------------------------------------------------

Serpent 2.1.31 -- Static criticality source simulation

Title: "godiva in a water tank: enrichment = 44.0%, radius = 8.7407 cm" 

Active cycle   44 / 120  Source neutrons :  5094

Running time :                  0:00:14
Estimated running time :        0:00:29
Estimated running time left :   0:00:15

Estimated relative CPU usage :   798.0%

k-eff (analog)    = 0.90638 +/- 0.00283  [0.90084  0.91193]
k-eff (implicit)  = 0.90650 +/- 0.00193  [0.90271  0.91028]

(O4) (MPI=1) (OMP=8) 
------------------------------------------------------------
------------------------------------------------------------

Serpent 2.1.31 -- Static criticality source simulation

Title: "godiva in a water tank: enrichment = 44.0%, radius = 8.7407 cm" 

Active cycle   45 / 120  Source neutrons :  4851

Running time :                  0:00:14
Estimated running time :        0:00:29
Estimated running time left :   0:00:15

Estimated relative CPU usage :   797.8%

k-eff (analog)    = 0.90632 +/- 0.00276  [0.90090  0.91174]
k-eff (implicit)  = 0.90613 +/- 0.00192  [0.90235  0.90990]

(O4) (MPI=1) (OMP=8) 
------------------------------------------------------------
------------------------------------------------------------

Serpent 2.1.31 -- Static criticality source simulation

Title: "godiva in a water tank: enrichment = 44.0%, radius = 8.7407 cm" 

Active cycle   46 / 120  Source neutrons :  4989

Running time :                  0:00:14
Estimated running time :        0:00:29
Estimated running time left :   0:00:15

Estimated relative CPU usage :   794.1%

k-eff (analog)    = 0.90621 +/- 0.00271  [0.90090  0.91151]
k-eff (implicit)  = 0.90609 +/- 0.00188  [0.90240  0.90978]

(O4) (MPI=1) (OMP=8) 
------------------------------------------------------------
------------------------------------------------------------

Serpent 2.1.31 -- Static criticality source simulation

Title: "godiva in a water tank: enrichment = 44.0%, radius = 8.7407 cm" 

Active cycle   47 / 120  Source neutrons :  5030

Running time :                  0:00:14
Estimated running time :        0:00:29
Estimated running time left :   0:00:15

Estimated relative CPU usage :   801.4%

k-eff (analog)    = 0.90622 +/- 0.00265  [0.90103  0.91141]
k-eff (implicit)  = 0.90633 +/- 0.00186  [0.90269  0.90997]

(O4) (MPI=1) (OMP=8) 
------------------------------------------------------------
------------------------------------------------------------

Serpent 2.1.31 -- Static criticality source simulation

Title: "godiva in a water tank: enrichment = 44.0%, radius = 8.7407 cm" 

Active cycle   48 / 120  Source neutrons :  5016

Running time :                  0:00:15
Estimated running time :        0:00:29
Estimated running time left :   0:00:14

Estimated relative CPU usage :   793.2%

k-eff (analog)    = 0.90629 +/- 0.00259  [0.90121  0.91137]
k-eff (implicit)  = 0.90615 +/- 0.00183  [0.90258  0.90973]

(O4) (MPI=1) (OMP=8) 
------------------------------------------------------------
------------------------------------------------------------

Serpent 2.1.31 -- Static criticality source simulation

Title: "godiva in a water tank: enrichment = 44.0%, radius = 8.7407 cm" 

Active cycle   49 / 120  Source neutrons :  4902

Running time :                  0:00:15
Estimated running time :        0:00:29
Estimated running time left :   0:00:14

Estimated relative CPU usage :   798.2%

k-eff (analog)    = 0.90600 +/- 0.00256  [0.90098  0.91101]
k-eff (implicit)  = 0.90599 +/- 0.00180  [0.90247  0.90951]

(O4) (MPI=1) (OMP=8) 
------------------------------------------------------------
------------------------------------------------------------

Serpent 2.1.31 -- Static criticality source simulation

Title: "godiva in a water tank: enrichment = 44.0%, radius = 8.7407 cm" 

Active cycle   50 / 120  Source neutrons :  5070

Running time :                  0:00:15
Estimated running time :        0:00:29
Estimated running time left :   0:00:14

Estimated relative CPU usage :   797.5%

k-eff (analog)    = 0.90596 +/- 0.00251  [0.90105  0.91087]
k-eff (implicit)  = 0.90599 +/- 0.00176  [0.90254  0.90944]

(O4) (MPI=1) (OMP=8) 
------------------------------------------------------------
------------------------------------------------------------

Serpent 2.1.31 -- Static criticality source simulation

Title: "godiva in a water tank: enrichment = 44.0%, radius = 8.7407 cm" 

Active cycle   51 / 120  Source neutrons :  4969

Running time :                  0:00:15
Estimated running time :        0:00:29
Estimated running time left :   0:00:14

Estimated relative CPU usage :   791.6%

k-eff (analog)    = 0.90582 +/- 0.00246  [0.90100  0.91064]
k-eff (implicit)  = 0.90600 +/- 0.00173  [0.90262  0.90938]

(O4) (MPI=1) (OMP=8) 
------------------------------------------------------------
------------------------------------------------------------

Serpent 2.1.31 -- Static criticality source simulation

Title: "godiva in a water tank: enrichment = 44.0%, radius = 8.7407 cm" 

Active cycle   52 / 120  Source neutrons :  5036

Running time :                  0:00:15
Estimated running time :        0:00:29
Estimated running time left :   0:00:14

Estimated relative CPU usage :   797.8%

k-eff (analog)    = 0.90581 +/- 0.00241  [0.90108  0.91053]
k-eff (implicit)  = 0.90578 +/- 0.00171  [0.90243  0.90912]

(O4) (MPI=1) (OMP=8) 
------------------------------------------------------------
------------------------------------------------------------

Serpent 2.1.31 -- Static criticality source simulation

Title: "godiva in a water tank: enrichment = 44.0%, radius = 8.7407 cm" 

Active cycle   53 / 120  Source neutrons :  4913

Running time :                  0:00:16
Estimated running time :        0:00:29
Estimated running time left :   0:00:13

Estimated relative CPU usage :   797.8%

k-eff (analog)    = 0.90550 +/- 0.00239  [0.90082  0.91017]
k-eff (implicit)  = 0.90559 +/- 0.00168  [0.90228  0.90889]

(O4) (MPI=1) (OMP=8) 
------------------------------------------------------------
------------------------------------------------------------

Serpent 2.1.31 -- Static criticality source simulation

Title: "godiva in a water tank: enrichment = 44.0%, radius = 8.7407 cm" 

Active cycle   54 / 120  Source neutrons :  5169

Running time :                  0:00:16
Estimated running time :        0:00:29
Estimated running time left :   0:00:13

Estimated relative CPU usage :   797.6%

k-eff (analog)    = 0.90576 +/- 0.00236  [0.90114  0.91037]
k-eff (implicit)  = 0.90578 +/- 0.00166  [0.90252  0.90904]

(O4) (MPI=1) (OMP=8) 
------------------------------------------------------------
------------------------------------------------------------

Serpent 2.1.31 -- Static criticality source simulation

Title: "godiva in a water tank: enrichment = 44.0%, radius = 8.7407 cm" 

Active cycle   55 / 120  Source neutrons :  4979

Running time :                  0:00:16
Estimated running time :        0:00:29
Estimated running time left :   0:00:13

Estimated relative CPU usage :   797.4%

k-eff (analog)    = 0.90593 +/- 0.00232  [0.90139  0.91048]
k-eff (implicit)  = 0.90592 +/- 0.00164  [0.90270  0.90913]

(O4) (MPI=1) (OMP=8) 
------------------------------------------------------------
------------------------------------------------------------

Serpent 2.1.31 -- Static criticality source simulation

Title: "godiva in a water tank: enrichment = 44.0%, radius = 8.7407 cm" 

Active cycle   56 / 120  Source neutrons :  5025

Running time :                  0:00:16
Estimated running time :        0:00:29
Estimated running time left :   0:00:13

Estimated relative CPU usage :   797.9%

k-eff (analog)    = 0.90619 +/- 0.00229  [0.90170  0.91068]
k-eff (implicit)  = 0.90582 +/- 0.00161  [0.90266  0.90898]

(O4) (MPI=1) (OMP=8) 
------------------------------------------------------------
------------------------------------------------------------

Serpent 2.1.31 -- Static criticality source simulation

Title: "godiva in a water tank: enrichment = 44.0%, radius = 8.7407 cm" 

Active cycle   57 / 120  Source neutrons :  4984

Running time :                  0:00:16
Estimated running time :        0:00:29
Estimated running time left :   0:00:13

Estimated relative CPU usage :   798.0%

k-eff (analog)    = 0.90638 +/- 0.00226  [0.90195  0.91081]
k-eff (implicit)  = 0.90602 +/- 0.00160  [0.90289  0.90914]

(O4) (MPI=1) (OMP=8) 
------------------------------------------------------------
------------------------------------------------------------

Serpent 2.1.31 -- Static criticality source simulation

Title: "godiva in a water tank: enrichment = 44.0%, radius = 8.7407 cm" 

Active cycle   58 / 120  Source neutrons :  4815

Running time :                  0:00:17
Estimated running time :        0:00:29
Estimated running time left :   0:00:12

Estimated relative CPU usage :   798.1%

k-eff (analog)    = 0.90599 +/- 0.00226  [0.90156  0.91041]
k-eff (implicit)  = 0.90612 +/- 0.00157  [0.90304  0.90920]

(O4) (MPI=1) (OMP=8) 
------------------------------------------------------------
------------------------------------------------------------

Serpent 2.1.31 -- Static criticality source simulation

Title: "godiva in a water tank: enrichment = 44.0%, radius = 8.7407 cm" 

Active cycle   59 / 120  Source neutrons :  5064

Running time :                  0:00:17
Estimated running time :        0:00:29
Estimated running time left :   0:00:12

Estimated relative CPU usage :   798.0%

k-eff (analog)    = 0.90579 +/- 0.00223  [0.90143  0.91016]
k-eff (implicit)  = 0.90604 +/- 0.00155  [0.90300  0.90907]

(O4) (MPI=1) (OMP=8) 
------------------------------------------------------------
------------------------------------------------------------

Serpent 2.1.31 -- Static criticality source simulation

Title: "godiva in a water tank: enrichment = 44.0%, radius = 8.7407 cm" 

Active cycle   60 / 120  Source neutrons :  4904

Running time :                  0:00:17
Estimated running time :        0:00:29
Estimated running time left :   0:00:12

Estimated relative CPU usage :   801.2%

k-eff (analog)    = 0.90532 +/- 0.00224  [0.90093  0.90971]
k-eff (implicit)  = 0.90573 +/- 0.00155  [0.90270  0.90877]

(O4) (MPI=1) (OMP=8) 
------------------------------------------------------------
------------------------------------------------------------

Serpent 2.1.31 -- Static criticality source simulation

Title: "godiva in a water tank: enrichment = 44.0%, radius = 8.7407 cm" 

Active cycle   61 / 120  Source neutrons :  5032

Running time :                  0:00:17
Estimated running time :        0:00:29
Estimated running time left :   0:00:12

Estimated relative CPU usage :   795.7%

k-eff (analog)    = 0.90496 +/- 0.00223  [0.90058  0.90933]
k-eff (implicit)  = 0.90584 +/- 0.00153  [0.90285  0.90884]

(O4) (MPI=1) (OMP=8) 
------------------------------------------------------------
------------------------------------------------------------

Serpent 2.1.31 -- Static criticality source simulation

Title: "godiva in a water tank: enrichment = 44.0%, radius = 8.7407 cm" 

Active cycle   62 / 120  Source neutrons :  5197

Running time :                  0:00:17
Estimated running time :        0:00:29
Estimated running time left :   0:00:11

Estimated relative CPU usage :   798.0%

k-eff (analog)    = 0.90516 +/- 0.00221  [0.90084  0.90949]
k-eff (implicit)  = 0.90559 +/- 0.00152  [0.90261  0.90858]

(O4) (MPI=1) (OMP=8) 
------------------------------------------------------------
------------------------------------------------------------

Serpent 2.1.31 -- Static criticality source simulation

Title: "godiva in a water tank: enrichment = 44.0%, radius = 8.7407 cm" 

Active cycle   63 / 120  Source neutrons :  4876

Running time :                  0:00:18
Estimated running time :        0:00:29
Estimated running time left :   0:00:11

Estimated relative CPU usage :   797.8%

k-eff (analog)    = 0.90500 +/- 0.00218  [0.90074  0.90927]
k-eff (implicit)  = 0.90555 +/- 0.00150  [0.90261  0.90850]

(O4) (MPI=1) (OMP=8) 
------------------------------------------------------------
------------------------------------------------------------

Serpent 2.1.31 -- Static criticality source simulation

Title: "godiva in a water tank: enrichment = 44.0%, radius = 8.7407 cm" 

Active cycle   64 / 120  Source neutrons :  5105

Running time :                  0:00:18
Estimated running time :        0:00:29
Estimated running time left :   0:00:11

Estimated relative CPU usage :   797.2%

k-eff (analog)    = 0.90514 +/- 0.00215  [0.90094  0.90935]
k-eff (implicit)  = 0.90567 +/- 0.00148  [0.90276  0.90857]

(O4) (MPI=1) (OMP=8) 
------------------------------------------------------------
------------------------------------------------------------

Serpent 2.1.31 -- Static criticality source simulation

Title: "godiva in a water tank: enrichment = 44.0%, radius = 8.7407 cm" 

Active cycle   65 / 120  Source neutrons :  5144

Running time :                  0:00:18
Estimated running time :        0:00:29
Estimated running time left :   0:00:11

Estimated relative CPU usage :   794.7%

k-eff (analog)    = 0.90568 +/- 0.00218  [0.90141  0.90996]
k-eff (implicit)  = 0.90570 +/- 0.00146  [0.90284  0.90856]

(O4) (MPI=1) (OMP=8) 
------------------------------------------------------------
------------------------------------------------------------

Serpent 2.1.31 -- Static criticality source simulation

Title: "godiva in a water tank: enrichment = 44.0%, radius = 8.7407 cm" 

Active cycle   66 / 120  Source neutrons :  4880

Running time :                  0:00:18
Estimated running time :        0:00:29
Estimated running time left :   0:00:11

Estimated relative CPU usage :   797.8%

k-eff (analog)    = 0.90586 +/- 0.00215  [0.90164  0.91009]
k-eff (implicit)  = 0.90579 +/- 0.00144  [0.90297  0.90861]

(O4) (MPI=1) (OMP=8) 
------------------------------------------------------------
------------------------------------------------------------

Serpent 2.1.31 -- Static criticality source simulation

Title: "godiva in a water tank: enrichment = 44.0%, radius = 8.7407 cm" 

Active cycle   67 / 120  Source neutrons :  4994

Running time :                  0:00:18
Estimated running time :        0:00:29
Estimated running time left :   0:00:10

Estimated relative CPU usage :   795.7%

k-eff (analog)    = 0.90602 +/- 0.00213  [0.90185  0.91019]
k-eff (implicit)  = 0.90603 +/- 0.00144  [0.90321  0.90884]

(O4) (MPI=1) (OMP=8) 
------------------------------------------------------------
------------------------------------------------------------

Serpent 2.1.31 -- Static criticality source simulation

Title: "godiva in a water tank: enrichment = 44.0%, radius = 8.7407 cm" 

Active cycle   68 / 120  Source neutrons :  5169

Running time :                  0:00:19
Estimated running time :        0:00:29
Estimated running time left :   0:00:10

Estimated relative CPU usage :   797.3%

k-eff (analog)    = 0.90663 +/- 0.00218  [0.90235  0.91091]
k-eff (implicit)  = 0.90593 +/- 0.00142  [0.90315  0.90872]

(O4) (MPI=1) (OMP=8) 
------------------------------------------------------------
------------------------------------------------------------

Serpent 2.1.31 -- Static criticality source simulation

Title: "godiva in a water tank: enrichment = 44.0%, radius = 8.7407 cm" 

Active cycle   69 / 120  Source neutrons :  4789

Running time :                  0:00:19
Estimated running time :        0:00:29
Estimated running time left :   0:00:10

Estimated relative CPU usage :   798.6%

k-eff (analog)    = 0.90664 +/- 0.00215  [0.90243  0.91086]
k-eff (implicit)  = 0.90557 +/- 0.00145  [0.90274  0.90840]

(O4) (MPI=1) (OMP=8) 
------------------------------------------------------------
------------------------------------------------------------

Serpent 2.1.31 -- Static criticality source simulation

Title: "godiva in a water tank: enrichment = 44.0%, radius = 8.7407 cm" 

Active cycle   70 / 120  Source neutrons :  4874

Running time :                  0:00:19
Estimated running time :        0:00:29
Estimated running time left :   0:00:10

Estimated relative CPU usage :   796.5%

k-eff (analog)    = 0.90633 +/- 0.00214  [0.90213  0.91053]
k-eff (implicit)  = 0.90562 +/- 0.00143  [0.90282  0.90841]

(O4) (MPI=1) (OMP=8) 
------------------------------------------------------------
------------------------------------------------------------

Serpent 2.1.31 -- Static criticality source simulation

Title: "godiva in a water tank: enrichment = 44.0%, radius = 8.7407 cm" 

Active cycle   71 / 120  Source neutrons :  5300

Running time :                  0:00:19
Estimated running time :        0:00:29
Estimated running time left :   0:00:10

Estimated relative CPU usage :   797.3%

k-eff (analog)    = 0.90677 +/- 0.00216  [0.90254  0.91101]
k-eff (implicit)  = 0.90558 +/- 0.00141  [0.90283  0.90834]

(O4) (MPI=1) (OMP=8) 
------------------------------------------------------------
------------------------------------------------------------

Serpent 2.1.31 -- Static criticality source simulation

Title: "godiva in a water tank: enrichment = 44.0%, radius = 8.7407 cm" 

Active cycle   72 / 120  Source neutrons :  4979

Running time :                  0:00:19
Estimated running time :        0:00:29
Estimated running time left :   0:00:09

Estimated relative CPU usage :   797.8%

k-eff (analog)    = 0.90715 +/- 0.00216  [0.90291  0.91139]
k-eff (implicit)  = 0.90587 +/- 0.00142  [0.90309  0.90864]

(O4) (MPI=1) (OMP=8) 
------------------------------------------------------------
------------------------------------------------------------

Serpent 2.1.31 -- Static criticality source simulation

Title: "godiva in a water tank: enrichment = 44.0%, radius = 8.7407 cm" 

Active cycle   73 / 120  Source neutrons :  4842

Running time :                  0:00:20
Estimated running time :        0:00:29
Estimated running time left :   0:00:09

Estimated relative CPU usage :   797.7%

k-eff (analog)    = 0.90711 +/- 0.00213  [0.90293  0.91129]
k-eff (implicit)  = 0.90625 +/- 0.00145  [0.90341  0.90908]

(O4) (MPI=1) (OMP=8) 
------------------------------------------------------------
------------------------------------------------------------

Serpent 2.1.31 -- Static criticality source simulation

Title: "godiva in a water tank: enrichment = 44.0%, radius = 8.7407 cm" 

Active cycle   74 / 120  Source neutrons :  5070

Running time :                  0:00:20
Estimated running time :        0:00:29
Estimated running time left :   0:00:09

Estimated relative CPU usage :   797.4%

k-eff (analog)    = 0.90724 +/- 0.00211  [0.90311  0.91137]
k-eff (implicit)  = 0.90625 +/- 0.00143  [0.90346  0.90905]

(O4) (MPI=1) (OMP=8) 
------------------------------------------------------------
------------------------------------------------------------

Serpent 2.1.31 -- Static criticality source simulation

Title: "godiva in a water tank: enrichment = 44.0%, radius = 8.7407 cm" 

Active cycle   75 / 120  Source neutrons :  4835

Running time :                  0:00:20
Estimated running time :        0:00:29
Estimated running time left :   0:00:09

Estimated relative CPU usage :   797.4%

k-eff (analog)    = 0.90697 +/- 0.00210  [0.90286  0.91108]
k-eff (implicit)  = 0.90627 +/- 0.00141  [0.90352  0.90903]

(O4) (MPI=1) (OMP=8) 
------------------------------------------------------------
------------------------------------------------------------

Serpent 2.1.31 -- Static criticality source simulation

Title: "godiva in a water tank: enrichment = 44.0%, radius = 8.7407 cm" 

Active cycle   76 / 120  Source neutrons :  5145

Running time :                  0:00:20
Estimated running time :        0:00:29
Estimated running time left :   0:00:09

Estimated relative CPU usage :   797.4%

k-eff (analog)    = 0.90704 +/- 0.00207  [0.90298  0.91110]
k-eff (implicit)  = 0.90630 +/- 0.00139  [0.90358  0.90902]

(O4) (MPI=1) (OMP=8) 
------------------------------------------------------------
------------------------------------------------------------

Serpent 2.1.31 -- Static criticality source simulation

Title: "godiva in a water tank: enrichment = 44.0%, radius = 8.7407 cm" 

Active cycle   77 / 120  Source neutrons :  5063

Running time :                  0:00:20
Estimated running time :        0:00:29
Estimated running time left :   0:00:08

Estimated relative CPU usage :   797.9%

k-eff (analog)    = 0.90726 +/- 0.00206  [0.90323  0.91129]
k-eff (implicit)  = 0.90638 +/- 0.00137  [0.90369  0.90907]

(O4) (MPI=1) (OMP=8) 
------------------------------------------------------------
------------------------------------------------------------

Serpent 2.1.31 -- Static criticality source simulation

Title: "godiva in a water tank: enrichment = 44.0%, radius = 8.7407 cm" 

Active cycle   78 / 120  Source neutrons :  4941

Running time :                  0:00:21
Estimated running time :        0:00:29
Estimated running time left :   0:00:08

Estimated relative CPU usage :   797.9%

k-eff (analog)    = 0.90733 +/- 0.00203  [0.90335  0.91131]
k-eff (implicit)  = 0.90582 +/- 0.00146  [0.90295  0.90869]

(O4) (MPI=1) (OMP=8) 
------------------------------------------------------------
------------------------------------------------------------

Serpent 2.1.31 -- Static criticality source simulation

Title: "godiva in a water tank: enrichment = 44.0%, radius = 8.7407 cm" 

Active cycle   79 / 120  Source neutrons :  4707

Running time :                  0:00:21
Estimated running time :        0:00:29
Estimated running time left :   0:00:08

Estimated relative CPU usage :   794.6%

k-eff (analog)    = 0.90673 +/- 0.00209  [0.90262  0.91083]
k-eff (implicit)  = 0.90547 +/- 0.00149  [0.90256  0.90839]

(O4) (MPI=1) (OMP=8) 
------------------------------------------------------------
------------------------------------------------------------

Serpent 2.1.31 -- Static criticality source simulation

Title: "godiva in a water tank: enrichment = 44.0%, radius = 8.7407 cm" 

Active cycle   80 / 120  Source neutrons :  5177

Running time :                  0:00:21
Estimated running time :        0:00:29
Estimated running time left :   0:00:08

Estimated relative CPU usage :   794.8%

k-eff (analog)    = 0.90652 +/- 0.00208  [0.90244  0.91059]
k-eff (implicit)  = 0.90553 +/- 0.00147  [0.90265  0.90841]

(O4) (MPI=1) (OMP=8) 
------------------------------------------------------------
------------------------------------------------------------

Serpent 2.1.31 -- Static criticality source simulation

Title: "godiva in a water tank: enrichment = 44.0%, radius = 8.7407 cm" 

Active cycle   81 / 120  Source neutrons :  5106

Running time :                  0:00:21
Estimated running time :        0:00:29
Estimated running time left :   0:00:08

Estimated relative CPU usage :   798.6%

k-eff (analog)    = 0.90654 +/- 0.00205  [0.90252  0.91057]
k-eff (implicit)  = 0.90575 +/- 0.00147  [0.90287  0.90863]

(O4) (MPI=1) (OMP=8) 
------------------------------------------------------------
------------------------------------------------------------

Serpent 2.1.31 -- Static criticality source simulation

Title: "godiva in a water tank: enrichment = 44.0%, radius = 8.7407 cm" 

Active cycle   82 / 120  Source neutrons :  5045

Running time :                  0:00:22
Estimated running time :        0:00:29
Estimated running time left :   0:00:07

Estimated relative CPU usage :   793.4%

k-eff (analog)    = 0.90667 +/- 0.00203  [0.90269  0.91065]
k-eff (implicit)  = 0.90584 +/- 0.00145  [0.90299  0.90868]

(O4) (MPI=1) (OMP=8) 
------------------------------------------------------------
------------------------------------------------------------

Serpent 2.1.31 -- Static criticality source simulation

Title: "godiva in a water tank: enrichment = 44.0%, radius = 8.7407 cm" 

Active cycle   83 / 120  Source neutrons :  5106

Running time :                  0:00:22
Estimated running time :        0:00:29
Estimated running time left :   0:00:07

Estimated relative CPU usage :   801.6%

k-eff (analog)    = 0.90703 +/- 0.00204  [0.90303  0.91103]
k-eff (implicit)  = 0.90580 +/- 0.00144  [0.90298  0.90861]

(O4) (MPI=1) (OMP=8) 
------------------------------------------------------------
------------------------------------------------------------

Serpent 2.1.31 -- Static criticality source simulation

Title: "godiva in a water tank: enrichment = 44.0%, radius = 8.7407 cm" 

Active cycle   84 / 120  Source neutrons :  4924

Running time :                  0:00:22
Estimated running time :        0:00:29
Estimated running time left :   0:00:07

Estimated relative CPU usage :   798.0%

k-eff (analog)    = 0.90721 +/- 0.00202  [0.90325  0.91117]
k-eff (implicit)  = 0.90551 +/- 0.00145  [0.90268  0.90835]

(O4) (MPI=1) (OMP=8) 
------------------------------------------------------------
------------------------------------------------------------

Serpent 2.1.31 -- Static criticality source simulation

Title: "godiva in a water tank: enrichment = 44.0%, radius = 8.7407 cm" 

Active cycle   85 / 120  Source neutrons :  4905

Running time :                  0:00:22
Estimated running time :        0:00:29
Estimated running time left :   0:00:07

Estimated relative CPU usage :   793.4%

k-eff (analog)    = 0.90718 +/- 0.00200  [0.90326  0.91110]
k-eff (implicit)  = 0.90557 +/- 0.00143  [0.90277  0.90838]

(O4) (MPI=1) (OMP=8) 
------------------------------------------------------------
------------------------------------------------------------

Serpent 2.1.31 -- Static criticality source simulation

Title: "godiva in a water tank: enrichment = 44.0%, radius = 8.7407 cm" 

Active cycle   86 / 120  Source neutrons :  4940

Running time :                  0:00:22
Estimated running time :        0:00:29
Estimated running time left :   0:00:07

Estimated relative CPU usage :   796.5%

k-eff (analog)    = 0.90703 +/- 0.00198  [0.90314  0.91091]
k-eff (implicit)  = 0.90562 +/- 0.00141  [0.90285  0.90840]

(O4) (MPI=1) (OMP=8) 
------------------------------------------------------------
------------------------------------------------------------

Serpent 2.1.31 -- Static criticality source simulation

Title: "godiva in a water tank: enrichment = 44.0%, radius = 8.7407 cm" 

Active cycle   87 / 120  Source neutrons :  5038

Running time :                  0:00:23
Estimated running time :        0:00:29
Estimated running time left :   0:00:06

Estimated relative CPU usage :   797.6%

k-eff (analog)    = 0.90695 +/- 0.00196  [0.90311  0.91079]
k-eff (implicit)  = 0.90546 +/- 0.00141  [0.90270  0.90822]

(O4) (MPI=1) (OMP=8) 
------------------------------------------------------------
------------------------------------------------------------

Serpent 2.1.31 -- Static criticality source simulation

Title: "godiva in a water tank: enrichment = 44.0%, radius = 8.7407 cm" 

Active cycle   88 / 120  Source neutrons :  4983

Running time :                  0:00:23
Estimated running time :        0:00:29
Estimated running time left :   0:00:06

Estimated relative CPU usage :   797.7%

k-eff (analog)    = 0.90684 +/- 0.00194  [0.90304  0.91065]
k-eff (implicit)  = 0.90519 +/- 0.00142  [0.90242  0.90797]

(O4) (MPI=1) (OMP=8) 
------------------------------------------------------------
------------------------------------------------------------

Serpent 2.1.31 -- Static criticality source simulation

Title: "godiva in a water tank: enrichment = 44.0%, radius = 8.7407 cm" 

Active cycle   89 / 120  Source neutrons :  4830

Running time :                  0:00:23
Estimated running time :        0:00:29
Estimated running time left :   0:00:06

Estimated relative CPU usage :   794.1%

k-eff (analog)    = 0.90640 +/- 0.00197  [0.90254  0.91026]
k-eff (implicit)  = 0.90525 +/- 0.00140  [0.90250  0.90800]

(O4) (MPI=1) (OMP=8) 
------------------------------------------------------------
------------------------------------------------------------

Serpent 2.1.31 -- Static criticality source simulation

Title: "godiva in a water tank: enrichment = 44.0%, radius = 8.7407 cm" 

Active cycle   90 / 120  Source neutrons :  5314

Running time :                  0:00:23
Estimated running time :        0:00:29
Estimated running time left :   0:00:06

Estimated relative CPU usage :   801.2%

k-eff (analog)    = 0.90656 +/- 0.00196  [0.90273  0.91040]
k-eff (implicit)  = 0.90514 +/- 0.00139  [0.90241  0.90786]

(O4) (MPI=1) (OMP=8) 
------------------------------------------------------------
------------------------------------------------------------

Serpent 2.1.31 -- Static criticality source simulation

Title: "godiva in a water tank: enrichment = 44.0%, radius = 8.7407 cm" 

Active cycle   91 / 120  Source neutrons :  4878

Running time :                  0:00:23
Estimated running time :        0:00:29
Estimated running time left :   0:00:05

Estimated relative CPU usage :   794.2%

k-eff (analog)    = 0.90648 +/- 0.00194  [0.90269  0.91027]
k-eff (implicit)  = 0.90527 +/- 0.00138  [0.90256  0.90797]

(O4) (MPI=1) (OMP=8) 
------------------------------------------------------------
------------------------------------------------------------

Serpent 2.1.31 -- Static criticality source simulation

Title: "godiva in a water tank: enrichment = 44.0%, radius = 8.7407 cm" 

Active cycle   92 / 120  Source neutrons :  5010

Running time :                  0:00:24
Estimated running time :        0:00:29
Estimated running time left :   0:00:05

Estimated relative CPU usage :   799.9%

k-eff (analog)    = 0.90642 +/- 0.00192  [0.90266  0.91017]
k-eff (implicit)  = 0.90514 +/- 0.00137  [0.90246  0.90783]

(O4) (MPI=1) (OMP=8) 
------------------------------------------------------------
------------------------------------------------------------

Serpent 2.1.31 -- Static criticality source simulation

Title: "godiva in a water tank: enrichment = 44.0%, radius = 8.7407 cm" 

Active cycle   93 / 120  Source neutrons :  4982

Running time :                  0:00:24
Estimated running time :        0:00:29
Estimated running time left :   0:00:05

Estimated relative CPU usage :   797.9%

k-eff (analog)    = 0.90632 +/- 0.00190  [0.90261  0.91004]
k-eff (implicit)  = 0.90501 +/- 0.00136  [0.90234  0.90768]

(O4) (MPI=1) (OMP=8) 
------------------------------------------------------------
------------------------------------------------------------

Serpent 2.1.31 -- Static criticality source simulation

Title: "godiva in a water tank: enrichment = 44.0%, radius = 8.7407 cm" 

Active cycle   94 / 120  Source neutrons :  5022

Running time :                  0:00:24
Estimated running time :        0:00:29
Estimated running time left :   0:00:05

Estimated relative CPU usage :   795.8%

k-eff (analog)    = 0.90627 +/- 0.00188  [0.90259  0.90995]
k-eff (implicit)  = 0.90492 +/- 0.00135  [0.90227  0.90757]

(O4) (MPI=1) (OMP=8) 
------------------------------------------------------------
------------------------------------------------------------

Serpent 2.1.31 -- Static criticality source simulation

Title: "godiva in a water tank: enrichment = 44.0%, radius = 8.7407 cm" 

Active cycle   95 / 120  Source neutrons :  4895

Running time :                  0:00:24
Estimated running time :        0:00:29
Estimated running time left :   0:00:05

Estimated relative CPU usage :   794.3%

k-eff (analog)    = 0.90602 +/- 0.00187  [0.90235  0.90970]
k-eff (implicit)  = 0.90470 +/- 0.00136  [0.90205  0.90736]

(O4) (MPI=1) (OMP=8) 
------------------------------------------------------------
------------------------------------------------------------

Serpent 2.1.31 -- Static criticality source simulation

Title: "godiva in a water tank: enrichment = 44.0%, radius = 8.7407 cm" 

Active cycle   96 / 120  Source neutrons :  4874

Running time :                  0:00:24
Estimated running time :        0:00:29
Estimated running time left :   0:00:04

Estimated relative CPU usage :   798.2%

k-eff (analog)    = 0.90555 +/- 0.00191  [0.90179  0.90930]
k-eff (implicit)  = 0.90460 +/- 0.00134  [0.90197  0.90724]

(O4) (MPI=1) (OMP=8) 
------------------------------------------------------------
------------------------------------------------------------

Serpent 2.1.31 -- Static criticality source simulation

Title: "godiva in a water tank: enrichment = 44.0%, radius = 8.7407 cm" 

Active cycle   97 / 120  Source neutrons :  5291

Running time :                  0:00:25
Estimated running time :        0:00:29
Estimated running time left :   0:00:04

Estimated relative CPU usage :   797.3%

k-eff (analog)    = 0.90560 +/- 0.00190  [0.90188  0.90931]
k-eff (implicit)  = 0.90443 +/- 0.00134  [0.90180  0.90706]

(O4) (MPI=1) (OMP=8) 
------------------------------------------------------------
------------------------------------------------------------

Serpent 2.1.31 -- Static criticality source simulation

Title: "godiva in a water tank: enrichment = 44.0%, radius = 8.7407 cm" 

Active cycle   98 / 120  Source neutrons :  4934

Running time :                  0:00:25
Estimated running time :        0:00:29
Estimated running time left :   0:00:04

Estimated relative CPU usage :   794.1%

k-eff (analog)    = 0.90552 +/- 0.00188  [0.90184  0.90920]
k-eff (implicit)  = 0.90459 +/- 0.00134  [0.90197  0.90721]

(O4) (MPI=1) (OMP=8) 
------------------------------------------------------------
------------------------------------------------------------

Serpent 2.1.31 -- Static criticality source simulation

Title: "godiva in a water tank: enrichment = 44.0%, radius = 8.7407 cm" 

Active cycle   99 / 120  Source neutrons :  5006

Running time :                  0:00:25
Estimated running time :        0:00:29
Estimated running time left :   0:00:04

Estimated relative CPU usage :   801.7%

k-eff (analog)    = 0.90546 +/- 0.00186  [0.90182  0.90910]
k-eff (implicit)  = 0.90456 +/- 0.00133  [0.90196  0.90716]

(O4) (MPI=1) (OMP=8) 
------------------------------------------------------------
------------------------------------------------------------

Serpent 2.1.31 -- Static criticality source simulation

Title: "godiva in a water tank: enrichment = 44.0%, radius = 8.7407 cm" 

Active cycle  100 / 120  Source neutrons :  5003

Running time :                  0:00:25
Estimated running time :        0:00:29
Estimated running time left :   0:00:04

Estimated relative CPU usage :   795.9%

k-eff (analog)    = 0.90541 +/- 0.00184  [0.90180  0.90902]
k-eff (implicit)  = 0.90462 +/- 0.00131  [0.90204  0.90719]

(O4) (MPI=1) (OMP=8) 
------------------------------------------------------------
------------------------------------------------------------

Serpent 2.1.31 -- Static criticality source simulation

Title: "godiva in a water tank: enrichment = 44.0%, radius = 8.7407 cm" 

Active cycle  101 / 120  Source neutrons :  5178

Running time :                  0:00:25
Estimated running time :        0:00:29
Estimated running time left :   0:00:03

Estimated relative CPU usage :   790.8%

k-eff (analog)    = 0.90567 +/- 0.00184  [0.90206  0.90928]
k-eff (implicit)  = 0.90457 +/- 0.00130  [0.90202  0.90712]

(O4) (MPI=1) (OMP=8) 
------------------------------------------------------------
------------------------------------------------------------

Serpent 2.1.31 -- Static criticality source simulation

Title: "godiva in a water tank: enrichment = 44.0%, radius = 8.7407 cm" 

Active cycle  102 / 120  Source neutrons :  4878

Running time :                  0:00:26
Estimated running time :        0:00:29
Estimated running time left :   0:00:03

Estimated relative CPU usage :   797.8%

k-eff (analog)    = 0.90570 +/- 0.00182  [0.90213  0.90928]
k-eff (implicit)  = 0.90460 +/- 0.00129  [0.90208  0.90713]

(O4) (MPI=1) (OMP=8) 
------------------------------------------------------------
------------------------------------------------------------

Serpent 2.1.31 -- Static criticality source simulation

Title: "godiva in a water tank: enrichment = 44.0%, radius = 8.7407 cm" 

Active cycle  103 / 120  Source neutrons :  5065

Running time :                  0:00:26
Estimated running time :        0:00:29
Estimated running time left :   0:00:03

Estimated relative CPU usage :   795.0%

k-eff (analog)    = 0.90585 +/- 0.00181  [0.90230  0.90941]
k-eff (implicit)  = 0.90478 +/- 0.00129  [0.90225  0.90730]

(O4) (MPI=1) (OMP=8) 
------------------------------------------------------------
------------------------------------------------------------

Serpent 2.1.31 -- Static criticality source simulation

Title: "godiva in a water tank: enrichment = 44.0%, radius = 8.7407 cm" 

Active cycle  104 / 120  Source neutrons :  5063

Running time :                  0:00:26
Estimated running time :        0:00:29
Estimated running time left :   0:00:03

Estimated relative CPU usage :   797.9%

k-eff (analog)    = 0.90611 +/- 0.00181  [0.90256  0.90967]
k-eff (implicit)  = 0.90470 +/- 0.00128  [0.90220  0.90721]

(O4) (MPI=1) (OMP=8) 
------------------------------------------------------------
------------------------------------------------------------

Serpent 2.1.31 -- Static criticality source simulation

Title: "godiva in a water tank: enrichment = 44.0%, radius = 8.7407 cm" 

Active cycle  105 / 120  Source neutrons :  4799

Running time :                  0:00:26
Estimated running time :        0:00:29
Estimated running time left :   0:00:03

Estimated relative CPU usage :   797.9%

k-eff (analog)    = 0.90601 +/- 0.00180  [0.90248  0.90954]
k-eff (implicit)  = 0.90443 +/- 0.00129  [0.90189  0.90697]

(O4) (MPI=1) (OMP=8) 
------------------------------------------------------------
------------------------------------------------------------

Serpent 2.1.31 -- Static criticality source simulation

Title: "godiva in a water tank: enrichment = 44.0%, radius = 8.7407 cm" 

Active cycle  106 / 120  Source neutrons :  4834

Running time :                  0:00:26
Estimated running time :        0:00:29
Estimated running time left :   0:00:02

Estimated relative CPU usage :   797.9%

k-eff (analog)    = 0.90563 +/- 0.00182  [0.90205  0.90920]
k-eff (implicit)  = 0.90467 +/- 0.00130  [0.90212  0.90723]

(O4) (MPI=1) (OMP=8) 
------------------------------------------------------------
------------------------------------------------------------

Serpent 2.1.31 -- Static criticality source simulation

Title: "godiva in a water tank: enrichment = 44.0%, radius = 8.7407 cm" 

Active cycle  107 / 120  Source neutrons :  5247

Running time :                  0:00:27
Estimated running time :        0:00:29
Estimated running time left :   0:00:02

Estimated relative CPU usage :   797.7%

k-eff (analog)    = 0.90565 +/- 0.00181  [0.90211  0.90919]
k-eff (implicit)  = 0.90479 +/- 0.00130  [0.90225  0.90733]

(O4) (MPI=1) (OMP=8) 
------------------------------------------------------------
------------------------------------------------------------

Serpent 2.1.31 -- Static criticality source simulation

Title: "godiva in a water tank: enrichment = 44.0%, radius = 8.7407 cm" 

Active cycle  108 / 120  Source neutrons :  5017

Running time :                  0:00:27
Estimated running time :        0:00:29
Estimated running time left :   0:00:02

Estimated relative CPU usage :   797.6%

k-eff (analog)    = 0.90570 +/- 0.00179  [0.90220  0.90921]
k-eff (implicit)  = 0.90473 +/- 0.00129  [0.90221  0.90726]

(O4) (MPI=1) (OMP=8) 
------------------------------------------------------------
------------------------------------------------------------

Serpent 2.1.31 -- Static criticality source simulation

Title: "godiva in a water tank: enrichment = 44.0%, radius = 8.7407 cm" 

Active cycle  109 / 120  Source neutrons :  4849

Running time :                  0:00:27
Estimated running time :        0:00:29
Estimated running time left :   0:00:02

Estimated relative CPU usage :   798.2%

k-eff (analog)    = 0.90550 +/- 0.00178  [0.90200  0.90900]
k-eff (implicit)  = 0.90460 +/- 0.00128  [0.90208  0.90711]

(O4) (MPI=1) (OMP=8) 
------------------------------------------------------------
------------------------------------------------------------

Serpent 2.1.31 -- Static criticality source simulation

Title: "godiva in a water tank: enrichment = 44.0%, radius = 8.7407 cm" 

Active cycle  110 / 120  Source neutrons :  5000

Running time :                  0:00:27
Estimated running time :        0:00:29
Estimated running time left :   0:00:02

Estimated relative CPU usage :   797.8%

k-eff (analog)    = 0.90531 +/- 0.00178  [0.90182  0.90879]
k-eff (implicit)  = 0.90447 +/- 0.00128  [0.90197  0.90697]

(O4) (MPI=1) (OMP=8) 
------------------------------------------------------------
------------------------------------------------------------

Serpent 2.1.31 -- Static criticality source simulation

Title: "godiva in a water tank: enrichment = 44.0%, radius = 8.7407 cm" 

Active cycle  111 / 120  Source neutrons :  5028

Running time :                  0:00:28
Estimated running time :        0:00:29
Estimated running time left :   0:00:01

Estimated relative CPU usage :   798.0%

k-eff (analog)    = 0.90516 +/- 0.00177  [0.90169  0.90862]
k-eff (implicit)  = 0.90441 +/- 0.00127  [0.90193  0.90690]

(O4) (MPI=1) (OMP=8) 
------------------------------------------------------------
------------------------------------------------------------

Serpent 2.1.31 -- Static criticality source simulation

Title: "godiva in a water tank: enrichment = 44.0%, radius = 8.7407 cm" 

Active cycle  112 / 120  Source neutrons :  5080

Running time :                  0:00:28
Estimated running time :        0:00:29
Estimated running time left :   0:00:01

Estimated relative CPU usage :   797.6%

k-eff (analog)    = 0.90514 +/- 0.00175  [0.90170  0.90857]
k-eff (implicit)  = 0.90431 +/- 0.00126  [0.90184  0.90678]

(O4) (MPI=1) (OMP=8) 
------------------------------------------------------------
------------------------------------------------------------

Serpent 2.1.31 -- Static criticality source simulation

Title: "godiva in a water tank: enrichment = 44.0%, radius = 8.7407 cm" 

Active cycle  113 / 120  Source neutrons :  4802

Running time :                  0:00:28
Estimated running time :        0:00:29
Estimated running time left :   0:00:01

Estimated relative CPU usage :   797.6%

k-eff (analog)    = 0.90480 +/- 0.00177  [0.90133  0.90827]
k-eff (implicit)  = 0.90416 +/- 0.00126  [0.90170  0.90663]

(O4) (MPI=1) (OMP=8) 
------------------------------------------------------------
------------------------------------------------------------

Serpent 2.1.31 -- Static criticality source simulation

Title: "godiva in a water tank: enrichment = 44.0%, radius = 8.7407 cm" 

Active cycle  114 / 120  Source neutrons :  5172

Running time :                  0:00:28
Estimated running time :        0:00:29
Estimated running time left :   0:00:01

Estimated relative CPU usage :   794.1%

k-eff (analog)    = 0.90473 +/- 0.00176  [0.90129  0.90818]
k-eff (implicit)  = 0.90413 +/- 0.00125  [0.90169  0.90657]

(O4) (MPI=1) (OMP=8) 
------------------------------------------------------------
------------------------------------------------------------

Serpent 2.1.31 -- Static criticality source simulation

Title: "godiva in a water tank: enrichment = 44.0%, radius = 8.7407 cm" 

Active cycle  115 / 120  Source neutrons :  5185

Running time :                  0:00:28
Estimated running time :        0:00:29
Estimated running time left :   0:00:01

Estimated relative CPU usage :   802.0%

k-eff (analog)    = 0.90496 +/- 0.00175  [0.90152  0.90839]
k-eff (implicit)  = 0.90427 +/- 0.00124  [0.90184  0.90671]

(O4) (MPI=1) (OMP=8) 
------------------------------------------------------------
------------------------------------------------------------

Serpent 2.1.31 -- Static criticality source simulation

Title: "godiva in a water tank: enrichment = 44.0%, radius = 8.7407 cm" 

Active cycle  116 / 120  Source neutrons :  4773

Running time :                  0:00:29
Estimated running time :        0:00:29
Estimated running time left :   0:00:00

Estimated relative CPU usage :   793.4%

k-eff (analog)    = 0.90481 +/- 0.00175  [0.90139  0.90823]
k-eff (implicit)  = 0.90415 +/- 0.00124  [0.90172  0.90658]

(O4) (MPI=1) (OMP=8) 
------------------------------------------------------------
------------------------------------------------------------

Serpent 2.1.31 -- Static criticality source simulation

Title: "godiva in a water tank: enrichment = 44.0%, radius = 8.7407 cm" 

Active cycle  117 / 120  Source neutrons :  4990

Running time :                  0:00:29
Estimated running time :        0:00:29
Estimated running time left :   0:00:00

Estimated relative CPU usage :   792.3%

k-eff (analog)    = 0.90465 +/- 0.00174  [0.90124  0.90806]
k-eff (implicit)  = 0.90425 +/- 0.00123  [0.90183  0.90666]

(O4) (MPI=1) (OMP=8) 
------------------------------------------------------------
------------------------------------------------------------

Serpent 2.1.31 -- Static criticality source simulation

Title: "godiva in a water tank: enrichment = 44.0%, radius = 8.7407 cm" 

Active cycle  118 / 120  Source neutrons :  5069

Running time :                  0:00:29
Estimated running time :        0:00:29
Estimated running time left :   0:00:00

Estimated relative CPU usage :   801.6%

k-eff (analog)    = 0.90460 +/- 0.00172  [0.90122  0.90798]
k-eff (implicit)  = 0.90427 +/- 0.00122  [0.90188  0.90667]

(O4) (MPI=1) (OMP=8) 
------------------------------------------------------------
------------------------------------------------------------

Serpent 2.1.31 -- Static criticality source simulation

Title: "godiva in a water tank: enrichment = 44.0%, radius = 8.7407 cm" 

Active cycle  119 / 120  Source neutrons :  5105

Running time :                  0:00:29
Estimated running time :        0:00:29
Estimated running time left :   0:00:00

Estimated relative CPU usage :   797.5%

k-eff (analog)    = 0.90471 +/- 0.00171  [0.90135  0.90806]
k-eff (implicit)  = 0.90436 +/- 0.00121  [0.90198  0.90674]

(O4) (MPI=1) (OMP=8) 
------------------------------------------------------------
------------------------------------------------------------

Serpent 2.1.31 -- Static criticality source simulation

Title: "godiva in a water tank: enrichment = 44.0%, radius = 8.7407 cm" 

Active cycle  120 / 120  Source neutrons :  4962

Running time :                  0:00:29
Estimated running time :        0:00:29
Estimated running time left :   0:00:00

Estimated relative CPU usage :   794.2%

k-eff (analog)    = 0.90475 +/- 0.00170  [0.90142  0.90808]
k-eff (implicit)  = 0.90445 +/- 0.00121  [0.90208  0.90681]

(O4) (MPI=1) (OMP=8) 
------------------------------------------------------------

Transport cycle completed in 27.8 seconds.

Calculating activities...
OK.

