
  _                   .-=-.           .-=-.          .-==-.       
 { }      __        .' O o '.       .' O o '.       /  -<' )--<   
 { }    .' O'.     / o .-. O \     / o .-. O \     /  .---`       
 { }   / .-. o\   /O  /   \  o\   /O  /   \  o\   /O /            
  \ `-` /   \ O`-'o  /     \  O`-'o  /     \  O`-`o /             
   `-.-`     '.____.'       `._____.'       `.____.'              

Serpent 2 beta

A Continuous-energy Monte Carlo Reactor Physics Burnup Calculation Code

 - Version 2.1.31 (May 16, 2019) -- Contact: serpent@vtt.fi

 - Reference: J. Leppanen, et al. "The Serpent Monte Carlo code: Status,
              development and applications in 2013." Ann. Nucl. Energy,
              82 (2015) 142-150.

 - Compiled May 16 2019 10:33:27

 - MPI Parallel calculation mode available

 - OpenMP Parallel calculation mode available

 - Geometry and mesh plotting available

 - Default data path set to: "/opt/serpent/xsdata"

Begin calculation on Fri Aug 23 09:30:26 2019

Reading input file "godiva01.inp"...

Checking duplicate input definitions...
OK.

Creating geometry...
OK.

Counting geometry zones...

Processing cells...
OK.

Linking materials to geometry...
OK.

Counting cells...
OK.

Processing data for group constant generation:

 - 70 energy groups in micro-group structure
 - 2 energy groups in macro-group structure
 - B1 fundamental mode calculation is not run
 - Group constants generated in 1 universes
 - Discontinuity factors are not calculated
 - Pin-power distributions are not calculated
 - Albedos are not calculated
 - Poison cross sections are not calculated

Plotting geometry:

   0% complete
  50% complete
 100% complete

Reading ACE directory files...
OK.

Reading neutron-induced fission yields...
OK.

Adding nuclides in material uranium...

Nuclide  92235.03c -- uranium 235 at 300K (U-235)
Nuclide  92238.03c -- uranium 238 at 300K (U-238)

Adding nuclides in material water...

Nuclide   1001.03c -- hydrogen at 300K (H-1)
Nuclide   8016.03c -- oxygen 16 at 300K (O-16)

Adding thermal scattering data...

Nuclide   lwj3.00t -- hydrogen at 294K (H-1)

Checking data and printing output...
OK.

Generating unionize energy grids...

Adding points:

  1001.03c -- Points added in neutron grid: 252
  1001.03s -- Points added in neutron grid: 91
  8016.03c -- Points added in neutron grid: 2353
 92235.03c -- Points added in neutron grid: 30672
 92238.03c -- Points added in neutron grid: 64861

Generating unionized energy grid:

 - Unionization performed without grid thinning
   between 1.00E-11 and 20.0 MeV.

 - Final neutron grid size: 98053 points.

 - 3.29 Mb of memory allocated for grid data

OK.

Processing cross sections and ENDF reaction laws...

Nuclide   1001.03c -- hydrogen at 300K (H-1)
Nuclide   1001.03s -- hydrogen at 300K (H-1)
Nuclide   8016.03c -- oxygen 16 at 300K (O-16)
Nuclide  92235.03c -- uranium 235 at 300K (U-235)
Nuclide  92238.03c -- uranium 238 at 300K (U-238)

SUMMARY -- 5 nuclides included in calculation:

 - 5 transport nuclides
 - Neutron energy cut-offs at 1.00E-11 and 20.0 MeV
 - 118 transport reactions
 - 29 special reactions
 - 4 decay reactions
 - 25.46 Mb of memory allocated for data

Normalizing compositions and processing mixtures...
OK.

Allocating memory for macroscopic cross section data...
OK.

Allocating memory for particle structures...
OK.

Calculating maximum densities...
OK.

Performing density cut-off...
OK.

Sorting material-wise reaction lists:

   0% complete
 100% complete

Calculating macroscopic cross sections:

   0% complete
 100% complete

Calculating DT neutron majorant cross section:

   0% complete
 100% complete

Clearing results and statistics...
OK.

Sampling initial source...
OK.

Inactive cycle   1 /  20: k-eff = 1.00000
Inactive cycle   2 /  20: k-eff = 0.75920
Inactive cycle   3 /  20: k-eff = 0.71820
Inactive cycle   4 /  20: k-eff = 0.74837
Inactive cycle   5 /  20: k-eff = 0.73295
Inactive cycle   6 /  20: k-eff = 0.73354
Inactive cycle   7 /  20: k-eff = 0.72195
Inactive cycle   8 /  20: k-eff = 0.71227
Inactive cycle   9 /  20: k-eff = 0.71683
Inactive cycle  10 /  20: k-eff = 0.75138
Inactive cycle  11 /  20: k-eff = 0.74417
Inactive cycle  12 /  20: k-eff = 0.73554
Inactive cycle  13 /  20: k-eff = 0.76481
Inactive cycle  14 /  20: k-eff = 0.75518
Inactive cycle  15 /  20: k-eff = 0.72512
Inactive cycle  16 /  20: k-eff = 0.70685
Inactive cycle  17 /  20: k-eff = 0.72508
Inactive cycle  18 /  20: k-eff = 0.71290
Inactive cycle  19 /  20: k-eff = 0.71005
Inactive cycle  20 /  20: k-eff = 0.70181

----- Begin active cycles -----

------------------------------------------------------------

Serpent 2.1.31 -- Static criticality source simulation

Title: "godiva in a water tank: enrichment = 22.0%, radius = 8.7407 cm" 

Active cycle    1 / 120  Source neutrons :  4945

Running time :                  0:00:04
Estimated running time :        -:--:--
Estimated running time left :   -:--:--

Estimated relative CPU usage :   797.5%

k-eff (analog)    = 0.69409 +/- 0.00000  [0.69409  0.69409]
k-eff (implicit)  = 0.71259 +/- 0.00000  [0.71259  0.71259]

(O4) (MPI=1) (OMP=8) 
------------------------------------------------------------
------------------------------------------------------------

Serpent 2.1.31 -- Static criticality source simulation

Title: "godiva in a water tank: enrichment = 22.0%, radius = 8.7407 cm" 

Active cycle    2 / 120  Source neutrons :  5139

Running time :                  0:00:04
Estimated running time :        -:--:--
Estimated running time left :   -:--:--

Estimated relative CPU usage :   797.4%

k-eff (analog)    = 0.70374 +/- 0.00965  [0.68483  0.72265]
k-eff (implicit)  = 0.70438 +/- 0.00820  [0.68830  0.72046]

(O4) (MPI=1) (OMP=8) 
------------------------------------------------------------
------------------------------------------------------------

Serpent 2.1.31 -- Static criticality source simulation

Title: "godiva in a water tank: enrichment = 22.0%, radius = 8.7407 cm" 

Active cycle    3 / 120  Source neutrons :  4935

Running time :                  0:00:04
Estimated running time :        -:--:--
Estimated running time left :   -:--:--

Estimated relative CPU usage :   798.1%

k-eff (analog)    = 0.70387 +/- 0.00557  [0.69295  0.71479]
k-eff (implicit)  = 0.71242 +/- 0.00933  [0.69413  0.73072]

(O4) (MPI=1) (OMP=8) 
------------------------------------------------------------
------------------------------------------------------------

Serpent 2.1.31 -- Static criticality source simulation

Title: "godiva in a water tank: enrichment = 22.0%, radius = 8.7407 cm" 

Active cycle    4 / 120  Source neutrons :  5100

Running time :                  0:00:05
Estimated running time :        -:--:--
Estimated running time left :   -:--:--

Estimated relative CPU usage :   801.3%

k-eff (analog)    = 0.70745 +/- 0.00533  [0.69701  0.71789]
k-eff (implicit)  = 0.71065 +/- 0.00683  [0.69726  0.72405]

(O4) (MPI=1) (OMP=8) 
------------------------------------------------------------
------------------------------------------------------------

Serpent 2.1.31 -- Static criticality source simulation

Title: "godiva in a water tank: enrichment = 22.0%, radius = 8.7407 cm" 

Active cycle    5 / 120  Source neutrons :  5061

Running time :                  0:00:05
Estimated running time :        -:--:--
Estimated running time left :   -:--:--

Estimated relative CPU usage :   797.4%

k-eff (analog)    = 0.71135 +/- 0.00568  [0.70022  0.72248]
k-eff (implicit)  = 0.71022 +/- 0.00531  [0.69982  0.72063]

(O4) (MPI=1) (OMP=8) 
------------------------------------------------------------
------------------------------------------------------------

Serpent 2.1.31 -- Static criticality source simulation

Title: "godiva in a water tank: enrichment = 22.0%, radius = 8.7407 cm" 

Active cycle    6 / 120  Source neutrons :  4532

Running time :                  0:00:05
Estimated running time :        -:--:--
Estimated running time left :   -:--:--

Estimated relative CPU usage :   798.1%

k-eff (analog)    = 0.70261 +/- 0.00989  [0.68322  0.72200]
k-eff (implicit)  = 0.71120 +/- 0.00444  [0.70249  0.71991]

(O4) (MPI=1) (OMP=8) 
------------------------------------------------------------
------------------------------------------------------------

Serpent 2.1.31 -- Static criticality source simulation

Title: "godiva in a water tank: enrichment = 22.0%, radius = 8.7407 cm" 

Active cycle    7 / 120  Source neutrons :  5400

Running time :                  0:00:05
Estimated running time :        -:--:--
Estimated running time left :   -:--:--

Estimated relative CPU usage :   793.7%

k-eff (analog)    = 0.70390 +/- 0.00846  [0.68732  0.72048]
k-eff (implicit)  = 0.71470 +/- 0.00513  [0.70464  0.72476]

(O4) (MPI=1) (OMP=8) 
------------------------------------------------------------
------------------------------------------------------------

Serpent 2.1.31 -- Static criticality source simulation

Title: "godiva in a water tank: enrichment = 22.0%, radius = 8.7407 cm" 

Active cycle    8 / 120  Source neutrons :  4981

Running time :                  0:00:05
Estimated running time :        -:--:--
Estimated running time left :   -:--:--

Estimated relative CPU usage :   798.0%

k-eff (analog)    = 0.70453 +/- 0.00735  [0.69012  0.71894]
k-eff (implicit)  = 0.71569 +/- 0.00455  [0.70676  0.72461]

(O4) (MPI=1) (OMP=8) 
------------------------------------------------------------
------------------------------------------------------------

Serpent 2.1.31 -- Static criticality source simulation

Title: "godiva in a water tank: enrichment = 22.0%, radius = 8.7407 cm" 

Active cycle    9 / 120  Source neutrons :  5140

Running time :                  0:00:05
Estimated running time :        -:--:--
Estimated running time left :   -:--:--

Estimated relative CPU usage :   797.5%

k-eff (analog)    = 0.70722 +/- 0.00702  [0.69346  0.72099]
k-eff (implicit)  = 0.71374 +/- 0.00446  [0.70500  0.72249]

(O4) (MPI=1) (OMP=8) 
------------------------------------------------------------
------------------------------------------------------------

Serpent 2.1.31 -- Static criticality source simulation

Title: "godiva in a water tank: enrichment = 22.0%, radius = 8.7407 cm" 

Active cycle   10 / 120  Source neutrons :  4645

Running time :                  0:00:06
Estimated running time :        -:--:--
Estimated running time left :   -:--:--

Estimated relative CPU usage :   797.9%

k-eff (analog)    = 0.70420 +/- 0.00697  [0.69054  0.71786]
k-eff (implicit)  = 0.71595 +/- 0.00456  [0.70701  0.72488]

(O4) (MPI=1) (OMP=8) 
------------------------------------------------------------
------------------------------------------------------------

Serpent 2.1.31 -- Static criticality source simulation

Title: "godiva in a water tank: enrichment = 22.0%, radius = 8.7407 cm" 

Active cycle   11 / 120  Source neutrons :  5250

Running time :                  0:00:06
Estimated running time :        0:00:26
Estimated running time left :   0:00:19

Estimated relative CPU usage :   801.2%

k-eff (analog)    = 0.70481 +/- 0.00633  [0.69240  0.71722]
k-eff (implicit)  = 0.71541 +/- 0.00416  [0.70725  0.72356]

(O4) (MPI=1) (OMP=8) 
------------------------------------------------------------
------------------------------------------------------------

Serpent 2.1.31 -- Static criticality source simulation

Title: "godiva in a water tank: enrichment = 22.0%, radius = 8.7407 cm" 

Active cycle   12 / 120  Source neutrons :  4940

Running time :                  0:00:06
Estimated running time :        0:00:26
Estimated running time left :   0:00:19

Estimated relative CPU usage :   798.0%

k-eff (analog)    = 0.70461 +/- 0.00578  [0.69327  0.71594]
k-eff (implicit)  = 0.71660 +/- 0.00398  [0.70880  0.72441]

(O4) (MPI=1) (OMP=8) 
------------------------------------------------------------
------------------------------------------------------------

Serpent 2.1.31 -- Static criticality source simulation

Title: "godiva in a water tank: enrichment = 22.0%, radius = 8.7407 cm" 

Active cycle   13 / 120  Source neutrons :  5261

Running time :                  0:00:06
Estimated running time :        0:00:26
Estimated running time left :   0:00:19

Estimated relative CPU usage :   799.1%

k-eff (analog)    = 0.70725 +/- 0.00594  [0.69560  0.71890]
k-eff (implicit)  = 0.71974 +/- 0.00482  [0.71029  0.72920]

(O4) (MPI=1) (OMP=8) 
------------------------------------------------------------
------------------------------------------------------------

Serpent 2.1.31 -- Static criticality source simulation

Title: "godiva in a water tank: enrichment = 22.0%, radius = 8.7407 cm" 

Active cycle   14 / 120  Source neutrons :  4999

Running time :                  0:00:06
Estimated running time :        0:00:26
Estimated running time left :   0:00:19

Estimated relative CPU usage :   799.0%

k-eff (analog)    = 0.70951 +/- 0.00595  [0.69785  0.72117]
k-eff (implicit)  = 0.71924 +/- 0.00450  [0.71043  0.72805]

(O4) (MPI=1) (OMP=8) 
------------------------------------------------------------
------------------------------------------------------------

Serpent 2.1.31 -- Static criticality source simulation

Title: "godiva in a water tank: enrichment = 22.0%, radius = 8.7407 cm" 

Active cycle   15 / 120  Source neutrons :  4755

Running time :                  0:00:07
Estimated running time :        0:00:26
Estimated running time left :   0:00:19

Estimated relative CPU usage :   797.5%

k-eff (analog)    = 0.70905 +/- 0.00556  [0.69817  0.71994]
k-eff (implicit)  = 0.71984 +/- 0.00423  [0.71155  0.72813]

(O4) (MPI=1) (OMP=8) 
------------------------------------------------------------
------------------------------------------------------------

Serpent 2.1.31 -- Static criticality source simulation

Title: "godiva in a water tank: enrichment = 22.0%, radius = 8.7407 cm" 

Active cycle   16 / 120  Source neutrons :  5002

Running time :                  0:00:07
Estimated running time :        0:00:26
Estimated running time left :   0:00:18

Estimated relative CPU usage :   797.7%

k-eff (analog)    = 0.70867 +/- 0.00521  [0.69846  0.71889]
k-eff (implicit)  = 0.71999 +/- 0.00396  [0.71223  0.72775]

(O4) (MPI=1) (OMP=8) 
------------------------------------------------------------
------------------------------------------------------------

Serpent 2.1.31 -- Static criticality source simulation

Title: "godiva in a water tank: enrichment = 22.0%, radius = 8.7407 cm" 

Active cycle   17 / 120  Source neutrons :  5153

Running time :                  0:00:07
Estimated running time :        0:00:26
Estimated running time left :   0:00:18

Estimated relative CPU usage :   797.6%

k-eff (analog)    = 0.70960 +/- 0.00498  [0.69984  0.71937]
k-eff (implicit)  = 0.71912 +/- 0.00382  [0.71163  0.72661]

(O4) (MPI=1) (OMP=8) 
------------------------------------------------------------
------------------------------------------------------------

Serpent 2.1.31 -- Static criticality source simulation

Title: "godiva in a water tank: enrichment = 22.0%, radius = 8.7407 cm" 

Active cycle   18 / 120  Source neutrons :  4720

Running time :                  0:00:07
Estimated running time :        0:00:26
Estimated running time left :   0:00:18

Estimated relative CPU usage :   793.2%

k-eff (analog)    = 0.70817 +/- 0.00491  [0.69855  0.71780]
k-eff (implicit)  = 0.72024 +/- 0.00377  [0.71285  0.72764]

(O4) (MPI=1) (OMP=8) 
------------------------------------------------------------
------------------------------------------------------------

Serpent 2.1.31 -- Static criticality source simulation

Title: "godiva in a water tank: enrichment = 22.0%, radius = 8.7407 cm" 

Active cycle   19 / 120  Source neutrons :  5345

Running time :                  0:00:07
Estimated running time :        0:00:26
Estimated running time left :   0:00:18

Estimated relative CPU usage :   797.1%

k-eff (analog)    = 0.70938 +/- 0.00480  [0.69997  0.71878]
k-eff (implicit)  = 0.71899 +/- 0.00378  [0.71158  0.72641]

(O4) (MPI=1) (OMP=8) 
------------------------------------------------------------
------------------------------------------------------------

Serpent 2.1.31 -- Static criticality source simulation

Title: "godiva in a water tank: enrichment = 22.0%, radius = 8.7407 cm" 

Active cycle   20 / 120  Source neutrons :  4781

Running time :                  0:00:07
Estimated running time :        0:00:26
Estimated running time left :   0:00:18

Estimated relative CPU usage :   795.4%

k-eff (analog)    = 0.70886 +/- 0.00458  [0.69988  0.71784]
k-eff (implicit)  = 0.71829 +/- 0.00366  [0.71113  0.72546]

(O4) (MPI=1) (OMP=8) 
------------------------------------------------------------
------------------------------------------------------------

Serpent 2.1.31 -- Static criticality source simulation

Title: "godiva in a water tank: enrichment = 22.0%, radius = 8.7407 cm" 

Active cycle   21 / 120  Source neutrons :  5047

Running time :                  0:00:08
Estimated running time :        0:00:26
Estimated running time left :   0:00:18

Estimated relative CPU usage :   797.9%

k-eff (analog)    = 0.70871 +/- 0.00436  [0.70016  0.71725]
k-eff (implicit)  = 0.71881 +/- 0.00352  [0.71192  0.72570]

(O4) (MPI=1) (OMP=8) 
------------------------------------------------------------
------------------------------------------------------------

Serpent 2.1.31 -- Static criticality source simulation

Title: "godiva in a water tank: enrichment = 22.0%, radius = 8.7407 cm" 

Active cycle   22 / 120  Source neutrons :  5226

Running time :                  0:00:08
Estimated running time :        0:00:26
Estimated running time left :   0:00:17

Estimated relative CPU usage :   801.5%

k-eff (analog)    = 0.71002 +/- 0.00436  [0.70147  0.71856]
k-eff (implicit)  = 0.71861 +/- 0.00336  [0.71203  0.72519]

(O4) (MPI=1) (OMP=8) 
------------------------------------------------------------
------------------------------------------------------------

Serpent 2.1.31 -- Static criticality source simulation

Title: "godiva in a water tank: enrichment = 22.0%, radius = 8.7407 cm" 

Active cycle   23 / 120  Source neutrons :  4717

Running time :                  0:00:08
Estimated running time :        0:00:26
Estimated running time left :   0:00:17

Estimated relative CPU usage :   797.5%

k-eff (analog)    = 0.70940 +/- 0.00421  [0.70115  0.71765]
k-eff (implicit)  = 0.71848 +/- 0.00321  [0.71218  0.72477]

(O4) (MPI=1) (OMP=8) 
------------------------------------------------------------
------------------------------------------------------------

Serpent 2.1.31 -- Static criticality source simulation

Title: "godiva in a water tank: enrichment = 22.0%, radius = 8.7407 cm" 

Active cycle   24 / 120  Source neutrons :  5371

Running time :                  0:00:08
Estimated running time :        0:00:26
Estimated running time left :   0:00:17

Estimated relative CPU usage :   797.4%

k-eff (analog)    = 0.71098 +/- 0.00433  [0.70249  0.71947]
k-eff (implicit)  = 0.71969 +/- 0.00331  [0.71321  0.72617]

(O4) (MPI=1) (OMP=8) 
------------------------------------------------------------
------------------------------------------------------------

Serpent 2.1.31 -- Static criticality source simulation

Title: "godiva in a water tank: enrichment = 22.0%, radius = 8.7407 cm" 

Active cycle   25 / 120  Source neutrons :  4878

Running time :                  0:00:08
Estimated running time :        0:00:26
Estimated running time left :   0:00:17

Estimated relative CPU usage :   797.4%

k-eff (analog)    = 0.71171 +/- 0.00422  [0.70344  0.71997]
k-eff (implicit)  = 0.71996 +/- 0.00318  [0.71372  0.72620]

(O4) (MPI=1) (OMP=8) 
------------------------------------------------------------
------------------------------------------------------------

Serpent 2.1.31 -- Static criticality source simulation

Title: "godiva in a water tank: enrichment = 22.0%, radius = 8.7407 cm" 

Active cycle   26 / 120  Source neutrons :  4898

Running time :                  0:00:09
Estimated running time :        0:00:26
Estimated running time left :   0:00:17

Estimated relative CPU usage :   797.9%

k-eff (analog)    = 0.71181 +/- 0.00405  [0.70386  0.71975]
k-eff (implicit)  = 0.72030 +/- 0.00308  [0.71427  0.72633]

(O4) (MPI=1) (OMP=8) 
------------------------------------------------------------
------------------------------------------------------------

Serpent 2.1.31 -- Static criticality source simulation

Title: "godiva in a water tank: enrichment = 22.0%, radius = 8.7407 cm" 

Active cycle   27 / 120  Source neutrons :  4908

Running time :                  0:00:09
Estimated running time :        0:00:26
Estimated running time left :   0:00:16

Estimated relative CPU usage :   797.7%

k-eff (analog)    = 0.71141 +/- 0.00392  [0.70373  0.71910]
k-eff (implicit)  = 0.72068 +/- 0.00298  [0.71483  0.72652]

(O4) (MPI=1) (OMP=8) 
------------------------------------------------------------
------------------------------------------------------------

Serpent 2.1.31 -- Static criticality source simulation

Title: "godiva in a water tank: enrichment = 22.0%, radius = 8.7407 cm" 

Active cycle   28 / 120  Source neutrons :  5273

Running time :                  0:00:09
Estimated running time :        0:00:26
Estimated running time left :   0:00:16

Estimated relative CPU usage :   794.4%

k-eff (analog)    = 0.71241 +/- 0.00391  [0.70475  0.72007]
k-eff (implicit)  = 0.72033 +/- 0.00290  [0.71466  0.72601]

(O4) (MPI=1) (OMP=8) 
------------------------------------------------------------
------------------------------------------------------------

Serpent 2.1.31 -- Static criticality source simulation

Title: "godiva in a water tank: enrichment = 22.0%, radius = 8.7407 cm" 

Active cycle   29 / 120  Source neutrons :  4622

Running time :                  0:00:09
Estimated running time :        0:00:26
Estimated running time left :   0:00:16

Estimated relative CPU usage :   798.3%

k-eff (analog)    = 0.71142 +/- 0.00390  [0.70377  0.71906]
k-eff (implicit)  = 0.72028 +/- 0.00279  [0.71480  0.72576]

(O4) (MPI=1) (OMP=8) 
------------------------------------------------------------
------------------------------------------------------------

Serpent 2.1.31 -- Static criticality source simulation

Title: "godiva in a water tank: enrichment = 22.0%, radius = 8.7407 cm" 

Active cycle   30 / 120  Source neutrons :  5270

Running time :                  0:00:09
Estimated running time :        0:00:26
Estimated running time left :   0:00:16

Estimated relative CPU usage :   793.4%

k-eff (analog)    = 0.71172 +/- 0.00378  [0.70431  0.71913]
k-eff (implicit)  = 0.72055 +/- 0.00271  [0.71523  0.72586]

(O4) (MPI=1) (OMP=8) 
------------------------------------------------------------
------------------------------------------------------------

Serpent 2.1.31 -- Static criticality source simulation

Title: "godiva in a water tank: enrichment = 22.0%, radius = 8.7407 cm" 

Active cycle   31 / 120  Source neutrons :  4992

Running time :                  0:00:09
Estimated running time :        0:00:26
Estimated running time left :   0:00:16

Estimated relative CPU usage :   797.8%

k-eff (analog)    = 0.71196 +/- 0.00366  [0.70478  0.71914]
k-eff (implicit)  = 0.72137 +/- 0.00275  [0.71598  0.72676]

(O4) (MPI=1) (OMP=8) 
------------------------------------------------------------
------------------------------------------------------------

Serpent 2.1.31 -- Static criticality source simulation

Title: "godiva in a water tank: enrichment = 22.0%, radius = 8.7407 cm" 

Active cycle   32 / 120  Source neutrons :  5094

Running time :                  0:00:10
Estimated running time :        0:00:26
Estimated running time left :   0:00:16

Estimated relative CPU usage :   797.9%

k-eff (analog)    = 0.71261 +/- 0.00361  [0.70554  0.71968]
k-eff (implicit)  = 0.72087 +/- 0.00271  [0.71556  0.72618]

(O4) (MPI=1) (OMP=8) 
------------------------------------------------------------
------------------------------------------------------------

Serpent 2.1.31 -- Static criticality source simulation

Title: "godiva in a water tank: enrichment = 22.0%, radius = 8.7407 cm" 

Active cycle   33 / 120  Source neutrons :  4773

Running time :                  0:00:10
Estimated running time :        0:00:26
Estimated running time left :   0:00:15

Estimated relative CPU usage :   793.0%

k-eff (analog)    = 0.71222 +/- 0.00352  [0.70532  0.71911]
k-eff (implicit)  = 0.72045 +/- 0.00266  [0.71524  0.72566]

(O4) (MPI=1) (OMP=8) 
------------------------------------------------------------
------------------------------------------------------------

Serpent 2.1.31 -- Static criticality source simulation

Title: "godiva in a water tank: enrichment = 22.0%, radius = 8.7407 cm" 

Active cycle   34 / 120  Source neutrons :  5007

Running time :                  0:00:10
Estimated running time :        0:00:26
Estimated running time left :   0:00:15

Estimated relative CPU usage :   797.7%

k-eff (analog)    = 0.71187 +/- 0.00343  [0.70515  0.71860]
k-eff (implicit)  = 0.72078 +/- 0.00260  [0.71569  0.72588]

(O4) (MPI=1) (OMP=8) 
------------------------------------------------------------
------------------------------------------------------------

Serpent 2.1.31 -- Static criticality source simulation

Title: "godiva in a water tank: enrichment = 22.0%, radius = 8.7407 cm" 

Active cycle   35 / 120  Source neutrons :  5067

Running time :                  0:00:10
Estimated running time :        0:00:26
Estimated running time left :   0:00:15

Estimated relative CPU usage :   797.8%

k-eff (analog)    = 0.71182 +/- 0.00333  [0.70529  0.71835]
k-eff (implicit)  = 0.72044 +/- 0.00255  [0.71544  0.72544]

(O4) (MPI=1) (OMP=8) 
------------------------------------------------------------
------------------------------------------------------------

Serpent 2.1.31 -- Static criticality source simulation

Title: "godiva in a water tank: enrichment = 22.0%, radius = 8.7407 cm" 

Active cycle   36 / 120  Source neutrons :  5146

Running time :                  0:00:10
Estimated running time :        0:00:26
Estimated running time left :   0:00:15

Estimated relative CPU usage :   797.6%

k-eff (analog)    = 0.71234 +/- 0.00328  [0.70591  0.71877]
k-eff (implicit)  = 0.71989 +/- 0.00254  [0.71492  0.72487]

(O4) (MPI=1) (OMP=8) 
------------------------------------------------------------
------------------------------------------------------------

Serpent 2.1.31 -- Static criticality source simulation

Title: "godiva in a water tank: enrichment = 22.0%, radius = 8.7407 cm" 

Active cycle   37 / 120  Source neutrons :  4790

Running time :                  0:00:11
Estimated running time :        0:00:26
Estimated running time left :   0:00:15

Estimated relative CPU usage :   802.3%

k-eff (analog)    = 0.71201 +/- 0.00321  [0.70572  0.71829]
k-eff (implicit)  = 0.72013 +/- 0.00248  [0.71527  0.72499]

(O4) (MPI=1) (OMP=8) 
------------------------------------------------------------
------------------------------------------------------------

Serpent 2.1.31 -- Static criticality source simulation

Title: "godiva in a water tank: enrichment = 22.0%, radius = 8.7407 cm" 

Active cycle   38 / 120  Source neutrons :  5114

Running time :                  0:00:11
Estimated running time :        0:00:26
Estimated running time left :   0:00:14

Estimated relative CPU usage :   797.6%

k-eff (analog)    = 0.71211 +/- 0.00312  [0.70599  0.71823]
k-eff (implicit)  = 0.72011 +/- 0.00241  [0.71538  0.72485]

(O4) (MPI=1) (OMP=8) 
------------------------------------------------------------
------------------------------------------------------------

Serpent 2.1.31 -- Static criticality source simulation

Title: "godiva in a water tank: enrichment = 22.0%, radius = 8.7407 cm" 

Active cycle   39 / 120  Source neutrons :  4952

Running time :                  0:00:11
Estimated running time :        0:00:26
Estimated running time left :   0:00:14

Estimated relative CPU usage :   797.3%

k-eff (analog)    = 0.71203 +/- 0.00304  [0.70606  0.71799]
k-eff (implicit)  = 0.71971 +/- 0.00239  [0.71504  0.72439]

(O4) (MPI=1) (OMP=8) 
------------------------------------------------------------
------------------------------------------------------------

Serpent 2.1.31 -- Static criticality source simulation

Title: "godiva in a water tank: enrichment = 22.0%, radius = 8.7407 cm" 

Active cycle   40 / 120  Source neutrons :  5120

Running time :                  0:00:11
Estimated running time :        0:00:26
Estimated running time left :   0:00:14

Estimated relative CPU usage :   797.4%

k-eff (analog)    = 0.71238 +/- 0.00299  [0.70653  0.71823]
k-eff (implicit)  = 0.72003 +/- 0.00235  [0.71543  0.72462]

(O4) (MPI=1) (OMP=8) 
------------------------------------------------------------
------------------------------------------------------------

Serpent 2.1.31 -- Static criticality source simulation

Title: "godiva in a water tank: enrichment = 22.0%, radius = 8.7407 cm" 

Active cycle   41 / 120  Source neutrons :  5065

Running time :                  0:00:11
Estimated running time :        0:00:26
Estimated running time left :   0:00:14

Estimated relative CPU usage :   795.2%

k-eff (analog)    = 0.71294 +/- 0.00297  [0.70713  0.71876]
k-eff (implicit)  = 0.72002 +/- 0.00229  [0.71554  0.72451]

(O4) (MPI=1) (OMP=8) 
------------------------------------------------------------
------------------------------------------------------------

Serpent 2.1.31 -- Static criticality source simulation

Title: "godiva in a water tank: enrichment = 22.0%, radius = 8.7407 cm" 

Active cycle   42 / 120  Source neutrons :  4920

Running time :                  0:00:11
Estimated running time :        0:00:26
Estimated running time left :   0:00:14

Estimated relative CPU usage :   798.0%

k-eff (analog)    = 0.71320 +/- 0.00291  [0.70750  0.71890]
k-eff (implicit)  = 0.72020 +/- 0.00224  [0.71581  0.72459]

(O4) (MPI=1) (OMP=8) 
------------------------------------------------------------
------------------------------------------------------------

Serpent 2.1.31 -- Static criticality source simulation

Title: "godiva in a water tank: enrichment = 22.0%, radius = 8.7407 cm" 

Active cycle   43 / 120  Source neutrons :  4986

Running time :                  0:00:12
Estimated running time :        0:00:26
Estimated running time left :   0:00:14

Estimated relative CPU usage :   797.4%

k-eff (analog)    = 0.71340 +/- 0.00285  [0.70782  0.71897]
k-eff (implicit)  = 0.71982 +/- 0.00222  [0.71547  0.72417]

(O4) (MPI=1) (OMP=8) 
------------------------------------------------------------
------------------------------------------------------------

Serpent 2.1.31 -- Static criticality source simulation

Title: "godiva in a water tank: enrichment = 22.0%, radius = 8.7407 cm" 

Active cycle   44 / 120  Source neutrons :  4922

Running time :                  0:00:12
Estimated running time :        0:00:26
Estimated running time left :   0:00:13

Estimated relative CPU usage :   797.4%

k-eff (analog)    = 0.71333 +/- 0.00278  [0.70788  0.71878]
k-eff (implicit)  = 0.71997 +/- 0.00217  [0.71571  0.72423]

(O4) (MPI=1) (OMP=8) 
------------------------------------------------------------
------------------------------------------------------------

Serpent 2.1.31 -- Static criticality source simulation

Title: "godiva in a water tank: enrichment = 22.0%, radius = 8.7407 cm" 

Active cycle   45 / 120  Source neutrons :  5088

Running time :                  0:00:12
Estimated running time :        0:00:26
Estimated running time left :   0:00:13

Estimated relative CPU usage :   797.4%

k-eff (analog)    = 0.71354 +/- 0.00273  [0.70820  0.71889]
k-eff (implicit)  = 0.71962 +/- 0.00216  [0.71539  0.72384]

(O4) (MPI=1) (OMP=8) 
------------------------------------------------------------
------------------------------------------------------------

Serpent 2.1.31 -- Static criticality source simulation

Title: "godiva in a water tank: enrichment = 22.0%, radius = 8.7407 cm" 

Active cycle   46 / 120  Source neutrons :  4958

Running time :                  0:00:12
Estimated running time :        0:00:26
Estimated running time left :   0:00:13

Estimated relative CPU usage :   797.7%

k-eff (analog)    = 0.71362 +/- 0.00267  [0.70839  0.71884]
k-eff (implicit)  = 0.71950 +/- 0.00211  [0.71536  0.72363]

(O4) (MPI=1) (OMP=8) 
------------------------------------------------------------
------------------------------------------------------------

Serpent 2.1.31 -- Static criticality source simulation

Title: "godiva in a water tank: enrichment = 22.0%, radius = 8.7407 cm" 

Active cycle   47 / 120  Source neutrons :  5061

Running time :                  0:00:12
Estimated running time :        0:00:26
Estimated running time left :   0:00:13

Estimated relative CPU usage :   797.6%

k-eff (analog)    = 0.71387 +/- 0.00262  [0.70873  0.71901]
k-eff (implicit)  = 0.71947 +/- 0.00207  [0.71542  0.72352]

(O4) (MPI=1) (OMP=8) 
------------------------------------------------------------
------------------------------------------------------------

Serpent 2.1.31 -- Static criticality source simulation

Title: "godiva in a water tank: enrichment = 22.0%, radius = 8.7407 cm" 

Active cycle   48 / 120  Source neutrons :  4918

Running time :                  0:00:13
Estimated running time :        0:00:26
Estimated running time left :   0:00:13

Estimated relative CPU usage :   797.2%

k-eff (analog)    = 0.71387 +/- 0.00257  [0.70884  0.71890]
k-eff (implicit)  = 0.71966 +/- 0.00203  [0.71568  0.72364]

(O4) (MPI=1) (OMP=8) 
------------------------------------------------------------
------------------------------------------------------------

Serpent 2.1.31 -- Static criticality source simulation

Title: "godiva in a water tank: enrichment = 22.0%, radius = 8.7407 cm" 

Active cycle   49 / 120  Source neutrons :  5108

Running time :                  0:00:13
Estimated running time :        0:00:26
Estimated running time left :   0:00:12

Estimated relative CPU usage :   798.1%

k-eff (analog)    = 0.71418 +/- 0.00253  [0.70921  0.71915]
k-eff (implicit)  = 0.71972 +/- 0.00199  [0.71581  0.72362]

(O4) (MPI=1) (OMP=8) 
------------------------------------------------------------
------------------------------------------------------------

Serpent 2.1.31 -- Static criticality source simulation

Title: "godiva in a water tank: enrichment = 22.0%, radius = 8.7407 cm" 

Active cycle   50 / 120  Source neutrons :  5109

Running time :                  0:00:13
Estimated running time :        0:00:26
Estimated running time left :   0:00:12

Estimated relative CPU usage :   797.1%

k-eff (analog)    = 0.71480 +/- 0.00256  [0.70978  0.71981]
k-eff (implicit)  = 0.71942 +/- 0.00197  [0.71555  0.72328]

(O4) (MPI=1) (OMP=8) 
------------------------------------------------------------
------------------------------------------------------------

Serpent 2.1.31 -- Static criticality source simulation

Title: "godiva in a water tank: enrichment = 22.0%, radius = 8.7407 cm" 

Active cycle   51 / 120  Source neutrons :  4909

Running time :                  0:00:13
Estimated running time :        0:00:26
Estimated running time left :   0:00:12

Estimated relative CPU usage :   790.6%

k-eff (analog)    = 0.71512 +/- 0.00253  [0.71017  0.72008]
k-eff (implicit)  = 0.71950 +/- 0.00194  [0.71570  0.72329]

(O4) (MPI=1) (OMP=8) 
------------------------------------------------------------
------------------------------------------------------------

Serpent 2.1.31 -- Static criticality source simulation

Title: "godiva in a water tank: enrichment = 22.0%, radius = 8.7407 cm" 

Active cycle   52 / 120  Source neutrons :  4991

Running time :                  0:00:13
Estimated running time :        0:00:26
Estimated running time left :   0:00:12

Estimated relative CPU usage :   797.3%

k-eff (analog)    = 0.71541 +/- 0.00250  [0.71052  0.72030]
k-eff (implicit)  = 0.71948 +/- 0.00190  [0.71576  0.72320]

(O4) (MPI=1) (OMP=8) 
------------------------------------------------------------
------------------------------------------------------------

Serpent 2.1.31 -- Static criticality source simulation

Title: "godiva in a water tank: enrichment = 22.0%, radius = 8.7407 cm" 

Active cycle   53 / 120  Source neutrons :  4987

Running time :                  0:00:14
Estimated running time :        0:00:26
Estimated running time left :   0:00:12

Estimated relative CPU usage :   797.7%

k-eff (analog)    = 0.71565 +/- 0.00246  [0.71083  0.72048]
k-eff (implicit)  = 0.71958 +/- 0.00186  [0.71592  0.72323]

(O4) (MPI=1) (OMP=8) 
------------------------------------------------------------
------------------------------------------------------------

Serpent 2.1.31 -- Static criticality source simulation

Title: "godiva in a water tank: enrichment = 22.0%, radius = 8.7407 cm" 

Active cycle   54 / 120  Source neutrons :  5129

Running time :                  0:00:14
Estimated running time :        0:00:26
Estimated running time left :   0:00:12

Estimated relative CPU usage :   798.1%

k-eff (analog)    = 0.71624 +/- 0.00248  [0.71137  0.72110]
k-eff (implicit)  = 0.71928 +/- 0.00185  [0.71565  0.72292]

(O4) (MPI=1) (OMP=8) 
------------------------------------------------------------
------------------------------------------------------------

Serpent 2.1.31 -- Static criticality source simulation

Title: "godiva in a water tank: enrichment = 22.0%, radius = 8.7407 cm" 

Active cycle   55 / 120  Source neutrons :  4665

Running time :                  0:00:14
Estimated running time :        0:00:26
Estimated running time left :   0:00:11

Estimated relative CPU usage :   798.5%

k-eff (analog)    = 0.71589 +/- 0.00246  [0.71106  0.72071]
k-eff (implicit)  = 0.71901 +/- 0.00184  [0.71540  0.72261]

(O4) (MPI=1) (OMP=8) 
------------------------------------------------------------
------------------------------------------------------------

Serpent 2.1.31 -- Static criticality source simulation

Title: "godiva in a water tank: enrichment = 22.0%, radius = 8.7407 cm" 

Active cycle   56 / 120  Source neutrons :  5117

Running time :                  0:00:14
Estimated running time :        0:00:26
Estimated running time left :   0:00:11

Estimated relative CPU usage :   796.9%

k-eff (analog)    = 0.71584 +/- 0.00242  [0.71110  0.72058]
k-eff (implicit)  = 0.71926 +/- 0.00182  [0.71568  0.72283]

(O4) (MPI=1) (OMP=8) 
------------------------------------------------------------
------------------------------------------------------------

Serpent 2.1.31 -- Static criticality source simulation

Title: "godiva in a water tank: enrichment = 22.0%, radius = 8.7407 cm" 

Active cycle   57 / 120  Source neutrons :  5209

Running time :                  0:00:14
Estimated running time :        0:00:26
Estimated running time left :   0:00:11

Estimated relative CPU usage :   797.6%

k-eff (analog)    = 0.71632 +/- 0.00242  [0.71157  0.72107]
k-eff (implicit)  = 0.71954 +/- 0.00181  [0.71599  0.72310]

(O4) (MPI=1) (OMP=8) 
------------------------------------------------------------
------------------------------------------------------------

Serpent 2.1.31 -- Static criticality source simulation

Title: "godiva in a water tank: enrichment = 22.0%, radius = 8.7407 cm" 

Active cycle   58 / 120  Source neutrons :  4966

Running time :                  0:00:14
Estimated running time :        0:00:26
Estimated running time left :   0:00:11

Estimated relative CPU usage :   797.4%

k-eff (analog)    = 0.71669 +/- 0.00241  [0.71197  0.72142]
k-eff (implicit)  = 0.71950 +/- 0.00178  [0.71601  0.72300]

(O4) (MPI=1) (OMP=8) 
------------------------------------------------------------
------------------------------------------------------------

Serpent 2.1.31 -- Static criticality source simulation

Title: "godiva in a water tank: enrichment = 22.0%, radius = 8.7407 cm" 

Active cycle   59 / 120  Source neutrons :  4837

Running time :                  0:00:15
Estimated running time :        0:00:26
Estimated running time left :   0:00:11

Estimated relative CPU usage :   797.8%

k-eff (analog)    = 0.71665 +/- 0.00237  [0.71200  0.72129]
k-eff (implicit)  = 0.71976 +/- 0.00177  [0.71629  0.72323]

(O4) (MPI=1) (OMP=8) 
------------------------------------------------------------
------------------------------------------------------------

Serpent 2.1.31 -- Static criticality source simulation

Title: "godiva in a water tank: enrichment = 22.0%, radius = 8.7407 cm" 

Active cycle   60 / 120  Source neutrons :  5129

Running time :                  0:00:15
Estimated running time :        0:00:26
Estimated running time left :   0:00:10

Estimated relative CPU usage :   796.6%

k-eff (analog)    = 0.71691 +/- 0.00235  [0.71231  0.72151]
k-eff (implicit)  = 0.71979 +/- 0.00174  [0.71638  0.72320]

(O4) (MPI=1) (OMP=8) 
------------------------------------------------------------
------------------------------------------------------------

Serpent 2.1.31 -- Static criticality source simulation

Title: "godiva in a water tank: enrichment = 22.0%, radius = 8.7407 cm" 

Active cycle   61 / 120  Source neutrons :  4940

Running time :                  0:00:15
Estimated running time :        0:00:26
Estimated running time left :   0:00:10

Estimated relative CPU usage :   797.2%

k-eff (analog)    = 0.71702 +/- 0.00231  [0.71249  0.72155]
k-eff (implicit)  = 0.71984 +/- 0.00171  [0.71648  0.72319]

(O4) (MPI=1) (OMP=8) 
------------------------------------------------------------
------------------------------------------------------------

Serpent 2.1.31 -- Static criticality source simulation

Title: "godiva in a water tank: enrichment = 22.0%, radius = 8.7407 cm" 

Active cycle   62 / 120  Source neutrons :  5039

Running time :                  0:00:15
Estimated running time :        0:00:26
Estimated running time left :   0:00:10

Estimated relative CPU usage :   795.7%

k-eff (analog)    = 0.71722 +/- 0.00228  [0.71275  0.72169]
k-eff (implicit)  = 0.72024 +/- 0.00173  [0.71684  0.72363]

(O4) (MPI=1) (OMP=8) 
------------------------------------------------------------
------------------------------------------------------------

Serpent 2.1.31 -- Static criticality source simulation

Title: "godiva in a water tank: enrichment = 22.0%, radius = 8.7407 cm" 

Active cycle   63 / 120  Source neutrons :  5090

Running time :                  0:00:15
Estimated running time :        0:00:26
Estimated running time left :   0:00:10

Estimated relative CPU usage :   797.7%

k-eff (analog)    = 0.71762 +/- 0.00228  [0.71315  0.72208]
k-eff (implicit)  = 0.72023 +/- 0.00170  [0.71689  0.72357]

(O4) (MPI=1) (OMP=8) 
------------------------------------------------------------
------------------------------------------------------------

Serpent 2.1.31 -- Static criticality source simulation

Title: "godiva in a water tank: enrichment = 22.0%, radius = 8.7407 cm" 

Active cycle   64 / 120  Source neutrons :  4872

Running time :                  0:00:15
Estimated running time :        0:00:26
Estimated running time left :   0:00:10

Estimated relative CPU usage :   796.9%

k-eff (analog)    = 0.71771 +/- 0.00225  [0.71331  0.72211]
k-eff (implicit)  = 0.72044 +/- 0.00169  [0.71713  0.72375]

(O4) (MPI=1) (OMP=8) 
------------------------------------------------------------
------------------------------------------------------------

Serpent 2.1.31 -- Static criticality source simulation

Title: "godiva in a water tank: enrichment = 22.0%, radius = 8.7407 cm" 

Active cycle   65 / 120  Source neutrons :  5192

Running time :                  0:00:16
Estimated running time :        0:00:26
Estimated running time left :   0:00:10

Estimated relative CPU usage :   797.4%

k-eff (analog)    = 0.71822 +/- 0.00227  [0.71377  0.72267]
k-eff (implicit)  = 0.72042 +/- 0.00166  [0.71715  0.72368]

(O4) (MPI=1) (OMP=8) 
------------------------------------------------------------
------------------------------------------------------------

Serpent 2.1.31 -- Static criticality source simulation

Title: "godiva in a water tank: enrichment = 22.0%, radius = 8.7407 cm" 

Active cycle   66 / 120  Source neutrons :  4754

Running time :                  0:00:16
Estimated running time :        0:00:26
Estimated running time left :   0:00:09

Estimated relative CPU usage :   798.0%

k-eff (analog)    = 0.71816 +/- 0.00224  [0.71378  0.72254]
k-eff (implicit)  = 0.72052 +/- 0.00164  [0.71730  0.72374]

(O4) (MPI=1) (OMP=8) 
------------------------------------------------------------
------------------------------------------------------------

Serpent 2.1.31 -- Static criticality source simulation

Title: "godiva in a water tank: enrichment = 22.0%, radius = 8.7407 cm" 

Active cycle   67 / 120  Source neutrons :  5194

Running time :                  0:00:16
Estimated running time :        0:00:26
Estimated running time left :   0:00:09

Estimated relative CPU usage :   797.5%

k-eff (analog)    = 0.71852 +/- 0.00223  [0.71415  0.72289]
k-eff (implicit)  = 0.72049 +/- 0.00162  [0.71732  0.72366]

(O4) (MPI=1) (OMP=8) 
------------------------------------------------------------
------------------------------------------------------------

Serpent 2.1.31 -- Static criticality source simulation

Title: "godiva in a water tank: enrichment = 22.0%, radius = 8.7407 cm" 

Active cycle   68 / 120  Source neutrons :  4805

Running time :                  0:00:16
Estimated running time :        0:00:26
Estimated running time left :   0:00:09

Estimated relative CPU usage :   798.5%

k-eff (analog)    = 0.71844 +/- 0.00220  [0.71413  0.72275]
k-eff (implicit)  = 0.72092 +/- 0.00165  [0.71769  0.72416]

(O4) (MPI=1) (OMP=8) 
------------------------------------------------------------
------------------------------------------------------------

Serpent 2.1.31 -- Static criticality source simulation

Title: "godiva in a water tank: enrichment = 22.0%, radius = 8.7407 cm" 

Active cycle   69 / 120  Source neutrons :  5252

Running time :                  0:00:16
Estimated running time :        0:00:26
Estimated running time left :   0:00:09

Estimated relative CPU usage :   796.2%

k-eff (analog)    = 0.71888 +/- 0.00221  [0.71454  0.72321]
k-eff (implicit)  = 0.72088 +/- 0.00163  [0.71768  0.72407]

(O4) (MPI=1) (OMP=8) 
------------------------------------------------------------
------------------------------------------------------------

Serpent 2.1.31 -- Static criticality source simulation

Title: "godiva in a water tank: enrichment = 22.0%, radius = 8.7407 cm" 

Active cycle   70 / 120  Source neutrons :  4863

Running time :                  0:00:17
Estimated running time :        0:00:26
Estimated running time left :   0:00:09

Estimated relative CPU usage :   797.4%

k-eff (analog)    = 0.71901 +/- 0.00218  [0.71473  0.72329]
k-eff (implicit)  = 0.72078 +/- 0.00161  [0.71762  0.72393]

(O4) (MPI=1) (OMP=8) 
------------------------------------------------------------
------------------------------------------------------------

Serpent 2.1.31 -- Static criticality source simulation

Title: "godiva in a water tank: enrichment = 22.0%, radius = 8.7407 cm" 

Active cycle   71 / 120  Source neutrons :  4944

Running time :                  0:00:17
Estimated running time :        0:00:26
Estimated running time left :   0:00:08

Estimated relative CPU usage :   797.8%

k-eff (analog)    = 0.71903 +/- 0.00215  [0.71481  0.72325]
k-eff (implicit)  = 0.72097 +/- 0.00160  [0.71784  0.72410]

(O4) (MPI=1) (OMP=8) 
------------------------------------------------------------
------------------------------------------------------------

Serpent 2.1.31 -- Static criticality source simulation

Title: "godiva in a water tank: enrichment = 22.0%, radius = 8.7407 cm" 

Active cycle   72 / 120  Source neutrons :  4977

Running time :                  0:00:17
Estimated running time :        0:00:26
Estimated running time left :   0:00:08

Estimated relative CPU usage :   798.3%

k-eff (analog)    = 0.71900 +/- 0.00212  [0.71484  0.72316]
k-eff (implicit)  = 0.72092 +/- 0.00158  [0.71783  0.72401]

(O4) (MPI=1) (OMP=8) 
------------------------------------------------------------
------------------------------------------------------------

Serpent 2.1.31 -- Static criticality source simulation

Title: "godiva in a water tank: enrichment = 22.0%, radius = 8.7407 cm" 

Active cycle   73 / 120  Source neutrons :  4951

Running time :                  0:00:17
Estimated running time :        0:00:26
Estimated running time left :   0:00:08

Estimated relative CPU usage :   796.5%

k-eff (analog)    = 0.71888 +/- 0.00210  [0.71477  0.72299]
k-eff (implicit)  = 0.72098 +/- 0.00155  [0.71793  0.72403]

(O4) (MPI=1) (OMP=8) 
------------------------------------------------------------
------------------------------------------------------------

Serpent 2.1.31 -- Static criticality source simulation

Title: "godiva in a water tank: enrichment = 22.0%, radius = 8.7407 cm" 

Active cycle   74 / 120  Source neutrons :  5039

Running time :                  0:00:17
Estimated running time :        0:00:26
Estimated running time left :   0:00:08

Estimated relative CPU usage :   797.8%

k-eff (analog)    = 0.71883 +/- 0.00207  [0.71478  0.72289]
k-eff (implicit)  = 0.72084 +/- 0.00154  [0.71782  0.72386]

(O4) (MPI=1) (OMP=8) 
------------------------------------------------------------
------------------------------------------------------------

Serpent 2.1.31 -- Static criticality source simulation

Title: "godiva in a water tank: enrichment = 22.0%, radius = 8.7407 cm" 

Active cycle   75 / 120  Source neutrons :  5092

Running time :                  0:00:17
Estimated running time :        0:00:26
Estimated running time left :   0:00:08

Estimated relative CPU usage :   797.3%

k-eff (analog)    = 0.71896 +/- 0.00205  [0.71495  0.72297]
k-eff (implicit)  = 0.72052 +/- 0.00155  [0.71747  0.72356]

(O4) (MPI=1) (OMP=8) 
------------------------------------------------------------
------------------------------------------------------------

Serpent 2.1.31 -- Static criticality source simulation

Title: "godiva in a water tank: enrichment = 22.0%, radius = 8.7407 cm" 

Active cycle   76 / 120  Source neutrons :  4787

Running time :                  0:00:18
Estimated running time :        0:00:26
Estimated running time left :   0:00:08

Estimated relative CPU usage :   797.7%

k-eff (analog)    = 0.71868 +/- 0.00204  [0.71469  0.72267]
k-eff (implicit)  = 0.72023 +/- 0.00156  [0.71717  0.72329]

(O4) (MPI=1) (OMP=8) 
------------------------------------------------------------
------------------------------------------------------------

Serpent 2.1.31 -- Static criticality source simulation

Title: "godiva in a water tank: enrichment = 22.0%, radius = 8.7407 cm" 

Active cycle   77 / 120  Source neutrons :  4949

Running time :                  0:00:18
Estimated running time :        0:00:26
Estimated running time left :   0:00:07

Estimated relative CPU usage :   797.4%

k-eff (analog)    = 0.71831 +/- 0.00204  [0.71431  0.72232]
k-eff (implicit)  = 0.72043 +/- 0.00155  [0.71738  0.72347]

(O4) (MPI=1) (OMP=8) 
------------------------------------------------------------
------------------------------------------------------------

Serpent 2.1.31 -- Static criticality source simulation

Title: "godiva in a water tank: enrichment = 22.0%, radius = 8.7407 cm" 

Active cycle   78 / 120  Source neutrons :  5168

Running time :                  0:00:18
Estimated running time :        0:00:26
Estimated running time left :   0:00:07

Estimated relative CPU usage :   794.9%

k-eff (analog)    = 0.71825 +/- 0.00202  [0.71430  0.72221]
k-eff (implicit)  = 0.72042 +/- 0.00153  [0.71742  0.72342]

(O4) (MPI=1) (OMP=8) 
------------------------------------------------------------
------------------------------------------------------------

Serpent 2.1.31 -- Static criticality source simulation

Title: "godiva in a water tank: enrichment = 22.0%, radius = 8.7407 cm" 

Active cycle   79 / 120  Source neutrons :  4929

Running time :                  0:00:18
Estimated running time :        0:00:26
Estimated running time left :   0:00:07

Estimated relative CPU usage :   797.5%

k-eff (analog)    = 0.71807 +/- 0.00200  [0.71414  0.72199]
k-eff (implicit)  = 0.72062 +/- 0.00153  [0.71763  0.72361]

(O4) (MPI=1) (OMP=8) 
------------------------------------------------------------
------------------------------------------------------------

Serpent 2.1.31 -- Static criticality source simulation

Title: "godiva in a water tank: enrichment = 22.0%, radius = 8.7407 cm" 

Active cycle   80 / 120  Source neutrons :  5386

Running time :                  0:00:18
Estimated running time :        0:00:26
Estimated running time left :   0:00:07

Estimated relative CPU usage :   797.8%

k-eff (analog)    = 0.71856 +/- 0.00204  [0.71457  0.72256]
k-eff (implicit)  = 0.72064 +/- 0.00151  [0.71769  0.72359]

(O4) (MPI=1) (OMP=8) 
------------------------------------------------------------
------------------------------------------------------------

Serpent 2.1.31 -- Static criticality source simulation

Title: "godiva in a water tank: enrichment = 22.0%, radius = 8.7407 cm" 

Active cycle   81 / 120  Source neutrons :  4791

Running time :                  0:00:19
Estimated running time :        0:00:26
Estimated running time left :   0:00:07

Estimated relative CPU usage :   794.7%

k-eff (analog)    = 0.71866 +/- 0.00202  [0.71471  0.72261]
k-eff (implicit)  = 0.72045 +/- 0.00150  [0.71751  0.72339]

(O4) (MPI=1) (OMP=8) 
------------------------------------------------------------
------------------------------------------------------------

Serpent 2.1.31 -- Static criticality source simulation

Title: "godiva in a water tank: enrichment = 22.0%, radius = 8.7407 cm" 

Active cycle   82 / 120  Source neutrons :  4956

Running time :                  0:00:19
Estimated running time :        0:00:26
Estimated running time left :   0:00:06

Estimated relative CPU usage :   797.6%

k-eff (analog)    = 0.71867 +/- 0.00199  [0.71477  0.72257]
k-eff (implicit)  = 0.72028 +/- 0.00149  [0.71735  0.72320]

(O4) (MPI=1) (OMP=8) 
------------------------------------------------------------
------------------------------------------------------------

Serpent 2.1.31 -- Static criticality source simulation

Title: "godiva in a water tank: enrichment = 22.0%, radius = 8.7407 cm" 

Active cycle   83 / 120  Source neutrons :  5002

Running time :                  0:00:19
Estimated running time :        0:00:26
Estimated running time left :   0:00:06

Estimated relative CPU usage :   797.9%

k-eff (analog)    = 0.71869 +/- 0.00197  [0.71483  0.72254]
k-eff (implicit)  = 0.72025 +/- 0.00147  [0.71736  0.72314]

(O4) (MPI=1) (OMP=8) 
------------------------------------------------------------
------------------------------------------------------------

Serpent 2.1.31 -- Static criticality source simulation

Title: "godiva in a water tank: enrichment = 22.0%, radius = 8.7407 cm" 

Active cycle   84 / 120  Source neutrons :  4987

Running time :                  0:00:19
Estimated running time :        0:00:26
Estimated running time left :   0:00:06

Estimated relative CPU usage :   801.7%

k-eff (analog)    = 0.71868 +/- 0.00194  [0.71487  0.72249]
k-eff (implicit)  = 0.72030 +/- 0.00146  [0.71744  0.72315]

(O4) (MPI=1) (OMP=8) 
------------------------------------------------------------
------------------------------------------------------------

Serpent 2.1.31 -- Static criticality source simulation

Title: "godiva in a water tank: enrichment = 22.0%, radius = 8.7407 cm" 

Active cycle   85 / 120  Source neutrons :  4958

Running time :                  0:00:19
Estimated running time :        0:00:26
Estimated running time left :   0:00:06

Estimated relative CPU usage :   797.5%

k-eff (analog)    = 0.71861 +/- 0.00192  [0.71484  0.72237]
k-eff (implicit)  = 0.72013 +/- 0.00145  [0.71729  0.72297]

(O4) (MPI=1) (OMP=8) 
------------------------------------------------------------
------------------------------------------------------------

Serpent 2.1.31 -- Static criticality source simulation

Title: "godiva in a water tank: enrichment = 22.0%, radius = 8.7407 cm" 

Active cycle   86 / 120  Source neutrons :  4987

Running time :                  0:00:19
Estimated running time :        0:00:26
Estimated running time left :   0:00:06

Estimated relative CPU usage :   798.3%

k-eff (analog)    = 0.71851 +/- 0.00190  [0.71478  0.72224]
k-eff (implicit)  = 0.72017 +/- 0.00143  [0.71737  0.72298]

(O4) (MPI=1) (OMP=8) 
------------------------------------------------------------
------------------------------------------------------------

Serpent 2.1.31 -- Static criticality source simulation

Title: "godiva in a water tank: enrichment = 22.0%, radius = 8.7407 cm" 

Active cycle   87 / 120  Source neutrons :  5216

Running time :                  0:00:20
Estimated running time :        0:00:26
Estimated running time left :   0:00:06

Estimated relative CPU usage :   796.4%

k-eff (analog)    = 0.71877 +/- 0.00190  [0.71505  0.72249]
k-eff (implicit)  = 0.72029 +/- 0.00142  [0.71750  0.72307]

(O4) (MPI=1) (OMP=8) 
------------------------------------------------------------
------------------------------------------------------------

Serpent 2.1.31 -- Static criticality source simulation

Title: "godiva in a water tank: enrichment = 22.0%, radius = 8.7407 cm" 

Active cycle   88 / 120  Source neutrons :  4826

Running time :                  0:00:20
Estimated running time :        0:00:26
Estimated running time left :   0:00:05

Estimated relative CPU usage :   798.0%

k-eff (analog)    = 0.71873 +/- 0.00188  [0.71505  0.72240]
k-eff (implicit)  = 0.72006 +/- 0.00142  [0.71727  0.72285]

(O4) (MPI=1) (OMP=8) 
------------------------------------------------------------
------------------------------------------------------------

Serpent 2.1.31 -- Static criticality source simulation

Title: "godiva in a water tank: enrichment = 22.0%, radius = 8.7407 cm" 

Active cycle   89 / 120  Source neutrons :  4817

Running time :                  0:00:20
Estimated running time :        0:00:26
Estimated running time left :   0:00:05

Estimated relative CPU usage :   797.7%

k-eff (analog)    = 0.71839 +/- 0.00188  [0.71470  0.72209]
k-eff (implicit)  = 0.72001 +/- 0.00141  [0.71725  0.72277]

(O4) (MPI=1) (OMP=8) 
------------------------------------------------------------
------------------------------------------------------------

Serpent 2.1.31 -- Static criticality source simulation

Title: "godiva in a water tank: enrichment = 22.0%, radius = 8.7407 cm" 

Active cycle   90 / 120  Source neutrons :  5198

Running time :                  0:00:20
Estimated running time :        0:00:26
Estimated running time left :   0:00:05

Estimated relative CPU usage :   796.9%

k-eff (analog)    = 0.71837 +/- 0.00186  [0.71472  0.72202]
k-eff (implicit)  = 0.72025 +/- 0.00141  [0.71748  0.72302]

(O4) (MPI=1) (OMP=8) 
------------------------------------------------------------
------------------------------------------------------------

Serpent 2.1.31 -- Static criticality source simulation

Title: "godiva in a water tank: enrichment = 22.0%, radius = 8.7407 cm" 

Active cycle   91 / 120  Source neutrons :  5006

Running time :                  0:00:20
Estimated running time :        0:00:26
Estimated running time left :   0:00:05

Estimated relative CPU usage :   796.8%

k-eff (analog)    = 0.71836 +/- 0.00184  [0.71474  0.72197]
k-eff (implicit)  = 0.72005 +/- 0.00141  [0.71728  0.72281]

(O4) (MPI=1) (OMP=8) 
------------------------------------------------------------
------------------------------------------------------------

Serpent 2.1.31 -- Static criticality source simulation

Title: "godiva in a water tank: enrichment = 22.0%, radius = 8.7407 cm" 

Active cycle   92 / 120  Source neutrons :  5115

Running time :                  0:00:21
Estimated running time :        0:00:26
Estimated running time left :   0:00:05

Estimated relative CPU usage :   796.6%

k-eff (analog)    = 0.71852 +/- 0.00183  [0.71494  0.72211]
k-eff (implicit)  = 0.72021 +/- 0.00141  [0.71746  0.72297]

(O4) (MPI=1) (OMP=8) 
------------------------------------------------------------
------------------------------------------------------------

Serpent 2.1.31 -- Static criticality source simulation

Title: "godiva in a water tank: enrichment = 22.0%, radius = 8.7407 cm" 

Active cycle   93 / 120  Source neutrons :  4980

Running time :                  0:00:21
Estimated running time :        0:00:26
Estimated running time left :   0:00:04

Estimated relative CPU usage :   796.4%

k-eff (analog)    = 0.71865 +/- 0.00182  [0.71510  0.72221]
k-eff (implicit)  = 0.72032 +/- 0.00139  [0.71759  0.72305]

(O4) (MPI=1) (OMP=8) 
------------------------------------------------------------
------------------------------------------------------------

Serpent 2.1.31 -- Static criticality source simulation

Title: "godiva in a water tank: enrichment = 22.0%, radius = 8.7407 cm" 

Active cycle   94 / 120  Source neutrons :  5126

Running time :                  0:00:21
Estimated running time :        0:00:26
Estimated running time left :   0:00:04

Estimated relative CPU usage :   797.7%

k-eff (analog)    = 0.71898 +/- 0.00183  [0.71540  0.72256]
k-eff (implicit)  = 0.72032 +/- 0.00138  [0.71762  0.72303]

(O4) (MPI=1) (OMP=8) 
------------------------------------------------------------
------------------------------------------------------------

Serpent 2.1.31 -- Static criticality source simulation

Title: "godiva in a water tank: enrichment = 22.0%, radius = 8.7407 cm" 

Active cycle   95 / 120  Source neutrons :  4689

Running time :                  0:00:21
Estimated running time :        0:00:26
Estimated running time left :   0:00:04

Estimated relative CPU usage :   797.8%

k-eff (analog)    = 0.71881 +/- 0.00181  [0.71525  0.72236]
k-eff (implicit)  = 0.72043 +/- 0.00137  [0.71774  0.72311]

(O4) (MPI=1) (OMP=8) 
------------------------------------------------------------
------------------------------------------------------------

Serpent 2.1.31 -- Static criticality source simulation

Title: "godiva in a water tank: enrichment = 22.0%, radius = 8.7407 cm" 

Active cycle   96 / 120  Source neutrons :  5232

Running time :                  0:00:21
Estimated running time :        0:00:26
Estimated running time left :   0:00:04

Estimated relative CPU usage :   797.1%

k-eff (analog)    = 0.71898 +/- 0.00180  [0.71544  0.72251]
k-eff (implicit)  = 0.72025 +/- 0.00137  [0.71757  0.72293]

(O4) (MPI=1) (OMP=8) 
------------------------------------------------------------
------------------------------------------------------------

Serpent 2.1.31 -- Static criticality source simulation

Title: "godiva in a water tank: enrichment = 22.0%, radius = 8.7407 cm" 

Active cycle   97 / 120  Source neutrons :  4857

Running time :                  0:00:22
Estimated running time :        0:00:26
Estimated running time left :   0:00:04

Estimated relative CPU usage :   798.0%

k-eff (analog)    = 0.71893 +/- 0.00179  [0.71543  0.72242]
k-eff (implicit)  = 0.72017 +/- 0.00135  [0.71751  0.72282]

(O4) (MPI=1) (OMP=8) 
------------------------------------------------------------
------------------------------------------------------------

Serpent 2.1.31 -- Static criticality source simulation

Title: "godiva in a water tank: enrichment = 22.0%, radius = 8.7407 cm" 

Active cycle   98 / 120  Source neutrons :  5032

Running time :                  0:00:22
Estimated running time :        0:00:26
Estimated running time left :   0:00:04

Estimated relative CPU usage :   798.2%

k-eff (analog)    = 0.71892 +/- 0.00177  [0.71546  0.72239]
k-eff (implicit)  = 0.71995 +/- 0.00136  [0.71729  0.72261]

(O4) (MPI=1) (OMP=8) 
------------------------------------------------------------
------------------------------------------------------------

Serpent 2.1.31 -- Static criticality source simulation

Title: "godiva in a water tank: enrichment = 22.0%, radius = 8.7407 cm" 

Active cycle   99 / 120  Source neutrons :  4871

Running time :                  0:00:22
Estimated running time :        0:00:26
Estimated running time left :   0:00:03

Estimated relative CPU usage :   796.9%

k-eff (analog)    = 0.71873 +/- 0.00176  [0.71529  0.72218]
k-eff (implicit)  = 0.72017 +/- 0.00136  [0.71750  0.72284]

(O4) (MPI=1) (OMP=8) 
------------------------------------------------------------
------------------------------------------------------------

Serpent 2.1.31 -- Static criticality source simulation

Title: "godiva in a water tank: enrichment = 22.0%, radius = 8.7407 cm" 

Active cycle  100 / 120  Source neutrons :  5276

Running time :                  0:00:22
Estimated running time :        0:00:26
Estimated running time left :   0:00:03

Estimated relative CPU usage :   797.4%

k-eff (analog)    = 0.71893 +/- 0.00175  [0.71550  0.72237]
k-eff (implicit)  = 0.71998 +/- 0.00136  [0.71731  0.72265]

(O4) (MPI=1) (OMP=8) 
------------------------------------------------------------
------------------------------------------------------------

Serpent 2.1.31 -- Static criticality source simulation

Title: "godiva in a water tank: enrichment = 22.0%, radius = 8.7407 cm" 

Active cycle  101 / 120  Source neutrons :  4605

Running time :                  0:00:22
Estimated running time :        0:00:26
Estimated running time left :   0:00:03

Estimated relative CPU usage :   788.1%

k-eff (analog)    = 0.71855 +/- 0.00178  [0.71507  0.72204]
k-eff (implicit)  = 0.72017 +/- 0.00136  [0.71750  0.72284]

(O4) (MPI=1) (OMP=8) 
------------------------------------------------------------
------------------------------------------------------------

Serpent 2.1.31 -- Static criticality source simulation

Title: "godiva in a water tank: enrichment = 22.0%, radius = 8.7407 cm" 

Active cycle  102 / 120  Source neutrons :  5182

Running time :                  0:00:22
Estimated running time :        0:00:26
Estimated running time left :   0:00:03

Estimated relative CPU usage :   797.1%

k-eff (analog)    = 0.71842 +/- 0.00176  [0.71496  0.72188]
k-eff (implicit)  = 0.71999 +/- 0.00136  [0.71732  0.72265]

(O4) (MPI=1) (OMP=8) 
------------------------------------------------------------
------------------------------------------------------------

Serpent 2.1.31 -- Static criticality source simulation

Title: "godiva in a water tank: enrichment = 22.0%, radius = 8.7407 cm" 

Active cycle  103 / 120  Source neutrons :  4973

Running time :                  0:00:23
Estimated running time :        0:00:26
Estimated running time left :   0:00:03

Estimated relative CPU usage :   797.7%

k-eff (analog)    = 0.71826 +/- 0.00175  [0.71482  0.72170]
k-eff (implicit)  = 0.71990 +/- 0.00135  [0.71726  0.72255]

(O4) (MPI=1) (OMP=8) 
------------------------------------------------------------
------------------------------------------------------------

Serpent 2.1.31 -- Static criticality source simulation

Title: "godiva in a water tank: enrichment = 22.0%, radius = 8.7407 cm" 

Active cycle  104 / 120  Source neutrons :  5245

Running time :                  0:00:23
Estimated running time :        0:00:26
Estimated running time left :   0:00:02

Estimated relative CPU usage :   797.2%

k-eff (analog)    = 0.71842 +/- 0.00175  [0.71500  0.72185]
k-eff (implicit)  = 0.72013 +/- 0.00136  [0.71747  0.72278]

(O4) (MPI=1) (OMP=8) 
------------------------------------------------------------
------------------------------------------------------------

Serpent 2.1.31 -- Static criticality source simulation

Title: "godiva in a water tank: enrichment = 22.0%, radius = 8.7407 cm" 

Active cycle  105 / 120  Source neutrons :  4913

Running time :                  0:00:23
Estimated running time :        0:00:26
Estimated running time left :   0:00:02

Estimated relative CPU usage :   797.8%

k-eff (analog)    = 0.71847 +/- 0.00173  [0.71508  0.72186]
k-eff (implicit)  = 0.72005 +/- 0.00134  [0.71742  0.72269]

(O4) (MPI=1) (OMP=8) 
------------------------------------------------------------
------------------------------------------------------------

Serpent 2.1.31 -- Static criticality source simulation

Title: "godiva in a water tank: enrichment = 22.0%, radius = 8.7407 cm" 

Active cycle  106 / 120  Source neutrons :  4857

Running time :                  0:00:23
Estimated running time :        0:00:26
Estimated running time left :   0:00:02

Estimated relative CPU usage :   797.9%

k-eff (analog)    = 0.71832 +/- 0.00172  [0.71494  0.72169]
k-eff (implicit)  = 0.71987 +/- 0.00134  [0.71724  0.72251]

(O4) (MPI=1) (OMP=8) 
------------------------------------------------------------
------------------------------------------------------------

Serpent 2.1.31 -- Static criticality source simulation

Title: "godiva in a water tank: enrichment = 22.0%, radius = 8.7407 cm" 

Active cycle  107 / 120  Source neutrons :  4944

Running time :                  0:00:23
Estimated running time :        0:00:26
Estimated running time left :   0:00:02

Estimated relative CPU usage :   797.6%

k-eff (analog)    = 0.71809 +/- 0.00172  [0.71472  0.72146]
k-eff (implicit)  = 0.71998 +/- 0.00134  [0.71736  0.72259]

(O4) (MPI=1) (OMP=8) 
------------------------------------------------------------
------------------------------------------------------------

Serpent 2.1.31 -- Static criticality source simulation

Title: "godiva in a water tank: enrichment = 22.0%, radius = 8.7407 cm" 

Active cycle  108 / 120  Source neutrons :  5232

Running time :                  0:00:24
Estimated running time :        0:00:26
Estimated running time left :   0:00:02

Estimated relative CPU usage :   797.2%

k-eff (analog)    = 0.71817 +/- 0.00170  [0.71483  0.72151]
k-eff (implicit)  = 0.71995 +/- 0.00132  [0.71736  0.72255]

(O4) (MPI=1) (OMP=8) 
------------------------------------------------------------
------------------------------------------------------------

Serpent 2.1.31 -- Static criticality source simulation

Title: "godiva in a water tank: enrichment = 22.0%, radius = 8.7407 cm" 

Active cycle  109 / 120  Source neutrons :  4853

Running time :                  0:00:24
Estimated running time :        0:00:26
Estimated running time left :   0:00:02

Estimated relative CPU usage :   797.8%

k-eff (analog)    = 0.71805 +/- 0.00169  [0.71473  0.72137]
k-eff (implicit)  = 0.71976 +/- 0.00132  [0.71716  0.72236]

(O4) (MPI=1) (OMP=8) 
------------------------------------------------------------
------------------------------------------------------------

Serpent 2.1.31 -- Static criticality source simulation

Title: "godiva in a water tank: enrichment = 22.0%, radius = 8.7407 cm" 

Active cycle  110 / 120  Source neutrons :  4925

Running time :                  0:00:24
Estimated running time :        0:00:26
Estimated running time left :   0:00:01

Estimated relative CPU usage :   797.0%

k-eff (analog)    = 0.71784 +/- 0.00169  [0.71453  0.72115]
k-eff (implicit)  = 0.71983 +/- 0.00131  [0.71726  0.72241]

(O4) (MPI=1) (OMP=8) 
------------------------------------------------------------
------------------------------------------------------------

Serpent 2.1.31 -- Static criticality source simulation

Title: "godiva in a water tank: enrichment = 22.0%, radius = 8.7407 cm" 

Active cycle  111 / 120  Source neutrons :  5144

Running time :                  0:00:24
Estimated running time :        0:00:26
Estimated running time left :   0:00:01

Estimated relative CPU usage :   797.5%

k-eff (analog)    = 0.71781 +/- 0.00168  [0.71453  0.72110]
k-eff (implicit)  = 0.72010 +/- 0.00133  [0.71749  0.72271]

(O4) (MPI=1) (OMP=8) 
------------------------------------------------------------
------------------------------------------------------------

Serpent 2.1.31 -- Static criticality source simulation

Title: "godiva in a water tank: enrichment = 22.0%, radius = 8.7407 cm" 

Active cycle  112 / 120  Source neutrons :  5497

Running time :                  0:00:24
Estimated running time :        0:00:26
Estimated running time left :   0:00:01

Estimated relative CPU usage :   797.6%

k-eff (analog)    = 0.71842 +/- 0.00177  [0.71495  0.72188]
k-eff (implicit)  = 0.72019 +/- 0.00132  [0.71760  0.72277]

(O4) (MPI=1) (OMP=8) 
------------------------------------------------------------
------------------------------------------------------------

Serpent 2.1.31 -- Static criticality source simulation

Title: "godiva in a water tank: enrichment = 22.0%, radius = 8.7407 cm" 

Active cycle  113 / 120  Source neutrons :  4611

Running time :                  0:00:24
Estimated running time :        0:00:26
Estimated running time left :   0:00:01

Estimated relative CPU usage :   802.2%

k-eff (analog)    = 0.71847 +/- 0.00175  [0.71504  0.72191]
k-eff (implicit)  = 0.72015 +/- 0.00131  [0.71758  0.72272]

(O4) (MPI=1) (OMP=8) 
------------------------------------------------------------
------------------------------------------------------------

Serpent 2.1.31 -- Static criticality source simulation

Title: "godiva in a water tank: enrichment = 22.0%, radius = 8.7407 cm" 

Active cycle  114 / 120  Source neutrons :  4895

Running time :                  0:00:25
Estimated running time :        0:00:26
Estimated running time left :   0:00:01

Estimated relative CPU usage :   797.7%

k-eff (analog)    = 0.71839 +/- 0.00174  [0.71498  0.72180]
k-eff (implicit)  = 0.72001 +/- 0.00131  [0.71745  0.72257]

(O4) (MPI=1) (OMP=8) 
------------------------------------------------------------
------------------------------------------------------------

Serpent 2.1.31 -- Static criticality source simulation

Title: "godiva in a water tank: enrichment = 22.0%, radius = 8.7407 cm" 

Active cycle  115 / 120  Source neutrons :  5087

Running time :                  0:00:25
Estimated running time :        0:00:26
Estimated running time left :   0:00:00

Estimated relative CPU usage :   797.5%

k-eff (analog)    = 0.71842 +/- 0.00172  [0.71504  0.72180]
k-eff (implicit)  = 0.71985 +/- 0.00130  [0.71729  0.72240]

(O4) (MPI=1) (OMP=8) 
------------------------------------------------------------
------------------------------------------------------------

Serpent 2.1.31 -- Static criticality source simulation

Title: "godiva in a water tank: enrichment = 22.0%, radius = 8.7407 cm" 

Active cycle  116 / 120  Source neutrons :  5059

Running time :                  0:00:25
Estimated running time :        0:00:26
Estimated running time left :   0:00:00

Estimated relative CPU usage :   797.9%

k-eff (analog)    = 0.71852 +/- 0.00171  [0.71517  0.72188]
k-eff (implicit)  = 0.71968 +/- 0.00130  [0.71713  0.72224]

(O4) (MPI=1) (OMP=8) 
------------------------------------------------------------
------------------------------------------------------------

Serpent 2.1.31 -- Static criticality source simulation

Title: "godiva in a water tank: enrichment = 22.0%, radius = 8.7407 cm" 

Active cycle  117 / 120  Source neutrons :  4899

Running time :                  0:00:25
Estimated running time :        0:00:26
Estimated running time left :   0:00:00

Estimated relative CPU usage :   797.4%

k-eff (analog)    = 0.71850 +/- 0.00170  [0.71517  0.72183]
k-eff (implicit)  = 0.71974 +/- 0.00129  [0.71720  0.72227]

(O4) (MPI=1) (OMP=8) 
------------------------------------------------------------
------------------------------------------------------------

Serpent 2.1.31 -- Static criticality source simulation

Title: "godiva in a water tank: enrichment = 22.0%, radius = 8.7407 cm" 

Active cycle  118 / 120  Source neutrons :  5163

Running time :                  0:00:25
Estimated running time :        0:00:26
Estimated running time left :   0:00:00

Estimated relative CPU usage :   797.1%

k-eff (analog)    = 0.71867 +/- 0.00169  [0.71535  0.72199]
k-eff (implicit)  = 0.71966 +/- 0.00128  [0.71714  0.72217]

(O4) (MPI=1) (OMP=8) 
------------------------------------------------------------
------------------------------------------------------------

Serpent 2.1.31 -- Static criticality source simulation

Title: "godiva in a water tank: enrichment = 22.0%, radius = 8.7407 cm" 

Active cycle  119 / 120  Source neutrons :  4685

Running time :                  0:00:26
Estimated running time :        0:00:26
Estimated running time left :   0:00:00

Estimated relative CPU usage :   797.8%

k-eff (analog)    = 0.71845 +/- 0.00169  [0.71513  0.72177]
k-eff (implicit)  = 0.71960 +/- 0.00128  [0.71710  0.72210]

(O4) (MPI=1) (OMP=8) 
------------------------------------------------------------
------------------------------------------------------------

Serpent 2.1.31 -- Static criticality source simulation

Title: "godiva in a water tank: enrichment = 22.0%, radius = 8.7407 cm" 

Active cycle  120 / 120  Source neutrons :  5212

Running time :                  0:00:26
Estimated running time :        0:00:26
Estimated running time left :   0:00:00

Estimated relative CPU usage :   795.0%

k-eff (analog)    = 0.71848 +/- 0.00168  [0.71519  0.72177]
k-eff (implicit)  = 0.71949 +/- 0.00127  [0.71701  0.72198]

(O4) (MPI=1) (OMP=8) 
------------------------------------------------------------

Transport cycle completed in 24.2 seconds.

Calculating activities...
OK.

