
  _                   .-=-.           .-=-.          .-==-.       
 { }      __        .' O o '.       .' O o '.       /  -<' )--<   
 { }    .' O'.     / o .-. O \     / o .-. O \     /  .---`       
 { }   / .-. o\   /O  /   \  o\   /O  /   \  o\   /O /            
  \ `-` /   \ O`-'o  /     \  O`-'o  /     \  O`-`o /             
   `-.-`     '.____.'       `._____.'       `.____.'              

Serpent 2 beta

A Continuous-energy Monte Carlo Reactor Physics Burnup Calculation Code

 - Version 2.1.31 (May 16, 2019) -- Contact: serpent@vtt.fi

 - Reference: J. Leppanen, et al. "The Serpent Monte Carlo code: Status,
              development and applications in 2013." Ann. Nucl. Energy,
              82 (2015) 142-150.

 - Compiled May 16 2019 10:33:27

 - MPI Parallel calculation mode available

 - OpenMP Parallel calculation mode available

 - Geometry and mesh plotting available

 - Default data path set to: "/opt/serpent/xsdata"

Begin calculation on Fri Aug 23 08:30:28 2019

Reading input file "godiva24.inp"...

Checking duplicate input definitions...
OK.

Creating geometry...
OK.

Counting geometry zones...

Processing cells...
OK.

Linking materials to geometry...
OK.

Counting cells...
OK.

Processing data for group constant generation:

 - 70 energy groups in micro-group structure
 - 2 energy groups in macro-group structure
 - B1 fundamental mode calculation is not run
 - Group constants generated in 1 universes
 - Discontinuity factors are not calculated
 - Pin-power distributions are not calculated
 - Albedos are not calculated
 - Poison cross sections are not calculated

Plotting geometry:

   0% complete
  50% complete
 100% complete

Reading ACE directory files...
OK.

Reading neutron-induced fission yields...
OK.

Adding nuclides in material uranium...

Nuclide  92235.03c -- uranium 235 at 300K (U-235)
Nuclide  92238.03c -- uranium 238 at 300K (U-238)

Adding nuclides in material water...

Nuclide   1001.03c -- hydrogen at 300K (H-1)
Nuclide   8016.03c -- oxygen 16 at 300K (O-16)

Adding thermal scattering data...

Nuclide   lwj3.00t -- hydrogen at 294K (H-1)

Checking data and printing output...
OK.

Generating unionize energy grids...

Adding points:

  1001.03c -- Points added in neutron grid: 252
  1001.03s -- Points added in neutron grid: 91
  8016.03c -- Points added in neutron grid: 2353
 92235.03c -- Points added in neutron grid: 30672
 92238.03c -- Points added in neutron grid: 64861

Generating unionized energy grid:

 - Unionization performed without grid thinning
   between 1.00E-11 and 20.0 MeV.

 - Final neutron grid size: 98053 points.

 - 3.29 Mb of memory allocated for grid data

OK.

Processing cross sections and ENDF reaction laws...

Nuclide   1001.03c -- hydrogen at 300K (H-1)
Nuclide   1001.03s -- hydrogen at 300K (H-1)
Nuclide   8016.03c -- oxygen 16 at 300K (O-16)
Nuclide  92235.03c -- uranium 235 at 300K (U-235)
Nuclide  92238.03c -- uranium 238 at 300K (U-238)

SUMMARY -- 5 nuclides included in calculation:

 - 5 transport nuclides
 - Neutron energy cut-offs at 1.00E-11 and 20.0 MeV
 - 118 transport reactions
 - 29 special reactions
 - 4 decay reactions
 - 25.46 Mb of memory allocated for data

Normalizing compositions and processing mixtures...
OK.

Allocating memory for macroscopic cross section data...
OK.

Allocating memory for particle structures...
OK.

Calculating maximum densities...
OK.

Performing density cut-off...
OK.

Sorting material-wise reaction lists:

   0% complete
 100% complete

Calculating macroscopic cross sections:

   0% complete
 100% complete

Calculating DT neutron majorant cross section:

   0% complete
 100% complete

Clearing results and statistics...
OK.

Sampling initial source...
OK.

Inactive cycle   1 /  20: k-eff = 1.00000
Inactive cycle   2 /  20: k-eff = 1.07820
Inactive cycle   3 /  20: k-eff = 1.05836
Inactive cycle   4 /  20: k-eff = 1.08059
Inactive cycle   5 /  20: k-eff = 1.06395
Inactive cycle   6 /  20: k-eff = 1.04777
Inactive cycle   7 /  20: k-eff = 1.06433
Inactive cycle   8 /  20: k-eff = 1.04836
Inactive cycle   9 /  20: k-eff = 1.04207
Inactive cycle  10 /  20: k-eff = 1.03457
Inactive cycle  11 /  20: k-eff = 1.03705
Inactive cycle  12 /  20: k-eff = 1.07625
Inactive cycle  13 /  20: k-eff = 1.07798
Inactive cycle  14 /  20: k-eff = 1.05448
Inactive cycle  15 /  20: k-eff = 1.03128
Inactive cycle  16 /  20: k-eff = 1.07335
Inactive cycle  17 /  20: k-eff = 1.07271
Inactive cycle  18 /  20: k-eff = 1.04718
Inactive cycle  19 /  20: k-eff = 1.04655
Inactive cycle  20 /  20: k-eff = 1.01097

----- Begin active cycles -----

------------------------------------------------------------

Serpent 2.1.31 -- Static criticality source simulation

Title: "godiva in a water tank: enrichment = 68.0%, radius = 8.7407 cm" 

Active cycle    1 / 120  Source neutrons :  5281

Running time :                  0:00:05
Estimated running time :        -:--:--
Estimated running time left :   -:--:--

Estimated relative CPU usage :   794.3%

k-eff (analog)    = 1.06778 +/- 0.00000  [1.06778  1.06778]
k-eff (implicit)  = 1.05010 +/- 0.00000  [1.05010  1.05010]

(O4) (MPI=1) (OMP=8) 
------------------------------------------------------------
------------------------------------------------------------

Serpent 2.1.31 -- Static criticality source simulation

Title: "godiva in a water tank: enrichment = 68.0%, radius = 8.7407 cm" 

Active cycle    2 / 120  Source neutrons :  4859

Running time :                  0:00:05
Estimated running time :        -:--:--
Estimated running time left :   -:--:--

Estimated relative CPU usage :   797.0%

k-eff (analog)    = 1.05273 +/- 0.01506  [1.02322  1.08224]
k-eff (implicit)  = 1.04936 +/- 0.00074  [1.04790  1.05082]

(O4) (MPI=1) (OMP=8) 
------------------------------------------------------------
------------------------------------------------------------

Serpent 2.1.31 -- Static criticality source simulation

Title: "godiva in a water tank: enrichment = 68.0%, radius = 8.7407 cm" 

Active cycle    3 / 120  Source neutrons :  5003

Running time :                  0:00:06
Estimated running time :        -:--:--
Estimated running time left :   -:--:--

Estimated relative CPU usage :   797.4%

k-eff (analog)    = 1.04792 +/- 0.00994  [1.02845  1.06739]
k-eff (implicit)  = 1.05119 +/- 0.00188  [1.04751  1.05487]

(O4) (MPI=1) (OMP=8) 
------------------------------------------------------------
------------------------------------------------------------

Serpent 2.1.31 -- Static criticality source simulation

Title: "godiva in a water tank: enrichment = 68.0%, radius = 8.7407 cm" 

Active cycle    4 / 120  Source neutrons :  5197

Running time :                  0:00:06
Estimated running time :        -:--:--
Estimated running time left :   -:--:--

Estimated relative CPU usage :   797.6%

k-eff (analog)    = 1.05574 +/- 0.01051  [1.03513  1.07635]
k-eff (implicit)  = 1.05261 +/- 0.00194  [1.04880  1.05642]

(O4) (MPI=1) (OMP=8) 
------------------------------------------------------------
------------------------------------------------------------

Serpent 2.1.31 -- Static criticality source simulation

Title: "godiva in a water tank: enrichment = 68.0%, radius = 8.7407 cm" 

Active cycle    5 / 120  Source neutrons :  4927

Running time :                  0:00:06
Estimated running time :        -:--:--
Estimated running time left :   -:--:--

Estimated relative CPU usage :   797.1%

k-eff (analog)    = 1.05728 +/- 0.00829  [1.04104  1.07353]
k-eff (implicit)  = 1.05219 +/- 0.00156  [1.04912  1.05525]

(O4) (MPI=1) (OMP=8) 
------------------------------------------------------------
------------------------------------------------------------

Serpent 2.1.31 -- Static criticality source simulation

Title: "godiva in a water tank: enrichment = 68.0%, radius = 8.7407 cm" 

Active cycle    6 / 120  Source neutrons :  4932

Running time :                  0:00:06
Estimated running time :        -:--:--
Estimated running time left :   -:--:--

Estimated relative CPU usage :   797.4%

k-eff (analog)    = 1.05590 +/- 0.00691  [1.04236  1.06944]
k-eff (implicit)  = 1.05096 +/- 0.00177  [1.04749  1.05443]

(O4) (MPI=1) (OMP=8) 
------------------------------------------------------------
------------------------------------------------------------

Serpent 2.1.31 -- Static criticality source simulation

Title: "godiva in a water tank: enrichment = 68.0%, radius = 8.7407 cm" 

Active cycle    7 / 120  Source neutrons :  5111

Running time :                  0:00:06
Estimated running time :        -:--:--
Estimated running time left :   -:--:--

Estimated relative CPU usage :   797.2%

k-eff (analog)    = 1.05824 +/- 0.00629  [1.04591  1.07056]
k-eff (implicit)  = 1.05513 +/- 0.00443  [1.04645  1.06381]

(O4) (MPI=1) (OMP=8) 
------------------------------------------------------------
------------------------------------------------------------

Serpent 2.1.31 -- Static criticality source simulation

Title: "godiva in a water tank: enrichment = 68.0%, radius = 8.7407 cm" 

Active cycle    8 / 120  Source neutrons :  5071

Running time :                  0:00:07
Estimated running time :        -:--:--
Estimated running time left :   -:--:--

Estimated relative CPU usage :   797.6%

k-eff (analog)    = 1.06190 +/- 0.00656  [1.04904  1.07475]
k-eff (implicit)  = 1.05707 +/- 0.00430  [1.04864  1.06550]

(O4) (MPI=1) (OMP=8) 
------------------------------------------------------------
------------------------------------------------------------

Serpent 2.1.31 -- Static criticality source simulation

Title: "godiva in a water tank: enrichment = 68.0%, radius = 8.7407 cm" 

Active cycle    9 / 120  Source neutrons :  4795

Running time :                  0:00:07
Estimated running time :        -:--:--
Estimated running time left :   -:--:--

Estimated relative CPU usage :   800.4%

k-eff (analog)    = 1.05979 +/- 0.00616  [1.04772  1.07186]
k-eff (implicit)  = 1.05859 +/- 0.00408  [1.05058  1.06659]

(O4) (MPI=1) (OMP=8) 
------------------------------------------------------------
------------------------------------------------------------

Serpent 2.1.31 -- Static criticality source simulation

Title: "godiva in a water tank: enrichment = 68.0%, radius = 8.7407 cm" 

Active cycle   10 / 120  Source neutrons :  5146

Running time :                  0:00:07
Estimated running time :        0:00:31
Estimated running time left :   0:00:23

Estimated relative CPU usage :   793.6%

k-eff (analog)    = 1.06114 +/- 0.00567  [1.05002  1.07226]
k-eff (implicit)  = 1.05777 +/- 0.00374  [1.05043  1.06510]

(O4) (MPI=1) (OMP=8) 
------------------------------------------------------------
------------------------------------------------------------

Serpent 2.1.31 -- Static criticality source simulation

Title: "godiva in a water tank: enrichment = 68.0%, radius = 8.7407 cm" 

Active cycle   11 / 120  Source neutrons :  4865

Running time :                  0:00:07
Estimated running time :        0:00:31
Estimated running time left :   0:00:23

Estimated relative CPU usage :   796.0%

k-eff (analog)    = 1.05962 +/- 0.00535  [1.04913  1.07011]
k-eff (implicit)  = 1.05664 +/- 0.00357  [1.04964  1.06363]

(O4) (MPI=1) (OMP=8) 
------------------------------------------------------------
------------------------------------------------------------

Serpent 2.1.31 -- Static criticality source simulation

Title: "godiva in a water tank: enrichment = 68.0%, radius = 8.7407 cm" 

Active cycle   12 / 120  Source neutrons :  4998

Running time :                  0:00:07
Estimated running time :        0:00:30
Estimated running time left :   0:00:23

Estimated relative CPU usage :   798.6%

k-eff (analog)    = 1.05832 +/- 0.00506  [1.04840  1.06823]
k-eff (implicit)  = 1.05718 +/- 0.00330  [1.05070  1.06365]

(O4) (MPI=1) (OMP=8) 
------------------------------------------------------------
------------------------------------------------------------

Serpent 2.1.31 -- Static criticality source simulation

Title: "godiva in a water tank: enrichment = 68.0%, radius = 8.7407 cm" 

Active cycle   13 / 120  Source neutrons :  5137

Running time :                  0:00:08
Estimated running time :        0:00:31
Estimated running time left :   0:00:22

Estimated relative CPU usage :   793.9%

k-eff (analog)    = 1.05941 +/- 0.00478  [1.05004  1.06878]
k-eff (implicit)  = 1.05827 +/- 0.00323  [1.05194  1.06460]

(O4) (MPI=1) (OMP=8) 
------------------------------------------------------------
------------------------------------------------------------

Serpent 2.1.31 -- Static criticality source simulation

Title: "godiva in a water tank: enrichment = 68.0%, radius = 8.7407 cm" 

Active cycle   14 / 120  Source neutrons :  5021

Running time :                  0:00:08
Estimated running time :        0:00:30
Estimated running time left :   0:00:22

Estimated relative CPU usage :   794.5%

k-eff (analog)    = 1.06067 +/- 0.00460  [1.05165  1.06969]
k-eff (implicit)  = 1.05840 +/- 0.00299  [1.05254  1.06427]

(O4) (MPI=1) (OMP=8) 
------------------------------------------------------------
------------------------------------------------------------

Serpent 2.1.31 -- Static criticality source simulation

Title: "godiva in a water tank: enrichment = 68.0%, radius = 8.7407 cm" 

Active cycle   15 / 120  Source neutrons :  4896

Running time :                  0:00:08
Estimated running time :        0:00:30
Estimated running time left :   0:00:22

Estimated relative CPU usage :   797.5%

k-eff (analog)    = 1.06027 +/- 0.00430  [1.05184  1.06871]
k-eff (implicit)  = 1.05789 +/- 0.00283  [1.05233  1.06344]

(O4) (MPI=1) (OMP=8) 
------------------------------------------------------------
------------------------------------------------------------

Serpent 2.1.31 -- Static criticality source simulation

Title: "godiva in a water tank: enrichment = 68.0%, radius = 8.7407 cm" 

Active cycle   16 / 120  Source neutrons :  5083

Running time :                  0:00:08
Estimated running time :        0:00:30
Estimated running time left :   0:00:22

Estimated relative CPU usage :   787.6%

k-eff (analog)    = 1.06102 +/- 0.00409  [1.05300  1.06904]
k-eff (implicit)  = 1.05954 +/- 0.00312  [1.05342  1.06566]

(O4) (MPI=1) (OMP=8) 
------------------------------------------------------------
------------------------------------------------------------

Serpent 2.1.31 -- Static criticality source simulation

Title: "godiva in a water tank: enrichment = 68.0%, radius = 8.7407 cm" 

Active cycle   17 / 120  Source neutrons :  4985

Running time :                  0:00:08
Estimated running time :        0:00:30
Estimated running time left :   0:00:22

Estimated relative CPU usage :   794.4%

k-eff (analog)    = 1.06149 +/- 0.00387  [1.05389  1.06908]
k-eff (implicit)  = 1.05869 +/- 0.00305  [1.05270  1.06467]

(O4) (MPI=1) (OMP=8) 
------------------------------------------------------------
------------------------------------------------------------

Serpent 2.1.31 -- Static criticality source simulation

Title: "godiva in a water tank: enrichment = 68.0%, radius = 8.7407 cm" 

Active cycle   18 / 120  Source neutrons :  4830

Running time :                  0:00:09
Estimated running time :        0:00:30
Estimated running time left :   0:00:21

Estimated relative CPU usage :   797.3%

k-eff (analog)    = 1.05988 +/- 0.00399  [1.05207  1.06770]
k-eff (implicit)  = 1.05769 +/- 0.00305  [1.05172  1.06366]

(O4) (MPI=1) (OMP=8) 
------------------------------------------------------------
------------------------------------------------------------

Serpent 2.1.31 -- Static criticality source simulation

Title: "godiva in a water tank: enrichment = 68.0%, radius = 8.7407 cm" 

Active cycle   19 / 120  Source neutrons :  5154

Running time :                  0:00:09
Estimated running time :        0:00:30
Estimated running time left :   0:00:21

Estimated relative CPU usage :   796.7%

k-eff (analog)    = 1.06012 +/- 0.00378  [1.05271  1.06753]
k-eff (implicit)  = 1.05889 +/- 0.00312  [1.05278  1.06501]

(O4) (MPI=1) (OMP=8) 
------------------------------------------------------------
------------------------------------------------------------

Serpent 2.1.31 -- Static criticality source simulation

Title: "godiva in a water tank: enrichment = 68.0%, radius = 8.7407 cm" 

Active cycle   20 / 120  Source neutrons :  5067

Running time :                  0:00:09
Estimated running time :        0:00:31
Estimated running time left :   0:00:21

Estimated relative CPU usage :   795.1%

k-eff (analog)    = 1.06105 +/- 0.00370  [1.05379  1.06831]
k-eff (implicit)  = 1.05847 +/- 0.00299  [1.05261  1.06433]

(O4) (MPI=1) (OMP=8) 
------------------------------------------------------------
------------------------------------------------------------

Serpent 2.1.31 -- Static criticality source simulation

Title: "godiva in a water tank: enrichment = 68.0%, radius = 8.7407 cm" 

Active cycle   21 / 120  Source neutrons :  4858

Running time :                  0:00:09
Estimated running time :        0:00:30
Estimated running time left :   0:00:21

Estimated relative CPU usage :   795.7%

k-eff (analog)    = 1.06043 +/- 0.00358  [1.05342  1.06744]
k-eff (implicit)  = 1.06002 +/- 0.00324  [1.05367  1.06636]

(O4) (MPI=1) (OMP=8) 
------------------------------------------------------------
------------------------------------------------------------

Serpent 2.1.31 -- Static criticality source simulation

Title: "godiva in a water tank: enrichment = 68.0%, radius = 8.7407 cm" 

Active cycle   22 / 120  Source neutrons :  5154

Running time :                  0:00:10
Estimated running time :        0:00:31
Estimated running time left :   0:00:20

Estimated relative CPU usage :   799.5%

k-eff (analog)    = 1.06133 +/- 0.00353  [1.05442  1.06825]
k-eff (implicit)  = 1.05958 +/- 0.00312  [1.05347  1.06569]

(O4) (MPI=1) (OMP=8) 
------------------------------------------------------------
------------------------------------------------------------

Serpent 2.1.31 -- Static criticality source simulation

Title: "godiva in a water tank: enrichment = 68.0%, radius = 8.7407 cm" 

Active cycle   23 / 120  Source neutrons :  4813

Running time :                  0:00:10
Estimated running time :        0:00:30
Estimated running time left :   0:00:20

Estimated relative CPU usage :   790.6%

k-eff (analog)    = 1.06040 +/- 0.00350  [1.05355  1.06726]
k-eff (implicit)  = 1.05984 +/- 0.00299  [1.05398  1.06570]

(O4) (MPI=1) (OMP=8) 
------------------------------------------------------------
------------------------------------------------------------

Serpent 2.1.31 -- Static criticality source simulation

Title: "godiva in a water tank: enrichment = 68.0%, radius = 8.7407 cm" 

Active cycle   24 / 120  Source neutrons :  5171

Running time :                  0:00:10
Estimated running time :        0:00:31
Estimated running time left :   0:00:20

Estimated relative CPU usage :   795.4%

k-eff (analog)    = 1.06103 +/- 0.00341  [1.05435  1.06771]
k-eff (implicit)  = 1.05969 +/- 0.00287  [1.05406  1.06531]

(O4) (MPI=1) (OMP=8) 
------------------------------------------------------------
------------------------------------------------------------

Serpent 2.1.31 -- Static criticality source simulation

Title: "godiva in a water tank: enrichment = 68.0%, radius = 8.7407 cm" 

Active cycle   25 / 120  Source neutrons :  4886

Running time :                  0:00:10
Estimated running time :        0:00:30
Estimated running time left :   0:00:20

Estimated relative CPU usage :   794.2%

k-eff (analog)    = 1.06063 +/- 0.00329  [1.05418  1.06708]
k-eff (implicit)  = 1.06023 +/- 0.00280  [1.05473  1.06572]

(O4) (MPI=1) (OMP=8) 
------------------------------------------------------------
------------------------------------------------------------

Serpent 2.1.31 -- Static criticality source simulation

Title: "godiva in a water tank: enrichment = 68.0%, radius = 8.7407 cm" 

Active cycle   26 / 120  Source neutrons :  5309

Running time :                  0:00:10
Estimated running time :        0:00:31
Estimated running time left :   0:00:20

Estimated relative CPU usage :   798.7%

k-eff (analog)    = 1.06276 +/- 0.00381  [1.05529  1.07023]
k-eff (implicit)  = 1.06036 +/- 0.00270  [1.05508  1.06565]

(O4) (MPI=1) (OMP=8) 
------------------------------------------------------------
------------------------------------------------------------

Serpent 2.1.31 -- Static criticality source simulation

Title: "godiva in a water tank: enrichment = 68.0%, radius = 8.7407 cm" 

Active cycle   27 / 120  Source neutrons :  4679

Running time :                  0:00:11
Estimated running time :        0:00:30
Estimated running time left :   0:00:19

Estimated relative CPU usage :   792.0%

k-eff (analog)    = 1.06207 +/- 0.00373  [1.05476  1.06939]
k-eff (implicit)  = 1.06100 +/- 0.00267  [1.05576  1.06623]

(O4) (MPI=1) (OMP=8) 
------------------------------------------------------------
------------------------------------------------------------

Serpent 2.1.31 -- Static criticality source simulation

Title: "godiva in a water tank: enrichment = 68.0%, radius = 8.7407 cm" 

Active cycle   28 / 120  Source neutrons :  5148

Running time :                  0:00:11
Estimated running time :        0:00:30
Estimated running time left :   0:00:19

Estimated relative CPU usage :   796.0%

k-eff (analog)    = 1.06254 +/- 0.00363  [1.05543  1.06965]
k-eff (implicit)  = 1.06126 +/- 0.00259  [1.05619  1.06633]

(O4) (MPI=1) (OMP=8) 
------------------------------------------------------------
------------------------------------------------------------

Serpent 2.1.31 -- Static criticality source simulation

Title: "godiva in a water tank: enrichment = 68.0%, radius = 8.7407 cm" 

Active cycle   29 / 120  Source neutrons :  4884

Running time :                  0:00:11
Estimated running time :        0:00:30
Estimated running time left :   0:00:19

Estimated relative CPU usage :   799.2%

k-eff (analog)    = 1.06212 +/- 0.00352  [1.05521  1.06903]
k-eff (implicit)  = 1.06070 +/- 0.00256  [1.05568  1.06572]

(O4) (MPI=1) (OMP=8) 
------------------------------------------------------------
------------------------------------------------------------

Serpent 2.1.31 -- Static criticality source simulation

Title: "godiva in a water tank: enrichment = 68.0%, radius = 8.7407 cm" 

Active cycle   30 / 120  Source neutrons :  4906

Running time :                  0:00:11
Estimated running time :        0:00:30
Estimated running time left :   0:00:19

Estimated relative CPU usage :   795.7%

k-eff (analog)    = 1.06106 +/- 0.00356  [1.05408  1.06805]
k-eff (implicit)  = 1.06104 +/- 0.00250  [1.05615  1.06593]

(O4) (MPI=1) (OMP=8) 
------------------------------------------------------------
------------------------------------------------------------

Serpent 2.1.31 -- Static criticality source simulation

Title: "godiva in a water tank: enrichment = 68.0%, radius = 8.7407 cm" 

Active cycle   31 / 120  Source neutrons :  5281

Running time :                  0:00:11
Estimated running time :        0:00:30
Estimated running time left :   0:00:19

Estimated relative CPU usage :   795.7%

k-eff (analog)    = 1.06195 +/- 0.00356  [1.05497  1.06892]
k-eff (implicit)  = 1.06098 +/- 0.00242  [1.05624  1.06571]

(O4) (MPI=1) (OMP=8) 
------------------------------------------------------------
------------------------------------------------------------

Serpent 2.1.31 -- Static criticality source simulation

Title: "godiva in a water tank: enrichment = 68.0%, radius = 8.7407 cm" 

Active cycle   32 / 120  Source neutrons :  4818

Running time :                  0:00:12
Estimated running time :        0:00:30
Estimated running time left :   0:00:18

Estimated relative CPU usage :   796.0%

k-eff (analog)    = 1.06153 +/- 0.00347  [1.05473  1.06834]
k-eff (implicit)  = 1.06160 +/- 0.00242  [1.05686  1.06635]

(O4) (MPI=1) (OMP=8) 
------------------------------------------------------------
------------------------------------------------------------

Serpent 2.1.31 -- Static criticality source simulation

Title: "godiva in a water tank: enrichment = 68.0%, radius = 8.7407 cm" 

Active cycle   33 / 120  Source neutrons :  5157

Running time :                  0:00:12
Estimated running time :        0:00:30
Estimated running time left :   0:00:18

Estimated relative CPU usage :   795.7%

k-eff (analog)    = 1.06215 +/- 0.00342  [1.05545  1.06885]
k-eff (implicit)  = 1.06185 +/- 0.00236  [1.05723  1.06648]

(O4) (MPI=1) (OMP=8) 
------------------------------------------------------------
------------------------------------------------------------

Serpent 2.1.31 -- Static criticality source simulation

Title: "godiva in a water tank: enrichment = 68.0%, radius = 8.7407 cm" 

Active cycle   34 / 120  Source neutrons :  4966

Running time :                  0:00:12
Estimated running time :        0:00:30
Estimated running time left :   0:00:18

Estimated relative CPU usage :   795.8%

k-eff (analog)    = 1.06251 +/- 0.00334  [1.05597  1.06904]
k-eff (implicit)  = 1.06127 +/- 0.00236  [1.05663  1.06590]

(O4) (MPI=1) (OMP=8) 
------------------------------------------------------------
------------------------------------------------------------

Serpent 2.1.31 -- Static criticality source simulation

Title: "godiva in a water tank: enrichment = 68.0%, radius = 8.7407 cm" 

Active cycle   35 / 120  Source neutrons :  4914

Running time :                  0:00:12
Estimated running time :        0:00:30
Estimated running time left :   0:00:18

Estimated relative CPU usage :   798.8%

k-eff (analog)    = 1.06232 +/- 0.00324  [1.05596  1.06868]
k-eff (implicit)  = 1.06154 +/- 0.00231  [1.05701  1.06608]

(O4) (MPI=1) (OMP=8) 
------------------------------------------------------------
------------------------------------------------------------

Serpent 2.1.31 -- Static criticality source simulation

Title: "godiva in a water tank: enrichment = 68.0%, radius = 8.7407 cm" 

Active cycle   36 / 120  Source neutrons :  5001

Running time :                  0:00:13
Estimated running time :        0:00:30
Estimated running time left :   0:00:17

Estimated relative CPU usage :   792.5%

k-eff (analog)    = 1.06214 +/- 0.00316  [1.05596  1.06833]
k-eff (implicit)  = 1.06110 +/- 0.00229  [1.05661  1.06559]

(O4) (MPI=1) (OMP=8) 
------------------------------------------------------------
------------------------------------------------------------

Serpent 2.1.31 -- Static criticality source simulation

Title: "godiva in a water tank: enrichment = 68.0%, radius = 8.7407 cm" 

Active cycle   37 / 120  Source neutrons :  4921

Running time :                  0:00:13
Estimated running time :        0:00:30
Estimated running time left :   0:00:17

Estimated relative CPU usage :   795.0%

k-eff (analog)    = 1.06153 +/- 0.00313  [1.05539  1.06767]
k-eff (implicit)  = 1.06039 +/- 0.00234  [1.05580  1.06497]

(O4) (MPI=1) (OMP=8) 
------------------------------------------------------------
------------------------------------------------------------

Serpent 2.1.31 -- Static criticality source simulation

Title: "godiva in a water tank: enrichment = 68.0%, radius = 8.7407 cm" 

Active cycle   38 / 120  Source neutrons :  5059

Running time :                  0:00:13
Estimated running time :        0:00:30
Estimated running time left :   0:00:17

Estimated relative CPU usage :   795.5%

k-eff (analog)    = 1.06127 +/- 0.00306  [1.05527  1.06727]
k-eff (implicit)  = 1.06028 +/- 0.00228  [1.05581  1.06475]

(O4) (MPI=1) (OMP=8) 
------------------------------------------------------------
------------------------------------------------------------

Serpent 2.1.31 -- Static criticality source simulation

Title: "godiva in a water tank: enrichment = 68.0%, radius = 8.7407 cm" 

Active cycle   39 / 120  Source neutrons :  4909

Running time :                  0:00:13
Estimated running time :        0:00:30
Estimated running time left :   0:00:17

Estimated relative CPU usage :   796.6%

k-eff (analog)    = 1.06053 +/- 0.00307  [1.05452  1.06655]
k-eff (implicit)  = 1.06088 +/- 0.00230  [1.05637  1.06539]

(O4) (MPI=1) (OMP=8) 
------------------------------------------------------------
------------------------------------------------------------

Serpent 2.1.31 -- Static criticality source simulation

Title: "godiva in a water tank: enrichment = 68.0%, radius = 8.7407 cm" 

Active cycle   40 / 120  Source neutrons :  5235

Running time :                  0:00:13
Estimated running time :        0:00:31
Estimated running time left :   0:00:17

Estimated relative CPU usage :   792.9%

k-eff (analog)    = 1.06105 +/- 0.00304  [1.05510  1.06700]
k-eff (implicit)  = 1.06033 +/- 0.00231  [1.05581  1.06485]

(O4) (MPI=1) (OMP=8) 
------------------------------------------------------------
------------------------------------------------------------

Serpent 2.1.31 -- Static criticality source simulation

Title: "godiva in a water tank: enrichment = 68.0%, radius = 8.7407 cm" 

Active cycle   41 / 120  Source neutrons :  4810

Running time :                  0:00:14
Estimated running time :        0:00:31
Estimated running time left :   0:00:16

Estimated relative CPU usage :   794.3%

k-eff (analog)    = 1.06053 +/- 0.00301  [1.05464  1.06642]
k-eff (implicit)  = 1.06036 +/- 0.00225  [1.05595  1.06477]

(O4) (MPI=1) (OMP=8) 
------------------------------------------------------------
------------------------------------------------------------

Serpent 2.1.31 -- Static criticality source simulation

Title: "godiva in a water tank: enrichment = 68.0%, radius = 8.7407 cm" 

Active cycle   42 / 120  Source neutrons :  4948

Running time :                  0:00:14
Estimated running time :        0:00:31
Estimated running time left :   0:00:16

Estimated relative CPU usage :   799.0%

k-eff (analog)    = 1.05979 +/- 0.00303  [1.05386  1.06572]
k-eff (implicit)  = 1.05993 +/- 0.00224  [1.05555  1.06432]

(O4) (MPI=1) (OMP=8) 
------------------------------------------------------------
------------------------------------------------------------

Serpent 2.1.31 -- Static criticality source simulation

Title: "godiva in a water tank: enrichment = 68.0%, radius = 8.7407 cm" 

Active cycle   43 / 120  Source neutrons :  5239

Running time :                  0:00:14
Estimated running time :        0:00:31
Estimated running time left :   0:00:16

Estimated relative CPU usage :   792.3%

k-eff (analog)    = 1.06022 +/- 0.00299  [1.05437  1.06607]
k-eff (implicit)  = 1.06007 +/- 0.00219  [1.05578  1.06435]

(O4) (MPI=1) (OMP=8) 
------------------------------------------------------------
------------------------------------------------------------

Serpent 2.1.31 -- Static criticality source simulation

Title: "godiva in a water tank: enrichment = 68.0%, radius = 8.7407 cm" 

Active cycle   44 / 120  Source neutrons :  4935

Running time :                  0:00:14
Estimated running time :        0:00:31
Estimated running time left :   0:00:16

Estimated relative CPU usage :   794.6%

k-eff (analog)    = 1.06031 +/- 0.00292  [1.05459  1.06604]
k-eff (implicit)  = 1.06001 +/- 0.00214  [1.05582  1.06420]

(O4) (MPI=1) (OMP=8) 
------------------------------------------------------------
------------------------------------------------------------

Serpent 2.1.31 -- Static criticality source simulation

Title: "godiva in a water tank: enrichment = 68.0%, radius = 8.7407 cm" 

Active cycle   45 / 120  Source neutrons :  4936

Running time :                  0:00:14
Estimated running time :        0:00:31
Estimated running time left :   0:00:16

Estimated relative CPU usage :   795.0%

k-eff (analog)    = 1.06010 +/- 0.00286  [1.05449  1.06571]
k-eff (implicit)  = 1.05969 +/- 0.00212  [1.05554  1.06383]

(O4) (MPI=1) (OMP=8) 
------------------------------------------------------------
------------------------------------------------------------

Serpent 2.1.31 -- Static criticality source simulation

Title: "godiva in a water tank: enrichment = 68.0%, radius = 8.7407 cm" 

Active cycle   46 / 120  Source neutrons :  4930

Running time :                  0:00:15
Estimated running time :        0:00:31
Estimated running time left :   0:00:15

Estimated relative CPU usage :   792.5%

k-eff (analog)    = 1.05958 +/- 0.00285  [1.05400  1.06516]
k-eff (implicit)  = 1.05905 +/- 0.00217  [1.05480  1.06329]

(O4) (MPI=1) (OMP=8) 
------------------------------------------------------------
------------------------------------------------------------

Serpent 2.1.31 -- Static criticality source simulation

Title: "godiva in a water tank: enrichment = 68.0%, radius = 8.7407 cm" 

Active cycle   47 / 120  Source neutrons :  5052

Running time :                  0:00:15
Estimated running time :        0:00:31
Estimated running time left :   0:00:15

Estimated relative CPU usage :   799.3%

k-eff (analog)    = 1.05931 +/- 0.00280  [1.05382  1.06479]
k-eff (implicit)  = 1.05891 +/- 0.00212  [1.05474  1.06307]

(O4) (MPI=1) (OMP=8) 
------------------------------------------------------------
------------------------------------------------------------

Serpent 2.1.31 -- Static criticality source simulation

Title: "godiva in a water tank: enrichment = 68.0%, radius = 8.7407 cm" 

Active cycle   48 / 120  Source neutrons :  4976

Running time :                  0:00:15
Estimated running time :        0:00:31
Estimated running time left :   0:00:15

Estimated relative CPU usage :   792.0%

k-eff (analog)    = 1.05894 +/- 0.00276  [1.05352  1.06436]
k-eff (implicit)  = 1.05898 +/- 0.00208  [1.05490  1.06305]

(O4) (MPI=1) (OMP=8) 
------------------------------------------------------------
------------------------------------------------------------

Serpent 2.1.31 -- Static criticality source simulation

Title: "godiva in a water tank: enrichment = 68.0%, radius = 8.7407 cm" 

Active cycle   49 / 120  Source neutrons :  5094

Running time :                  0:00:15
Estimated running time :        0:00:31
Estimated running time left :   0:00:15

Estimated relative CPU usage :   795.4%

k-eff (analog)    = 1.05899 +/- 0.00271  [1.05368  1.06430]
k-eff (implicit)  = 1.05926 +/- 0.00206  [1.05523  1.06329]

(O4) (MPI=1) (OMP=8) 
------------------------------------------------------------
------------------------------------------------------------

Serpent 2.1.31 -- Static criticality source simulation

Title: "godiva in a water tank: enrichment = 68.0%, radius = 8.7407 cm" 

Active cycle   50 / 120  Source neutrons :  5096

Running time :                  0:00:16
Estimated running time :        0:00:31
Estimated running time left :   0:00:15

Estimated relative CPU usage :   796.1%

k-eff (analog)    = 1.05944 +/- 0.00269  [1.05417  1.06472]
k-eff (implicit)  = 1.05952 +/- 0.00203  [1.05554  1.06351]

(O4) (MPI=1) (OMP=8) 
------------------------------------------------------------
------------------------------------------------------------

Serpent 2.1.31 -- Static criticality source simulation

Title: "godiva in a water tank: enrichment = 68.0%, radius = 8.7407 cm" 

Active cycle   51 / 120  Source neutrons :  5024

Running time :                  0:00:16
Estimated running time :        0:00:31
Estimated running time left :   0:00:14

Estimated relative CPU usage :   789.5%

k-eff (analog)    = 1.05998 +/- 0.00269  [1.05470  1.06526]
k-eff (implicit)  = 1.05969 +/- 0.00200  [1.05577  1.06361]

(O4) (MPI=1) (OMP=8) 
------------------------------------------------------------
------------------------------------------------------------

Serpent 2.1.31 -- Static criticality source simulation

Title: "godiva in a water tank: enrichment = 68.0%, radius = 8.7407 cm" 

Active cycle   52 / 120  Source neutrons :  4900

Running time :                  0:00:16
Estimated running time :        0:00:31
Estimated running time left :   0:00:14

Estimated relative CPU usage :   796.1%

k-eff (analog)    = 1.06008 +/- 0.00264  [1.05490  1.06526]
k-eff (implicit)  = 1.05967 +/- 0.00196  [1.05583  1.06352]

(O4) (MPI=1) (OMP=8) 
------------------------------------------------------------
------------------------------------------------------------

Serpent 2.1.31 -- Static criticality source simulation

Title: "godiva in a water tank: enrichment = 68.0%, radius = 8.7407 cm" 

Active cycle   53 / 120  Source neutrons :  4807

Running time :                  0:00:16
Estimated running time :        0:00:31
Estimated running time left :   0:00:14

Estimated relative CPU usage :   792.7%

k-eff (analog)    = 1.05940 +/- 0.00268  [1.05415  1.06466]
k-eff (implicit)  = 1.05964 +/- 0.00192  [1.05587  1.06341]

(O4) (MPI=1) (OMP=8) 
------------------------------------------------------------
------------------------------------------------------------

Serpent 2.1.31 -- Static criticality source simulation

Title: "godiva in a water tank: enrichment = 68.0%, radius = 8.7407 cm" 

Active cycle   54 / 120  Source neutrons :  5077

Running time :                  0:00:16
Estimated running time :        0:00:31
Estimated running time left :   0:00:14

Estimated relative CPU usage :   797.6%

k-eff (analog)    = 1.05904 +/- 0.00265  [1.05384  1.06424]
k-eff (implicit)  = 1.05974 +/- 0.00189  [1.05603  1.06344]

(O4) (MPI=1) (OMP=8) 
------------------------------------------------------------
------------------------------------------------------------

Serpent 2.1.31 -- Static criticality source simulation

Title: "godiva in a water tank: enrichment = 68.0%, radius = 8.7407 cm" 

Active cycle   55 / 120  Source neutrons :  5233

Running time :                  0:00:17
Estimated running time :        0:00:31
Estimated running time left :   0:00:13

Estimated relative CPU usage :   798.2%

k-eff (analog)    = 1.05957 +/- 0.00266  [1.05436  1.06479]
k-eff (implicit)  = 1.05908 +/- 0.00197  [1.05522  1.06294]

(O4) (MPI=1) (OMP=8) 
------------------------------------------------------------
------------------------------------------------------------

Serpent 2.1.31 -- Static criticality source simulation

Title: "godiva in a water tank: enrichment = 68.0%, radius = 8.7407 cm" 

Active cycle   56 / 120  Source neutrons :  4803

Running time :                  0:00:17
Estimated running time :        0:00:31
Estimated running time left :   0:00:13

Estimated relative CPU usage :   791.7%

k-eff (analog)    = 1.05932 +/- 0.00262  [1.05418  1.06446]
k-eff (implicit)  = 1.05904 +/- 0.00193  [1.05525  1.06283]

(O4) (MPI=1) (OMP=8) 
------------------------------------------------------------
------------------------------------------------------------

Serpent 2.1.31 -- Static criticality source simulation

Title: "godiva in a water tank: enrichment = 68.0%, radius = 8.7407 cm" 

Active cycle   57 / 120  Source neutrons :  5144

Running time :                  0:00:17
Estimated running time :        0:00:31
Estimated running time left :   0:00:13

Estimated relative CPU usage :   795.7%

k-eff (analog)    = 1.05960 +/- 0.00259  [1.05452  1.06469]
k-eff (implicit)  = 1.05907 +/- 0.00190  [1.05534  1.06279]

(O4) (MPI=1) (OMP=8) 
------------------------------------------------------------
------------------------------------------------------------

Serpent 2.1.31 -- Static criticality source simulation

Title: "godiva in a water tank: enrichment = 68.0%, radius = 8.7407 cm" 

Active cycle   58 / 120  Source neutrons :  4880

Running time :                  0:00:17
Estimated running time :        0:00:31
Estimated running time left :   0:00:13

Estimated relative CPU usage :   796.4%

k-eff (analog)    = 1.05943 +/- 0.00255  [1.05443  1.06444]
k-eff (implicit)  = 1.05923 +/- 0.00187  [1.05556  1.06291]

(O4) (MPI=1) (OMP=8) 
------------------------------------------------------------
------------------------------------------------------------

Serpent 2.1.31 -- Static criticality source simulation

Title: "godiva in a water tank: enrichment = 68.0%, radius = 8.7407 cm" 

Active cycle   59 / 120  Source neutrons :  4955

Running time :                  0:00:18
Estimated running time :        0:00:31
Estimated running time left :   0:00:13

Estimated relative CPU usage :   795.8%

k-eff (analog)    = 1.05911 +/- 0.00253  [1.05415  1.06407]
k-eff (implicit)  = 1.05896 +/- 0.00186  [1.05531  1.06261]

(O4) (MPI=1) (OMP=8) 
------------------------------------------------------------
------------------------------------------------------------

Serpent 2.1.31 -- Static criticality source simulation

Title: "godiva in a water tank: enrichment = 68.0%, radius = 8.7407 cm" 

Active cycle   60 / 120  Source neutrons :  5103

Running time :                  0:00:18
Estimated running time :        0:00:31
Estimated running time left :   0:00:12

Estimated relative CPU usage :   791.0%

k-eff (analog)    = 1.05915 +/- 0.00249  [1.05427  1.06403]
k-eff (implicit)  = 1.05912 +/- 0.00184  [1.05551  1.06272]

(O4) (MPI=1) (OMP=8) 
------------------------------------------------------------
------------------------------------------------------------

Serpent 2.1.31 -- Static criticality source simulation

Title: "godiva in a water tank: enrichment = 68.0%, radius = 8.7407 cm" 

Active cycle   61 / 120  Source neutrons :  5089

Running time :                  0:00:18
Estimated running time :        0:00:31
Estimated running time left :   0:00:12

Estimated relative CPU usage :   797.7%

k-eff (analog)    = 1.05950 +/- 0.00247  [1.05466  1.06435]
k-eff (implicit)  = 1.05937 +/- 0.00183  [1.05579  1.06295]

(O4) (MPI=1) (OMP=8) 
------------------------------------------------------------
------------------------------------------------------------

Serpent 2.1.31 -- Static criticality source simulation

Title: "godiva in a water tank: enrichment = 68.0%, radius = 8.7407 cm" 

Active cycle   62 / 120  Source neutrons :  5044

Running time :                  0:00:18
Estimated running time :        0:00:31
Estimated running time left :   0:00:12

Estimated relative CPU usage :   793.2%

k-eff (analog)    = 1.06000 +/- 0.00248  [1.05513  1.06486]
k-eff (implicit)  = 1.05933 +/- 0.00180  [1.05581  1.06285]

(O4) (MPI=1) (OMP=8) 
------------------------------------------------------------
------------------------------------------------------------

Serpent 2.1.31 -- Static criticality source simulation

Title: "godiva in a water tank: enrichment = 68.0%, radius = 8.7407 cm" 

Active cycle   63 / 120  Source neutrons :  5028

Running time :                  0:00:18
Estimated running time :        0:00:31
Estimated running time left :   0:00:12

Estimated relative CPU usage :   797.7%

k-eff (analog)    = 1.06057 +/- 0.00251  [1.05565  1.06549]
k-eff (implicit)  = 1.05983 +/- 0.00184  [1.05623  1.06344]

(O4) (MPI=1) (OMP=8) 
------------------------------------------------------------
------------------------------------------------------------

Serpent 2.1.31 -- Static criticality source simulation

Title: "godiva in a water tank: enrichment = 68.0%, radius = 8.7407 cm" 

Active cycle   64 / 120  Source neutrons :  4924

Running time :                  0:00:19
Estimated running time :        0:00:31
Estimated running time left :   0:00:12

Estimated relative CPU usage :   792.5%

k-eff (analog)    = 1.06087 +/- 0.00249  [1.05599  1.06574]
k-eff (implicit)  = 1.05994 +/- 0.00181  [1.05639  1.06350]

(O4) (MPI=1) (OMP=8) 
------------------------------------------------------------
------------------------------------------------------------

Serpent 2.1.31 -- Static criticality source simulation

Title: "godiva in a water tank: enrichment = 68.0%, radius = 8.7407 cm" 

Active cycle   65 / 120  Source neutrons :  4776

Running time :                  0:00:19
Estimated running time :        0:00:31
Estimated running time left :   0:00:11

Estimated relative CPU usage :   792.4%

k-eff (analog)    = 1.06041 +/- 0.00249  [1.05553  1.06529]
k-eff (implicit)  = 1.05979 +/- 0.00179  [1.05628  1.06330]

(O4) (MPI=1) (OMP=8) 
------------------------------------------------------------
------------------------------------------------------------

Serpent 2.1.31 -- Static criticality source simulation

Title: "godiva in a water tank: enrichment = 68.0%, radius = 8.7407 cm" 

Active cycle   66 / 120  Source neutrons :  4917

Running time :                  0:00:19
Estimated running time :        0:00:31
Estimated running time left :   0:00:11

Estimated relative CPU usage :   798.1%

k-eff (analog)    = 1.05971 +/- 0.00255  [1.05471  1.06471]
k-eff (implicit)  = 1.05947 +/- 0.00179  [1.05595  1.06298]

(O4) (MPI=1) (OMP=8) 
------------------------------------------------------------
------------------------------------------------------------

Serpent 2.1.31 -- Static criticality source simulation

Title: "godiva in a water tank: enrichment = 68.0%, radius = 8.7407 cm" 

Active cycle   67 / 120  Source neutrons :  5053

Running time :                  0:00:19
Estimated running time :        0:00:31
Estimated running time left :   0:00:11

Estimated relative CPU usage :   795.4%

k-eff (analog)    = 1.05919 +/- 0.00257  [1.05416  1.06422]
k-eff (implicit)  = 1.05944 +/- 0.00177  [1.05597  1.06290]

(O4) (MPI=1) (OMP=8) 
------------------------------------------------------------
------------------------------------------------------------

Serpent 2.1.31 -- Static criticality source simulation

Title: "godiva in a water tank: enrichment = 68.0%, radius = 8.7407 cm" 

Active cycle   68 / 120  Source neutrons :  5102

Running time :                  0:00:20
Estimated running time :        0:00:31
Estimated running time left :   0:00:11

Estimated relative CPU usage :   795.6%

k-eff (analog)    = 1.05899 +/- 0.00254  [1.05402  1.06396]
k-eff (implicit)  = 1.05966 +/- 0.00175  [1.05622  1.06310]

(O4) (MPI=1) (OMP=8) 
------------------------------------------------------------
------------------------------------------------------------

Serpent 2.1.31 -- Static criticality source simulation

Title: "godiva in a water tank: enrichment = 68.0%, radius = 8.7407 cm" 

Active cycle   69 / 120  Source neutrons :  5136

Running time :                  0:00:20
Estimated running time :        0:00:31
Estimated running time left :   0:00:11

Estimated relative CPU usage :   795.7%

k-eff (analog)    = 1.05921 +/- 0.00251  [1.05429  1.06413]
k-eff (implicit)  = 1.06004 +/- 0.00177  [1.05657  1.06351]

(O4) (MPI=1) (OMP=8) 
------------------------------------------------------------
------------------------------------------------------------

Serpent 2.1.31 -- Static criticality source simulation

Title: "godiva in a water tank: enrichment = 68.0%, radius = 8.7407 cm" 

Active cycle   70 / 120  Source neutrons :  5021

Running time :                  0:00:20
Estimated running time :        0:00:31
Estimated running time left :   0:00:10

Estimated relative CPU usage :   795.5%

k-eff (analog)    = 1.05949 +/- 0.00249  [1.05461  1.06437]
k-eff (implicit)  = 1.05976 +/- 0.00177  [1.05629  1.06322]

(O4) (MPI=1) (OMP=8) 
------------------------------------------------------------
------------------------------------------------------------

Serpent 2.1.31 -- Static criticality source simulation

Title: "godiva in a water tank: enrichment = 68.0%, radius = 8.7407 cm" 

Active cycle   71 / 120  Source neutrons :  4823

Running time :                  0:00:20
Estimated running time :        0:00:31
Estimated running time left :   0:00:10

Estimated relative CPU usage :   799.4%

k-eff (analog)    = 1.05922 +/- 0.00247  [1.05438  1.06406]
k-eff (implicit)  = 1.05970 +/- 0.00174  [1.05629  1.06312]

(O4) (MPI=1) (OMP=8) 
------------------------------------------------------------
------------------------------------------------------------

Serpent 2.1.31 -- Static criticality source simulation

Title: "godiva in a water tank: enrichment = 68.0%, radius = 8.7407 cm" 

Active cycle   72 / 120  Source neutrons :  5113

Running time :                  0:00:20
Estimated running time :        0:00:31
Estimated running time left :   0:00:10

Estimated relative CPU usage :   792.6%

k-eff (analog)    = 1.05929 +/- 0.00243  [1.05452  1.06406]
k-eff (implicit)  = 1.05976 +/- 0.00172  [1.05639  1.06313]

(O4) (MPI=1) (OMP=8) 
------------------------------------------------------------
------------------------------------------------------------

Serpent 2.1.31 -- Static criticality source simulation

Title: "godiva in a water tank: enrichment = 68.0%, radius = 8.7407 cm" 

Active cycle   73 / 120  Source neutrons :  4933

Running time :                  0:00:21
Estimated running time :        0:00:31
Estimated running time left :   0:00:10

Estimated relative CPU usage :   799.0%

k-eff (analog)    = 1.05916 +/- 0.00240  [1.05444  1.06387]
k-eff (implicit)  = 1.05973 +/- 0.00170  [1.05641  1.06306]

(O4) (MPI=1) (OMP=8) 
------------------------------------------------------------
------------------------------------------------------------

Serpent 2.1.31 -- Static criticality source simulation

Title: "godiva in a water tank: enrichment = 68.0%, radius = 8.7407 cm" 

Active cycle   74 / 120  Source neutrons :  5100

Running time :                  0:00:21
Estimated running time :        0:00:31
Estimated running time left :   0:00:09

Estimated relative CPU usage :   792.4%

k-eff (analog)    = 1.05931 +/- 0.00238  [1.05466  1.06397]
k-eff (implicit)  = 1.05965 +/- 0.00168  [1.05636  1.06293]

(O4) (MPI=1) (OMP=8) 
------------------------------------------------------------
------------------------------------------------------------

Serpent 2.1.31 -- Static criticality source simulation

Title: "godiva in a water tank: enrichment = 68.0%, radius = 8.7407 cm" 

Active cycle   75 / 120  Source neutrons :  4925

Running time :                  0:00:21
Estimated running time :        0:00:31
Estimated running time left :   0:00:09

Estimated relative CPU usage :   799.3%

k-eff (analog)    = 1.05925 +/- 0.00235  [1.05465  1.06385]
k-eff (implicit)  = 1.05964 +/- 0.00165  [1.05640  1.06288]

(O4) (MPI=1) (OMP=8) 
------------------------------------------------------------
------------------------------------------------------------

Serpent 2.1.31 -- Static criticality source simulation

Title: "godiva in a water tank: enrichment = 68.0%, radius = 8.7407 cm" 

Active cycle   76 / 120  Source neutrons :  5117

Running time :                  0:00:21
Estimated running time :        0:00:31
Estimated running time left :   0:00:09

Estimated relative CPU usage :   797.1%

k-eff (analog)    = 1.05952 +/- 0.00233  [1.05495  1.06408]
k-eff (implicit)  = 1.05984 +/- 0.00164  [1.05662  1.06306]

(O4) (MPI=1) (OMP=8) 
------------------------------------------------------------
------------------------------------------------------------

Serpent 2.1.31 -- Static criticality source simulation

Title: "godiva in a water tank: enrichment = 68.0%, radius = 8.7407 cm" 

Active cycle   77 / 120  Source neutrons :  4958

Running time :                  0:00:21
Estimated running time :        0:00:31
Estimated running time left :   0:00:09

Estimated relative CPU usage :   794.2%

k-eff (analog)    = 1.05966 +/- 0.00230  [1.05514  1.06417]
k-eff (implicit)  = 1.05969 +/- 0.00163  [1.05650  1.06289]

(O4) (MPI=1) (OMP=8) 
------------------------------------------------------------
------------------------------------------------------------

Serpent 2.1.31 -- Static criticality source simulation

Title: "godiva in a water tank: enrichment = 68.0%, radius = 8.7407 cm" 

Active cycle   78 / 120  Source neutrons :  4832

Running time :                  0:00:22
Estimated running time :        0:00:31
Estimated running time left :   0:00:09

Estimated relative CPU usage :   795.9%

k-eff (analog)    = 1.05933 +/- 0.00230  [1.05483  1.06383]
k-eff (implicit)  = 1.05978 +/- 0.00161  [1.05662  1.06293]

(O4) (MPI=1) (OMP=8) 
------------------------------------------------------------
------------------------------------------------------------

Serpent 2.1.31 -- Static criticality source simulation

Title: "godiva in a water tank: enrichment = 68.0%, radius = 8.7407 cm" 

Active cycle   79 / 120  Source neutrons :  5274

Running time :                  0:00:22
Estimated running time :        0:00:31
Estimated running time left :   0:00:08

Estimated relative CPU usage :   795.6%

k-eff (analog)    = 1.05973 +/- 0.00230  [1.05522  1.06425]
k-eff (implicit)  = 1.05956 +/- 0.00160  [1.05641  1.06270]

(O4) (MPI=1) (OMP=8) 
------------------------------------------------------------
------------------------------------------------------------

Serpent 2.1.31 -- Static criticality source simulation

Title: "godiva in a water tank: enrichment = 68.0%, radius = 8.7407 cm" 

Active cycle   80 / 120  Source neutrons :  4711

Running time :                  0:00:22
Estimated running time :        0:00:31
Estimated running time left :   0:00:08

Estimated relative CPU usage :   797.4%

k-eff (analog)    = 1.05934 +/- 0.00231  [1.05481  1.06386]
k-eff (implicit)  = 1.05946 +/- 0.00159  [1.05635  1.06257]

(O4) (MPI=1) (OMP=8) 
------------------------------------------------------------
------------------------------------------------------------

Serpent 2.1.31 -- Static criticality source simulation

Title: "godiva in a water tank: enrichment = 68.0%, radius = 8.7407 cm" 

Active cycle   81 / 120  Source neutrons :  5123

Running time :                  0:00:22
Estimated running time :        0:00:31
Estimated running time left :   0:00:08

Estimated relative CPU usage :   795.4%

k-eff (analog)    = 1.05926 +/- 0.00228  [1.05479  1.06373]
k-eff (implicit)  = 1.05948 +/- 0.00157  [1.05641  1.06255]

(O4) (MPI=1) (OMP=8) 
------------------------------------------------------------
------------------------------------------------------------

Serpent 2.1.31 -- Static criticality source simulation

Title: "godiva in a water tank: enrichment = 68.0%, radius = 8.7407 cm" 

Active cycle   82 / 120  Source neutrons :  5101

Running time :                  0:00:23
Estimated running time :        0:00:31
Estimated running time left :   0:00:08

Estimated relative CPU usage :   792.6%

k-eff (analog)    = 1.05945 +/- 0.00226  [1.05502  1.06388]
k-eff (implicit)  = 1.05938 +/- 0.00155  [1.05634  1.06242]

(O4) (MPI=1) (OMP=8) 
------------------------------------------------------------
------------------------------------------------------------

Serpent 2.1.31 -- Static criticality source simulation

Title: "godiva in a water tank: enrichment = 68.0%, radius = 8.7407 cm" 

Active cycle   83 / 120  Source neutrons :  4896

Running time :                  0:00:23
Estimated running time :        0:00:31
Estimated running time left :   0:00:08

Estimated relative CPU usage :   795.8%

k-eff (analog)    = 1.05936 +/- 0.00223  [1.05498  1.06374]
k-eff (implicit)  = 1.05916 +/- 0.00155  [1.05612  1.06219]

(O4) (MPI=1) (OMP=8) 
------------------------------------------------------------
------------------------------------------------------------

Serpent 2.1.31 -- Static criticality source simulation

Title: "godiva in a water tank: enrichment = 68.0%, radius = 8.7407 cm" 

Active cycle   84 / 120  Source neutrons :  5073

Running time :                  0:00:23
Estimated running time :        0:00:31
Estimated running time left :   0:00:07

Estimated relative CPU usage :   795.4%

k-eff (analog)    = 1.05946 +/- 0.00221  [1.05512  1.06379]
k-eff (implicit)  = 1.05888 +/- 0.00155  [1.05584  1.06193]

(O4) (MPI=1) (OMP=8) 
------------------------------------------------------------
------------------------------------------------------------

Serpent 2.1.31 -- Static criticality source simulation

Title: "godiva in a water tank: enrichment = 68.0%, radius = 8.7407 cm" 

Active cycle   85 / 120  Source neutrons :  4985

Running time :                  0:00:23
Estimated running time :        0:00:31
Estimated running time left :   0:00:07

Estimated relative CPU usage :   799.1%

k-eff (analog)    = 1.05951 +/- 0.00218  [1.05523  1.06379]
k-eff (implicit)  = 1.05917 +/- 0.00156  [1.05611  1.06223]

(O4) (MPI=1) (OMP=8) 
------------------------------------------------------------
------------------------------------------------------------

Serpent 2.1.31 -- Static criticality source simulation

Title: "godiva in a water tank: enrichment = 68.0%, radius = 8.7407 cm" 

Active cycle   86 / 120  Source neutrons :  5006

Running time :                  0:00:23
Estimated running time :        0:00:31
Estimated running time left :   0:00:07

Estimated relative CPU usage :   792.4%

k-eff (analog)    = 1.05958 +/- 0.00216  [1.05535  1.06382]
k-eff (implicit)  = 1.05896 +/- 0.00156  [1.05591  1.06202]

(O4) (MPI=1) (OMP=8) 
------------------------------------------------------------
------------------------------------------------------------

Serpent 2.1.31 -- Static criticality source simulation

Title: "godiva in a water tank: enrichment = 68.0%, radius = 8.7407 cm" 

Active cycle   87 / 120  Source neutrons :  4905

Running time :                  0:00:24
Estimated running time :        0:00:31
Estimated running time left :   0:00:07

Estimated relative CPU usage :   795.9%

k-eff (analog)    = 1.05942 +/- 0.00214  [1.05522  1.06362]
k-eff (implicit)  = 1.05925 +/- 0.00157  [1.05618  1.06232]

(O4) (MPI=1) (OMP=8) 
------------------------------------------------------------
------------------------------------------------------------

Serpent 2.1.31 -- Static criticality source simulation

Title: "godiva in a water tank: enrichment = 68.0%, radius = 8.7407 cm" 

Active cycle   88 / 120  Source neutrons :  5092

Running time :                  0:00:24
Estimated running time :        0:00:31
Estimated running time left :   0:00:06

Estimated relative CPU usage :   793.3%

k-eff (analog)    = 1.05948 +/- 0.00212  [1.05533  1.06363]
k-eff (implicit)  = 1.05936 +/- 0.00155  [1.05632  1.06241]

(O4) (MPI=1) (OMP=8) 
------------------------------------------------------------
------------------------------------------------------------

Serpent 2.1.31 -- Static criticality source simulation

Title: "godiva in a water tank: enrichment = 68.0%, radius = 8.7407 cm" 

Active cycle   89 / 120  Source neutrons :  4926

Running time :                  0:00:24
Estimated running time :        0:00:31
Estimated running time left :   0:00:06

Estimated relative CPU usage :   797.6%

k-eff (analog)    = 1.05936 +/- 0.00210  [1.05525  1.06347]
k-eff (implicit)  = 1.05916 +/- 0.00155  [1.05613  1.06220]

(O4) (MPI=1) (OMP=8) 
------------------------------------------------------------
------------------------------------------------------------

Serpent 2.1.31 -- Static criticality source simulation

Title: "godiva in a water tank: enrichment = 68.0%, radius = 8.7407 cm" 

Active cycle   90 / 120  Source neutrons :  4944

Running time :                  0:00:24
Estimated running time :        0:00:31
Estimated running time left :   0:00:06

Estimated relative CPU usage :   792.7%

k-eff (analog)    = 1.05911 +/- 0.00209  [1.05502  1.06321]
k-eff (implicit)  = 1.05917 +/- 0.00153  [1.05617  1.06217]

(O4) (MPI=1) (OMP=8) 
------------------------------------------------------------
------------------------------------------------------------

Serpent 2.1.31 -- Static criticality source simulation

Title: "godiva in a water tank: enrichment = 68.0%, radius = 8.7407 cm" 

Active cycle   91 / 120  Source neutrons :  5120

Running time :                  0:00:25
Estimated running time :        0:00:31
Estimated running time left :   0:00:06

Estimated relative CPU usage :   795.5%

k-eff (analog)    = 1.05914 +/- 0.00207  [1.05509  1.06319]
k-eff (implicit)  = 1.05910 +/- 0.00152  [1.05613  1.06207]

(O4) (MPI=1) (OMP=8) 
------------------------------------------------------------
------------------------------------------------------------

Serpent 2.1.31 -- Static criticality source simulation

Title: "godiva in a water tank: enrichment = 68.0%, radius = 8.7407 cm" 

Active cycle   92 / 120  Source neutrons :  4951

Running time :                  0:00:25
Estimated running time :        0:00:31
Estimated running time left :   0:00:06

Estimated relative CPU usage :   796.3%

k-eff (analog)    = 1.05906 +/- 0.00204  [1.05505  1.06307]
k-eff (implicit)  = 1.05924 +/- 0.00150  [1.05629  1.06219]

(O4) (MPI=1) (OMP=8) 
------------------------------------------------------------
------------------------------------------------------------

Serpent 2.1.31 -- Static criticality source simulation

Title: "godiva in a water tank: enrichment = 68.0%, radius = 8.7407 cm" 

Active cycle   93 / 120  Source neutrons :  5089

Running time :                  0:00:25
Estimated running time :        0:00:31
Estimated running time left :   0:00:05

Estimated relative CPU usage :   797.9%

k-eff (analog)    = 1.05918 +/- 0.00203  [1.05521  1.06315]
k-eff (implicit)  = 1.05894 +/- 0.00152  [1.05596  1.06191]

(O4) (MPI=1) (OMP=8) 
------------------------------------------------------------
------------------------------------------------------------

Serpent 2.1.31 -- Static criticality source simulation

Title: "godiva in a water tank: enrichment = 68.0%, radius = 8.7407 cm" 

Active cycle   94 / 120  Source neutrons :  4832

Running time :                  0:00:25
Estimated running time :        0:00:31
Estimated running time left :   0:00:05

Estimated relative CPU usage :   792.6%

k-eff (analog)    = 1.05892 +/- 0.00202  [1.05495  1.06288]
k-eff (implicit)  = 1.05884 +/- 0.00151  [1.05589  1.06179]

(O4) (MPI=1) (OMP=8) 
------------------------------------------------------------
------------------------------------------------------------

Serpent 2.1.31 -- Static criticality source simulation

Title: "godiva in a water tank: enrichment = 68.0%, radius = 8.7407 cm" 

Active cycle   95 / 120  Source neutrons :  5129

Running time :                  0:00:25
Estimated running time :        0:00:31
Estimated running time left :   0:00:05

Estimated relative CPU usage :   795.8%

k-eff (analog)    = 1.05894 +/- 0.00200  [1.05502  1.06286]
k-eff (implicit)  = 1.05887 +/- 0.00149  [1.05595  1.06179]

(O4) (MPI=1) (OMP=8) 
------------------------------------------------------------
------------------------------------------------------------

Serpent 2.1.31 -- Static criticality source simulation

Title: "godiva in a water tank: enrichment = 68.0%, radius = 8.7407 cm" 

Active cycle   96 / 120  Source neutrons :  4911

Running time :                  0:00:26
Estimated running time :        0:00:31
Estimated running time left :   0:00:05

Estimated relative CPU usage :   795.1%

k-eff (analog)    = 1.05876 +/- 0.00199  [1.05487  1.06266]
k-eff (implicit)  = 1.05865 +/- 0.00149  [1.05573  1.06157]

(O4) (MPI=1) (OMP=8) 
------------------------------------------------------------
------------------------------------------------------------

Serpent 2.1.31 -- Static criticality source simulation

Title: "godiva in a water tank: enrichment = 68.0%, radius = 8.7407 cm" 

Active cycle   97 / 120  Source neutrons :  5057

Running time :                  0:00:26
Estimated running time :        0:00:31
Estimated running time left :   0:00:04

Estimated relative CPU usage :   792.7%

k-eff (analog)    = 1.05871 +/- 0.00197  [1.05486  1.06257]
k-eff (implicit)  = 1.05856 +/- 0.00148  [1.05567  1.06146]

(O4) (MPI=1) (OMP=8) 
------------------------------------------------------------
------------------------------------------------------------

Serpent 2.1.31 -- Static criticality source simulation

Title: "godiva in a water tank: enrichment = 68.0%, radius = 8.7407 cm" 

Active cycle   98 / 120  Source neutrons :  4860

Running time :                  0:00:26
Estimated running time :        0:00:31
Estimated running time left :   0:00:04

Estimated relative CPU usage :   799.2%

k-eff (analog)    = 1.05837 +/- 0.00198  [1.05449  1.06224]
k-eff (implicit)  = 1.05850 +/- 0.00146  [1.05563  1.06137]

(O4) (MPI=1) (OMP=8) 
------------------------------------------------------------
------------------------------------------------------------

Serpent 2.1.31 -- Static criticality source simulation

Title: "godiva in a water tank: enrichment = 68.0%, radius = 8.7407 cm" 

Active cycle   99 / 120  Source neutrons :  5057

Running time :                  0:00:26
Estimated running time :        0:00:31
Estimated running time left :   0:00:04

Estimated relative CPU usage :   792.0%

k-eff (analog)    = 1.05814 +/- 0.00197  [1.05428  1.06200]
k-eff (implicit)  = 1.05824 +/- 0.00147  [1.05536  1.06113]

(O4) (MPI=1) (OMP=8) 
------------------------------------------------------------
------------------------------------------------------------

Serpent 2.1.31 -- Static criticality source simulation

Title: "godiva in a water tank: enrichment = 68.0%, radius = 8.7407 cm" 

Active cycle  100 / 120  Source neutrons :  4909

Running time :                  0:00:27
Estimated running time :        0:00:31
Estimated running time left :   0:00:04

Estimated relative CPU usage :   795.0%

k-eff (analog)    = 1.05773 +/- 0.00199  [1.05383  1.06164]
k-eff (implicit)  = 1.05810 +/- 0.00146  [1.05524  1.06097]

(O4) (MPI=1) (OMP=8) 
------------------------------------------------------------
------------------------------------------------------------

Serpent 2.1.31 -- Static criticality source simulation

Title: "godiva in a water tank: enrichment = 68.0%, radius = 8.7407 cm" 

Active cycle  101 / 120  Source neutrons :  5258

Running time :                  0:00:27
Estimated running time :        0:00:31
Estimated running time left :   0:00:04

Estimated relative CPU usage :   786.2%

k-eff (analog)    = 1.05785 +/- 0.00198  [1.05398  1.06173]
k-eff (implicit)  = 1.05805 +/- 0.00145  [1.05521  1.06089]

(O4) (MPI=1) (OMP=8) 
------------------------------------------------------------
------------------------------------------------------------

Serpent 2.1.31 -- Static criticality source simulation

Title: "godiva in a water tank: enrichment = 68.0%, radius = 8.7407 cm" 

Active cycle  102 / 120  Source neutrons :  4945

Running time :                  0:00:27
Estimated running time :        0:00:31
Estimated running time left :   0:00:03

Estimated relative CPU usage :   794.9%

k-eff (analog)    = 1.05785 +/- 0.00196  [1.05402  1.06169]
k-eff (implicit)  = 1.05825 +/- 0.00145  [1.05541  1.06109]

(O4) (MPI=1) (OMP=8) 
------------------------------------------------------------
------------------------------------------------------------

Serpent 2.1.31 -- Static criticality source simulation

Title: "godiva in a water tank: enrichment = 68.0%, radius = 8.7407 cm" 

Active cycle  103 / 120  Source neutrons :  5022

Running time :                  0:00:27
Estimated running time :        0:00:31
Estimated running time left :   0:00:03

Estimated relative CPU usage :   796.0%

k-eff (analog)    = 1.05790 +/- 0.00194  [1.05410  1.06170]
k-eff (implicit)  = 1.05825 +/- 0.00143  [1.05544  1.06106]

(O4) (MPI=1) (OMP=8) 
------------------------------------------------------------
------------------------------------------------------------

Serpent 2.1.31 -- Static criticality source simulation

Title: "godiva in a water tank: enrichment = 68.0%, radius = 8.7407 cm" 

Active cycle  104 / 120  Source neutrons :  5110

Running time :                  0:00:27
Estimated running time :        0:00:31
Estimated running time left :   0:00:03

Estimated relative CPU usage :   796.0%

k-eff (analog)    = 1.05817 +/- 0.00194  [1.05437  1.06197]
k-eff (implicit)  = 1.05817 +/- 0.00142  [1.05539  1.06096]

(O4) (MPI=1) (OMP=8) 
------------------------------------------------------------
------------------------------------------------------------

Serpent 2.1.31 -- Static criticality source simulation

Title: "godiva in a water tank: enrichment = 68.0%, radius = 8.7407 cm" 

Active cycle  105 / 120  Source neutrons :  4887

Running time :                  0:00:28
Estimated running time :        0:00:31
Estimated running time left :   0:00:03

Estimated relative CPU usage :   795.0%

k-eff (analog)    = 1.05820 +/- 0.00192  [1.05444  1.06197]
k-eff (implicit)  = 1.05814 +/- 0.00141  [1.05538  1.06090]

(O4) (MPI=1) (OMP=8) 
------------------------------------------------------------
------------------------------------------------------------

Serpent 2.1.31 -- Static criticality source simulation

Title: "godiva in a water tank: enrichment = 68.0%, radius = 8.7407 cm" 

Active cycle  106 / 120  Source neutrons :  4869

Running time :                  0:00:28
Estimated running time :        0:00:31
Estimated running time left :   0:00:03

Estimated relative CPU usage :   795.6%

k-eff (analog)    = 1.05797 +/- 0.00192  [1.05422  1.06173]
k-eff (implicit)  = 1.05797 +/- 0.00141  [1.05521  1.06072]

(O4) (MPI=1) (OMP=8) 
------------------------------------------------------------
------------------------------------------------------------

Serpent 2.1.31 -- Static criticality source simulation

Title: "godiva in a water tank: enrichment = 68.0%, radius = 8.7407 cm" 

Active cycle  107 / 120  Source neutrons :  5016

Running time :                  0:00:28
Estimated running time :        0:00:31
Estimated running time left :   0:00:02

Estimated relative CPU usage :   799.3%

k-eff (analog)    = 1.05778 +/- 0.00191  [1.05404  1.06152]
k-eff (implicit)  = 1.05810 +/- 0.00140  [1.05536  1.06084]

(O4) (MPI=1) (OMP=8) 
------------------------------------------------------------
------------------------------------------------------------

Serpent 2.1.31 -- Static criticality source simulation

Title: "godiva in a water tank: enrichment = 68.0%, radius = 8.7407 cm" 

Active cycle  108 / 120  Source neutrons :  5271

Running time :                  0:00:28
Estimated running time :        0:00:31
Estimated running time left :   0:00:02

Estimated relative CPU usage :   795.6%

k-eff (analog)    = 1.05811 +/- 0.00192  [1.05434  1.06187]
k-eff (implicit)  = 1.05833 +/- 0.00141  [1.05558  1.06109]

(O4) (MPI=1) (OMP=8) 
------------------------------------------------------------
------------------------------------------------------------

Serpent 2.1.31 -- Static criticality source simulation

Title: "godiva in a water tank: enrichment = 68.0%, radius = 8.7407 cm" 

Active cycle  109 / 120  Source neutrons :  4759

Running time :                  0:00:29
Estimated running time :        0:00:31
Estimated running time left :   0:00:02

Estimated relative CPU usage :   795.4%

k-eff (analog)    = 1.05794 +/- 0.00191  [1.05420  1.06169]
k-eff (implicit)  = 1.05849 +/- 0.00140  [1.05575  1.06124]

(O4) (MPI=1) (OMP=8) 
------------------------------------------------------------
------------------------------------------------------------

Serpent 2.1.31 -- Static criticality source simulation

Title: "godiva in a water tank: enrichment = 68.0%, radius = 8.7407 cm" 

Active cycle  110 / 120  Source neutrons :  5130

Running time :                  0:00:29
Estimated running time :        0:00:31
Estimated running time left :   0:00:02

Estimated relative CPU usage :   798.9%

k-eff (analog)    = 1.05803 +/- 0.00189  [1.05432  1.06174]
k-eff (implicit)  = 1.05843 +/- 0.00139  [1.05570  1.06115]

(O4) (MPI=1) (OMP=8) 
------------------------------------------------------------
------------------------------------------------------------

Serpent 2.1.31 -- Static criticality source simulation

Title: "godiva in a water tank: enrichment = 68.0%, radius = 8.7407 cm" 

Active cycle  111 / 120  Source neutrons :  4869

Running time :                  0:00:29
Estimated running time :        0:00:31
Estimated running time left :   0:00:01

Estimated relative CPU usage :   795.8%

k-eff (analog)    = 1.05787 +/- 0.00188  [1.05417  1.06156]
k-eff (implicit)  = 1.05847 +/- 0.00138  [1.05577  1.06117]

(O4) (MPI=1) (OMP=8) 
------------------------------------------------------------
------------------------------------------------------------

Serpent 2.1.31 -- Static criticality source simulation

Title: "godiva in a water tank: enrichment = 68.0%, radius = 8.7407 cm" 

Active cycle  112 / 120  Source neutrons :  5135

Running time :                  0:00:29
Estimated running time :        0:00:31
Estimated running time left :   0:00:01

Estimated relative CPU usage :   795.4%

k-eff (analog)    = 1.05795 +/- 0.00187  [1.05429  1.06162]
k-eff (implicit)  = 1.05843 +/- 0.00137  [1.05575  1.06111]

(O4) (MPI=1) (OMP=8) 
------------------------------------------------------------
------------------------------------------------------------

Serpent 2.1.31 -- Static criticality source simulation

Title: "godiva in a water tank: enrichment = 68.0%, radius = 8.7407 cm" 

Active cycle  113 / 120  Source neutrons :  4960

Running time :                  0:00:29
Estimated running time :        0:00:31
Estimated running time left :   0:00:01

Estimated relative CPU usage :   792.0%

k-eff (analog)    = 1.05796 +/- 0.00185  [1.05433  1.06159]
k-eff (implicit)  = 1.05855 +/- 0.00136  [1.05589  1.06122]

(O4) (MPI=1) (OMP=8) 
------------------------------------------------------------
------------------------------------------------------------

Serpent 2.1.31 -- Static criticality source simulation

Title: "godiva in a water tank: enrichment = 68.0%, radius = 8.7407 cm" 

Active cycle  114 / 120  Source neutrons :  5031

Running time :                  0:00:30
Estimated running time :        0:00:31
Estimated running time left :   0:00:01

Estimated relative CPU usage :   794.2%

k-eff (analog)    = 1.05803 +/- 0.00184  [1.05443  1.06163]
k-eff (implicit)  = 1.05866 +/- 0.00135  [1.05601  1.06131]

(O4) (MPI=1) (OMP=8) 
------------------------------------------------------------
------------------------------------------------------------

Serpent 2.1.31 -- Static criticality source simulation

Title: "godiva in a water tank: enrichment = 68.0%, radius = 8.7407 cm" 

Active cycle  115 / 120  Source neutrons :  4932

Running time :                  0:00:30
Estimated running time :        0:00:31
Estimated running time left :   0:00:01

Estimated relative CPU usage :   796.5%

k-eff (analog)    = 1.05797 +/- 0.00182  [1.05440  1.06154]
k-eff (implicit)  = 1.05875 +/- 0.00134  [1.05611  1.06138]

(O4) (MPI=1) (OMP=8) 
------------------------------------------------------------
------------------------------------------------------------

Serpent 2.1.31 -- Static criticality source simulation

Title: "godiva in a water tank: enrichment = 68.0%, radius = 8.7407 cm" 

Active cycle  116 / 120  Source neutrons :  5118

Running time :                  0:00:30
Estimated running time :        0:00:31
Estimated running time left :   0:00:00

Estimated relative CPU usage :   795.2%

k-eff (analog)    = 1.05813 +/- 0.00181  [1.05458  1.06168]
k-eff (implicit)  = 1.05868 +/- 0.00133  [1.05606  1.06129]

(O4) (MPI=1) (OMP=8) 
------------------------------------------------------------
------------------------------------------------------------

Serpent 2.1.31 -- Static criticality source simulation

Title: "godiva in a water tank: enrichment = 68.0%, radius = 8.7407 cm" 

Active cycle  117 / 120  Source neutrons :  4888

Running time :                  0:00:30
Estimated running time :        0:00:31
Estimated running time left :   0:00:00

Estimated relative CPU usage :   792.2%

k-eff (analog)    = 1.05808 +/- 0.00180  [1.05455  1.06160]
k-eff (implicit)  = 1.05871 +/- 0.00132  [1.05612  1.06130]

(O4) (MPI=1) (OMP=8) 
------------------------------------------------------------
------------------------------------------------------------

Serpent 2.1.31 -- Static criticality source simulation

Title: "godiva in a water tank: enrichment = 68.0%, radius = 8.7407 cm" 

Active cycle  118 / 120  Source neutrons :  5235

Running time :                  0:00:31
Estimated running time :        0:00:31
Estimated running time left :   0:00:00

Estimated relative CPU usage :   796.0%

k-eff (analog)    = 1.05844 +/- 0.00182  [1.05488  1.06201]
k-eff (implicit)  = 1.05887 +/- 0.00132  [1.05628  1.06146]

(O4) (MPI=1) (OMP=8) 
------------------------------------------------------------
------------------------------------------------------------

Serpent 2.1.31 -- Static criticality source simulation

Title: "godiva in a water tank: enrichment = 68.0%, radius = 8.7407 cm" 

Active cycle  119 / 120  Source neutrons :  4774

Running time :                  0:00:31
Estimated running time :        0:00:31
Estimated running time left :   0:00:00

Estimated relative CPU usage :   795.6%

k-eff (analog)    = 1.05839 +/- 0.00181  [1.05485  1.06192]
k-eff (implicit)  = 1.05893 +/- 0.00131  [1.05636  1.06150]

(O4) (MPI=1) (OMP=8) 
------------------------------------------------------------
------------------------------------------------------------

Serpent 2.1.31 -- Static criticality source simulation

Title: "godiva in a water tank: enrichment = 68.0%, radius = 8.7407 cm" 

Active cycle  120 / 120  Source neutrons :  4904

Running time :                  0:00:31
Estimated running time :        0:00:31
Estimated running time left :   0:00:00

Estimated relative CPU usage :   796.2%

k-eff (analog)    = 1.05816 +/- 0.00180  [1.05462  1.06170]
k-eff (implicit)  = 1.05895 +/- 0.00130  [1.05640  1.06149]

(O4) (MPI=1) (OMP=8) 
------------------------------------------------------------

Transport cycle completed in 29.4 seconds.

Calculating activities...
OK.

