
  _                   .-=-.           .-=-.          .-==-.       
 { }      __        .' O o '.       .' O o '.       /  -<' )--<   
 { }    .' O'.     / o .-. O \     / o .-. O \     /  .---`       
 { }   / .-. o\   /O  /   \  o\   /O  /   \  o\   /O /            
  \ `-` /   \ O`-'o  /     \  O`-'o  /     \  O`-`o /             
   `-.-`     '.____.'       `._____.'       `.____.'              

Serpent 2 beta

A Continuous-energy Monte Carlo Reactor Physics Burnup Calculation Code

 - Version 2.1.31 (May 16, 2019) -- Contact: serpent@vtt.fi

 - Reference: J. Leppanen, et al. "The Serpent Monte Carlo code: Status,
              development and applications in 2013." Ann. Nucl. Energy,
              82 (2015) 142-150.

 - Compiled May 16 2019 10:33:27

 - MPI Parallel calculation mode available

 - OpenMP Parallel calculation mode available

 - Geometry and mesh plotting available

 - Default data path set to: "/opt/serpent/xsdata"

Begin calculation on Fri Aug 23 09:30:27 2019

Reading input file "godiva15.inp"...

Checking duplicate input definitions...
OK.

Creating geometry...
OK.

Counting geometry zones...

Processing cells...
OK.

Linking materials to geometry...
OK.

Counting cells...
OK.

Processing data for group constant generation:

 - 70 energy groups in micro-group structure
 - 2 energy groups in macro-group structure
 - B1 fundamental mode calculation is not run
 - Group constants generated in 1 universes
 - Discontinuity factors are not calculated
 - Pin-power distributions are not calculated
 - Albedos are not calculated
 - Poison cross sections are not calculated

Plotting geometry:

   0% complete
  50% complete
 100% complete

Reading ACE directory files...
OK.

Reading neutron-induced fission yields...
OK.

Adding nuclides in material uranium...

Nuclide  92235.03c -- uranium 235 at 300K (U-235)
Nuclide  92238.03c -- uranium 238 at 300K (U-238)

Adding nuclides in material water...

Nuclide   1001.03c -- hydrogen at 300K (H-1)
Nuclide   8016.03c -- oxygen 16 at 300K (O-16)

Adding thermal scattering data...

Nuclide   lwj3.00t -- hydrogen at 294K (H-1)

Checking data and printing output...
OK.

Generating unionize energy grids...

Adding points:

  1001.03c -- Points added in neutron grid: 252
  1001.03s -- Points added in neutron grid: 91
  8016.03c -- Points added in neutron grid: 2353
 92235.03c -- Points added in neutron grid: 30672
 92238.03c -- Points added in neutron grid: 64861

Generating unionized energy grid:

 - Unionization performed without grid thinning
   between 1.00E-11 and 20.0 MeV.

 - Final neutron grid size: 98053 points.

 - 3.29 Mb of memory allocated for grid data

OK.

Processing cross sections and ENDF reaction laws...

Nuclide   1001.03c -- hydrogen at 300K (H-1)
Nuclide   1001.03s -- hydrogen at 300K (H-1)
Nuclide   8016.03c -- oxygen 16 at 300K (O-16)
Nuclide  92235.03c -- uranium 235 at 300K (U-235)
Nuclide  92238.03c -- uranium 238 at 300K (U-238)

SUMMARY -- 5 nuclides included in calculation:

 - 5 transport nuclides
 - Neutron energy cut-offs at 1.00E-11 and 20.0 MeV
 - 118 transport reactions
 - 29 special reactions
 - 4 decay reactions
 - 25.46 Mb of memory allocated for data

Normalizing compositions and processing mixtures...
OK.

Allocating memory for macroscopic cross section data...
OK.

Allocating memory for particle structures...
OK.

Calculating maximum densities...
OK.

Performing density cut-off...
OK.

Sorting material-wise reaction lists:

   0% complete
 100% complete

Calculating macroscopic cross sections:

   0% complete
 100% complete

Calculating DT neutron majorant cross section:

   0% complete
 100% complete

Clearing results and statistics...
OK.

Sampling initial source...
OK.

Inactive cycle   1 /  20: k-eff = 1.00000
Inactive cycle   2 /  20: k-eff = 0.98200
Inactive cycle   3 /  20: k-eff = 0.95529
Inactive cycle   4 /  20: k-eff = 0.95013
Inactive cycle   5 /  20: k-eff = 0.94177
Inactive cycle   6 /  20: k-eff = 0.94290
Inactive cycle   7 /  20: k-eff = 0.92178
Inactive cycle   8 /  20: k-eff = 0.94740
Inactive cycle   9 /  20: k-eff = 0.96541
Inactive cycle  10 /  20: k-eff = 0.93644
Inactive cycle  11 /  20: k-eff = 0.95049
Inactive cycle  12 /  20: k-eff = 0.93585
Inactive cycle  13 /  20: k-eff = 0.91489
Inactive cycle  14 /  20: k-eff = 0.93319
Inactive cycle  15 /  20: k-eff = 0.92609
Inactive cycle  16 /  20: k-eff = 0.98073
Inactive cycle  17 /  20: k-eff = 0.93601
Inactive cycle  18 /  20: k-eff = 0.93096
Inactive cycle  19 /  20: k-eff = 0.97136
Inactive cycle  20 /  20: k-eff = 0.97136

----- Begin active cycles -----

------------------------------------------------------------

Serpent 2.1.31 -- Static criticality source simulation

Title: "godiva in a water tank: enrichment = 50.0%, radius = 8.7407 cm" 

Active cycle    1 / 120  Source neutrons :  4852

Running time :                  0:00:05
Estimated running time :        -:--:--
Estimated running time left :   -:--:--

Estimated relative CPU usage :   794.0%

k-eff (analog)    = 0.94261 +/- 0.00000  [0.94261  0.94261]
k-eff (implicit)  = 0.94956 +/- 0.00000  [0.94956  0.94956]

(O4) (MPI=1) (OMP=8) 
------------------------------------------------------------
------------------------------------------------------------

Serpent 2.1.31 -- Static criticality source simulation

Title: "godiva in a water tank: enrichment = 50.0%, radius = 8.7407 cm" 

Active cycle    2 / 120  Source neutrons :  5033

Running time :                  0:00:05
Estimated running time :        -:--:--
Estimated running time left :   -:--:--

Estimated relative CPU usage :   797.5%

k-eff (analog)    = 0.94572 +/- 0.00311  [0.93962  0.95182]
k-eff (implicit)  = 0.95334 +/- 0.00377  [0.94594  0.96073]

(O4) (MPI=1) (OMP=8) 
------------------------------------------------------------
------------------------------------------------------------

Serpent 2.1.31 -- Static criticality source simulation

Title: "godiva in a water tank: enrichment = 50.0%, radius = 8.7407 cm" 

Active cycle    3 / 120  Source neutrons :  5191

Running time :                  0:00:05
Estimated running time :        -:--:--
Estimated running time left :   -:--:--

Estimated relative CPU usage :   797.6%

k-eff (analog)    = 0.95884 +/- 0.01324  [0.93289  0.98479]
k-eff (implicit)  = 0.95090 +/- 0.00327  [0.94449  0.95731]

(O4) (MPI=1) (OMP=8) 
------------------------------------------------------------
------------------------------------------------------------

Serpent 2.1.31 -- Static criticality source simulation

Title: "godiva in a water tank: enrichment = 50.0%, radius = 8.7407 cm" 

Active cycle    4 / 120  Source neutrons :  4736

Running time :                  0:00:05
Estimated running time :        -:--:--
Estimated running time left :   -:--:--

Estimated relative CPU usage :   797.0%

k-eff (analog)    = 0.95240 +/- 0.01137  [0.93012  0.97467]
k-eff (implicit)  = 0.94717 +/- 0.00438  [0.93859  0.95576]

(O4) (MPI=1) (OMP=8) 
------------------------------------------------------------
------------------------------------------------------------

Serpent 2.1.31 -- Static criticality source simulation

Title: "godiva in a water tank: enrichment = 50.0%, radius = 8.7407 cm" 

Active cycle    5 / 120  Source neutrons :  5025

Running time :                  0:00:06
Estimated running time :        -:--:--
Estimated running time left :   -:--:--

Estimated relative CPU usage :   796.8%

k-eff (analog)    = 0.94946 +/- 0.00928  [0.93127  0.96765]
k-eff (implicit)  = 0.94887 +/- 0.00379  [0.94143  0.95630]

(O4) (MPI=1) (OMP=8) 
------------------------------------------------------------
------------------------------------------------------------

Serpent 2.1.31 -- Static criticality source simulation

Title: "godiva in a water tank: enrichment = 50.0%, radius = 8.7407 cm" 

Active cycle    6 / 120  Source neutrons :  5143

Running time :                  0:00:06
Estimated running time :        -:--:--
Estimated running time left :   -:--:--

Estimated relative CPU usage :   801.0%

k-eff (analog)    = 0.95198 +/- 0.00798  [0.93633  0.96762]
k-eff (implicit)  = 0.94677 +/- 0.00374  [0.93944  0.95410]

(O4) (MPI=1) (OMP=8) 
------------------------------------------------------------
------------------------------------------------------------

Serpent 2.1.31 -- Static criticality source simulation

Title: "godiva in a water tank: enrichment = 50.0%, radius = 8.7407 cm" 

Active cycle    7 / 120  Source neutrons :  5008

Running time :                  0:00:06
Estimated running time :        -:--:--
Estimated running time left :   -:--:--

Estimated relative CPU usage :   797.4%

k-eff (analog)    = 0.95399 +/- 0.00704  [0.94019  0.96779]
k-eff (implicit)  = 0.94830 +/- 0.00352  [0.94141  0.95520]

(O4) (MPI=1) (OMP=8) 
------------------------------------------------------------
------------------------------------------------------------

Serpent 2.1.31 -- Static criticality source simulation

Title: "godiva in a water tank: enrichment = 50.0%, radius = 8.7407 cm" 

Active cycle    8 / 120  Source neutrons :  4812

Running time :                  0:00:06
Estimated running time :        -:--:--
Estimated running time left :   -:--:--

Estimated relative CPU usage :   797.6%

k-eff (analog)    = 0.95096 +/- 0.00681  [0.93762  0.96431]
k-eff (implicit)  = 0.94540 +/- 0.00420  [0.93716  0.95365]

(O4) (MPI=1) (OMP=8) 
------------------------------------------------------------
------------------------------------------------------------

Serpent 2.1.31 -- Static criticality source simulation

Title: "godiva in a water tank: enrichment = 50.0%, radius = 8.7407 cm" 

Active cycle    9 / 120  Source neutrons :  4992

Running time :                  0:00:06
Estimated running time :        -:--:--
Estimated running time left :   -:--:--

Estimated relative CPU usage :   797.6%

k-eff (analog)    = 0.94844 +/- 0.00651  [0.93568  0.96121]
k-eff (implicit)  = 0.94478 +/- 0.00376  [0.93741  0.95215]

(O4) (MPI=1) (OMP=8) 
------------------------------------------------------------
------------------------------------------------------------

Serpent 2.1.31 -- Static criticality source simulation

Title: "godiva in a water tank: enrichment = 50.0%, radius = 8.7407 cm" 

Active cycle   10 / 120  Source neutrons :  4964

Running time :                  0:00:07
Estimated running time :        0:00:29
Estimated running time left :   0:00:22

Estimated relative CPU usage :   796.7%

k-eff (analog)    = 0.94576 +/- 0.00641  [0.93319  0.95833]
k-eff (implicit)  = 0.94685 +/- 0.00395  [0.93911  0.95459]

(O4) (MPI=1) (OMP=8) 
------------------------------------------------------------
------------------------------------------------------------

Serpent 2.1.31 -- Static criticality source simulation

Title: "godiva in a water tank: enrichment = 50.0%, radius = 8.7407 cm" 

Active cycle   11 / 120  Source neutrons :  5301

Running time :                  0:00:07
Estimated running time :        0:00:30
Estimated running time left :   0:00:22

Estimated relative CPU usage :   797.0%

k-eff (analog)    = 0.94861 +/- 0.00646  [0.93594  0.96127]
k-eff (implicit)  = 0.94629 +/- 0.00362  [0.93920  0.95338]

(O4) (MPI=1) (OMP=8) 
------------------------------------------------------------
------------------------------------------------------------

Serpent 2.1.31 -- Static criticality source simulation

Title: "godiva in a water tank: enrichment = 50.0%, radius = 8.7407 cm" 

Active cycle   12 / 120  Source neutrons :  4852

Running time :                  0:00:07
Estimated running time :        0:00:29
Estimated running time left :   0:00:22

Estimated relative CPU usage :   794.0%

k-eff (analog)    = 0.94857 +/- 0.00590  [0.93701  0.96013]
k-eff (implicit)  = 0.94530 +/- 0.00345  [0.93854  0.95206]

(O4) (MPI=1) (OMP=8) 
------------------------------------------------------------
------------------------------------------------------------

Serpent 2.1.31 -- Static criticality source simulation

Title: "godiva in a water tank: enrichment = 50.0%, radius = 8.7407 cm" 

Active cycle   13 / 120  Source neutrons :  5031

Running time :                  0:00:07
Estimated running time :        0:00:29
Estimated running time left :   0:00:22

Estimated relative CPU usage :   797.9%

k-eff (analog)    = 0.94899 +/- 0.00544  [0.93832  0.95966]
k-eff (implicit)  = 0.94594 +/- 0.00324  [0.93959  0.95228]

(O4) (MPI=1) (OMP=8) 
------------------------------------------------------------
------------------------------------------------------------

Serpent 2.1.31 -- Static criticality source simulation

Title: "godiva in a water tank: enrichment = 50.0%, radius = 8.7407 cm" 

Active cycle   14 / 120  Source neutrons :  5043

Running time :                  0:00:07
Estimated running time :        0:00:29
Estimated running time left :   0:00:21

Estimated relative CPU usage :   797.4%

k-eff (analog)    = 0.94994 +/- 0.00513  [0.93989  0.95998]
k-eff (implicit)  = 0.94512 +/- 0.00310  [0.93903  0.95120]

(O4) (MPI=1) (OMP=8) 
------------------------------------------------------------
------------------------------------------------------------

Serpent 2.1.31 -- Static criticality source simulation

Title: "godiva in a water tank: enrichment = 50.0%, radius = 8.7407 cm" 

Active cycle   15 / 120  Source neutrons :  4914

Running time :                  0:00:08
Estimated running time :        0:00:29
Estimated running time left :   0:00:21

Estimated relative CPU usage :   797.4%

k-eff (analog)    = 0.94965 +/- 0.00478  [0.94028  0.95902]
k-eff (implicit)  = 0.94474 +/- 0.00291  [0.93903  0.95046]

(O4) (MPI=1) (OMP=8) 
------------------------------------------------------------
------------------------------------------------------------

Serpent 2.1.31 -- Static criticality source simulation

Title: "godiva in a water tank: enrichment = 50.0%, radius = 8.7407 cm" 

Active cycle   16 / 120  Source neutrons :  4943

Running time :                  0:00:08
Estimated running time :        0:00:29
Estimated running time left :   0:00:21

Estimated relative CPU usage :   797.7%

k-eff (analog)    = 0.94873 +/- 0.00457  [0.93978  0.95768]
k-eff (implicit)  = 0.94749 +/- 0.00387  [0.93990  0.95507]

(O4) (MPI=1) (OMP=8) 
------------------------------------------------------------
------------------------------------------------------------

Serpent 2.1.31 -- Static criticality source simulation

Title: "godiva in a water tank: enrichment = 50.0%, radius = 8.7407 cm" 

Active cycle   17 / 120  Source neutrons :  5272

Running time :                  0:00:08
Estimated running time :        0:00:29
Estimated running time left :   0:00:21

Estimated relative CPU usage :   796.7%

k-eff (analog)    = 0.95091 +/- 0.00481  [0.94148  0.96034]
k-eff (implicit)  = 0.94780 +/- 0.00365  [0.94065  0.95495]

(O4) (MPI=1) (OMP=8) 
------------------------------------------------------------
------------------------------------------------------------

Serpent 2.1.31 -- Static criticality source simulation

Title: "godiva in a water tank: enrichment = 50.0%, radius = 8.7407 cm" 

Active cycle   18 / 120  Source neutrons :  4800

Running time :                  0:00:08
Estimated running time :        0:00:29
Estimated running time left :   0:00:20

Estimated relative CPU usage :   798.0%

k-eff (analog)    = 0.95065 +/- 0.00454  [0.94175  0.95956]
k-eff (implicit)  = 0.94785 +/- 0.00344  [0.94111  0.95459]

(O4) (MPI=1) (OMP=8) 
------------------------------------------------------------
------------------------------------------------------------

Serpent 2.1.31 -- Static criticality source simulation

Title: "godiva in a water tank: enrichment = 50.0%, radius = 8.7407 cm" 

Active cycle   19 / 120  Source neutrons :  4989

Running time :                  0:00:08
Estimated running time :        0:00:29
Estimated running time left :   0:00:20

Estimated relative CPU usage :   800.0%

k-eff (analog)    = 0.95032 +/- 0.00431  [0.94187  0.95877]
k-eff (implicit)  = 0.94659 +/- 0.00349  [0.93975  0.95343]

(O4) (MPI=1) (OMP=8) 
------------------------------------------------------------
------------------------------------------------------------

Serpent 2.1.31 -- Static criticality source simulation

Title: "godiva in a water tank: enrichment = 50.0%, radius = 8.7407 cm" 

Active cycle   20 / 120  Source neutrons :  4923

Running time :                  0:00:09
Estimated running time :        0:00:29
Estimated running time left :   0:00:20

Estimated relative CPU usage :   795.2%

k-eff (analog)    = 0.94929 +/- 0.00422  [0.94102  0.95755]
k-eff (implicit)  = 0.94748 +/- 0.00343  [0.94076  0.95421]

(O4) (MPI=1) (OMP=8) 
------------------------------------------------------------
------------------------------------------------------------

Serpent 2.1.31 -- Static criticality source simulation

Title: "godiva in a water tank: enrichment = 50.0%, radius = 8.7407 cm" 

Active cycle   21 / 120  Source neutrons :  5229

Running time :                  0:00:09
Estimated running time :        0:00:29
Estimated running time left :   0:00:20

Estimated relative CPU usage :   797.3%

k-eff (analog)    = 0.95038 +/- 0.00416  [0.94223  0.95853]
k-eff (implicit)  = 0.94757 +/- 0.00326  [0.94117  0.95397]

(O4) (MPI=1) (OMP=8) 
------------------------------------------------------------
------------------------------------------------------------

Serpent 2.1.31 -- Static criticality source simulation

Title: "godiva in a water tank: enrichment = 50.0%, radius = 8.7407 cm" 

Active cycle   22 / 120  Source neutrons :  4980

Running time :                  0:00:09
Estimated running time :        0:00:29
Estimated running time left :   0:00:20

Estimated relative CPU usage :   797.8%

k-eff (analog)    = 0.95120 +/- 0.00405  [0.94327  0.95914]
k-eff (implicit)  = 0.94714 +/- 0.00314  [0.94099  0.95330]

(O4) (MPI=1) (OMP=8) 
------------------------------------------------------------
------------------------------------------------------------

Serpent 2.1.31 -- Static criticality source simulation

Title: "godiva in a water tank: enrichment = 50.0%, radius = 8.7407 cm" 

Active cycle   23 / 120  Source neutrons :  4856

Running time :                  0:00:09
Estimated running time :        0:00:29
Estimated running time left :   0:00:19

Estimated relative CPU usage :   797.8%

k-eff (analog)    = 0.95074 +/- 0.00390  [0.94310  0.95837]
k-eff (implicit)  = 0.94750 +/- 0.00302  [0.94157  0.95342]

(O4) (MPI=1) (OMP=8) 
------------------------------------------------------------
------------------------------------------------------------

Serpent 2.1.31 -- Static criticality source simulation

Title: "godiva in a water tank: enrichment = 50.0%, radius = 8.7407 cm" 

Active cycle   24 / 120  Source neutrons :  5087

Running time :                  0:00:09
Estimated running time :        0:00:29
Estimated running time left :   0:00:19

Estimated relative CPU usage :   797.1%

k-eff (analog)    = 0.95099 +/- 0.00374  [0.94366  0.95832]
k-eff (implicit)  = 0.94827 +/- 0.00300  [0.94240  0.95415]

(O4) (MPI=1) (OMP=8) 
------------------------------------------------------------
------------------------------------------------------------

Serpent 2.1.31 -- Static criticality source simulation

Title: "godiva in a water tank: enrichment = 50.0%, radius = 8.7407 cm" 

Active cycle   25 / 120  Source neutrons :  5011

Running time :                  0:00:10
Estimated running time :        0:00:29
Estimated running time left :   0:00:19

Estimated relative CPU usage :   797.7%

k-eff (analog)    = 0.95131 +/- 0.00360  [0.94426  0.95837]
k-eff (implicit)  = 0.94841 +/- 0.00288  [0.94278  0.95405]

(O4) (MPI=1) (OMP=8) 
------------------------------------------------------------
------------------------------------------------------------

Serpent 2.1.31 -- Static criticality source simulation

Title: "godiva in a water tank: enrichment = 50.0%, radius = 8.7407 cm" 

Active cycle   26 / 120  Source neutrons :  4954

Running time :                  0:00:10
Estimated running time :        0:00:29
Estimated running time left :   0:00:19

Estimated relative CPU usage :   797.3%

k-eff (analog)    = 0.95127 +/- 0.00346  [0.94449  0.95805]
k-eff (implicit)  = 0.94819 +/- 0.00277  [0.94276  0.95363]

(O4) (MPI=1) (OMP=8) 
------------------------------------------------------------
------------------------------------------------------------

Serpent 2.1.31 -- Static criticality source simulation

Title: "godiva in a water tank: enrichment = 50.0%, radius = 8.7407 cm" 

Active cycle   27 / 120  Source neutrons :  4938

Running time :                  0:00:10
Estimated running time :        0:00:29
Estimated running time left :   0:00:19

Estimated relative CPU usage :   797.2%

k-eff (analog)    = 0.95079 +/- 0.00336  [0.94420  0.95738]
k-eff (implicit)  = 0.94762 +/- 0.00273  [0.94227  0.95297]

(O4) (MPI=1) (OMP=8) 
------------------------------------------------------------
------------------------------------------------------------

Serpent 2.1.31 -- Static criticality source simulation

Title: "godiva in a water tank: enrichment = 50.0%, radius = 8.7407 cm" 

Active cycle   28 / 120  Source neutrons :  4996

Running time :                  0:00:10
Estimated running time :        0:00:29
Estimated running time left :   0:00:18

Estimated relative CPU usage :   797.6%

k-eff (analog)    = 0.95032 +/- 0.00327  [0.94390  0.95674]
k-eff (implicit)  = 0.94730 +/- 0.00265  [0.94211  0.95249]

(O4) (MPI=1) (OMP=8) 
------------------------------------------------------------
------------------------------------------------------------

Serpent 2.1.31 -- Static criticality source simulation

Title: "godiva in a water tank: enrichment = 50.0%, radius = 8.7407 cm" 

Active cycle   29 / 120  Source neutrons :  5102

Running time :                  0:00:11
Estimated running time :        0:00:29
Estimated running time left :   0:00:18

Estimated relative CPU usage :   793.9%

k-eff (analog)    = 0.95054 +/- 0.00317  [0.94433  0.95675]
k-eff (implicit)  = 0.94707 +/- 0.00257  [0.94204  0.95210]

(O4) (MPI=1) (OMP=8) 
------------------------------------------------------------
------------------------------------------------------------

Serpent 2.1.31 -- Static criticality source simulation

Title: "godiva in a water tank: enrichment = 50.0%, radius = 8.7407 cm" 

Active cycle   30 / 120  Source neutrons :  4874

Running time :                  0:00:11
Estimated running time :        0:00:29
Estimated running time left :   0:00:18

Estimated relative CPU usage :   801.5%

k-eff (analog)    = 0.94995 +/- 0.00312  [0.94383  0.95606]
k-eff (implicit)  = 0.94778 +/- 0.00258  [0.94272  0.95284]

(O4) (MPI=1) (OMP=8) 
------------------------------------------------------------
------------------------------------------------------------

Serpent 2.1.31 -- Static criticality source simulation

Title: "godiva in a water tank: enrichment = 50.0%, radius = 8.7407 cm" 

Active cycle   31 / 120  Source neutrons :  5194

Running time :                  0:00:11
Estimated running time :        0:00:29
Estimated running time left :   0:00:18

Estimated relative CPU usage :   797.2%

k-eff (analog)    = 0.95056 +/- 0.00308  [0.94453  0.95658]
k-eff (implicit)  = 0.94784 +/- 0.00250  [0.94294  0.95273]

(O4) (MPI=1) (OMP=8) 
------------------------------------------------------------
------------------------------------------------------------

Serpent 2.1.31 -- Static criticality source simulation

Title: "godiva in a water tank: enrichment = 50.0%, radius = 8.7407 cm" 

Active cycle   32 / 120  Source neutrons :  4912

Running time :                  0:00:11
Estimated running time :        0:00:29
Estimated running time left :   0:00:18

Estimated relative CPU usage :   796.3%

k-eff (analog)    = 0.95059 +/- 0.00298  [0.94475  0.95643]
k-eff (implicit)  = 0.94683 +/- 0.00262  [0.94170  0.95196]

(O4) (MPI=1) (OMP=8) 
------------------------------------------------------------
------------------------------------------------------------

Serpent 2.1.31 -- Static criticality source simulation

Title: "godiva in a water tank: enrichment = 50.0%, radius = 8.7407 cm" 

Active cycle   33 / 120  Source neutrons :  4943

Running time :                  0:00:11
Estimated running time :        0:00:29
Estimated running time left :   0:00:17

Estimated relative CPU usage :   797.2%

k-eff (analog)    = 0.95030 +/- 0.00290  [0.94461  0.95599]
k-eff (implicit)  = 0.94610 +/- 0.00264  [0.94092  0.95127]

(O4) (MPI=1) (OMP=8) 
------------------------------------------------------------
------------------------------------------------------------

Serpent 2.1.31 -- Static criticality source simulation

Title: "godiva in a water tank: enrichment = 50.0%, radius = 8.7407 cm" 

Active cycle   34 / 120  Source neutrons :  5008

Running time :                  0:00:12
Estimated running time :        0:00:29
Estimated running time left :   0:00:17

Estimated relative CPU usage :   797.4%

k-eff (analog)    = 0.95007 +/- 0.00282  [0.94453  0.95561]
k-eff (implicit)  = 0.94569 +/- 0.00260  [0.94060  0.95077]

(O4) (MPI=1) (OMP=8) 
------------------------------------------------------------
------------------------------------------------------------

Serpent 2.1.31 -- Static criticality source simulation

Title: "godiva in a water tank: enrichment = 50.0%, radius = 8.7407 cm" 

Active cycle   35 / 120  Source neutrons :  5018

Running time :                  0:00:12
Estimated running time :        0:00:29
Estimated running time left :   0:00:17

Estimated relative CPU usage :   793.7%

k-eff (analog)    = 0.94995 +/- 0.00275  [0.94457  0.95533]
k-eff (implicit)  = 0.94591 +/- 0.00253  [0.94095  0.95087]

(O4) (MPI=1) (OMP=8) 
------------------------------------------------------------
------------------------------------------------------------

Serpent 2.1.31 -- Static criticality source simulation

Title: "godiva in a water tank: enrichment = 50.0%, radius = 8.7407 cm" 

Active cycle   36 / 120  Source neutrons :  4995

Running time :                  0:00:12
Estimated running time :        0:00:29
Estimated running time left :   0:00:17

Estimated relative CPU usage :   801.3%

k-eff (analog)    = 0.94981 +/- 0.00267  [0.94457  0.95504]
k-eff (implicit)  = 0.94583 +/- 0.00246  [0.94101  0.95065]

(O4) (MPI=1) (OMP=8) 
------------------------------------------------------------
------------------------------------------------------------

Serpent 2.1.31 -- Static criticality source simulation

Title: "godiva in a water tank: enrichment = 50.0%, radius = 8.7407 cm" 

Active cycle   37 / 120  Source neutrons :  5017

Running time :                  0:00:12
Estimated running time :        0:00:29
Estimated running time left :   0:00:17

Estimated relative CPU usage :   801.2%

k-eff (analog)    = 0.94976 +/- 0.00260  [0.94467  0.95486]
k-eff (implicit)  = 0.94572 +/- 0.00240  [0.94102  0.95041]

(O4) (MPI=1) (OMP=8) 
------------------------------------------------------------
------------------------------------------------------------

Serpent 2.1.31 -- Static criticality source simulation

Title: "godiva in a water tank: enrichment = 50.0%, radius = 8.7407 cm" 

Active cycle   38 / 120  Source neutrons :  4806

Running time :                  0:00:12
Estimated running time :        0:00:29
Estimated running time left :   0:00:16

Estimated relative CPU usage :   797.7%

k-eff (analog)    = 0.94875 +/- 0.00272  [0.94341  0.95409]
k-eff (implicit)  = 0.94572 +/- 0.00233  [0.94115  0.95029]

(O4) (MPI=1) (OMP=8) 
------------------------------------------------------------
------------------------------------------------------------

Serpent 2.1.31 -- Static criticality source simulation

Title: "godiva in a water tank: enrichment = 50.0%, radius = 8.7407 cm" 

Active cycle   39 / 120  Source neutrons :  5230

Running time :                  0:00:13
Estimated running time :        0:00:29
Estimated running time left :   0:00:16

Estimated relative CPU usage :   797.5%

k-eff (analog)    = 0.94886 +/- 0.00266  [0.94366  0.95407]
k-eff (implicit)  = 0.94561 +/- 0.00227  [0.94115  0.95007]

(O4) (MPI=1) (OMP=8) 
------------------------------------------------------------
------------------------------------------------------------

Serpent 2.1.31 -- Static criticality source simulation

Title: "godiva in a water tank: enrichment = 50.0%, radius = 8.7407 cm" 

Active cycle   40 / 120  Source neutrons :  5037

Running time :                  0:00:13
Estimated running time :        0:00:29
Estimated running time left :   0:00:16

Estimated relative CPU usage :   793.5%

k-eff (analog)    = 0.94915 +/- 0.00260  [0.94404  0.95426]
k-eff (implicit)  = 0.94656 +/- 0.00241  [0.94183  0.95129]

(O4) (MPI=1) (OMP=8) 
------------------------------------------------------------
------------------------------------------------------------

Serpent 2.1.31 -- Static criticality source simulation

Title: "godiva in a water tank: enrichment = 50.0%, radius = 8.7407 cm" 

Active cycle   41 / 120  Source neutrons :  5058

Running time :                  0:00:13
Estimated running time :        0:00:29
Estimated running time left :   0:00:16

Estimated relative CPU usage :   792.8%

k-eff (analog)    = 0.94969 +/- 0.00260  [0.94460  0.95478]
k-eff (implicit)  = 0.94603 +/- 0.00241  [0.94130  0.95076]

(O4) (MPI=1) (OMP=8) 
------------------------------------------------------------
------------------------------------------------------------

Serpent 2.1.31 -- Static criticality source simulation

Title: "godiva in a water tank: enrichment = 50.0%, radius = 8.7407 cm" 

Active cycle   42 / 120  Source neutrons :  4789

Running time :                  0:00:13
Estimated running time :        0:00:29
Estimated running time left :   0:00:16

Estimated relative CPU usage :   799.3%

k-eff (analog)    = 0.94923 +/- 0.00258  [0.94418  0.95428]
k-eff (implicit)  = 0.94570 +/- 0.00238  [0.94104  0.95036]

(O4) (MPI=1) (OMP=8) 
------------------------------------------------------------
------------------------------------------------------------

Serpent 2.1.31 -- Static criticality source simulation

Title: "godiva in a water tank: enrichment = 50.0%, radius = 8.7407 cm" 

Active cycle   43 / 120  Source neutrons :  4981

Running time :                  0:00:13
Estimated running time :        0:00:29
Estimated running time left :   0:00:15

Estimated relative CPU usage :   795.6%

k-eff (analog)    = 0.94871 +/- 0.00257  [0.94368  0.95375]
k-eff (implicit)  = 0.94552 +/- 0.00233  [0.94096  0.95008]

(O4) (MPI=1) (OMP=8) 
------------------------------------------------------------
------------------------------------------------------------

Serpent 2.1.31 -- Static criticality source simulation

Title: "godiva in a water tank: enrichment = 50.0%, radius = 8.7407 cm" 

Active cycle   44 / 120  Source neutrons :  5185

Running time :                  0:00:14
Estimated running time :        0:00:29
Estimated running time left :   0:00:15

Estimated relative CPU usage :   796.9%

k-eff (analog)    = 0.94900 +/- 0.00253  [0.94405  0.95395]
k-eff (implicit)  = 0.94552 +/- 0.00227  [0.94106  0.94998]

(O4) (MPI=1) (OMP=8) 
------------------------------------------------------------
------------------------------------------------------------

Serpent 2.1.31 -- Static criticality source simulation

Title: "godiva in a water tank: enrichment = 50.0%, radius = 8.7407 cm" 

Active cycle   45 / 120  Source neutrons :  4933

Running time :                  0:00:14
Estimated running time :        0:00:29
Estimated running time left :   0:00:15

Estimated relative CPU usage :   797.8%

k-eff (analog)    = 0.94898 +/- 0.00247  [0.94414  0.95382]
k-eff (implicit)  = 0.94510 +/- 0.00226  [0.94066  0.94953]

(O4) (MPI=1) (OMP=8) 
------------------------------------------------------------
------------------------------------------------------------

Serpent 2.1.31 -- Static criticality source simulation

Title: "godiva in a water tank: enrichment = 50.0%, radius = 8.7407 cm" 

Active cycle   46 / 120  Source neutrons :  4915

Running time :                  0:00:14
Estimated running time :        0:00:29
Estimated running time left :   0:00:15

Estimated relative CPU usage :   797.8%

k-eff (analog)    = 0.94862 +/- 0.00244  [0.94383  0.95340]
k-eff (implicit)  = 0.94477 +/- 0.00224  [0.94039  0.94916]

(O4) (MPI=1) (OMP=8) 
------------------------------------------------------------
------------------------------------------------------------

Serpent 2.1.31 -- Static criticality source simulation

Title: "godiva in a water tank: enrichment = 50.0%, radius = 8.7407 cm" 

Active cycle   47 / 120  Source neutrons :  4934

Running time :                  0:00:14
Estimated running time :        0:00:29
Estimated running time left :   0:00:15

Estimated relative CPU usage :   796.6%

k-eff (analog)    = 0.94801 +/- 0.00247  [0.94317  0.95284]
k-eff (implicit)  = 0.94442 +/- 0.00222  [0.94007  0.94877]

(O4) (MPI=1) (OMP=8) 
------------------------------------------------------------
------------------------------------------------------------

Serpent 2.1.31 -- Static criticality source simulation

Title: "godiva in a water tank: enrichment = 50.0%, radius = 8.7407 cm" 

Active cycle   48 / 120  Source neutrons :  5030

Running time :                  0:00:14
Estimated running time :        0:00:29
Estimated running time left :   0:00:14

Estimated relative CPU usage :   797.5%

k-eff (analog)    = 0.94753 +/- 0.00246  [0.94271  0.95236]
k-eff (implicit)  = 0.94455 +/- 0.00217  [0.94029  0.94881]

(O4) (MPI=1) (OMP=8) 
------------------------------------------------------------
------------------------------------------------------------

Serpent 2.1.31 -- Static criticality source simulation

Title: "godiva in a water tank: enrichment = 50.0%, radius = 8.7407 cm" 

Active cycle   49 / 120  Source neutrons :  5100

Running time :                  0:00:15
Estimated running time :        0:00:29
Estimated running time left :   0:00:14

Estimated relative CPU usage :   793.8%

k-eff (analog)    = 0.94746 +/- 0.00241  [0.94274  0.95219]
k-eff (implicit)  = 0.94461 +/- 0.00213  [0.94044  0.94879]

(O4) (MPI=1) (OMP=8) 
------------------------------------------------------------
------------------------------------------------------------

Serpent 2.1.31 -- Static criticality source simulation

Title: "godiva in a water tank: enrichment = 50.0%, radius = 8.7407 cm" 

Active cycle   50 / 120  Source neutrons :  4985

Running time :                  0:00:15
Estimated running time :        0:00:29
Estimated running time left :   0:00:14

Estimated relative CPU usage :   800.9%

k-eff (analog)    = 0.94733 +/- 0.00237  [0.94270  0.95197]
k-eff (implicit)  = 0.94415 +/- 0.00214  [0.93996  0.94834]

(O4) (MPI=1) (OMP=8) 
------------------------------------------------------------
------------------------------------------------------------

Serpent 2.1.31 -- Static criticality source simulation

Title: "godiva in a water tank: enrichment = 50.0%, radius = 8.7407 cm" 

Active cycle   51 / 120  Source neutrons :  4885

Running time :                  0:00:15
Estimated running time :        0:00:29
Estimated running time left :   0:00:14

Estimated relative CPU usage :   791.8%

k-eff (analog)    = 0.94679 +/- 0.00238  [0.94212  0.95146]
k-eff (implicit)  = 0.94414 +/- 0.00210  [0.94003  0.94824]

(O4) (MPI=1) (OMP=8) 
------------------------------------------------------------
------------------------------------------------------------

Serpent 2.1.31 -- Static criticality source simulation

Title: "godiva in a water tank: enrichment = 50.0%, radius = 8.7407 cm" 

Active cycle   52 / 120  Source neutrons :  5020

Running time :                  0:00:15
Estimated running time :        0:00:29
Estimated running time left :   0:00:14

Estimated relative CPU usage :   793.6%

k-eff (analog)    = 0.94633 +/- 0.00238  [0.94167  0.95100]
k-eff (implicit)  = 0.94424 +/- 0.00206  [0.94020  0.94827]

(O4) (MPI=1) (OMP=8) 
------------------------------------------------------------
------------------------------------------------------------

Serpent 2.1.31 -- Static criticality source simulation

Title: "godiva in a water tank: enrichment = 50.0%, radius = 8.7407 cm" 

Active cycle   53 / 120  Source neutrons :  5066

Running time :                  0:00:16
Estimated running time :        0:00:29
Estimated running time left :   0:00:13

Estimated relative CPU usage :   801.0%

k-eff (analog)    = 0.94612 +/- 0.00234  [0.94153  0.95072]
k-eff (implicit)  = 0.94420 +/- 0.00202  [0.94025  0.94816]

(O4) (MPI=1) (OMP=8) 
------------------------------------------------------------
------------------------------------------------------------

Serpent 2.1.31 -- Static criticality source simulation

Title: "godiva in a water tank: enrichment = 50.0%, radius = 8.7407 cm" 

Active cycle   54 / 120  Source neutrons :  4972

Running time :                  0:00:16
Estimated running time :        0:00:29
Estimated running time left :   0:00:13

Estimated relative CPU usage :   797.4%

k-eff (analog)    = 0.94583 +/- 0.00232  [0.94128  0.95037]
k-eff (implicit)  = 0.94442 +/- 0.00199  [0.94052  0.94833]

(O4) (MPI=1) (OMP=8) 
------------------------------------------------------------
------------------------------------------------------------

Serpent 2.1.31 -- Static criticality source simulation

Title: "godiva in a water tank: enrichment = 50.0%, radius = 8.7407 cm" 

Active cycle   55 / 120  Source neutrons :  5006

Running time :                  0:00:16
Estimated running time :        0:00:29
Estimated running time left :   0:00:13

Estimated relative CPU usage :   797.8%

k-eff (analog)    = 0.94556 +/- 0.00229  [0.94107  0.95005]
k-eff (implicit)  = 0.94421 +/- 0.00197  [0.94036  0.94807]

(O4) (MPI=1) (OMP=8) 
------------------------------------------------------------
------------------------------------------------------------

Serpent 2.1.31 -- Static criticality source simulation

Title: "godiva in a water tank: enrichment = 50.0%, radius = 8.7407 cm" 

Active cycle   56 / 120  Source neutrons :  5082

Running time :                  0:00:16
Estimated running time :        0:00:29
Estimated running time left :   0:00:13

Estimated relative CPU usage :   793.3%

k-eff (analog)    = 0.94557 +/- 0.00225  [0.94116  0.94999]
k-eff (implicit)  = 0.94401 +/- 0.00194  [0.94021  0.94782]

(O4) (MPI=1) (OMP=8) 
------------------------------------------------------------
------------------------------------------------------------

Serpent 2.1.31 -- Static criticality source simulation

Title: "godiva in a water tank: enrichment = 50.0%, radius = 8.7407 cm" 

Active cycle   57 / 120  Source neutrons :  4887

Running time :                  0:00:16
Estimated running time :        0:00:29
Estimated running time left :   0:00:13

Estimated relative CPU usage :   794.1%

k-eff (analog)    = 0.94521 +/- 0.00224  [0.94082  0.94961]
k-eff (implicit)  = 0.94358 +/- 0.00196  [0.93974  0.94741]

(O4) (MPI=1) (OMP=8) 
------------------------------------------------------------
------------------------------------------------------------

Serpent 2.1.31 -- Static criticality source simulation

Title: "godiva in a water tank: enrichment = 50.0%, radius = 8.7407 cm" 

Active cycle   58 / 120  Source neutrons :  5083

Running time :                  0:00:17
Estimated running time :        0:00:29
Estimated running time left :   0:00:12

Estimated relative CPU usage :   801.1%

k-eff (analog)    = 0.94513 +/- 0.00220  [0.94081  0.94945]
k-eff (implicit)  = 0.94373 +/- 0.00193  [0.93995  0.94752]

(O4) (MPI=1) (OMP=8) 
------------------------------------------------------------
------------------------------------------------------------

Serpent 2.1.31 -- Static criticality source simulation

Title: "godiva in a water tank: enrichment = 50.0%, radius = 8.7407 cm" 

Active cycle   59 / 120  Source neutrons :  5050

Running time :                  0:00:17
Estimated running time :        0:00:29
Estimated running time left :   0:00:12

Estimated relative CPU usage :   797.5%

k-eff (analog)    = 0.94521 +/- 0.00217  [0.94096  0.94946]
k-eff (implicit)  = 0.94374 +/- 0.00190  [0.94002  0.94745]

(O4) (MPI=1) (OMP=8) 
------------------------------------------------------------
------------------------------------------------------------

Serpent 2.1.31 -- Static criticality source simulation

Title: "godiva in a water tank: enrichment = 50.0%, radius = 8.7407 cm" 

Active cycle   60 / 120  Source neutrons :  5080

Running time :                  0:00:17
Estimated running time :        0:00:29
Estimated running time left :   0:00:12

Estimated relative CPU usage :   791.9%

k-eff (analog)    = 0.94554 +/- 0.00216  [0.94132  0.94977]
k-eff (implicit)  = 0.94355 +/- 0.00187  [0.93988  0.94723]

(O4) (MPI=1) (OMP=8) 
------------------------------------------------------------
------------------------------------------------------------

Serpent 2.1.31 -- Static criticality source simulation

Title: "godiva in a water tank: enrichment = 50.0%, radius = 8.7407 cm" 

Active cycle   61 / 120  Source neutrons :  4830

Running time :                  0:00:17
Estimated running time :        0:00:29
Estimated running time left :   0:00:12

Estimated relative CPU usage :   799.0%

k-eff (analog)    = 0.94532 +/- 0.00213  [0.94115  0.94950]
k-eff (implicit)  = 0.94361 +/- 0.00184  [0.94000  0.94722]

(O4) (MPI=1) (OMP=8) 
------------------------------------------------------------
------------------------------------------------------------

Serpent 2.1.31 -- Static criticality source simulation

Title: "godiva in a water tank: enrichment = 50.0%, radius = 8.7407 cm" 

Active cycle   62 / 120  Source neutrons :  5057

Running time :                  0:00:17
Estimated running time :        0:00:29
Estimated running time left :   0:00:12

Estimated relative CPU usage :   793.3%

k-eff (analog)    = 0.94528 +/- 0.00210  [0.94117  0.94939]
k-eff (implicit)  = 0.94379 +/- 0.00182  [0.94022  0.94736]

(O4) (MPI=1) (OMP=8) 
------------------------------------------------------------
------------------------------------------------------------

Serpent 2.1.31 -- Static criticality source simulation

Title: "godiva in a water tank: enrichment = 50.0%, radius = 8.7407 cm" 

Active cycle   63 / 120  Source neutrons :  4997

Running time :                  0:00:18
Estimated running time :        0:00:29
Estimated running time left :   0:00:11

Estimated relative CPU usage :   798.5%

k-eff (analog)    = 0.94523 +/- 0.00206  [0.94119  0.94928]
k-eff (implicit)  = 0.94433 +/- 0.00187  [0.94066  0.94799]

(O4) (MPI=1) (OMP=8) 
------------------------------------------------------------
------------------------------------------------------------

Serpent 2.1.31 -- Static criticality source simulation

Title: "godiva in a water tank: enrichment = 50.0%, radius = 8.7407 cm" 

Active cycle   64 / 120  Source neutrons :  5140

Running time :                  0:00:18
Estimated running time :        0:00:29
Estimated running time left :   0:00:11

Estimated relative CPU usage :   795.8%

k-eff (analog)    = 0.94560 +/- 0.00206  [0.94155  0.94965]
k-eff (implicit)  = 0.94418 +/- 0.00185  [0.94056  0.94780]

(O4) (MPI=1) (OMP=8) 
------------------------------------------------------------
------------------------------------------------------------

Serpent 2.1.31 -- Static criticality source simulation

Title: "godiva in a water tank: enrichment = 50.0%, radius = 8.7407 cm" 

Active cycle   65 / 120  Source neutrons :  4695

Running time :                  0:00:18
Estimated running time :        0:00:29
Estimated running time left :   0:00:11

Estimated relative CPU usage :   801.7%

k-eff (analog)    = 0.94505 +/- 0.00211  [0.94092  0.94917]
k-eff (implicit)  = 0.94428 +/- 0.00182  [0.94071  0.94785]

(O4) (MPI=1) (OMP=8) 
------------------------------------------------------------
------------------------------------------------------------

Serpent 2.1.31 -- Static criticality source simulation

Title: "godiva in a water tank: enrichment = 50.0%, radius = 8.7407 cm" 

Active cycle   66 / 120  Source neutrons :  5211

Running time :                  0:00:18
Estimated running time :        0:00:29
Estimated running time left :   0:00:11

Estimated relative CPU usage :   797.3%

k-eff (analog)    = 0.94509 +/- 0.00207  [0.94102  0.94916]
k-eff (implicit)  = 0.94419 +/- 0.00180  [0.94068  0.94771]

(O4) (MPI=1) (OMP=8) 
------------------------------------------------------------
------------------------------------------------------------

Serpent 2.1.31 -- Static criticality source simulation

Title: "godiva in a water tank: enrichment = 50.0%, radius = 8.7407 cm" 

Active cycle   67 / 120  Source neutrons :  4900

Running time :                  0:00:18
Estimated running time :        0:00:29
Estimated running time left :   0:00:10

Estimated relative CPU usage :   797.5%

k-eff (analog)    = 0.94485 +/- 0.00206  [0.94082  0.94888]
k-eff (implicit)  = 0.94378 +/- 0.00182  [0.94022  0.94734]

(O4) (MPI=1) (OMP=8) 
------------------------------------------------------------
------------------------------------------------------------

Serpent 2.1.31 -- Static criticality source simulation

Title: "godiva in a water tank: enrichment = 50.0%, radius = 8.7407 cm" 

Active cycle   68 / 120  Source neutrons :  4894

Running time :                  0:00:19
Estimated running time :        0:00:29
Estimated running time left :   0:00:10

Estimated relative CPU usage :   797.6%

k-eff (analog)    = 0.94433 +/- 0.00209  [0.94022  0.94843]
k-eff (implicit)  = 0.94362 +/- 0.00180  [0.94010  0.94714]

(O4) (MPI=1) (OMP=8) 
------------------------------------------------------------
------------------------------------------------------------

Serpent 2.1.31 -- Static criticality source simulation

Title: "godiva in a water tank: enrichment = 50.0%, radius = 8.7407 cm" 

Active cycle   69 / 120  Source neutrons :  5146

Running time :                  0:00:19
Estimated running time :        0:00:29
Estimated running time left :   0:00:10

Estimated relative CPU usage :   797.6%

k-eff (analog)    = 0.94420 +/- 0.00207  [0.94015  0.94825]
k-eff (implicit)  = 0.94314 +/- 0.00183  [0.93955  0.94674]

(O4) (MPI=1) (OMP=8) 
------------------------------------------------------------
------------------------------------------------------------

Serpent 2.1.31 -- Static criticality source simulation

Title: "godiva in a water tank: enrichment = 50.0%, radius = 8.7407 cm" 

Active cycle   70 / 120  Source neutrons :  4814

Running time :                  0:00:19
Estimated running time :        0:00:29
Estimated running time left :   0:00:10

Estimated relative CPU usage :   798.0%

k-eff (analog)    = 0.94359 +/- 0.00213  [0.93941  0.94776]
k-eff (implicit)  = 0.94273 +/- 0.00185  [0.93910  0.94636]

(O4) (MPI=1) (OMP=8) 
------------------------------------------------------------
------------------------------------------------------------

Serpent 2.1.31 -- Static criticality source simulation

Title: "godiva in a water tank: enrichment = 50.0%, radius = 8.7407 cm" 

Active cycle   71 / 120  Source neutrons :  5130

Running time :                  0:00:19
Estimated running time :        0:00:29
Estimated running time left :   0:00:10

Estimated relative CPU usage :   797.2%

k-eff (analog)    = 0.94332 +/- 0.00212  [0.93917  0.94746]
k-eff (implicit)  = 0.94280 +/- 0.00183  [0.93922  0.94638]

(O4) (MPI=1) (OMP=8) 
------------------------------------------------------------
------------------------------------------------------------

Serpent 2.1.31 -- Static criticality source simulation

Title: "godiva in a water tank: enrichment = 50.0%, radius = 8.7407 cm" 

Active cycle   72 / 120  Source neutrons :  5123

Running time :                  0:00:19
Estimated running time :        0:00:29
Estimated running time left :   0:00:09

Estimated relative CPU usage :   795.9%

k-eff (analog)    = 0.94337 +/- 0.00209  [0.93928  0.94746]
k-eff (implicit)  = 0.94291 +/- 0.00181  [0.93937  0.94645]

(O4) (MPI=1) (OMP=8) 
------------------------------------------------------------
------------------------------------------------------------

Serpent 2.1.31 -- Static criticality source simulation

Title: "godiva in a water tank: enrichment = 50.0%, radius = 8.7407 cm" 

Active cycle   73 / 120  Source neutrons :  5077

Running time :                  0:00:20
Estimated running time :        0:00:29
Estimated running time left :   0:00:09

Estimated relative CPU usage :   792.3%

k-eff (analog)    = 0.94362 +/- 0.00207  [0.93956  0.94769]
k-eff (implicit)  = 0.94292 +/- 0.00178  [0.93943  0.94641]

(O4) (MPI=1) (OMP=8) 
------------------------------------------------------------
------------------------------------------------------------

Serpent 2.1.31 -- Static criticality source simulation

Title: "godiva in a water tank: enrichment = 50.0%, radius = 8.7407 cm" 

Active cycle   74 / 120  Source neutrons :  4837

Running time :                  0:00:20
Estimated running time :        0:00:29
Estimated running time left :   0:00:09

Estimated relative CPU usage :   796.7%

k-eff (analog)    = 0.94344 +/- 0.00205  [0.93942  0.94747]
k-eff (implicit)  = 0.94307 +/- 0.00176  [0.93961  0.94653]

(O4) (MPI=1) (OMP=8) 
------------------------------------------------------------
------------------------------------------------------------

Serpent 2.1.31 -- Static criticality source simulation

Title: "godiva in a water tank: enrichment = 50.0%, radius = 8.7407 cm" 

Active cycle   75 / 120  Source neutrons :  5151

Running time :                  0:00:20
Estimated running time :        0:00:29
Estimated running time left :   0:00:09

Estimated relative CPU usage :   797.4%

k-eff (analog)    = 0.94365 +/- 0.00203  [0.93966  0.94763]
k-eff (implicit)  = 0.94317 +/- 0.00174  [0.93975  0.94658]

(O4) (MPI=1) (OMP=8) 
------------------------------------------------------------
------------------------------------------------------------

Serpent 2.1.31 -- Static criticality source simulation

Title: "godiva in a water tank: enrichment = 50.0%, radius = 8.7407 cm" 

Active cycle   76 / 120  Source neutrons :  4810

Running time :                  0:00:20
Estimated running time :        0:00:29
Estimated running time left :   0:00:09

Estimated relative CPU usage :   798.7%

k-eff (analog)    = 0.94336 +/- 0.00203  [0.93939  0.94734]
k-eff (implicit)  = 0.94291 +/- 0.00174  [0.93951  0.94632]

(O4) (MPI=1) (OMP=8) 
------------------------------------------------------------
------------------------------------------------------------

Serpent 2.1.31 -- Static criticality source simulation

Title: "godiva in a water tank: enrichment = 50.0%, radius = 8.7407 cm" 

Active cycle   77 / 120  Source neutrons :  5096

Running time :                  0:00:21
Estimated running time :        0:00:29
Estimated running time left :   0:00:08

Estimated relative CPU usage :   796.4%

k-eff (analog)    = 0.94332 +/- 0.00200  [0.93939  0.94724]
k-eff (implicit)  = 0.94316 +/- 0.00173  [0.93976  0.94656]

(O4) (MPI=1) (OMP=8) 
------------------------------------------------------------
------------------------------------------------------------

Serpent 2.1.31 -- Static criticality source simulation

Title: "godiva in a water tank: enrichment = 50.0%, radius = 8.7407 cm" 

Active cycle   78 / 120  Source neutrons :  4978

Running time :                  0:00:21
Estimated running time :        0:00:29
Estimated running time left :   0:00:08

Estimated relative CPU usage :   797.7%

k-eff (analog)    = 0.94322 +/- 0.00198  [0.93934  0.94710]
k-eff (implicit)  = 0.94332 +/- 0.00172  [0.93996  0.94669]

(O4) (MPI=1) (OMP=8) 
------------------------------------------------------------
------------------------------------------------------------

Serpent 2.1.31 -- Static criticality source simulation

Title: "godiva in a water tank: enrichment = 50.0%, radius = 8.7407 cm" 

Active cycle   79 / 120  Source neutrons :  5227

Running time :                  0:00:21
Estimated running time :        0:00:29
Estimated running time left :   0:00:08

Estimated relative CPU usage :   793.4%

k-eff (analog)    = 0.94366 +/- 0.00200  [0.93973  0.94759]
k-eff (implicit)  = 0.94329 +/- 0.00170  [0.93997  0.94662]

(O4) (MPI=1) (OMP=8) 
------------------------------------------------------------
------------------------------------------------------------

Serpent 2.1.31 -- Static criticality source simulation

Title: "godiva in a water tank: enrichment = 50.0%, radius = 8.7407 cm" 

Active cycle   80 / 120  Source neutrons :  4791

Running time :                  0:00:21
Estimated running time :        0:00:29
Estimated running time left :   0:00:08

Estimated relative CPU usage :   801.9%

k-eff (analog)    = 0.94358 +/- 0.00198  [0.93970  0.94746]
k-eff (implicit)  = 0.94315 +/- 0.00168  [0.93986  0.94645]

(O4) (MPI=1) (OMP=8) 
------------------------------------------------------------
------------------------------------------------------------

Serpent 2.1.31 -- Static criticality source simulation

Title: "godiva in a water tank: enrichment = 50.0%, radius = 8.7407 cm" 

Active cycle   81 / 120  Source neutrons :  4932

Running time :                  0:00:21
Estimated running time :        0:00:29
Estimated running time left :   0:00:08

Estimated relative CPU usage :   798.9%

k-eff (analog)    = 0.94335 +/- 0.00197  [0.93949  0.94720]
k-eff (implicit)  = 0.94325 +/- 0.00166  [0.93999  0.94651]

(O4) (MPI=1) (OMP=8) 
------------------------------------------------------------
------------------------------------------------------------

Serpent 2.1.31 -- Static criticality source simulation

Title: "godiva in a water tank: enrichment = 50.0%, radius = 8.7407 cm" 

Active cycle   82 / 120  Source neutrons :  5146

Running time :                  0:00:22
Estimated running time :        0:00:29
Estimated running time left :   0:00:07

Estimated relative CPU usage :   797.5%

k-eff (analog)    = 0.94344 +/- 0.00195  [0.93963  0.94726]
k-eff (implicit)  = 0.94327 +/- 0.00164  [0.94005  0.94649]

(O4) (MPI=1) (OMP=8) 
------------------------------------------------------------
------------------------------------------------------------

Serpent 2.1.31 -- Static criticality source simulation

Title: "godiva in a water tank: enrichment = 50.0%, radius = 8.7407 cm" 

Active cycle   83 / 120  Source neutrons :  4950

Running time :                  0:00:22
Estimated running time :        0:00:29
Estimated running time left :   0:00:07

Estimated relative CPU usage :   793.8%

k-eff (analog)    = 0.94343 +/- 0.00192  [0.93966  0.94720]
k-eff (implicit)  = 0.94304 +/- 0.00164  [0.93983  0.94625]

(O4) (MPI=1) (OMP=8) 
------------------------------------------------------------
------------------------------------------------------------

Serpent 2.1.31 -- Static criticality source simulation

Title: "godiva in a water tank: enrichment = 50.0%, radius = 8.7407 cm" 

Active cycle   84 / 120  Source neutrons :  4864

Running time :                  0:00:22
Estimated running time :        0:00:29
Estimated running time left :   0:00:07

Estimated relative CPU usage :   798.6%

k-eff (analog)    = 0.94311 +/- 0.00193  [0.93933  0.94688]
k-eff (implicit)  = 0.94281 +/- 0.00164  [0.93960  0.94601]

(O4) (MPI=1) (OMP=8) 
------------------------------------------------------------
------------------------------------------------------------

Serpent 2.1.31 -- Static criticality source simulation

Title: "godiva in a water tank: enrichment = 50.0%, radius = 8.7407 cm" 

Active cycle   85 / 120  Source neutrons :  5033

Running time :                  0:00:22
Estimated running time :        0:00:29
Estimated running time left :   0:00:07

Estimated relative CPU usage :   799.8%

k-eff (analog)    = 0.94286 +/- 0.00192  [0.93910  0.94663]
k-eff (implicit)  = 0.94303 +/- 0.00163  [0.93983  0.94623]

(O4) (MPI=1) (OMP=8) 
------------------------------------------------------------
------------------------------------------------------------

Serpent 2.1.31 -- Static criticality source simulation

Title: "godiva in a water tank: enrichment = 50.0%, radius = 8.7407 cm" 

Active cycle   86 / 120  Source neutrons :  5275

Running time :                  0:00:22
Estimated running time :        0:00:29
Estimated running time left :   0:00:07

Estimated relative CPU usage :   797.5%

k-eff (analog)    = 0.94321 +/- 0.00193  [0.93943  0.94700]
k-eff (implicit)  = 0.94303 +/- 0.00161  [0.93987  0.94619]

(O4) (MPI=1) (OMP=8) 
------------------------------------------------------------
------------------------------------------------------------

Serpent 2.1.31 -- Static criticality source simulation

Title: "godiva in a water tank: enrichment = 50.0%, radius = 8.7407 cm" 

Active cycle   87 / 120  Source neutrons :  4806

Running time :                  0:00:23
Estimated running time :        0:00:29
Estimated running time left :   0:00:06

Estimated relative CPU usage :   797.6%

k-eff (analog)    = 0.94312 +/- 0.00191  [0.93938  0.94687]
k-eff (implicit)  = 0.94324 +/- 0.00161  [0.94009  0.94639]

(O4) (MPI=1) (OMP=8) 
------------------------------------------------------------
------------------------------------------------------------

Serpent 2.1.31 -- Static criticality source simulation

Title: "godiva in a water tank: enrichment = 50.0%, radius = 8.7407 cm" 

Active cycle   88 / 120  Source neutrons :  5124

Running time :                  0:00:23
Estimated running time :        0:00:29
Estimated running time left :   0:00:06

Estimated relative CPU usage :   794.7%

k-eff (analog)    = 0.94330 +/- 0.00190  [0.93958  0.94702]
k-eff (implicit)  = 0.94326 +/- 0.00159  [0.94015  0.94638]

(O4) (MPI=1) (OMP=8) 
------------------------------------------------------------
------------------------------------------------------------

Serpent 2.1.31 -- Static criticality source simulation

Title: "godiva in a water tank: enrichment = 50.0%, radius = 8.7407 cm" 

Active cycle   89 / 120  Source neutrons :  4935

Running time :                  0:00:23
Estimated running time :        0:00:29
Estimated running time left :   0:00:06

Estimated relative CPU usage :   800.1%

k-eff (analog)    = 0.94333 +/- 0.00188  [0.93966  0.94701]
k-eff (implicit)  = 0.94351 +/- 0.00159  [0.94039  0.94662]

(O4) (MPI=1) (OMP=8) 
------------------------------------------------------------
------------------------------------------------------------

Serpent 2.1.31 -- Static criticality source simulation

Title: "godiva in a water tank: enrichment = 50.0%, radius = 8.7407 cm" 

Active cycle   90 / 120  Source neutrons :  5080

Running time :                  0:00:23
Estimated running time :        0:00:29
Estimated running time left :   0:00:06

Estimated relative CPU usage :   797.8%

k-eff (analog)    = 0.94353 +/- 0.00186  [0.93988  0.94719]
k-eff (implicit)  = 0.94366 +/- 0.00158  [0.94056  0.94676]

(O4) (MPI=1) (OMP=8) 
------------------------------------------------------------
------------------------------------------------------------

Serpent 2.1.31 -- Static criticality source simulation

Title: "godiva in a water tank: enrichment = 50.0%, radius = 8.7407 cm" 

Active cycle   91 / 120  Source neutrons :  4993

Running time :                  0:00:23
Estimated running time :        0:00:29
Estimated running time left :   0:00:06

Estimated relative CPU usage :   797.4%

k-eff (analog)    = 0.94371 +/- 0.00185  [0.94008  0.94734]
k-eff (implicit)  = 0.94380 +/- 0.00157  [0.94072  0.94687]

(O4) (MPI=1) (OMP=8) 
------------------------------------------------------------
------------------------------------------------------------

Serpent 2.1.31 -- Static criticality source simulation

Title: "godiva in a water tank: enrichment = 50.0%, radius = 8.7407 cm" 

Active cycle   92 / 120  Source neutrons :  5026

Running time :                  0:00:24
Estimated running time :        0:00:29
Estimated running time left :   0:00:05

Estimated relative CPU usage :   796.9%

k-eff (analog)    = 0.94394 +/- 0.00185  [0.94032  0.94756]
k-eff (implicit)  = 0.94363 +/- 0.00156  [0.94057  0.94669]

(O4) (MPI=1) (OMP=8) 
------------------------------------------------------------
------------------------------------------------------------

Serpent 2.1.31 -- Static criticality source simulation

Title: "godiva in a water tank: enrichment = 50.0%, radius = 8.7407 cm" 

Active cycle   93 / 120  Source neutrons :  4874

Running time :                  0:00:24
Estimated running time :        0:00:29
Estimated running time left :   0:00:05

Estimated relative CPU usage :   797.7%

k-eff (analog)    = 0.94391 +/- 0.00183  [0.94032  0.94749]
k-eff (implicit)  = 0.94351 +/- 0.00155  [0.94048  0.94655]

(O4) (MPI=1) (OMP=8) 
------------------------------------------------------------
------------------------------------------------------------

Serpent 2.1.31 -- Static criticality source simulation

Title: "godiva in a water tank: enrichment = 50.0%, radius = 8.7407 cm" 

Active cycle   94 / 120  Source neutrons :  5057

Running time :                  0:00:24
Estimated running time :        0:00:29
Estimated running time left :   0:00:05

Estimated relative CPU usage :   794.1%

k-eff (analog)    = 0.94399 +/- 0.00181  [0.94044  0.94753]
k-eff (implicit)  = 0.94346 +/- 0.00153  [0.94046  0.94647]

(O4) (MPI=1) (OMP=8) 
------------------------------------------------------------
------------------------------------------------------------

Serpent 2.1.31 -- Static criticality source simulation

Title: "godiva in a water tank: enrichment = 50.0%, radius = 8.7407 cm" 

Active cycle   95 / 120  Source neutrons :  4955

Running time :                  0:00:24
Estimated running time :        0:00:29
Estimated running time left :   0:00:05

Estimated relative CPU usage :   801.3%

k-eff (analog)    = 0.94397 +/- 0.00179  [0.94046  0.94748]
k-eff (implicit)  = 0.94348 +/- 0.00152  [0.94051  0.94645]

(O4) (MPI=1) (OMP=8) 
------------------------------------------------------------
------------------------------------------------------------

Serpent 2.1.31 -- Static criticality source simulation

Title: "godiva in a water tank: enrichment = 50.0%, radius = 8.7407 cm" 

Active cycle   96 / 120  Source neutrons :  5004

Running time :                  0:00:24
Estimated running time :        0:00:29
Estimated running time left :   0:00:04

Estimated relative CPU usage :   794.0%

k-eff (analog)    = 0.94397 +/- 0.00177  [0.94049  0.94744]
k-eff (implicit)  = 0.94321 +/- 0.00152  [0.94022  0.94620]

(O4) (MPI=1) (OMP=8) 
------------------------------------------------------------
------------------------------------------------------------

Serpent 2.1.31 -- Static criticality source simulation

Title: "godiva in a water tank: enrichment = 50.0%, radius = 8.7407 cm" 

Active cycle   97 / 120  Source neutrons :  5089

Running time :                  0:00:25
Estimated running time :        0:00:29
Estimated running time left :   0:00:04

Estimated relative CPU usage :   797.5%

k-eff (analog)    = 0.94414 +/- 0.00176  [0.94068  0.94759]
k-eff (implicit)  = 0.94351 +/- 0.00154  [0.94049  0.94652]

(O4) (MPI=1) (OMP=8) 
------------------------------------------------------------
------------------------------------------------------------

Serpent 2.1.31 -- Static criticality source simulation

Title: "godiva in a water tank: enrichment = 50.0%, radius = 8.7407 cm" 

Active cycle   98 / 120  Source neutrons :  5034

Running time :                  0:00:25
Estimated running time :        0:00:29
Estimated running time left :   0:00:04

Estimated relative CPU usage :   801.1%

k-eff (analog)    = 0.94437 +/- 0.00176  [0.94092  0.94782]
k-eff (implicit)  = 0.94345 +/- 0.00152  [0.94047  0.94644]

(O4) (MPI=1) (OMP=8) 
------------------------------------------------------------
------------------------------------------------------------

Serpent 2.1.31 -- Static criticality source simulation

Title: "godiva in a water tank: enrichment = 50.0%, radius = 8.7407 cm" 

Active cycle   99 / 120  Source neutrons :  4788

Running time :                  0:00:25
Estimated running time :        0:00:29
Estimated running time left :   0:00:04

Estimated relative CPU usage :   797.7%

k-eff (analog)    = 0.94418 +/- 0.00175  [0.94075  0.94761]
k-eff (implicit)  = 0.94348 +/- 0.00151  [0.94052  0.94643]

(O4) (MPI=1) (OMP=8) 
------------------------------------------------------------
------------------------------------------------------------

Serpent 2.1.31 -- Static criticality source simulation

Title: "godiva in a water tank: enrichment = 50.0%, radius = 8.7407 cm" 

Active cycle  100 / 120  Source neutrons :  5168

Running time :                  0:00:25
Estimated running time :        0:00:29
Estimated running time left :   0:00:04

Estimated relative CPU usage :   796.3%

k-eff (analog)    = 0.94431 +/- 0.00174  [0.94090  0.94772]
k-eff (implicit)  = 0.94361 +/- 0.00150  [0.94067  0.94654]

(O4) (MPI=1) (OMP=8) 
------------------------------------------------------------
------------------------------------------------------------

Serpent 2.1.31 -- Static criticality source simulation

Title: "godiva in a water tank: enrichment = 50.0%, radius = 8.7407 cm" 

Active cycle  101 / 120  Source neutrons :  5014

Running time :                  0:00:25
Estimated running time :        0:00:29
Estimated running time left :   0:00:03

Estimated relative CPU usage :   790.0%

k-eff (analog)    = 0.94446 +/- 0.00173  [0.94107  0.94785]
k-eff (implicit)  = 0.94359 +/- 0.00148  [0.94069  0.94650]

(O4) (MPI=1) (OMP=8) 
------------------------------------------------------------
------------------------------------------------------------

Serpent 2.1.31 -- Static criticality source simulation

Title: "godiva in a water tank: enrichment = 50.0%, radius = 8.7407 cm" 

Active cycle  102 / 120  Source neutrons :  4781

Running time :                  0:00:26
Estimated running time :        0:00:29
Estimated running time left :   0:00:03

Estimated relative CPU usage :   797.9%

k-eff (analog)    = 0.94420 +/- 0.00173  [0.94080  0.94759]
k-eff (implicit)  = 0.94363 +/- 0.00147  [0.94075  0.94651]

(O4) (MPI=1) (OMP=8) 
------------------------------------------------------------
------------------------------------------------------------

Serpent 2.1.31 -- Static criticality source simulation

Title: "godiva in a water tank: enrichment = 50.0%, radius = 8.7407 cm" 

Active cycle  103 / 120  Source neutrons :  5173

Running time :                  0:00:26
Estimated running time :        0:00:29
Estimated running time left :   0:00:03

Estimated relative CPU usage :   793.8%

k-eff (analog)    = 0.94425 +/- 0.00171  [0.94089  0.94761]
k-eff (implicit)  = 0.94371 +/- 0.00146  [0.94086  0.94656]

(O4) (MPI=1) (OMP=8) 
------------------------------------------------------------
------------------------------------------------------------

Serpent 2.1.31 -- Static criticality source simulation

Title: "godiva in a water tank: enrichment = 50.0%, radius = 8.7407 cm" 

Active cycle  104 / 120  Source neutrons :  5070

Running time :                  0:00:26
Estimated running time :        0:00:29
Estimated running time left :   0:00:03

Estimated relative CPU usage :   801.2%

k-eff (analog)    = 0.94442 +/- 0.00171  [0.94108  0.94777]
k-eff (implicit)  = 0.94372 +/- 0.00144  [0.94089  0.94654]

(O4) (MPI=1) (OMP=8) 
------------------------------------------------------------
------------------------------------------------------------

Serpent 2.1.31 -- Static criticality source simulation

Title: "godiva in a water tank: enrichment = 50.0%, radius = 8.7407 cm" 

Active cycle  105 / 120  Source neutrons :  5161

Running time :                  0:00:26
Estimated running time :        0:00:29
Estimated running time left :   0:00:03

Estimated relative CPU usage :   801.1%

k-eff (analog)    = 0.94489 +/- 0.00175  [0.94145  0.94833]
k-eff (implicit)  = 0.94369 +/- 0.00143  [0.94089  0.94649]

(O4) (MPI=1) (OMP=8) 
------------------------------------------------------------
------------------------------------------------------------

Serpent 2.1.31 -- Static criticality source simulation

Title: "godiva in a water tank: enrichment = 50.0%, radius = 8.7407 cm" 

Active cycle  106 / 120  Source neutrons :  4638

Running time :                  0:00:26
Estimated running time :        0:00:29
Estimated running time left :   0:00:02

Estimated relative CPU usage :   794.0%

k-eff (analog)    = 0.94467 +/- 0.00175  [0.94124  0.94811]
k-eff (implicit)  = 0.94342 +/- 0.00144  [0.94060  0.94624]

(O4) (MPI=1) (OMP=8) 
------------------------------------------------------------
------------------------------------------------------------

Serpent 2.1.31 -- Static criticality source simulation

Title: "godiva in a water tank: enrichment = 50.0%, radius = 8.7407 cm" 

Active cycle  107 / 120  Source neutrons :  4851

Running time :                  0:00:27
Estimated running time :        0:00:29
Estimated running time left :   0:00:02

Estimated relative CPU usage :   797.8%

k-eff (analog)    = 0.94420 +/- 0.00180  [0.94068  0.94773]
k-eff (implicit)  = 0.94370 +/- 0.00145  [0.94085  0.94654]

(O4) (MPI=1) (OMP=8) 
------------------------------------------------------------
------------------------------------------------------------

Serpent 2.1.31 -- Static criticality source simulation

Title: "godiva in a water tank: enrichment = 50.0%, radius = 8.7407 cm" 

Active cycle  108 / 120  Source neutrons :  5284

Running time :                  0:00:27
Estimated running time :        0:00:29
Estimated running time left :   0:00:02

Estimated relative CPU usage :   793.7%

k-eff (analog)    = 0.94421 +/- 0.00178  [0.94072  0.94770]
k-eff (implicit)  = 0.94394 +/- 0.00146  [0.94108  0.94680]

(O4) (MPI=1) (OMP=8) 
------------------------------------------------------------
------------------------------------------------------------

Serpent 2.1.31 -- Static criticality source simulation

Title: "godiva in a water tank: enrichment = 50.0%, radius = 8.7407 cm" 

Active cycle  109 / 120  Source neutrons :  4946

Running time :                  0:00:27
Estimated running time :        0:00:29
Estimated running time left :   0:00:02

Estimated relative CPU usage :   794.1%

k-eff (analog)    = 0.94412 +/- 0.00177  [0.94066  0.94759]
k-eff (implicit)  = 0.94387 +/- 0.00145  [0.94104  0.94671]

(O4) (MPI=1) (OMP=8) 
------------------------------------------------------------
------------------------------------------------------------

Serpent 2.1.31 -- Static criticality source simulation

Title: "godiva in a water tank: enrichment = 50.0%, radius = 8.7407 cm" 

Active cycle  110 / 120  Source neutrons :  5030

Running time :                  0:00:27
Estimated running time :        0:00:29
Estimated running time left :   0:00:02

Estimated relative CPU usage :   801.1%

k-eff (analog)    = 0.94409 +/- 0.00175  [0.94066  0.94752]
k-eff (implicit)  = 0.94384 +/- 0.00143  [0.94103  0.94665]

(O4) (MPI=1) (OMP=8) 
------------------------------------------------------------
------------------------------------------------------------

Serpent 2.1.31 -- Static criticality source simulation

Title: "godiva in a water tank: enrichment = 50.0%, radius = 8.7407 cm" 

Active cycle  111 / 120  Source neutrons :  4847

Running time :                  0:00:28
Estimated running time :        0:00:29
Estimated running time left :   0:00:01

Estimated relative CPU usage :   793.7%

k-eff (analog)    = 0.94380 +/- 0.00176  [0.94035  0.94725]
k-eff (implicit)  = 0.94393 +/- 0.00142  [0.94114  0.94673]

(O4) (MPI=1) (OMP=8) 
------------------------------------------------------------
------------------------------------------------------------

Serpent 2.1.31 -- Static criticality source simulation

Title: "godiva in a water tank: enrichment = 50.0%, radius = 8.7407 cm" 

Active cycle  112 / 120  Source neutrons :  5228

Running time :                  0:00:28
Estimated running time :        0:00:29
Estimated running time left :   0:00:01

Estimated relative CPU usage :   797.7%

k-eff (analog)    = 0.94388 +/- 0.00175  [0.94046  0.94730]
k-eff (implicit)  = 0.94395 +/- 0.00141  [0.94118  0.94671]

(O4) (MPI=1) (OMP=8) 
------------------------------------------------------------
------------------------------------------------------------

Serpent 2.1.31 -- Static criticality source simulation

Title: "godiva in a water tank: enrichment = 50.0%, radius = 8.7407 cm" 

Active cycle  113 / 120  Source neutrons :  4998

Running time :                  0:00:28
Estimated running time :        0:00:29
Estimated running time left :   0:00:01

Estimated relative CPU usage :   797.2%

k-eff (analog)    = 0.94396 +/- 0.00173  [0.94057  0.94736]
k-eff (implicit)  = 0.94388 +/- 0.00140  [0.94114  0.94663]

(O4) (MPI=1) (OMP=8) 
------------------------------------------------------------
------------------------------------------------------------

Serpent 2.1.31 -- Static criticality source simulation

Title: "godiva in a water tank: enrichment = 50.0%, radius = 8.7407 cm" 

Active cycle  114 / 120  Source neutrons :  4906

Running time :                  0:00:28
Estimated running time :        0:00:29
Estimated running time left :   0:00:01

Estimated relative CPU usage :   797.7%

k-eff (analog)    = 0.94388 +/- 0.00172  [0.94051  0.94725]
k-eff (implicit)  = 0.94382 +/- 0.00139  [0.94109  0.94654]

(O4) (MPI=1) (OMP=8) 
------------------------------------------------------------
------------------------------------------------------------

Serpent 2.1.31 -- Static criticality source simulation

Title: "godiva in a water tank: enrichment = 50.0%, radius = 8.7407 cm" 

Active cycle  115 / 120  Source neutrons :  4926

Running time :                  0:00:28
Estimated running time :        0:00:29
Estimated running time left :   0:00:01

Estimated relative CPU usage :   797.4%

k-eff (analog)    = 0.94368 +/- 0.00172  [0.94032  0.94705]
k-eff (implicit)  = 0.94395 +/- 0.00138  [0.94123  0.94666]

(O4) (MPI=1) (OMP=8) 
------------------------------------------------------------
------------------------------------------------------------

Serpent 2.1.31 -- Static criticality source simulation

Title: "godiva in a water tank: enrichment = 50.0%, radius = 8.7407 cm" 

Active cycle  116 / 120  Source neutrons :  5415

Running time :                  0:00:29
Estimated running time :        0:00:29
Estimated running time left :   0:00:00

Estimated relative CPU usage :   797.3%

k-eff (analog)    = 0.94415 +/- 0.00176  [0.94069  0.94760]
k-eff (implicit)  = 0.94413 +/- 0.00138  [0.94142  0.94685]

(O4) (MPI=1) (OMP=8) 
------------------------------------------------------------
------------------------------------------------------------

Serpent 2.1.31 -- Static criticality source simulation

Title: "godiva in a water tank: enrichment = 50.0%, radius = 8.7407 cm" 

Active cycle  117 / 120  Source neutrons :  4869

Running time :                  0:00:29
Estimated running time :        0:00:29
Estimated running time left :   0:00:00

Estimated relative CPU usage :   794.1%

k-eff (analog)    = 0.94438 +/- 0.00176  [0.94093  0.94784]
k-eff (implicit)  = 0.94407 +/- 0.00137  [0.94137  0.94676]

(O4) (MPI=1) (OMP=8) 
------------------------------------------------------------
------------------------------------------------------------

Serpent 2.1.31 -- Static criticality source simulation

Title: "godiva in a water tank: enrichment = 50.0%, radius = 8.7407 cm" 

Active cycle  118 / 120  Source neutrons :  4766

Running time :                  0:00:29
Estimated running time :        0:00:29
Estimated running time left :   0:00:00

Estimated relative CPU usage :   801.3%

k-eff (analog)    = 0.94423 +/- 0.00176  [0.94079  0.94767]
k-eff (implicit)  = 0.94412 +/- 0.00136  [0.94145  0.94679]

(O4) (MPI=1) (OMP=8) 
------------------------------------------------------------
------------------------------------------------------------

Serpent 2.1.31 -- Static criticality source simulation

Title: "godiva in a water tank: enrichment = 50.0%, radius = 8.7407 cm" 

Active cycle  119 / 120  Source neutrons :  5136

Running time :                  0:00:29
Estimated running time :        0:00:29
Estimated running time left :   0:00:00

Estimated relative CPU usage :   798.0%

k-eff (analog)    = 0.94428 +/- 0.00174  [0.94087  0.94770]
k-eff (implicit)  = 0.94403 +/- 0.00136  [0.94137  0.94668]

(O4) (MPI=1) (OMP=8) 
------------------------------------------------------------
------------------------------------------------------------

Serpent 2.1.31 -- Static criticality source simulation

Title: "godiva in a water tank: enrichment = 50.0%, radius = 8.7407 cm" 

Active cycle  120 / 120  Source neutrons :  5067

Running time :                  0:00:29
Estimated running time :        0:00:29
Estimated running time left :   0:00:00

Estimated relative CPU usage :   795.7%

k-eff (analog)    = 0.94445 +/- 0.00173  [0.94105  0.94785]
k-eff (implicit)  = 0.94418 +/- 0.00135  [0.94153  0.94683]

(O4) (MPI=1) (OMP=8) 
------------------------------------------------------------

Transport cycle completed in 27.8 seconds.

Calculating activities...
OK.

