
  _                   .-=-.           .-=-.          .-==-.       
 { }      __        .' O o '.       .' O o '.       /  -<' )--<   
 { }    .' O'.     / o .-. O \     / o .-. O \     /  .---`       
 { }   / .-. o\   /O  /   \  o\   /O  /   \  o\   /O /            
  \ `-` /   \ O`-'o  /     \  O`-'o  /     \  O`-`o /             
   `-.-`     '.____.'       `._____.'       `.____.'              

Serpent 2 beta

A Continuous-energy Monte Carlo Reactor Physics Burnup Calculation Code

 - Version 2.1.31 (May 16, 2019) -- Contact: serpent@vtt.fi

 - Reference: J. Leppanen, et al. "The Serpent Monte Carlo code: Status,
              development and applications in 2013." Ann. Nucl. Energy,
              82 (2015) 142-150.

 - Compiled May 16 2019 10:33:27

 - MPI Parallel calculation mode available

 - OpenMP Parallel calculation mode available

 - Geometry and mesh plotting available

 - Default data path set to: "/opt/serpent/xsdata"

Begin calculation on Fri Aug 23 09:30:28 2019

Reading input file "godiva25.inp"...

Checking duplicate input definitions...
OK.

Creating geometry...
OK.

Counting geometry zones...

Processing cells...
OK.

Linking materials to geometry...
OK.

Counting cells...
OK.

Processing data for group constant generation:

 - 70 energy groups in micro-group structure
 - 2 energy groups in macro-group structure
 - B1 fundamental mode calculation is not run
 - Group constants generated in 1 universes
 - Discontinuity factors are not calculated
 - Pin-power distributions are not calculated
 - Albedos are not calculated
 - Poison cross sections are not calculated

Plotting geometry:

   0% complete
  50% complete
 100% complete

Reading ACE directory files...
OK.

Reading neutron-induced fission yields...
OK.

Adding nuclides in material uranium...

Nuclide  92235.03c -- uranium 235 at 300K (U-235)
Nuclide  92238.03c -- uranium 238 at 300K (U-238)

Adding nuclides in material water...

Nuclide   1001.03c -- hydrogen at 300K (H-1)
Nuclide   8016.03c -- oxygen 16 at 300K (O-16)

Adding thermal scattering data...

Nuclide   lwj3.00t -- hydrogen at 294K (H-1)

Checking data and printing output...
OK.

Generating unionize energy grids...

Adding points:

  1001.03c -- Points added in neutron grid: 252
  1001.03s -- Points added in neutron grid: 91
  8016.03c -- Points added in neutron grid: 2353
 92235.03c -- Points added in neutron grid: 30672
 92238.03c -- Points added in neutron grid: 64861

Generating unionized energy grid:

 - Unionization performed without grid thinning
   between 1.00E-11 and 20.0 MeV.

 - Final neutron grid size: 98053 points.

 - 3.29 Mb of memory allocated for grid data

OK.

Processing cross sections and ENDF reaction laws...

Nuclide   1001.03c -- hydrogen at 300K (H-1)
Nuclide   1001.03s -- hydrogen at 300K (H-1)
Nuclide   8016.03c -- oxygen 16 at 300K (O-16)
Nuclide  92235.03c -- uranium 235 at 300K (U-235)
Nuclide  92238.03c -- uranium 238 at 300K (U-238)

SUMMARY -- 5 nuclides included in calculation:

 - 5 transport nuclides
 - Neutron energy cut-offs at 1.00E-11 and 20.0 MeV
 - 118 transport reactions
 - 29 special reactions
 - 4 decay reactions
 - 25.46 Mb of memory allocated for data

Normalizing compositions and processing mixtures...
OK.

Allocating memory for macroscopic cross section data...
OK.

Allocating memory for particle structures...
OK.

Calculating maximum densities...
OK.

Performing density cut-off...
OK.

Sorting material-wise reaction lists:

   0% complete
 100% complete

Calculating macroscopic cross sections:

   0% complete
 100% complete

Calculating DT neutron majorant cross section:

   0% complete
 100% complete

Clearing results and statistics...
OK.

Sampling initial source...
OK.

Inactive cycle   1 /  20: k-eff = 1.00000
Inactive cycle   2 /  20: k-eff = 1.11300
Inactive cycle   3 /  20: k-eff = 1.06514
Inactive cycle   4 /  20: k-eff = 1.06408
Inactive cycle   5 /  20: k-eff = 1.09046
Inactive cycle   6 /  20: k-eff = 1.05513
Inactive cycle   7 /  20: k-eff = 1.06421
Inactive cycle   8 /  20: k-eff = 1.04378
Inactive cycle   9 /  20: k-eff = 1.06987
Inactive cycle  10 /  20: k-eff = 1.06559
Inactive cycle  11 /  20: k-eff = 1.07049
Inactive cycle  12 /  20: k-eff = 1.06364
Inactive cycle  13 /  20: k-eff = 1.05386
Inactive cycle  14 /  20: k-eff = 1.06545
Inactive cycle  15 /  20: k-eff = 1.07930
Inactive cycle  16 /  20: k-eff = 1.05922
Inactive cycle  17 /  20: k-eff = 1.06410
Inactive cycle  18 /  20: k-eff = 1.01919
Inactive cycle  19 /  20: k-eff = 1.10358
Inactive cycle  20 /  20: k-eff = 1.06098

----- Begin active cycles -----

------------------------------------------------------------

Serpent 2.1.31 -- Static criticality source simulation

Title: "godiva in a water tank: enrichment = 70.0%, radius = 8.7407 cm" 

Active cycle    1 / 120  Source neutrons :  5037

Running time :                  0:00:06
Estimated running time :        -:--:--
Estimated running time left :   -:--:--

Estimated relative CPU usage :   795.1%

k-eff (analog)    = 1.06883 +/- 0.00000  [1.06883  1.06883]
k-eff (implicit)  = 1.07383 +/- 0.00000  [1.07383  1.07383]

(O4) (MPI=1) (OMP=8) 
------------------------------------------------------------
------------------------------------------------------------

Serpent 2.1.31 -- Static criticality source simulation

Title: "godiva in a water tank: enrichment = 70.0%, radius = 8.7407 cm" 

Active cycle    2 / 120  Source neutrons :  4969

Running time :                  0:00:06
Estimated running time :        -:--:--
Estimated running time left :   -:--:--

Estimated relative CPU usage :   796.9%

k-eff (analog)    = 1.06552 +/- 0.00331  [1.05903  1.07201]
k-eff (implicit)  = 1.08161 +/- 0.00778  [1.06636  1.09686]

(O4) (MPI=1) (OMP=8) 
------------------------------------------------------------
------------------------------------------------------------

Serpent 2.1.31 -- Static criticality source simulation

Title: "godiva in a water tank: enrichment = 70.0%, radius = 8.7407 cm" 

Active cycle    3 / 120  Source neutrons :  5134

Running time :                  0:00:07
Estimated running time :        -:--:--
Estimated running time left :   -:--:--

Estimated relative CPU usage :   797.6%

k-eff (analog)    = 1.07390 +/- 0.00860  [1.05705  1.09076]
k-eff (implicit)  = 1.07587 +/- 0.00729  [1.06158  1.09016]

(O4) (MPI=1) (OMP=8) 
------------------------------------------------------------
------------------------------------------------------------

Serpent 2.1.31 -- Static criticality source simulation

Title: "godiva in a water tank: enrichment = 70.0%, radius = 8.7407 cm" 

Active cycle    4 / 120  Source neutrons :  4907

Running time :                  0:00:07
Estimated running time :        -:--:--
Estimated running time left :   -:--:--

Estimated relative CPU usage :   797.0%

k-eff (analog)    = 1.07303 +/- 0.00614  [1.06098  1.08507]
k-eff (implicit)  = 1.07892 +/- 0.00599  [1.06718  1.09065]

(O4) (MPI=1) (OMP=8) 
------------------------------------------------------------
------------------------------------------------------------

Serpent 2.1.31 -- Static criticality source simulation

Title: "godiva in a water tank: enrichment = 70.0%, radius = 8.7407 cm" 

Active cycle    5 / 120  Source neutrons :  5163

Running time :                  0:00:07
Estimated running time :        -:--:--
Estimated running time left :   -:--:--

Estimated relative CPU usage :   797.8%

k-eff (analog)    = 1.07948 +/- 0.00802  [1.06376  1.09519]
k-eff (implicit)  = 1.07689 +/- 0.00506  [1.06697  1.08681]

(O4) (MPI=1) (OMP=8) 
------------------------------------------------------------
------------------------------------------------------------

Serpent 2.1.31 -- Static criticality source simulation

Title: "godiva in a water tank: enrichment = 70.0%, radius = 8.7407 cm" 

Active cycle    6 / 120  Source neutrons :  4752

Running time :                  0:00:07
Estimated running time :        -:--:--
Estimated running time left :   -:--:--

Estimated relative CPU usage :   797.3%

k-eff (analog)    = 1.07464 +/- 0.00814  [1.05869  1.09059]
k-eff (implicit)  = 1.07599 +/- 0.00423  [1.06771  1.08428]

(O4) (MPI=1) (OMP=8) 
------------------------------------------------------------
------------------------------------------------------------

Serpent 2.1.31 -- Static criticality source simulation

Title: "godiva in a water tank: enrichment = 70.0%, radius = 8.7407 cm" 

Active cycle    7 / 120  Source neutrons :  5092

Running time :                  0:00:08
Estimated running time :        -:--:--
Estimated running time left :   -:--:--

Estimated relative CPU usage :   797.0%

k-eff (analog)    = 1.07395 +/- 0.00691  [1.06040  1.08750]
k-eff (implicit)  = 1.07196 +/- 0.00539  [1.06140  1.08252]

(O4) (MPI=1) (OMP=8) 
------------------------------------------------------------
------------------------------------------------------------

Serpent 2.1.31 -- Static criticality source simulation

Title: "godiva in a water tank: enrichment = 70.0%, radius = 8.7407 cm" 

Active cycle    8 / 120  Source neutrons :  4956

Running time :                  0:00:08
Estimated running time :        0:00:38
Estimated running time left :   0:00:29

Estimated relative CPU usage :   795.8%

k-eff (analog)    = 1.07225 +/- 0.00622  [1.06005  1.08445]
k-eff (implicit)  = 1.07149 +/- 0.00469  [1.06230  1.08068]

(O4) (MPI=1) (OMP=8) 
------------------------------------------------------------
------------------------------------------------------------

Serpent 2.1.31 -- Static criticality source simulation

Title: "godiva in a water tank: enrichment = 70.0%, radius = 8.7407 cm" 

Active cycle    9 / 120  Source neutrons :  5029

Running time :                  0:00:08
Estimated running time :        0:00:38
Estimated running time left :   0:00:29

Estimated relative CPU usage :   795.5%

k-eff (analog)    = 1.07161 +/- 0.00552  [1.06079  1.08244]
k-eff (implicit)  = 1.07114 +/- 0.00415  [1.06300  1.07927]

(O4) (MPI=1) (OMP=8) 
------------------------------------------------------------
------------------------------------------------------------

Serpent 2.1.31 -- Static criticality source simulation

Title: "godiva in a water tank: enrichment = 70.0%, radius = 8.7407 cm" 

Active cycle   10 / 120  Source neutrons :  4945

Running time :                  0:00:08
Estimated running time :        0:00:38
Estimated running time left :   0:00:29

Estimated relative CPU usage :   798.1%

k-eff (analog)    = 1.06993 +/- 0.00522  [1.05970  1.08016]
k-eff (implicit)  = 1.07292 +/- 0.00412  [1.06485  1.08099]

(O4) (MPI=1) (OMP=8) 
------------------------------------------------------------
------------------------------------------------------------

Serpent 2.1.31 -- Static criticality source simulation

Title: "godiva in a water tank: enrichment = 70.0%, radius = 8.7407 cm" 

Active cycle   11 / 120  Source neutrons :  5077

Running time :                  0:00:09
Estimated running time :        0:00:38
Estimated running time left :   0:00:28

Estimated relative CPU usage :   797.3%

k-eff (analog)    = 1.07003 +/- 0.00472  [1.06078  1.07929]
k-eff (implicit)  = 1.07405 +/- 0.00389  [1.06642  1.08168]

(O4) (MPI=1) (OMP=8) 
------------------------------------------------------------
------------------------------------------------------------

Serpent 2.1.31 -- Static criticality source simulation

Title: "godiva in a water tank: enrichment = 70.0%, radius = 8.7407 cm" 

Active cycle   12 / 120  Source neutrons :  4997

Running time :                  0:00:09
Estimated running time :        0:00:38
Estimated running time left :   0:00:28

Estimated relative CPU usage :   798.1%

k-eff (analog)    = 1.07006 +/- 0.00431  [1.06161  1.07851]
k-eff (implicit)  = 1.07286 +/- 0.00375  [1.06552  1.08020]

(O4) (MPI=1) (OMP=8) 
------------------------------------------------------------
------------------------------------------------------------

Serpent 2.1.31 -- Static criticality source simulation

Title: "godiva in a water tank: enrichment = 70.0%, radius = 8.7407 cm" 

Active cycle   13 / 120  Source neutrons :  4965

Running time :                  0:00:09
Estimated running time :        0:00:38
Estimated running time left :   0:00:28

Estimated relative CPU usage :   796.3%

k-eff (analog)    = 1.06951 +/- 0.00400  [1.06166  1.07736]
k-eff (implicit)  = 1.07152 +/- 0.00370  [1.06426  1.07877]

(O4) (MPI=1) (OMP=8) 
------------------------------------------------------------
------------------------------------------------------------

Serpent 2.1.31 -- Static criticality source simulation

Title: "godiva in a water tank: enrichment = 70.0%, radius = 8.7407 cm" 

Active cycle   14 / 120  Source neutrons :  4863

Running time :                  0:00:10
Estimated running time :        0:00:38
Estimated running time left :   0:00:28

Estimated relative CPU usage :   797.5%

k-eff (analog)    = 1.06696 +/- 0.00450  [1.05814  1.07578]
k-eff (implicit)  = 1.07257 +/- 0.00358  [1.06554  1.07959]

(O4) (MPI=1) (OMP=8) 
------------------------------------------------------------
------------------------------------------------------------

Serpent 2.1.31 -- Static criticality source simulation

Title: "godiva in a water tank: enrichment = 70.0%, radius = 8.7407 cm" 

Active cycle   15 / 120  Source neutrons :  5220

Running time :                  0:00:10
Estimated running time :        0:00:38
Estimated running time left :   0:00:27

Estimated relative CPU usage :   797.6%

k-eff (analog)    = 1.06778 +/- 0.00427  [1.05941  1.07615]
k-eff (implicit)  = 1.07106 +/- 0.00366  [1.06390  1.07823]

(O4) (MPI=1) (OMP=8) 
------------------------------------------------------------
------------------------------------------------------------

Serpent 2.1.31 -- Static criticality source simulation

Title: "godiva in a water tank: enrichment = 70.0%, radius = 8.7407 cm" 

Active cycle   16 / 120  Source neutrons :  4861

Running time :                  0:00:10
Estimated running time :        0:00:38
Estimated running time left :   0:00:27

Estimated relative CPU usage :   797.8%

k-eff (analog)    = 1.06662 +/- 0.00416  [1.05847  1.07477]
k-eff (implicit)  = 1.07041 +/- 0.00348  [1.06358  1.07723]

(O4) (MPI=1) (OMP=8) 
------------------------------------------------------------
------------------------------------------------------------

Serpent 2.1.31 -- Static criticality source simulation

Title: "godiva in a water tank: enrichment = 70.0%, radius = 8.7407 cm" 

Active cycle   17 / 120  Source neutrons :  4986

Running time :                  0:00:10
Estimated running time :        0:00:38
Estimated running time left :   0:00:27

Estimated relative CPU usage :   795.6%

k-eff (analog)    = 1.06543 +/- 0.00408  [1.05742  1.07343]
k-eff (implicit)  = 1.07224 +/- 0.00375  [1.06489  1.07958]

(O4) (MPI=1) (OMP=8) 
------------------------------------------------------------
------------------------------------------------------------

Serpent 2.1.31 -- Static criticality source simulation

Title: "godiva in a water tank: enrichment = 70.0%, radius = 8.7407 cm" 

Active cycle   18 / 120  Source neutrons :  5251

Running time :                  0:00:11
Estimated running time :        0:00:38
Estimated running time left :   0:00:27

Estimated relative CPU usage :   797.2%

k-eff (analog)    = 1.06728 +/- 0.00427  [1.05891  1.07566]
k-eff (implicit)  = 1.07315 +/- 0.00365  [1.06600  1.08031]

(O4) (MPI=1) (OMP=8) 
------------------------------------------------------------
------------------------------------------------------------

Serpent 2.1.31 -- Static criticality source simulation

Title: "godiva in a water tank: enrichment = 70.0%, radius = 8.7407 cm" 

Active cycle   19 / 120  Source neutrons :  4851

Running time :                  0:00:11
Estimated running time :        0:00:38
Estimated running time left :   0:00:26

Estimated relative CPU usage :   794.7%

k-eff (analog)    = 1.06722 +/- 0.00404  [1.05930  1.07515]
k-eff (implicit)  = 1.07413 +/- 0.00359  [1.06709  1.08117]

(O4) (MPI=1) (OMP=8) 
------------------------------------------------------------
------------------------------------------------------------

Serpent 2.1.31 -- Static criticality source simulation

Title: "godiva in a water tank: enrichment = 70.0%, radius = 8.7407 cm" 

Active cycle   20 / 120  Source neutrons :  5122

Running time :                  0:00:11
Estimated running time :        0:00:38
Estimated running time left :   0:00:26

Estimated relative CPU usage :   797.1%

k-eff (analog)    = 1.06847 +/- 0.00403  [1.06056  1.07637]
k-eff (implicit)  = 1.07285 +/- 0.00364  [1.06571  1.07998]

(O4) (MPI=1) (OMP=8) 
------------------------------------------------------------
------------------------------------------------------------

Serpent 2.1.31 -- Static criticality source simulation

Title: "godiva in a water tank: enrichment = 70.0%, radius = 8.7407 cm" 

Active cycle   21 / 120  Source neutrons :  4848

Running time :                  0:00:11
Estimated running time :        0:00:38
Estimated running time left :   0:00:26

Estimated relative CPU usage :   795.3%

k-eff (analog)    = 1.06801 +/- 0.00386  [1.06044  1.07558]
k-eff (implicit)  = 1.07240 +/- 0.00349  [1.06556  1.07925]

(O4) (MPI=1) (OMP=8) 
------------------------------------------------------------
------------------------------------------------------------

Serpent 2.1.31 -- Static criticality source simulation

Title: "godiva in a water tank: enrichment = 70.0%, radius = 8.7407 cm" 

Active cycle   22 / 120  Source neutrons :  5006

Running time :                  0:00:12
Estimated running time :        0:00:38
Estimated running time left :   0:00:26

Estimated relative CPU usage :   797.4%

k-eff (analog)    = 1.06766 +/- 0.00370  [1.06040  1.07491]
k-eff (implicit)  = 1.07326 +/- 0.00344  [1.06653  1.08000]

(O4) (MPI=1) (OMP=8) 
------------------------------------------------------------
------------------------------------------------------------

Serpent 2.1.31 -- Static criticality source simulation

Title: "godiva in a water tank: enrichment = 70.0%, radius = 8.7407 cm" 

Active cycle   23 / 120  Source neutrons :  4997

Running time :                  0:00:12
Estimated running time :        0:00:38
Estimated running time left :   0:00:25

Estimated relative CPU usage :   797.8%

k-eff (analog)    = 1.06730 +/- 0.00355  [1.06034  1.07427]
k-eff (implicit)  = 1.07326 +/- 0.00328  [1.06682  1.07969]

(O4) (MPI=1) (OMP=8) 
------------------------------------------------------------
------------------------------------------------------------

Serpent 2.1.31 -- Static criticality source simulation

Title: "godiva in a water tank: enrichment = 70.0%, radius = 8.7407 cm" 

Active cycle   24 / 120  Source neutrons :  5071

Running time :                  0:00:12
Estimated running time :        0:00:38
Estimated running time left :   0:00:25

Estimated relative CPU usage :   797.5%

k-eff (analog)    = 1.06761 +/- 0.00342  [1.06091  1.07430]
k-eff (implicit)  = 1.07303 +/- 0.00315  [1.06685  1.07921]

(O4) (MPI=1) (OMP=8) 
------------------------------------------------------------
------------------------------------------------------------

Serpent 2.1.31 -- Static criticality source simulation

Title: "godiva in a water tank: enrichment = 70.0%, radius = 8.7407 cm" 

Active cycle   25 / 120  Source neutrons :  4920

Running time :                  0:00:12
Estimated running time :        0:00:38
Estimated running time left :   0:00:25

Estimated relative CPU usage :   797.5%

k-eff (analog)    = 1.06720 +/- 0.00330  [1.06073  1.07367]
k-eff (implicit)  = 1.07161 +/- 0.00334  [1.06506  1.07816]

(O4) (MPI=1) (OMP=8) 
------------------------------------------------------------
------------------------------------------------------------

Serpent 2.1.31 -- Static criticality source simulation

Title: "godiva in a water tank: enrichment = 70.0%, radius = 8.7407 cm" 

Active cycle   26 / 120  Source neutrons :  4900

Running time :                  0:00:13
Estimated running time :        0:00:38
Estimated running time left :   0:00:24

Estimated relative CPU usage :   796.8%

k-eff (analog)    = 1.06601 +/- 0.00339  [1.05937  1.07265]
k-eff (implicit)  = 1.07120 +/- 0.00324  [1.06485  1.07754]

(O4) (MPI=1) (OMP=8) 
------------------------------------------------------------
------------------------------------------------------------

Serpent 2.1.31 -- Static criticality source simulation

Title: "godiva in a water tank: enrichment = 70.0%, radius = 8.7407 cm" 

Active cycle   27 / 120  Source neutrons :  5119

Running time :                  0:00:13
Estimated running time :        0:00:38
Estimated running time left :   0:00:24

Estimated relative CPU usage :   797.7%

k-eff (analog)    = 1.06582 +/- 0.00327  [1.05942  1.07222]
k-eff (implicit)  = 1.07004 +/- 0.00332  [1.06354  1.07655]

(O4) (MPI=1) (OMP=8) 
------------------------------------------------------------
------------------------------------------------------------

Serpent 2.1.31 -- Static criticality source simulation

Title: "godiva in a water tank: enrichment = 70.0%, radius = 8.7407 cm" 

Active cycle   28 / 120  Source neutrons :  4942

Running time :                  0:00:13
Estimated running time :        0:00:38
Estimated running time left :   0:00:24

Estimated relative CPU usage :   797.5%

k-eff (analog)    = 1.06521 +/- 0.00321  [1.05892  1.07149]
k-eff (implicit)  = 1.07020 +/- 0.00320  [1.06392  1.07648]

(O4) (MPI=1) (OMP=8) 
------------------------------------------------------------
------------------------------------------------------------

Serpent 2.1.31 -- Static criticality source simulation

Title: "godiva in a water tank: enrichment = 70.0%, radius = 8.7407 cm" 

Active cycle   29 / 120  Source neutrons :  5112

Running time :                  0:00:14
Estimated running time :        0:00:38
Estimated running time left :   0:00:24

Estimated relative CPU usage :   797.7%

k-eff (analog)    = 1.06544 +/- 0.00310  [1.05936  1.07153]
k-eff (implicit)  = 1.06922 +/- 0.00324  [1.06286  1.07558]

(O4) (MPI=1) (OMP=8) 
------------------------------------------------------------
------------------------------------------------------------

Serpent 2.1.31 -- Static criticality source simulation

Title: "godiva in a water tank: enrichment = 70.0%, radius = 8.7407 cm" 

Active cycle   30 / 120  Source neutrons :  4999

Running time :                  0:00:14
Estimated running time :        0:00:38
Estimated running time left :   0:00:24

Estimated relative CPU usage :   797.0%

k-eff (analog)    = 1.06566 +/- 0.00301  [1.05977  1.07155]
k-eff (implicit)  = 1.06839 +/- 0.00324  [1.06204  1.07475]

(O4) (MPI=1) (OMP=8) 
------------------------------------------------------------
------------------------------------------------------------

Serpent 2.1.31 -- Static criticality source simulation

Title: "godiva in a water tank: enrichment = 70.0%, radius = 8.7407 cm" 

Active cycle   31 / 120  Source neutrons :  4899

Running time :                  0:00:14
Estimated running time :        0:00:38
Estimated running time left :   0:00:23

Estimated relative CPU usage :   794.9%

k-eff (analog)    = 1.06516 +/- 0.00295  [1.05938  1.07094]
k-eff (implicit)  = 1.06884 +/- 0.00317  [1.06263  1.07504]

(O4) (MPI=1) (OMP=8) 
------------------------------------------------------------
------------------------------------------------------------

Serpent 2.1.31 -- Static criticality source simulation

Title: "godiva in a water tank: enrichment = 70.0%, radius = 8.7407 cm" 

Active cycle   32 / 120  Source neutrons :  5226

Running time :                  0:00:14
Estimated running time :        0:00:38
Estimated running time left :   0:00:23

Estimated relative CPU usage :   795.9%

k-eff (analog)    = 1.06618 +/- 0.00303  [1.06024  1.07212]
k-eff (implicit)  = 1.06887 +/- 0.00307  [1.06286  1.07488]

(O4) (MPI=1) (OMP=8) 
------------------------------------------------------------
------------------------------------------------------------

Serpent 2.1.31 -- Static criticality source simulation

Title: "godiva in a water tank: enrichment = 70.0%, radius = 8.7407 cm" 

Active cycle   33 / 120  Source neutrons :  4946

Running time :                  0:00:15
Estimated running time :        0:00:38
Estimated running time left :   0:00:23

Estimated relative CPU usage :   796.2%

k-eff (analog)    = 1.06677 +/- 0.00300  [1.06090  1.07265]
k-eff (implicit)  = 1.06952 +/- 0.00304  [1.06356  1.07548]

(O4) (MPI=1) (OMP=8) 
------------------------------------------------------------
------------------------------------------------------------

Serpent 2.1.31 -- Static criticality source simulation

Title: "godiva in a water tank: enrichment = 70.0%, radius = 8.7407 cm" 

Active cycle   34 / 120  Source neutrons :  4888

Running time :                  0:00:15
Estimated running time :        0:00:38
Estimated running time left :   0:00:22

Estimated relative CPU usage :   794.6%

k-eff (analog)    = 1.06662 +/- 0.00291  [1.06091  1.07233]
k-eff (implicit)  = 1.06866 +/- 0.00307  [1.06264  1.07469]

(O4) (MPI=1) (OMP=8) 
------------------------------------------------------------
------------------------------------------------------------

Serpent 2.1.31 -- Static criticality source simulation

Title: "godiva in a water tank: enrichment = 70.0%, radius = 8.7407 cm" 

Active cycle   35 / 120  Source neutrons :  5071

Running time :                  0:00:15
Estimated running time :        0:00:38
Estimated running time left :   0:00:22

Estimated relative CPU usage :   794.6%

k-eff (analog)    = 1.06690 +/- 0.00284  [1.06133  1.07247]
k-eff (implicit)  = 1.06821 +/- 0.00302  [1.06229  1.07412]

(O4) (MPI=1) (OMP=8) 
------------------------------------------------------------
------------------------------------------------------------

Serpent 2.1.31 -- Static criticality source simulation

Title: "godiva in a water tank: enrichment = 70.0%, radius = 8.7407 cm" 

Active cycle   36 / 120  Source neutrons :  4909

Running time :                  0:00:15
Estimated running time :        0:00:38
Estimated running time left :   0:00:22

Estimated relative CPU usage :   797.9%

k-eff (analog)    = 1.06663 +/- 0.00278  [1.06119  1.07207]
k-eff (implicit)  = 1.06825 +/- 0.00293  [1.06250  1.07400]

(O4) (MPI=1) (OMP=8) 
------------------------------------------------------------
------------------------------------------------------------

Serpent 2.1.31 -- Static criticality source simulation

Title: "godiva in a water tank: enrichment = 70.0%, radius = 8.7407 cm" 

Active cycle   37 / 120  Source neutrons :  4987

Running time :                  0:00:16
Estimated running time :        0:00:38
Estimated running time left :   0:00:22

Estimated relative CPU usage :   797.4%

k-eff (analog)    = 1.06629 +/- 0.00272  [1.06096  1.07163]
k-eff (implicit)  = 1.06887 +/- 0.00292  [1.06315  1.07459]

(O4) (MPI=1) (OMP=8) 
------------------------------------------------------------
------------------------------------------------------------

Serpent 2.1.31 -- Static criticality source simulation

Title: "godiva in a water tank: enrichment = 70.0%, radius = 8.7407 cm" 

Active cycle   38 / 120  Source neutrons :  5128

Running time :                  0:00:16
Estimated running time :        0:00:38
Estimated running time left :   0:00:21

Estimated relative CPU usage :   797.3%

k-eff (analog)    = 1.06669 +/- 0.00268  [1.06144  1.07193]
k-eff (implicit)  = 1.06887 +/- 0.00284  [1.06330  1.07444]

(O4) (MPI=1) (OMP=8) 
------------------------------------------------------------
------------------------------------------------------------

Serpent 2.1.31 -- Static criticality source simulation

Title: "godiva in a water tank: enrichment = 70.0%, radius = 8.7407 cm" 

Active cycle   39 / 120  Source neutrons :  4877

Running time :                  0:00:16
Estimated running time :        0:00:38
Estimated running time left :   0:00:21

Estimated relative CPU usage :   799.3%

k-eff (analog)    = 1.06638 +/- 0.00263  [1.06123  1.07153]
k-eff (implicit)  = 1.06908 +/- 0.00277  [1.06364  1.07451]

(O4) (MPI=1) (OMP=8) 
------------------------------------------------------------
------------------------------------------------------------

Serpent 2.1.31 -- Static criticality source simulation

Title: "godiva in a water tank: enrichment = 70.0%, radius = 8.7407 cm" 

Active cycle   40 / 120  Source neutrons :  5199

Running time :                  0:00:16
Estimated running time :        0:00:38
Estimated running time left :   0:00:21

Estimated relative CPU usage :   796.4%

k-eff (analog)    = 1.06714 +/- 0.00267  [1.06191  1.07237]
k-eff (implicit)  = 1.06953 +/- 0.00274  [1.06416  1.07491]

(O4) (MPI=1) (OMP=8) 
------------------------------------------------------------
------------------------------------------------------------

Serpent 2.1.31 -- Static criticality source simulation

Title: "godiva in a water tank: enrichment = 70.0%, radius = 8.7407 cm" 

Active cycle   41 / 120  Source neutrons :  4902

Running time :                  0:00:17
Estimated running time :        0:00:38
Estimated running time left :   0:00:21

Estimated relative CPU usage :   797.1%

k-eff (analog)    = 1.06733 +/- 0.00261  [1.06221  1.07245]
k-eff (implicit)  = 1.06918 +/- 0.00270  [1.06389  1.07447]

(O4) (MPI=1) (OMP=8) 
------------------------------------------------------------
------------------------------------------------------------

Serpent 2.1.31 -- Static criticality source simulation

Title: "godiva in a water tank: enrichment = 70.0%, radius = 8.7407 cm" 

Active cycle   42 / 120  Source neutrons :  4926

Running time :                  0:00:17
Estimated running time :        0:00:38
Estimated running time left :   0:00:20

Estimated relative CPU usage :   794.6%

k-eff (analog)    = 1.06714 +/- 0.00255  [1.06213  1.07214]
k-eff (implicit)  = 1.06888 +/- 0.00265  [1.06369  1.07407]

(O4) (MPI=1) (OMP=8) 
------------------------------------------------------------
------------------------------------------------------------

Serpent 2.1.31 -- Static criticality source simulation

Title: "godiva in a water tank: enrichment = 70.0%, radius = 8.7407 cm" 

Active cycle   43 / 120  Source neutrons :  5102

Running time :                  0:00:17
Estimated running time :        0:00:38
Estimated running time left :   0:00:20

Estimated relative CPU usage :   797.7%

k-eff (analog)    = 1.06746 +/- 0.00251  [1.06253  1.07238]
k-eff (implicit)  = 1.06894 +/- 0.00259  [1.06387  1.07402]

(O4) (MPI=1) (OMP=8) 
------------------------------------------------------------
------------------------------------------------------------

Serpent 2.1.31 -- Static criticality source simulation

Title: "godiva in a water tank: enrichment = 70.0%, radius = 8.7407 cm" 

Active cycle   44 / 120  Source neutrons :  4910

Running time :                  0:00:18
Estimated running time :        0:00:38
Estimated running time left :   0:00:20

Estimated relative CPU usage :   794.9%

k-eff (analog)    = 1.06732 +/- 0.00246  [1.06249  1.07214]
k-eff (implicit)  = 1.06885 +/- 0.00253  [1.06389  1.07381]

(O4) (MPI=1) (OMP=8) 
------------------------------------------------------------
------------------------------------------------------------

Serpent 2.1.31 -- Static criticality source simulation

Title: "godiva in a water tank: enrichment = 70.0%, radius = 8.7407 cm" 

Active cycle   45 / 120  Source neutrons :  4940

Running time :                  0:00:18
Estimated running time :        0:00:38
Estimated running time left :   0:00:20

Estimated relative CPU usage :   796.8%

k-eff (analog)    = 1.06690 +/- 0.00244  [1.06212  1.07169]
k-eff (implicit)  = 1.06874 +/- 0.00248  [1.06389  1.07359]

(O4) (MPI=1) (OMP=8) 
------------------------------------------------------------
------------------------------------------------------------

Serpent 2.1.31 -- Static criticality source simulation

Title: "godiva in a water tank: enrichment = 70.0%, radius = 8.7407 cm" 

Active cycle   46 / 120  Source neutrons :  5167

Running time :                  0:00:18
Estimated running time :        0:00:38
Estimated running time left :   0:00:19

Estimated relative CPU usage :   797.3%

k-eff (analog)    = 1.06727 +/- 0.00241  [1.06253  1.07200]
k-eff (implicit)  = 1.06889 +/- 0.00243  [1.06413  1.07365]

(O4) (MPI=1) (OMP=8) 
------------------------------------------------------------
------------------------------------------------------------

Serpent 2.1.31 -- Static criticality source simulation

Title: "godiva in a water tank: enrichment = 70.0%, radius = 8.7407 cm" 

Active cycle   47 / 120  Source neutrons :  4966

Running time :                  0:00:18
Estimated running time :        0:00:38
Estimated running time left :   0:00:19

Estimated relative CPU usage :   791.6%

k-eff (analog)    = 1.06746 +/- 0.00237  [1.06281  1.07210]
k-eff (implicit)  = 1.06860 +/- 0.00239  [1.06391  1.07329]

(O4) (MPI=1) (OMP=8) 
------------------------------------------------------------
------------------------------------------------------------

Serpent 2.1.31 -- Static criticality source simulation

Title: "godiva in a water tank: enrichment = 70.0%, radius = 8.7407 cm" 

Active cycle   48 / 120  Source neutrons :  4943

Running time :                  0:00:19
Estimated running time :        0:00:38
Estimated running time left :   0:00:19

Estimated relative CPU usage :   797.2%

k-eff (analog)    = 1.06739 +/- 0.00232  [1.06284  1.07194]
k-eff (implicit)  = 1.06826 +/- 0.00237  [1.06363  1.07290]

(O4) (MPI=1) (OMP=8) 
------------------------------------------------------------
------------------------------------------------------------

Serpent 2.1.31 -- Static criticality source simulation

Title: "godiva in a water tank: enrichment = 70.0%, radius = 8.7407 cm" 

Active cycle   49 / 120  Source neutrons :  5050

Running time :                  0:00:19
Estimated running time :        0:00:38
Estimated running time left :   0:00:19

Estimated relative CPU usage :   795.7%

k-eff (analog)    = 1.06753 +/- 0.00228  [1.06307  1.07200]
k-eff (implicit)  = 1.06783 +/- 0.00236  [1.06322  1.07245]

(O4) (MPI=1) (OMP=8) 
------------------------------------------------------------
------------------------------------------------------------

Serpent 2.1.31 -- Static criticality source simulation

Title: "godiva in a water tank: enrichment = 70.0%, radius = 8.7407 cm" 

Active cycle   50 / 120  Source neutrons :  4841

Running time :                  0:00:19
Estimated running time :        0:00:38
Estimated running time left :   0:00:18

Estimated relative CPU usage :   800.5%

k-eff (analog)    = 1.06699 +/- 0.00230  [1.06249  1.07150]
k-eff (implicit)  = 1.06786 +/- 0.00231  [1.06334  1.07239]

(O4) (MPI=1) (OMP=8) 
------------------------------------------------------------
------------------------------------------------------------

Serpent 2.1.31 -- Static criticality source simulation

Title: "godiva in a water tank: enrichment = 70.0%, radius = 8.7407 cm" 

Active cycle   51 / 120  Source neutrons :  5144

Running time :                  0:00:19
Estimated running time :        0:00:38
Estimated running time left :   0:00:18

Estimated relative CPU usage :   792.3%

k-eff (analog)    = 1.06706 +/- 0.00225  [1.06265  1.07148]
k-eff (implicit)  = 1.06778 +/- 0.00226  [1.06334  1.07222]

(O4) (MPI=1) (OMP=8) 
------------------------------------------------------------
------------------------------------------------------------

Serpent 2.1.31 -- Static criticality source simulation

Title: "godiva in a water tank: enrichment = 70.0%, radius = 8.7407 cm" 

Active cycle   52 / 120  Source neutrons :  5026

Running time :                  0:00:20
Estimated running time :        0:00:38
Estimated running time left :   0:00:18

Estimated relative CPU usage :   799.8%

k-eff (analog)    = 1.06723 +/- 0.00222  [1.06289  1.07158]
k-eff (implicit)  = 1.06828 +/- 0.00228  [1.06382  1.07275]

(O4) (MPI=1) (OMP=8) 
------------------------------------------------------------
------------------------------------------------------------

Serpent 2.1.31 -- Static criticality source simulation

Title: "godiva in a water tank: enrichment = 70.0%, radius = 8.7407 cm" 

Active cycle   53 / 120  Source neutrons :  5209

Running time :                  0:00:20
Estimated running time :        0:00:38
Estimated running time left :   0:00:17

Estimated relative CPU usage :   796.9%

k-eff (analog)    = 1.06825 +/- 0.00240  [1.06355  1.07295]
k-eff (implicit)  = 1.06868 +/- 0.00227  [1.06423  1.07312]

(O4) (MPI=1) (OMP=8) 
------------------------------------------------------------
------------------------------------------------------------

Serpent 2.1.31 -- Static criticality source simulation

Title: "godiva in a water tank: enrichment = 70.0%, radius = 8.7407 cm" 

Active cycle   54 / 120  Source neutrons :  4802

Running time :                  0:00:20
Estimated running time :        0:00:38
Estimated running time left :   0:00:17

Estimated relative CPU usage :   795.8%

k-eff (analog)    = 1.06840 +/- 0.00236  [1.06378  1.07303]
k-eff (implicit)  = 1.06825 +/- 0.00227  [1.06380  1.07269]

(O4) (MPI=1) (OMP=8) 
------------------------------------------------------------
------------------------------------------------------------

Serpent 2.1.31 -- Static criticality source simulation

Title: "godiva in a water tank: enrichment = 70.0%, radius = 8.7407 cm" 

Active cycle   55 / 120  Source neutrons :  4777

Running time :                  0:00:21
Estimated running time :        0:00:38
Estimated running time left :   0:00:17

Estimated relative CPU usage :   796.0%

k-eff (analog)    = 1.06768 +/- 0.00243  [1.06292  1.07243]
k-eff (implicit)  = 1.06774 +/- 0.00228  [1.06327  1.07221]

(O4) (MPI=1) (OMP=8) 
------------------------------------------------------------
------------------------------------------------------------

Serpent 2.1.31 -- Static criticality source simulation

Title: "godiva in a water tank: enrichment = 70.0%, radius = 8.7407 cm" 

Active cycle   56 / 120  Source neutrons :  4919

Running time :                  0:00:21
Estimated running time :        0:00:38
Estimated running time left :   0:00:17

Estimated relative CPU usage :   798.1%

k-eff (analog)    = 1.06668 +/- 0.00258  [1.06162  1.07174]
k-eff (implicit)  = 1.06850 +/- 0.00237  [1.06386  1.07313]

(O4) (MPI=1) (OMP=8) 
------------------------------------------------------------
------------------------------------------------------------

Serpent 2.1.31 -- Static criticality source simulation

Title: "godiva in a water tank: enrichment = 70.0%, radius = 8.7407 cm" 

Active cycle   57 / 120  Source neutrons :  5365

Running time :                  0:00:21
Estimated running time :        0:00:38
Estimated running time left :   0:00:16

Estimated relative CPU usage :   795.7%

k-eff (analog)    = 1.06702 +/- 0.00256  [1.06200  1.07203]
k-eff (implicit)  = 1.06829 +/- 0.00233  [1.06372  1.07287]

(O4) (MPI=1) (OMP=8) 
------------------------------------------------------------
------------------------------------------------------------

Serpent 2.1.31 -- Static criticality source simulation

Title: "godiva in a water tank: enrichment = 70.0%, radius = 8.7407 cm" 

Active cycle   58 / 120  Source neutrons :  4929

Running time :                  0:00:21
Estimated running time :        0:00:38
Estimated running time left :   0:00:16

Estimated relative CPU usage :   797.6%

k-eff (analog)    = 1.06708 +/- 0.00251  [1.06215  1.07200]
k-eff (implicit)  = 1.06828 +/- 0.00229  [1.06379  1.07278]

(O4) (MPI=1) (OMP=8) 
------------------------------------------------------------
------------------------------------------------------------

Serpent 2.1.31 -- Static criticality source simulation

Title: "godiva in a water tank: enrichment = 70.0%, radius = 8.7407 cm" 

Active cycle   59 / 120  Source neutrons :  4820

Running time :                  0:00:22
Estimated running time :        0:00:38
Estimated running time left :   0:00:16

Estimated relative CPU usage :   793.7%

k-eff (analog)    = 1.06648 +/- 0.00254  [1.06150  1.07146]
k-eff (implicit)  = 1.06807 +/- 0.00226  [1.06363  1.07250]

(O4) (MPI=1) (OMP=8) 
------------------------------------------------------------
------------------------------------------------------------

Serpent 2.1.31 -- Static criticality source simulation

Title: "godiva in a water tank: enrichment = 70.0%, radius = 8.7407 cm" 

Active cycle   60 / 120  Source neutrons :  5067

Running time :                  0:00:22
Estimated running time :        0:00:38
Estimated running time left :   0:00:16

Estimated relative CPU usage :   792.8%

k-eff (analog)    = 1.06613 +/- 0.00252  [1.06119  1.07108]
k-eff (implicit)  = 1.06859 +/- 0.00229  [1.06411  1.07307]

(O4) (MPI=1) (OMP=8) 
------------------------------------------------------------
------------------------------------------------------------

Serpent 2.1.31 -- Static criticality source simulation

Title: "godiva in a water tank: enrichment = 70.0%, radius = 8.7407 cm" 

Active cycle   61 / 120  Source neutrons :  5256

Running time :                  0:00:22
Estimated running time :        0:00:38
Estimated running time left :   0:00:15

Estimated relative CPU usage :   796.5%

k-eff (analog)    = 1.06667 +/- 0.00254  [1.06169  1.07165]
k-eff (implicit)  = 1.06884 +/- 0.00226  [1.06441  1.07327]

(O4) (MPI=1) (OMP=8) 
------------------------------------------------------------
------------------------------------------------------------

Serpent 2.1.31 -- Static criticality source simulation

Title: "godiva in a water tank: enrichment = 70.0%, radius = 8.7407 cm" 

Active cycle   62 / 120  Source neutrons :  4978

Running time :                  0:00:22
Estimated running time :        0:00:38
Estimated running time left :   0:00:15

Estimated relative CPU usage :   794.4%

k-eff (analog)    = 1.06712 +/- 0.00254  [1.06214  1.07210]
k-eff (implicit)  = 1.06872 +/- 0.00223  [1.06436  1.07309]

(O4) (MPI=1) (OMP=8) 
------------------------------------------------------------
------------------------------------------------------------

Serpent 2.1.31 -- Static criticality source simulation

Title: "godiva in a water tank: enrichment = 70.0%, radius = 8.7407 cm" 

Active cycle   63 / 120  Source neutrons :  4917

Running time :                  0:00:23
Estimated running time :        0:00:38
Estimated running time left :   0:00:15

Estimated relative CPU usage :   796.6%

k-eff (analog)    = 1.06727 +/- 0.00250  [1.06236  1.07217]
k-eff (implicit)  = 1.06853 +/- 0.00220  [1.06422  1.07285]

(O4) (MPI=1) (OMP=8) 
------------------------------------------------------------
------------------------------------------------------------

Serpent 2.1.31 -- Static criticality source simulation

Title: "godiva in a water tank: enrichment = 70.0%, radius = 8.7407 cm" 

Active cycle   64 / 120  Source neutrons :  4936

Running time :                  0:00:23
Estimated running time :        0:00:38
Estimated running time left :   0:00:15

Estimated relative CPU usage :   796.8%

k-eff (analog)    = 1.06719 +/- 0.00246  [1.06236  1.07202]
k-eff (implicit)  = 1.06844 +/- 0.00217  [1.06419  1.07269]

(O4) (MPI=1) (OMP=8) 
------------------------------------------------------------
------------------------------------------------------------

Serpent 2.1.31 -- Static criticality source simulation

Title: "godiva in a water tank: enrichment = 70.0%, radius = 8.7407 cm" 

Active cycle   65 / 120  Source neutrons :  4987

Running time :                  0:00:23
Estimated running time :        0:00:38
Estimated running time left :   0:00:14

Estimated relative CPU usage :   796.9%

k-eff (analog)    = 1.06707 +/- 0.00243  [1.06231  1.07183]
k-eff (implicit)  = 1.06819 +/- 0.00215  [1.06397  1.07240]

(O4) (MPI=1) (OMP=8) 
------------------------------------------------------------
------------------------------------------------------------

Serpent 2.1.31 -- Static criticality source simulation

Title: "godiva in a water tank: enrichment = 70.0%, radius = 8.7407 cm" 

Active cycle   66 / 120  Source neutrons :  4912

Running time :                  0:00:24
Estimated running time :        0:00:38
Estimated running time left :   0:00:14

Estimated relative CPU usage :   796.7%

k-eff (analog)    = 1.06668 +/- 0.00242  [1.06193  1.07143]
k-eff (implicit)  = 1.06824 +/- 0.00212  [1.06409  1.07240]

(O4) (MPI=1) (OMP=8) 
------------------------------------------------------------
------------------------------------------------------------

Serpent 2.1.31 -- Static criticality source simulation

Title: "godiva in a water tank: enrichment = 70.0%, radius = 8.7407 cm" 

Active cycle   67 / 120  Source neutrons :  5197

Running time :                  0:00:24
Estimated running time :        0:00:38
Estimated running time left :   0:00:14

Estimated relative CPU usage :   796.7%

k-eff (analog)    = 1.06691 +/- 0.00240  [1.06221  1.07161]
k-eff (implicit)  = 1.06831 +/- 0.00209  [1.06422  1.07240]

(O4) (MPI=1) (OMP=8) 
------------------------------------------------------------
------------------------------------------------------------

Serpent 2.1.31 -- Static criticality source simulation

Title: "godiva in a water tank: enrichment = 70.0%, radius = 8.7407 cm" 

Active cycle   68 / 120  Source neutrons :  4913

Running time :                  0:00:24
Estimated running time :        0:00:38
Estimated running time left :   0:00:13

Estimated relative CPU usage :   796.8%

k-eff (analog)    = 1.06685 +/- 0.00236  [1.06222  1.07149]
k-eff (implicit)  = 1.06808 +/- 0.00207  [1.06403  1.07214]

(O4) (MPI=1) (OMP=8) 
------------------------------------------------------------
------------------------------------------------------------

Serpent 2.1.31 -- Static criticality source simulation

Title: "godiva in a water tank: enrichment = 70.0%, radius = 8.7407 cm" 

Active cycle   69 / 120  Source neutrons :  4994

Running time :                  0:00:24
Estimated running time :        0:00:38
Estimated running time left :   0:00:13

Estimated relative CPU usage :   795.8%

k-eff (analog)    = 1.06678 +/- 0.00233  [1.06221  1.07135]
k-eff (implicit)  = 1.06784 +/- 0.00205  [1.06381  1.07186]

(O4) (MPI=1) (OMP=8) 
------------------------------------------------------------
------------------------------------------------------------

Serpent 2.1.31 -- Static criticality source simulation

Title: "godiva in a water tank: enrichment = 70.0%, radius = 8.7407 cm" 

Active cycle   70 / 120  Source neutrons :  4997

Running time :                  0:00:25
Estimated running time :        0:00:38
Estimated running time left :   0:00:13

Estimated relative CPU usage :   796.1%

k-eff (analog)    = 1.06670 +/- 0.00230  [1.06220  1.07121]
k-eff (implicit)  = 1.06795 +/- 0.00203  [1.06398  1.07193]

(O4) (MPI=1) (OMP=8) 
------------------------------------------------------------
------------------------------------------------------------

Serpent 2.1.31 -- Static criticality source simulation

Title: "godiva in a water tank: enrichment = 70.0%, radius = 8.7407 cm" 

Active cycle   71 / 120  Source neutrons :  5018

Running time :                  0:00:25
Estimated running time :        0:00:38
Estimated running time left :   0:00:13

Estimated relative CPU usage :   794.9%

k-eff (analog)    = 1.06668 +/- 0.00227  [1.06224  1.07112]
k-eff (implicit)  = 1.06789 +/- 0.00200  [1.06397  1.07181]

(O4) (MPI=1) (OMP=8) 
------------------------------------------------------------
------------------------------------------------------------

Serpent 2.1.31 -- Static criticality source simulation

Title: "godiva in a water tank: enrichment = 70.0%, radius = 8.7407 cm" 

Active cycle   72 / 120  Source neutrons :  4923

Running time :                  0:00:25
Estimated running time :        0:00:38
Estimated running time left :   0:00:12

Estimated relative CPU usage :   797.2%

k-eff (analog)    = 1.06643 +/- 0.00225  [1.06203  1.07084]
k-eff (implicit)  = 1.06797 +/- 0.00197  [1.06410  1.07184]

(O4) (MPI=1) (OMP=8) 
------------------------------------------------------------
------------------------------------------------------------

Serpent 2.1.31 -- Static criticality source simulation

Title: "godiva in a water tank: enrichment = 70.0%, radius = 8.7407 cm" 

Active cycle   73 / 120  Source neutrons :  5079

Running time :                  0:00:25
Estimated running time :        0:00:38
Estimated running time left :   0:00:12

Estimated relative CPU usage :   796.5%

k-eff (analog)    = 1.06642 +/- 0.00222  [1.06207  1.07076]
k-eff (implicit)  = 1.06805 +/- 0.00195  [1.06423  1.07187]

(O4) (MPI=1) (OMP=8) 
------------------------------------------------------------
------------------------------------------------------------

Serpent 2.1.31 -- Static criticality source simulation

Title: "godiva in a water tank: enrichment = 70.0%, radius = 8.7407 cm" 

Active cycle   74 / 120  Source neutrons :  4995

Running time :                  0:00:26
Estimated running time :        0:00:38
Estimated running time left :   0:00:12

Estimated relative CPU usage :   797.3%

k-eff (analog)    = 1.06639 +/- 0.00219  [1.06210  1.07067]
k-eff (implicit)  = 1.06817 +/- 0.00193  [1.06439  1.07194]

(O4) (MPI=1) (OMP=8) 
------------------------------------------------------------
------------------------------------------------------------

Serpent 2.1.31 -- Static criticality source simulation

Title: "godiva in a water tank: enrichment = 70.0%, radius = 8.7407 cm" 

Active cycle   75 / 120  Source neutrons :  4953

Running time :                  0:00:26
Estimated running time :        0:00:38
Estimated running time left :   0:00:12

Estimated relative CPU usage :   796.6%

k-eff (analog)    = 1.06622 +/- 0.00216  [1.06198  1.07046]
k-eff (implicit)  = 1.06807 +/- 0.00190  [1.06434  1.07179]

(O4) (MPI=1) (OMP=8) 
------------------------------------------------------------
------------------------------------------------------------

Serpent 2.1.31 -- Static criticality source simulation

Title: "godiva in a water tank: enrichment = 70.0%, radius = 8.7407 cm" 

Active cycle   76 / 120  Source neutrons :  5062

Running time :                  0:00:26
Estimated running time :        0:00:38
Estimated running time left :   0:00:11

Estimated relative CPU usage :   796.9%

k-eff (analog)    = 1.06624 +/- 0.00214  [1.06205  1.07042]
k-eff (implicit)  = 1.06792 +/- 0.00188  [1.06423  1.07161]

(O4) (MPI=1) (OMP=8) 
------------------------------------------------------------
------------------------------------------------------------

Serpent 2.1.31 -- Static criticality source simulation

Title: "godiva in a water tank: enrichment = 70.0%, radius = 8.7407 cm" 

Active cycle   77 / 120  Source neutrons :  5018

Running time :                  0:00:27
Estimated running time :        0:00:38
Estimated running time left :   0:00:11

Estimated relative CPU usage :   796.2%

k-eff (analog)    = 1.06630 +/- 0.00211  [1.06217  1.07043]
k-eff (implicit)  = 1.06778 +/- 0.00186  [1.06413  1.07143]

(O4) (MPI=1) (OMP=8) 
------------------------------------------------------------
------------------------------------------------------------

Serpent 2.1.31 -- Static criticality source simulation

Title: "godiva in a water tank: enrichment = 70.0%, radius = 8.7407 cm" 

Active cycle   78 / 120  Source neutrons :  4914

Running time :                  0:00:27
Estimated running time :        0:00:38
Estimated running time left :   0:00:11

Estimated relative CPU usage :   796.9%

k-eff (analog)    = 1.06613 +/- 0.00209  [1.06203  1.07022]
k-eff (implicit)  = 1.06769 +/- 0.00184  [1.06408  1.07130]

(O4) (MPI=1) (OMP=8) 
------------------------------------------------------------
------------------------------------------------------------

Serpent 2.1.31 -- Static criticality source simulation

Title: "godiva in a water tank: enrichment = 70.0%, radius = 8.7407 cm" 

Active cycle   79 / 120  Source neutrons :  4993

Running time :                  0:00:27
Estimated running time :        0:00:38
Estimated running time left :   0:00:11

Estimated relative CPU usage :   796.6%

k-eff (analog)    = 1.06594 +/- 0.00207  [1.06188  1.07000]
k-eff (implicit)  = 1.06796 +/- 0.00184  [1.06436  1.07157]

(O4) (MPI=1) (OMP=8) 
------------------------------------------------------------
------------------------------------------------------------

Serpent 2.1.31 -- Static criticality source simulation

Title: "godiva in a water tank: enrichment = 70.0%, radius = 8.7407 cm" 

Active cycle   80 / 120  Source neutrons :  5246

Running time :                  0:00:27
Estimated running time :        0:00:38
Estimated running time left :   0:00:10

Estimated relative CPU usage :   795.8%

k-eff (analog)    = 1.06640 +/- 0.00210  [1.06229  1.07051]
k-eff (implicit)  = 1.06787 +/- 0.00182  [1.06430  1.07143]

(O4) (MPI=1) (OMP=8) 
------------------------------------------------------------
------------------------------------------------------------

Serpent 2.1.31 -- Static criticality source simulation

Title: "godiva in a water tank: enrichment = 70.0%, radius = 8.7407 cm" 

Active cycle   81 / 120  Source neutrons :  4838

Running time :                  0:00:28
Estimated running time :        0:00:38
Estimated running time left :   0:00:10

Estimated relative CPU usage :   795.9%

k-eff (analog)    = 1.06641 +/- 0.00207  [1.06235  1.07047]
k-eff (implicit)  = 1.06790 +/- 0.00180  [1.06438  1.07142]

(O4) (MPI=1) (OMP=8) 
------------------------------------------------------------
------------------------------------------------------------

Serpent 2.1.31 -- Static criticality source simulation

Title: "godiva in a water tank: enrichment = 70.0%, radius = 8.7407 cm" 

Active cycle   82 / 120  Source neutrons :  4991

Running time :                  0:00:28
Estimated running time :        0:00:38
Estimated running time left :   0:00:10

Estimated relative CPU usage :   796.5%

k-eff (analog)    = 1.06640 +/- 0.00204  [1.06239  1.07040]
k-eff (implicit)  = 1.06808 +/- 0.00178  [1.06459  1.07158]

(O4) (MPI=1) (OMP=8) 
------------------------------------------------------------
------------------------------------------------------------

Serpent 2.1.31 -- Static criticality source simulation

Title: "godiva in a water tank: enrichment = 70.0%, radius = 8.7407 cm" 

Active cycle   83 / 120  Source neutrons :  4913

Running time :                  0:00:28
Estimated running time :        0:00:38
Estimated running time left :   0:00:09

Estimated relative CPU usage :   797.0%

k-eff (analog)    = 1.06616 +/- 0.00203  [1.06217  1.07015]
k-eff (implicit)  = 1.06850 +/- 0.00181  [1.06495  1.07206]

(O4) (MPI=1) (OMP=8) 
------------------------------------------------------------
------------------------------------------------------------

Serpent 2.1.31 -- Static criticality source simulation

Title: "godiva in a water tank: enrichment = 70.0%, radius = 8.7407 cm" 

Active cycle   84 / 120  Source neutrons :  5118

Running time :                  0:00:28
Estimated running time :        0:00:38
Estimated running time left :   0:00:09

Estimated relative CPU usage :   796.0%

k-eff (analog)    = 1.06622 +/- 0.00201  [1.06228  1.07016]
k-eff (implicit)  = 1.06850 +/- 0.00179  [1.06499  1.07200]

(O4) (MPI=1) (OMP=8) 
------------------------------------------------------------
------------------------------------------------------------

Serpent 2.1.31 -- Static criticality source simulation

Title: "godiva in a water tank: enrichment = 70.0%, radius = 8.7407 cm" 

Active cycle   85 / 120  Source neutrons :  4968

Running time :                  0:00:29
Estimated running time :        0:00:38
Estimated running time left :   0:00:09

Estimated relative CPU usage :   796.7%

k-eff (analog)    = 1.06620 +/- 0.00199  [1.06231  1.07010]
k-eff (implicit)  = 1.06837 +/- 0.00177  [1.06490  1.07185]

(O4) (MPI=1) (OMP=8) 
------------------------------------------------------------
------------------------------------------------------------

Serpent 2.1.31 -- Static criticality source simulation

Title: "godiva in a water tank: enrichment = 70.0%, radius = 8.7407 cm" 

Active cycle   86 / 120  Source neutrons :  4945

Running time :                  0:00:29
Estimated running time :        0:00:38
Estimated running time left :   0:00:09

Estimated relative CPU usage :   797.2%

k-eff (analog)    = 1.06605 +/- 0.00197  [1.06219  1.06991]
k-eff (implicit)  = 1.06822 +/- 0.00176  [1.06477  1.07167]

(O4) (MPI=1) (OMP=8) 
------------------------------------------------------------
------------------------------------------------------------

Serpent 2.1.31 -- Static criticality source simulation

Title: "godiva in a water tank: enrichment = 70.0%, radius = 8.7407 cm" 

Active cycle   87 / 120  Source neutrons :  5015

Running time :                  0:00:29
Estimated running time :        0:00:38
Estimated running time left :   0:00:08

Estimated relative CPU usage :   797.8%

k-eff (analog)    = 1.06593 +/- 0.00195  [1.06211  1.06976]
k-eff (implicit)  = 1.06815 +/- 0.00174  [1.06474  1.07156]

(O4) (MPI=1) (OMP=8) 
------------------------------------------------------------
------------------------------------------------------------

Serpent 2.1.31 -- Static criticality source simulation

Title: "godiva in a water tank: enrichment = 70.0%, radius = 8.7407 cm" 

Active cycle   88 / 120  Source neutrons :  4896

Running time :                  0:00:30
Estimated running time :        0:00:38
Estimated running time left :   0:00:08

Estimated relative CPU usage :   797.0%

k-eff (analog)    = 1.06557 +/- 0.00196  [1.06173  1.06942]
k-eff (implicit)  = 1.06798 +/- 0.00173  [1.06459  1.07136]

(O4) (MPI=1) (OMP=8) 
------------------------------------------------------------
------------------------------------------------------------

Serpent 2.1.31 -- Static criticality source simulation

Title: "godiva in a water tank: enrichment = 70.0%, radius = 8.7407 cm" 

Active cycle   89 / 120  Source neutrons :  5166

Running time :                  0:00:30
Estimated running time :        0:00:38
Estimated running time left :   0:00:08

Estimated relative CPU usage :   795.4%

k-eff (analog)    = 1.06560 +/- 0.00194  [1.06180  1.06941]
k-eff (implicit)  = 1.06776 +/- 0.00172  [1.06438  1.07114]

(O4) (MPI=1) (OMP=8) 
------------------------------------------------------------
------------------------------------------------------------

Serpent 2.1.31 -- Static criticality source simulation

Title: "godiva in a water tank: enrichment = 70.0%, radius = 8.7407 cm" 

Active cycle   90 / 120  Source neutrons :  4877

Running time :                  0:00:30
Estimated running time :        0:00:38
Estimated running time left :   0:00:08

Estimated relative CPU usage :   796.9%

k-eff (analog)    = 1.06534 +/- 0.00194  [1.06155  1.06914]
k-eff (implicit)  = 1.06804 +/- 0.00173  [1.06466  1.07142]

(O4) (MPI=1) (OMP=8) 
------------------------------------------------------------
------------------------------------------------------------

Serpent 2.1.31 -- Static criticality source simulation

Title: "godiva in a water tank: enrichment = 70.0%, radius = 8.7407 cm" 

Active cycle   91 / 120  Source neutrons :  5205

Running time :                  0:00:30
Estimated running time :        0:00:38
Estimated running time left :   0:00:07

Estimated relative CPU usage :   796.6%

k-eff (analog)    = 1.06556 +/- 0.00193  [1.06178  1.06933]
k-eff (implicit)  = 1.06823 +/- 0.00172  [1.06486  1.07160]

(O4) (MPI=1) (OMP=8) 
------------------------------------------------------------
------------------------------------------------------------

Serpent 2.1.31 -- Static criticality source simulation

Title: "godiva in a water tank: enrichment = 70.0%, radius = 8.7407 cm" 

Active cycle   92 / 120  Source neutrons :  4976

Running time :                  0:00:31
Estimated running time :        0:00:38
Estimated running time left :   0:00:07

Estimated relative CPU usage :   797.0%

k-eff (analog)    = 1.06571 +/- 0.00191  [1.06197  1.06946]
k-eff (implicit)  = 1.06830 +/- 0.00170  [1.06497  1.07164]

(O4) (MPI=1) (OMP=8) 
------------------------------------------------------------
------------------------------------------------------------

Serpent 2.1.31 -- Static criticality source simulation

Title: "godiva in a water tank: enrichment = 70.0%, radius = 8.7407 cm" 

Active cycle   93 / 120  Source neutrons :  5038

Running time :                  0:00:31
Estimated running time :        0:00:38
Estimated running time left :   0:00:07

Estimated relative CPU usage :   796.3%

k-eff (analog)    = 1.06595 +/- 0.00191  [1.06221  1.06968]
k-eff (implicit)  = 1.06834 +/- 0.00168  [1.06504  1.07163]

(O4) (MPI=1) (OMP=8) 
------------------------------------------------------------
------------------------------------------------------------

Serpent 2.1.31 -- Static criticality source simulation

Title: "godiva in a water tank: enrichment = 70.0%, radius = 8.7407 cm" 

Active cycle   94 / 120  Source neutrons :  4998

Running time :                  0:00:31
Estimated running time :        0:00:38
Estimated running time left :   0:00:07

Estimated relative CPU usage :   796.9%

k-eff (analog)    = 1.06618 +/- 0.00190  [1.06246  1.06990]
k-eff (implicit)  = 1.06830 +/- 0.00167  [1.06504  1.07157]

(O4) (MPI=1) (OMP=8) 
------------------------------------------------------------
------------------------------------------------------------

Serpent 2.1.31 -- Static criticality source simulation

Title: "godiva in a water tank: enrichment = 70.0%, radius = 8.7407 cm" 

Active cycle   95 / 120  Source neutrons :  4878

Running time :                  0:00:31
Estimated running time :        0:00:38
Estimated running time left :   0:00:06

Estimated relative CPU usage :   797.2%

k-eff (analog)    = 1.06612 +/- 0.00188  [1.06244  1.06981]
k-eff (implicit)  = 1.06808 +/- 0.00166  [1.06482  1.07134]

(O4) (MPI=1) (OMP=8) 
------------------------------------------------------------
------------------------------------------------------------

Serpent 2.1.31 -- Static criticality source simulation

Title: "godiva in a water tank: enrichment = 70.0%, radius = 8.7407 cm" 

Active cycle   96 / 120  Source neutrons :  4884

Running time :                  0:00:32
Estimated running time :        0:00:38
Estimated running time left :   0:00:06

Estimated relative CPU usage :   796.9%

k-eff (analog)    = 1.06581 +/- 0.00189  [1.06212  1.06951]
k-eff (implicit)  = 1.06819 +/- 0.00165  [1.06496  1.07142]

(O4) (MPI=1) (OMP=8) 
------------------------------------------------------------
------------------------------------------------------------

Serpent 2.1.31 -- Static criticality source simulation

Title: "godiva in a water tank: enrichment = 70.0%, radius = 8.7407 cm" 

Active cycle   97 / 120  Source neutrons :  5199

Running time :                  0:00:32
Estimated running time :        0:00:38
Estimated running time left :   0:00:06

Estimated relative CPU usage :   796.8%

k-eff (analog)    = 1.06593 +/- 0.00187  [1.06227  1.06960]
k-eff (implicit)  = 1.06861 +/- 0.00169  [1.06531  1.07191]

(O4) (MPI=1) (OMP=8) 
------------------------------------------------------------
------------------------------------------------------------

Serpent 2.1.31 -- Static criticality source simulation

Title: "godiva in a water tank: enrichment = 70.0%, radius = 8.7407 cm" 

Active cycle   98 / 120  Source neutrons :  5176

Running time :                  0:00:32
Estimated running time :        0:00:38
Estimated running time left :   0:00:05

Estimated relative CPU usage :   796.5%

k-eff (analog)    = 1.06644 +/- 0.00192  [1.06268  1.07020]
k-eff (implicit)  = 1.06889 +/- 0.00169  [1.06557  1.07220]

(O4) (MPI=1) (OMP=8) 
------------------------------------------------------------
------------------------------------------------------------

Serpent 2.1.31 -- Static criticality source simulation

Title: "godiva in a water tank: enrichment = 70.0%, radius = 8.7407 cm" 

Active cycle   99 / 120  Source neutrons :  4901

Running time :                  0:00:33
Estimated running time :        0:00:38
Estimated running time left :   0:00:05

Estimated relative CPU usage :   797.1%

k-eff (analog)    = 1.06671 +/- 0.00192  [1.06295  1.07047]
k-eff (implicit)  = 1.06898 +/- 0.00168  [1.06569  1.07226]

(O4) (MPI=1) (OMP=8) 
------------------------------------------------------------
------------------------------------------------------------

Serpent 2.1.31 -- Static criticality source simulation

Title: "godiva in a water tank: enrichment = 70.0%, radius = 8.7407 cm" 

Active cycle  100 / 120  Source neutrons :  4854

Running time :                  0:00:33
Estimated running time :        0:00:38
Estimated running time left :   0:00:05

Estimated relative CPU usage :   797.2%

k-eff (analog)    = 1.06666 +/- 0.00190  [1.06293  1.07038]
k-eff (implicit)  = 1.06912 +/- 0.00167  [1.06585  1.07238]

(O4) (MPI=1) (OMP=8) 
------------------------------------------------------------
------------------------------------------------------------

Serpent 2.1.31 -- Static criticality source simulation

Title: "godiva in a water tank: enrichment = 70.0%, radius = 8.7407 cm" 

Active cycle  101 / 120  Source neutrons :  4999

Running time :                  0:00:33
Estimated running time :        0:00:38
Estimated running time left :   0:00:05

Estimated relative CPU usage :   788.8%

k-eff (analog)    = 1.06660 +/- 0.00188  [1.06291  1.07029]
k-eff (implicit)  = 1.06931 +/- 0.00166  [1.06605  1.07256]

(O4) (MPI=1) (OMP=8) 
------------------------------------------------------------
------------------------------------------------------------

Serpent 2.1.31 -- Static criticality source simulation

Title: "godiva in a water tank: enrichment = 70.0%, radius = 8.7407 cm" 

Active cycle  102 / 120  Source neutrons :  5020

Running time :                  0:00:33
Estimated running time :        0:00:38
Estimated running time left :   0:00:04

Estimated relative CPU usage :   796.9%

k-eff (analog)    = 1.06659 +/- 0.00186  [1.06294  1.07024]
k-eff (implicit)  = 1.06928 +/- 0.00164  [1.06606  1.07251]

(O4) (MPI=1) (OMP=8) 
------------------------------------------------------------
------------------------------------------------------------

Serpent 2.1.31 -- Static criticality source simulation

Title: "godiva in a water tank: enrichment = 70.0%, radius = 8.7407 cm" 

Active cycle  103 / 120  Source neutrons :  5051

Running time :                  0:00:34
Estimated running time :        0:00:38
Estimated running time left :   0:00:04

Estimated relative CPU usage :   797.1%

k-eff (analog)    = 1.06669 +/- 0.00185  [1.06307  1.07031]
k-eff (implicit)  = 1.06939 +/- 0.00163  [1.06619  1.07259]

(O4) (MPI=1) (OMP=8) 
------------------------------------------------------------
------------------------------------------------------------

Serpent 2.1.31 -- Static criticality source simulation

Title: "godiva in a water tank: enrichment = 70.0%, radius = 8.7407 cm" 

Active cycle  104 / 120  Source neutrons :  5048

Running time :                  0:00:34
Estimated running time :        0:00:38
Estimated running time left :   0:00:04

Estimated relative CPU usage :   796.7%

k-eff (analog)    = 1.06688 +/- 0.00184  [1.06327  1.07048]
k-eff (implicit)  = 1.06918 +/- 0.00163  [1.06599  1.07237]

(O4) (MPI=1) (OMP=8) 
------------------------------------------------------------
------------------------------------------------------------

Serpent 2.1.31 -- Static criticality source simulation

Title: "godiva in a water tank: enrichment = 70.0%, radius = 8.7407 cm" 

Active cycle  105 / 120  Source neutrons :  4776

Running time :                  0:00:34
Estimated running time :        0:00:38
Estimated running time left :   0:00:04

Estimated relative CPU usage :   795.2%

k-eff (analog)    = 1.06660 +/- 0.00184  [1.06299  1.07022]
k-eff (implicit)  = 1.06907 +/- 0.00162  [1.06590  1.07224]

(O4) (MPI=1) (OMP=8) 
------------------------------------------------------------
------------------------------------------------------------

Serpent 2.1.31 -- Static criticality source simulation

Title: "godiva in a water tank: enrichment = 70.0%, radius = 8.7407 cm" 

Active cycle  106 / 120  Source neutrons :  5148

Running time :                  0:00:34
Estimated running time :        0:00:38
Estimated running time left :   0:00:03

Estimated relative CPU usage :   799.6%

k-eff (analog)    = 1.06662 +/- 0.00183  [1.06305  1.07020]
k-eff (implicit)  = 1.06903 +/- 0.00160  [1.06589  1.07217]

(O4) (MPI=1) (OMP=8) 
------------------------------------------------------------
------------------------------------------------------------

Serpent 2.1.31 -- Static criticality source simulation

Title: "godiva in a water tank: enrichment = 70.0%, radius = 8.7407 cm" 

Active cycle  107 / 120  Source neutrons :  5111

Running time :                  0:00:35
Estimated running time :        0:00:38
Estimated running time left :   0:00:03

Estimated relative CPU usage :   797.0%

k-eff (analog)    = 1.06686 +/- 0.00182  [1.06329  1.07044]
k-eff (implicit)  = 1.06912 +/- 0.00159  [1.06601  1.07224]

(O4) (MPI=1) (OMP=8) 
------------------------------------------------------------
------------------------------------------------------------

Serpent 2.1.31 -- Static criticality source simulation

Title: "godiva in a water tank: enrichment = 70.0%, radius = 8.7407 cm" 

Active cycle  108 / 120  Source neutrons :  4847

Running time :                  0:00:35
Estimated running time :        0:00:38
Estimated running time left :   0:00:03

Estimated relative CPU usage :   795.8%

k-eff (analog)    = 1.06679 +/- 0.00181  [1.06325  1.07034]
k-eff (implicit)  = 1.06917 +/- 0.00158  [1.06608  1.07226]

(O4) (MPI=1) (OMP=8) 
------------------------------------------------------------
------------------------------------------------------------

Serpent 2.1.31 -- Static criticality source simulation

Title: "godiva in a water tank: enrichment = 70.0%, radius = 8.7407 cm" 

Active cycle  109 / 120  Source neutrons :  5095

Running time :                  0:00:35
Estimated running time :        0:00:38
Estimated running time left :   0:00:02

Estimated relative CPU usage :   795.7%

k-eff (analog)    = 1.06690 +/- 0.00180  [1.06339  1.07042]
k-eff (implicit)  = 1.06907 +/- 0.00157  [1.06600  1.07213]

(O4) (MPI=1) (OMP=8) 
------------------------------------------------------------
------------------------------------------------------------

Serpent 2.1.31 -- Static criticality source simulation

Title: "godiva in a water tank: enrichment = 70.0%, radius = 8.7407 cm" 

Active cycle  110 / 120  Source neutrons :  4942

Running time :                  0:00:36
Estimated running time :        0:00:38
Estimated running time left :   0:00:02

Estimated relative CPU usage :   796.6%

k-eff (analog)    = 1.06690 +/- 0.00178  [1.06341  1.07039]
k-eff (implicit)  = 1.06908 +/- 0.00155  [1.06604  1.07212]

(O4) (MPI=1) (OMP=8) 
------------------------------------------------------------
------------------------------------------------------------

Serpent 2.1.31 -- Static criticality source simulation

Title: "godiva in a water tank: enrichment = 70.0%, radius = 8.7407 cm" 

Active cycle  111 / 120  Source neutrons :  5066

Running time :                  0:00:36
Estimated running time :        0:00:38
Estimated running time left :   0:00:02

Estimated relative CPU usage :   797.2%

k-eff (analog)    = 1.06703 +/- 0.00177  [1.06356  1.07049]
k-eff (implicit)  = 1.06887 +/- 0.00155  [1.06584  1.07191]

(O4) (MPI=1) (OMP=8) 
------------------------------------------------------------
------------------------------------------------------------

Serpent 2.1.31 -- Static criticality source simulation

Title: "godiva in a water tank: enrichment = 70.0%, radius = 8.7407 cm" 

Active cycle  112 / 120  Source neutrons :  4888

Running time :                  0:00:36
Estimated running time :        0:00:38
Estimated running time left :   0:00:02

Estimated relative CPU usage :   796.7%

k-eff (analog)    = 1.06693 +/- 0.00175  [1.06349  1.07037]
k-eff (implicit)  = 1.06897 +/- 0.00154  [1.06595  1.07198]

(O4) (MPI=1) (OMP=8) 
------------------------------------------------------------
------------------------------------------------------------

Serpent 2.1.31 -- Static criticality source simulation

Title: "godiva in a water tank: enrichment = 70.0%, radius = 8.7407 cm" 

Active cycle  113 / 120  Source neutrons :  5134

Running time :                  0:00:36
Estimated running time :        0:00:38
Estimated running time left :   0:00:01

Estimated relative CPU usage :   798.0%

k-eff (analog)    = 1.06709 +/- 0.00175  [1.06367  1.07051]
k-eff (implicit)  = 1.06906 +/- 0.00153  [1.06607  1.07206]

(O4) (MPI=1) (OMP=8) 
------------------------------------------------------------
------------------------------------------------------------

Serpent 2.1.31 -- Static criticality source simulation

Title: "godiva in a water tank: enrichment = 70.0%, radius = 8.7407 cm" 

Active cycle  114 / 120  Source neutrons :  4918

Running time :                  0:00:37
Estimated running time :        0:00:38
Estimated running time left :   0:00:01

Estimated relative CPU usage :   795.5%

k-eff (analog)    = 1.06709 +/- 0.00173  [1.06370  1.07048]
k-eff (implicit)  = 1.06897 +/- 0.00152  [1.06600  1.07195]

(O4) (MPI=1) (OMP=8) 
------------------------------------------------------------
------------------------------------------------------------

Serpent 2.1.31 -- Static criticality source simulation

Title: "godiva in a water tank: enrichment = 70.0%, radius = 8.7407 cm" 

Active cycle  115 / 120  Source neutrons :  4872

Running time :                  0:00:37
Estimated running time :        0:00:38
Estimated running time left :   0:00:01

Estimated relative CPU usage :   796.9%

k-eff (analog)    = 1.06685 +/- 0.00173  [1.06346  1.07025]
k-eff (implicit)  = 1.06877 +/- 0.00152  [1.06580  1.07174]

(O4) (MPI=1) (OMP=8) 
------------------------------------------------------------
------------------------------------------------------------

Serpent 2.1.31 -- Static criticality source simulation

Title: "godiva in a water tank: enrichment = 70.0%, radius = 8.7407 cm" 

Active cycle  116 / 120  Source neutrons :  5169

Running time :                  0:00:37
Estimated running time :        0:00:38
Estimated running time left :   0:00:01

Estimated relative CPU usage :   794.0%

k-eff (analog)    = 1.06692 +/- 0.00172  [1.06355  1.07029]
k-eff (implicit)  = 1.06879 +/- 0.00150  [1.06584  1.07174]

(O4) (MPI=1) (OMP=8) 
------------------------------------------------------------
------------------------------------------------------------

Serpent 2.1.31 -- Static criticality source simulation

Title: "godiva in a water tank: enrichment = 70.0%, radius = 8.7407 cm" 

Active cycle  117 / 120  Source neutrons :  4966

Running time :                  0:00:37
Estimated running time :        0:00:38
Estimated running time left :   0:00:00

Estimated relative CPU usage :   797.1%

k-eff (analog)    = 1.06693 +/- 0.00170  [1.06359  1.07026]
k-eff (implicit)  = 1.06881 +/- 0.00149  [1.06589  1.07174]

(O4) (MPI=1) (OMP=8) 
------------------------------------------------------------
------------------------------------------------------------

Serpent 2.1.31 -- Static criticality source simulation

Title: "godiva in a water tank: enrichment = 70.0%, radius = 8.7407 cm" 

Active cycle  118 / 120  Source neutrons :  5027

Running time :                  0:00:38
Estimated running time :        0:00:38
Estimated running time left :   0:00:00

Estimated relative CPU usage :   797.5%

k-eff (analog)    = 1.06698 +/- 0.00169  [1.06367  1.07029]
k-eff (implicit)  = 1.06878 +/- 0.00148  [1.06588  1.07168]

(O4) (MPI=1) (OMP=8) 
------------------------------------------------------------
------------------------------------------------------------

Serpent 2.1.31 -- Static criticality source simulation

Title: "godiva in a water tank: enrichment = 70.0%, radius = 8.7407 cm" 

Active cycle  119 / 120  Source neutrons :  4944

Running time :                  0:00:38
Estimated running time :        0:00:38
Estimated running time left :   0:00:00

Estimated relative CPU usage :   797.2%

k-eff (analog)    = 1.06693 +/- 0.00168  [1.06365  1.07022]
k-eff (implicit)  = 1.06880 +/- 0.00147  [1.06592  1.07167]

(O4) (MPI=1) (OMP=8) 
------------------------------------------------------------
------------------------------------------------------------

Serpent 2.1.31 -- Static criticality source simulation

Title: "godiva in a water tank: enrichment = 70.0%, radius = 8.7407 cm" 

Active cycle  120 / 120  Source neutrons :  5001

Running time :                  0:00:38
Estimated running time :        0:00:38
Estimated running time left :   0:00:00

Estimated relative CPU usage :   796.3%

k-eff (analog)    = 1.06689 +/- 0.00166  [1.06363  1.07014]
k-eff (implicit)  = 1.06866 +/- 0.00146  [1.06579  1.07152]

(O4) (MPI=1) (OMP=8) 
------------------------------------------------------------

Transport cycle completed in 36.6 seconds.

Calculating activities...
OK.

