
  _                   .-=-.           .-=-.          .-==-.       
 { }      __        .' O o '.       .' O o '.       /  -<' )--<   
 { }    .' O'.     / o .-. O \     / o .-. O \     /  .---`       
 { }   / .-. o\   /O  /   \  o\   /O  /   \  o\   /O /            
  \ `-` /   \ O`-'o  /     \  O`-'o  /     \  O`-`o /             
   `-.-`     '.____.'       `._____.'       `.____.'              

Serpent 2 beta

A Continuous-energy Monte Carlo Reactor Physics Burnup Calculation Code

 - Version 2.1.31 (May 16, 2019) -- Contact: serpent@vtt.fi

 - Reference: J. Leppanen, et al. "The Serpent Monte Carlo code: Status,
              development and applications in 2013." Ann. Nucl. Energy,
              82 (2015) 142-150.

 - Compiled May 16 2019 10:33:27

 - MPI Parallel calculation mode available

 - OpenMP Parallel calculation mode available

 - Geometry and mesh plotting available

 - Default data path set to: "/opt/serpent/xsdata"

Begin calculation on Fri Aug 23 09:30:27 2019

Reading input file "godiva13.inp"...

Checking duplicate input definitions...
OK.

Creating geometry...
OK.

Counting geometry zones...

Processing cells...
OK.

Linking materials to geometry...
OK.

Counting cells...
OK.

Processing data for group constant generation:

 - 70 energy groups in micro-group structure
 - 2 energy groups in macro-group structure
 - B1 fundamental mode calculation is not run
 - Group constants generated in 1 universes
 - Discontinuity factors are not calculated
 - Pin-power distributions are not calculated
 - Albedos are not calculated
 - Poison cross sections are not calculated

Plotting geometry:

   0% complete
  50% complete
 100% complete

Reading ACE directory files...
OK.

Reading neutron-induced fission yields...
OK.

Adding nuclides in material uranium...

Nuclide  92235.03c -- uranium 235 at 300K (U-235)
Nuclide  92238.03c -- uranium 238 at 300K (U-238)

Adding nuclides in material water...

Nuclide   1001.03c -- hydrogen at 300K (H-1)
Nuclide   8016.03c -- oxygen 16 at 300K (O-16)

Adding thermal scattering data...

Nuclide   lwj3.00t -- hydrogen at 294K (H-1)

Checking data and printing output...
OK.

Generating unionize energy grids...

Adding points:

  1001.03c -- Points added in neutron grid: 252
  1001.03s -- Points added in neutron grid: 91
  8016.03c -- Points added in neutron grid: 2353
 92235.03c -- Points added in neutron grid: 30672
 92238.03c -- Points added in neutron grid: 64861

Generating unionized energy grid:

 - Unionization performed without grid thinning
   between 1.00E-11 and 20.0 MeV.

 - Final neutron grid size: 98053 points.

 - 3.29 Mb of memory allocated for grid data

OK.

Processing cross sections and ENDF reaction laws...

Nuclide   1001.03c -- hydrogen at 300K (H-1)
Nuclide   1001.03s -- hydrogen at 300K (H-1)
Nuclide   8016.03c -- oxygen 16 at 300K (O-16)
Nuclide  92235.03c -- uranium 235 at 300K (U-235)
Nuclide  92238.03c -- uranium 238 at 300K (U-238)

SUMMARY -- 5 nuclides included in calculation:

 - 5 transport nuclides
 - Neutron energy cut-offs at 1.00E-11 and 20.0 MeV
 - 118 transport reactions
 - 29 special reactions
 - 4 decay reactions
 - 25.46 Mb of memory allocated for data

Normalizing compositions and processing mixtures...
OK.

Allocating memory for macroscopic cross section data...
OK.

Allocating memory for particle structures...
OK.

Calculating maximum densities...
OK.

Performing density cut-off...
OK.

Sorting material-wise reaction lists:

   0% complete
 100% complete

Calculating macroscopic cross sections:

   0% complete
 100% complete

Calculating DT neutron majorant cross section:

   0% complete
 100% complete

Clearing results and statistics...
OK.

Sampling initial source...
OK.

Inactive cycle   1 /  20: k-eff = 1.00000
Inactive cycle   2 /  20: k-eff = 0.95500
Inactive cycle   3 /  20: k-eff = 0.91107
Inactive cycle   4 /  20: k-eff = 0.89157
Inactive cycle   5 /  20: k-eff = 0.89514
Inactive cycle   6 /  20: k-eff = 0.92289
Inactive cycle   7 /  20: k-eff = 0.91144
Inactive cycle   8 /  20: k-eff = 0.92056
Inactive cycle   9 /  20: k-eff = 0.94615
Inactive cycle  10 /  20: k-eff = 0.92874
Inactive cycle  11 /  20: k-eff = 0.91184
Inactive cycle  12 /  20: k-eff = 0.92734
Inactive cycle  13 /  20: k-eff = 0.92678
Inactive cycle  14 /  20: k-eff = 0.91752
Inactive cycle  15 /  20: k-eff = 0.90063
Inactive cycle  16 /  20: k-eff = 0.94314
Inactive cycle  17 /  20: k-eff = 0.93145
Inactive cycle  18 /  20: k-eff = 0.90909
Inactive cycle  19 /  20: k-eff = 0.93546
Inactive cycle  20 /  20: k-eff = 0.86605

----- Begin active cycles -----

------------------------------------------------------------

Serpent 2.1.31 -- Static criticality source simulation

Title: "godiva in a water tank: enrichment = 46.0%, radius = 8.7407 cm" 

Active cycle    1 / 120  Source neutrons :  5208

Running time :                  0:00:05
Estimated running time :        -:--:--
Estimated running time left :   -:--:--

Estimated relative CPU usage :   801.8%

k-eff (analog)    = 0.90207 +/- 0.00000  [0.90207  0.90207]
k-eff (implicit)  = 0.91643 +/- 0.00000  [0.91643  0.91643]

(O4) (MPI=1) (OMP=8) 
------------------------------------------------------------
------------------------------------------------------------

Serpent 2.1.31 -- Static criticality source simulation

Title: "godiva in a water tank: enrichment = 46.0%, radius = 8.7407 cm" 

Active cycle    2 / 120  Source neutrons :  4992

Running time :                  0:00:05
Estimated running time :        -:--:--
Estimated running time left :   -:--:--

Estimated relative CPU usage :   797.3%

k-eff (analog)    = 0.90135 +/- 0.00072  [0.89994  0.90277]
k-eff (implicit)  = 0.91125 +/- 0.00518  [0.90109  0.92140]

(O4) (MPI=1) (OMP=8) 
------------------------------------------------------------
------------------------------------------------------------

Serpent 2.1.31 -- Static criticality source simulation

Title: "godiva in a water tank: enrichment = 46.0%, radius = 8.7407 cm" 

Active cycle    3 / 120  Source neutrons :  5132

Running time :                  0:00:05
Estimated running time :        -:--:--
Estimated running time left :   -:--:--

Estimated relative CPU usage :   793.8%

k-eff (analog)    = 0.90904 +/- 0.00770  [0.89395  0.92412]
k-eff (implicit)  = 0.91101 +/- 0.00300  [0.90513  0.91689]

(O4) (MPI=1) (OMP=8) 
------------------------------------------------------------
------------------------------------------------------------

Serpent 2.1.31 -- Static criticality source simulation

Title: "godiva in a water tank: enrichment = 46.0%, radius = 8.7407 cm" 

Active cycle    4 / 120  Source neutrons :  5076

Running time :                  0:00:05
Estimated running time :        -:--:--
Estimated running time left :   -:--:--

Estimated relative CPU usage :   801.4%

k-eff (analog)    = 0.91639 +/- 0.00915  [0.89846  0.93433]
k-eff (implicit)  = 0.91083 +/- 0.00213  [0.90666  0.91500]

(O4) (MPI=1) (OMP=8) 
------------------------------------------------------------
------------------------------------------------------------

Serpent 2.1.31 -- Static criticality source simulation

Title: "godiva in a water tank: enrichment = 46.0%, radius = 8.7407 cm" 

Active cycle    5 / 120  Source neutrons :  4857

Running time :                  0:00:06
Estimated running time :        -:--:--
Estimated running time left :   -:--:--

Estimated relative CPU usage :   794.7%

k-eff (analog)    = 0.91544 +/- 0.00715  [0.90142  0.92945]
k-eff (implicit)  = 0.91230 +/- 0.00221  [0.90797  0.91662]

(O4) (MPI=1) (OMP=8) 
------------------------------------------------------------
------------------------------------------------------------

Serpent 2.1.31 -- Static criticality source simulation

Title: "godiva in a water tank: enrichment = 46.0%, radius = 8.7407 cm" 

Active cycle    6 / 120  Source neutrons :  5003

Running time :                  0:00:06
Estimated running time :        -:--:--
Estimated running time left :   -:--:--

Estimated relative CPU usage :   797.9%

k-eff (analog)    = 0.91489 +/- 0.00586  [0.90340  0.92639]
k-eff (implicit)  = 0.91045 +/- 0.00258  [0.90540  0.91551]

(O4) (MPI=1) (OMP=8) 
------------------------------------------------------------
------------------------------------------------------------

Serpent 2.1.31 -- Static criticality source simulation

Title: "godiva in a water tank: enrichment = 46.0%, radius = 8.7407 cm" 

Active cycle    7 / 120  Source neutrons :  5083

Running time :                  0:00:06
Estimated running time :        -:--:--
Estimated running time left :   -:--:--

Estimated relative CPU usage :   798.0%

k-eff (analog)    = 0.91667 +/- 0.00526  [0.90635  0.92698]
k-eff (implicit)  = 0.91098 +/- 0.00224  [0.90658  0.91537]

(O4) (MPI=1) (OMP=8) 
------------------------------------------------------------
------------------------------------------------------------

Serpent 2.1.31 -- Static criticality source simulation

Title: "godiva in a water tank: enrichment = 46.0%, radius = 8.7407 cm" 

Active cycle    8 / 120  Source neutrons :  4934

Running time :                  0:00:06
Estimated running time :        -:--:--
Estimated running time left :   -:--:--

Estimated relative CPU usage :   798.2%

k-eff (analog)    = 0.91647 +/- 0.00456  [0.90752  0.92541]
k-eff (implicit)  = 0.91340 +/- 0.00310  [0.90731  0.91948]

(O4) (MPI=1) (OMP=8) 
------------------------------------------------------------
------------------------------------------------------------

Serpent 2.1.31 -- Static criticality source simulation

Title: "godiva in a water tank: enrichment = 46.0%, radius = 8.7407 cm" 

Active cycle    9 / 120  Source neutrons :  5011

Running time :                  0:00:06
Estimated running time :        -:--:--
Estimated running time left :   -:--:--

Estimated relative CPU usage :   798.2%

k-eff (analog)    = 0.91653 +/- 0.00402  [0.90865  0.92442]
k-eff (implicit)  = 0.91507 +/- 0.00321  [0.90878  0.92137]

(O4) (MPI=1) (OMP=8) 
------------------------------------------------------------
------------------------------------------------------------

Serpent 2.1.31 -- Static criticality source simulation

Title: "godiva in a water tank: enrichment = 46.0%, radius = 8.7407 cm" 

Active cycle   10 / 120  Source neutrons :  4984

Running time :                  0:00:07
Estimated running time :        0:00:29
Estimated running time left :   0:00:22

Estimated relative CPU usage :   794.5%

k-eff (analog)    = 0.91630 +/- 0.00361  [0.90922  0.92337]
k-eff (implicit)  = 0.91521 +/- 0.00287  [0.90958  0.92085]

(O4) (MPI=1) (OMP=8) 
------------------------------------------------------------
------------------------------------------------------------

Serpent 2.1.31 -- Static criticality source simulation

Title: "godiva in a water tank: enrichment = 46.0%, radius = 8.7407 cm" 

Active cycle   11 / 120  Source neutrons :  5146

Running time :                  0:00:07
Estimated running time :        0:00:29
Estimated running time left :   0:00:22

Estimated relative CPU usage :   798.2%

k-eff (analog)    = 0.91853 +/- 0.00395  [0.91078  0.92627]
k-eff (implicit)  = 0.91547 +/- 0.00261  [0.91035  0.92060]

(O4) (MPI=1) (OMP=8) 
------------------------------------------------------------
------------------------------------------------------------

Serpent 2.1.31 -- Static criticality source simulation

Title: "godiva in a water tank: enrichment = 46.0%, radius = 8.7407 cm" 

Active cycle   12 / 120  Source neutrons :  4862

Running time :                  0:00:07
Estimated running time :        0:00:29
Estimated running time left :   0:00:22

Estimated relative CPU usage :   795.2%

k-eff (analog)    = 0.91822 +/- 0.00362  [0.91112  0.92532]
k-eff (implicit)  = 0.91501 +/- 0.00243  [0.91025  0.91977]

(O4) (MPI=1) (OMP=8) 
------------------------------------------------------------
------------------------------------------------------------

Serpent 2.1.31 -- Static criticality source simulation

Title: "godiva in a water tank: enrichment = 46.0%, radius = 8.7407 cm" 

Active cycle   13 / 120  Source neutrons :  4882

Running time :                  0:00:07
Estimated running time :        0:00:29
Estimated running time left :   0:00:22

Estimated relative CPU usage :   800.6%

k-eff (analog)    = 0.91630 +/- 0.00384  [0.90877  0.92384]
k-eff (implicit)  = 0.91477 +/- 0.00225  [0.91037  0.91918]

(O4) (MPI=1) (OMP=8) 
------------------------------------------------------------
------------------------------------------------------------

Serpent 2.1.31 -- Static criticality source simulation

Title: "godiva in a water tank: enrichment = 46.0%, radius = 8.7407 cm" 

Active cycle   14 / 120  Source neutrons :  5196

Running time :                  0:00:07
Estimated running time :        0:00:29
Estimated running time left :   0:00:22

Estimated relative CPU usage :   797.0%

k-eff (analog)    = 0.91716 +/- 0.00366  [0.90998  0.92434]
k-eff (implicit)  = 0.91500 +/- 0.00209  [0.91089  0.91910]

(O4) (MPI=1) (OMP=8) 
------------------------------------------------------------
------------------------------------------------------------

Serpent 2.1.31 -- Static criticality source simulation

Title: "godiva in a water tank: enrichment = 46.0%, radius = 8.7407 cm" 

Active cycle   15 / 120  Source neutrons :  4843

Running time :                  0:00:08
Estimated running time :        0:00:29
Estimated running time left :   0:00:21

Estimated relative CPU usage :   798.0%

k-eff (analog)    = 0.91596 +/- 0.00361  [0.90888  0.92304]
k-eff (implicit)  = 0.91537 +/- 0.00198  [0.91148  0.91925]

(O4) (MPI=1) (OMP=8) 
------------------------------------------------------------
------------------------------------------------------------

Serpent 2.1.31 -- Static criticality source simulation

Title: "godiva in a water tank: enrichment = 46.0%, radius = 8.7407 cm" 

Active cycle   16 / 120  Source neutrons :  4991

Running time :                  0:00:08
Estimated running time :        0:00:29
Estimated running time left :   0:00:21

Estimated relative CPU usage :   794.8%

k-eff (analog)    = 0.91481 +/- 0.00357  [0.90781  0.92181]
k-eff (implicit)  = 0.91466 +/- 0.00198  [0.91077  0.91855]

(O4) (MPI=1) (OMP=8) 
------------------------------------------------------------
------------------------------------------------------------

Serpent 2.1.31 -- Static criticality source simulation

Title: "godiva in a water tank: enrichment = 46.0%, radius = 8.7407 cm" 

Active cycle   17 / 120  Source neutrons :  5043

Running time :                  0:00:08
Estimated running time :        0:00:29
Estimated running time left :   0:00:21

Estimated relative CPU usage :   797.8%

k-eff (analog)    = 0.91424 +/- 0.00340  [0.90758  0.92091]
k-eff (implicit)  = 0.91558 +/- 0.00208  [0.91151  0.91965]

(O4) (MPI=1) (OMP=8) 
------------------------------------------------------------
------------------------------------------------------------

Serpent 2.1.31 -- Static criticality source simulation

Title: "godiva in a water tank: enrichment = 46.0%, radius = 8.7407 cm" 

Active cycle   18 / 120  Source neutrons :  5268

Running time :                  0:00:08
Estimated running time :        0:00:29
Estimated running time left :   0:00:21

Estimated relative CPU usage :   797.7%

k-eff (analog)    = 0.91644 +/- 0.00389  [0.90882  0.92406]
k-eff (implicit)  = 0.91526 +/- 0.00198  [0.91137  0.91915]

(O4) (MPI=1) (OMP=8) 
------------------------------------------------------------
------------------------------------------------------------

Serpent 2.1.31 -- Static criticality source simulation

Title: "godiva in a water tank: enrichment = 46.0%, radius = 8.7407 cm" 

Active cycle   19 / 120  Source neutrons :  4624

Running time :                  0:00:08
Estimated running time :        0:00:29
Estimated running time left :   0:00:20

Estimated relative CPU usage :   798.6%

k-eff (analog)    = 0.91463 +/- 0.00410  [0.90660  0.92266]
k-eff (implicit)  = 0.91611 +/- 0.00206  [0.91207  0.92014]

(O4) (MPI=1) (OMP=8) 
------------------------------------------------------------
------------------------------------------------------------

Serpent 2.1.31 -- Static criticality source simulation

Title: "godiva in a water tank: enrichment = 46.0%, radius = 8.7407 cm" 

Active cycle   20 / 120  Source neutrons :  5346

Running time :                  0:00:09
Estimated running time :        0:00:29
Estimated running time left :   0:00:20

Estimated relative CPU usage :   796.0%

k-eff (analog)    = 0.91605 +/- 0.00414  [0.90794  0.92417]
k-eff (implicit)  = 0.91551 +/- 0.00204  [0.91151  0.91951]

(O4) (MPI=1) (OMP=8) 
------------------------------------------------------------
------------------------------------------------------------

Serpent 2.1.31 -- Static criticality source simulation

Title: "godiva in a water tank: enrichment = 46.0%, radius = 8.7407 cm" 

Active cycle   21 / 120  Source neutrons :  4801

Running time :                  0:00:09
Estimated running time :        0:00:29
Estimated running time left :   0:00:20

Estimated relative CPU usage :   794.2%

k-eff (analog)    = 0.91555 +/- 0.00397  [0.90777  0.92333]
k-eff (implicit)  = 0.91618 +/- 0.00205  [0.91215  0.92021]

(O4) (MPI=1) (OMP=8) 
------------------------------------------------------------
------------------------------------------------------------

Serpent 2.1.31 -- Static criticality source simulation

Title: "godiva in a water tank: enrichment = 46.0%, radius = 8.7407 cm" 

Active cycle   22 / 120  Source neutrons :  5179

Running time :                  0:00:09
Estimated running time :        0:00:29
Estimated running time left :   0:00:20

Estimated relative CPU usage :   801.0%

k-eff (analog)    = 0.91657 +/- 0.00392  [0.90889  0.92425]
k-eff (implicit)  = 0.91695 +/- 0.00210  [0.91282  0.92107]

(O4) (MPI=1) (OMP=8) 
------------------------------------------------------------
------------------------------------------------------------

Serpent 2.1.31 -- Static criticality source simulation

Title: "godiva in a water tank: enrichment = 46.0%, radius = 8.7407 cm" 

Active cycle   23 / 120  Source neutrons :  4952

Running time :                  0:00:09
Estimated running time :        0:00:29
Estimated running time left :   0:00:20

Estimated relative CPU usage :   794.4%

k-eff (analog)    = 0.91711 +/- 0.00378  [0.90970  0.92453]
k-eff (implicit)  = 0.91681 +/- 0.00202  [0.91286  0.92076]

(O4) (MPI=1) (OMP=8) 
------------------------------------------------------------
------------------------------------------------------------

Serpent 2.1.31 -- Static criticality source simulation

Title: "godiva in a water tank: enrichment = 46.0%, radius = 8.7407 cm" 

Active cycle   24 / 120  Source neutrons :  4894

Running time :                  0:00:09
Estimated running time :        0:00:29
Estimated running time left :   0:00:19

Estimated relative CPU usage :   798.7%

k-eff (analog)    = 0.91678 +/- 0.00364  [0.90966  0.92391]
k-eff (implicit)  = 0.91701 +/- 0.00194  [0.91320  0.92081]

(O4) (MPI=1) (OMP=8) 
------------------------------------------------------------
------------------------------------------------------------

Serpent 2.1.31 -- Static criticality source simulation

Title: "godiva in a water tank: enrichment = 46.0%, radius = 8.7407 cm" 

Active cycle   25 / 120  Source neutrons :  5137

Running time :                  0:00:10
Estimated running time :        0:00:29
Estimated running time left :   0:00:19

Estimated relative CPU usage :   797.2%

k-eff (analog)    = 0.91748 +/- 0.00356  [0.91051  0.92445]
k-eff (implicit)  = 0.91669 +/- 0.00189  [0.91299  0.92039]

(O4) (MPI=1) (OMP=8) 
------------------------------------------------------------
------------------------------------------------------------

Serpent 2.1.31 -- Static criticality source simulation

Title: "godiva in a water tank: enrichment = 46.0%, radius = 8.7407 cm" 

Active cycle   26 / 120  Source neutrons :  4849

Running time :                  0:00:10
Estimated running time :        0:00:29
Estimated running time left :   0:00:19

Estimated relative CPU usage :   802.2%

k-eff (analog)    = 0.91704 +/- 0.00345  [0.91028  0.92379]
k-eff (implicit)  = 0.91743 +/- 0.00196  [0.91359  0.92126]

(O4) (MPI=1) (OMP=8) 
------------------------------------------------------------
------------------------------------------------------------

Serpent 2.1.31 -- Static criticality source simulation

Title: "godiva in a water tank: enrichment = 46.0%, radius = 8.7407 cm" 

Active cycle   27 / 120  Source neutrons :  5123

Running time :                  0:00:10
Estimated running time :        0:00:29
Estimated running time left :   0:00:19

Estimated relative CPU usage :   794.4%

k-eff (analog)    = 0.91745 +/- 0.00334  [0.91090  0.92400]
k-eff (implicit)  = 0.91753 +/- 0.00189  [0.91383  0.92123]

(O4) (MPI=1) (OMP=8) 
------------------------------------------------------------
------------------------------------------------------------

Serpent 2.1.31 -- Static criticality source simulation

Title: "godiva in a water tank: enrichment = 46.0%, radius = 8.7407 cm" 

Active cycle   28 / 120  Source neutrons :  5105

Running time :                  0:00:10
Estimated running time :        0:00:29
Estimated running time left :   0:00:19

Estimated relative CPU usage :   798.0%

k-eff (analog)    = 0.91853 +/- 0.00340  [0.91188  0.92519]
k-eff (implicit)  = 0.91720 +/- 0.00185  [0.91358  0.92082]

(O4) (MPI=1) (OMP=8) 
------------------------------------------------------------
------------------------------------------------------------

Serpent 2.1.31 -- Static criticality source simulation

Title: "godiva in a water tank: enrichment = 46.0%, radius = 8.7407 cm" 

Active cycle   29 / 120  Source neutrons :  4821

Running time :                  0:00:11
Estimated running time :        0:00:29
Estimated running time left :   0:00:18

Estimated relative CPU usage :   801.9%

k-eff (analog)    = 0.91837 +/- 0.00328  [0.91194  0.92481]
k-eff (implicit)  = 0.91728 +/- 0.00178  [0.91379  0.92078]

(O4) (MPI=1) (OMP=8) 
------------------------------------------------------------
------------------------------------------------------------

Serpent 2.1.31 -- Static criticality source simulation

Title: "godiva in a water tank: enrichment = 46.0%, radius = 8.7407 cm" 

Active cycle   30 / 120  Source neutrons :  4918

Running time :                  0:00:11
Estimated running time :        0:00:29
Estimated running time left :   0:00:18

Estimated relative CPU usage :   794.3%

k-eff (analog)    = 0.91772 +/- 0.00324  [0.91138  0.92407]
k-eff (implicit)  = 0.91757 +/- 0.00175  [0.91414  0.92099]

(O4) (MPI=1) (OMP=8) 
------------------------------------------------------------
------------------------------------------------------------

Serpent 2.1.31 -- Static criticality source simulation

Title: "godiva in a water tank: enrichment = 46.0%, radius = 8.7407 cm" 

Active cycle   31 / 120  Source neutrons :  5243

Running time :                  0:00:11
Estimated running time :        0:00:29
Estimated running time left :   0:00:18

Estimated relative CPU usage :   797.8%

k-eff (analog)    = 0.91852 +/- 0.00323  [0.91219  0.92485]
k-eff (implicit)  = 0.91780 +/- 0.00171  [0.91446  0.92115]

(O4) (MPI=1) (OMP=8) 
------------------------------------------------------------
------------------------------------------------------------

Serpent 2.1.31 -- Static criticality source simulation

Title: "godiva in a water tank: enrichment = 46.0%, radius = 8.7407 cm" 

Active cycle   32 / 120  Source neutrons :  4925

Running time :                  0:00:11
Estimated running time :        0:00:29
Estimated running time left :   0:00:18

Estimated relative CPU usage :   798.0%

k-eff (analog)    = 0.91883 +/- 0.00314  [0.91267  0.92499]
k-eff (implicit)  = 0.91789 +/- 0.00165  [0.91465  0.92113]

(O4) (MPI=1) (OMP=8) 
------------------------------------------------------------
------------------------------------------------------------

Serpent 2.1.31 -- Static criticality source simulation

Title: "godiva in a water tank: enrichment = 46.0%, radius = 8.7407 cm" 

Active cycle   33 / 120  Source neutrons :  4938

Running time :                  0:00:11
Estimated running time :        0:00:29
Estimated running time left :   0:00:17

Estimated relative CPU usage :   802.0%

k-eff (analog)    = 0.91877 +/- 0.00305  [0.91280  0.92474]
k-eff (implicit)  = 0.91855 +/- 0.00173  [0.91515  0.92195]

(O4) (MPI=1) (OMP=8) 
------------------------------------------------------------
------------------------------------------------------------

Serpent 2.1.31 -- Static criticality source simulation

Title: "godiva in a water tank: enrichment = 46.0%, radius = 8.7407 cm" 

Active cycle   34 / 120  Source neutrons :  5094

Running time :                  0:00:12
Estimated running time :        0:00:29
Estimated running time left :   0:00:17

Estimated relative CPU usage :   794.4%

k-eff (analog)    = 0.91922 +/- 0.00299  [0.91336  0.92508]
k-eff (implicit)  = 0.91886 +/- 0.00171  [0.91551  0.92222]

(O4) (MPI=1) (OMP=8) 
------------------------------------------------------------
------------------------------------------------------------

Serpent 2.1.31 -- Static criticality source simulation

Title: "godiva in a water tank: enrichment = 46.0%, radius = 8.7407 cm" 

Active cycle   35 / 120  Source neutrons :  4955

Running time :                  0:00:12
Estimated running time :        0:00:29
Estimated running time left :   0:00:17

Estimated relative CPU usage :   798.2%

k-eff (analog)    = 0.91941 +/- 0.00291  [0.91370  0.92511]
k-eff (implicit)  = 0.91889 +/- 0.00166  [0.91563  0.92215]

(O4) (MPI=1) (OMP=8) 
------------------------------------------------------------
------------------------------------------------------------

Serpent 2.1.31 -- Static criticality source simulation

Title: "godiva in a water tank: enrichment = 46.0%, radius = 8.7407 cm" 

Active cycle   36 / 120  Source neutrons :  5108

Running time :                  0:00:12
Estimated running time :        0:00:29
Estimated running time left :   0:00:17

Estimated relative CPU usage :   798.0%

k-eff (analog)    = 0.92014 +/- 0.00292  [0.91441  0.92586]
k-eff (implicit)  = 0.91822 +/- 0.00175  [0.91479  0.92165]

(O4) (MPI=1) (OMP=8) 
------------------------------------------------------------
------------------------------------------------------------

Serpent 2.1.31 -- Static criticality source simulation

Title: "godiva in a water tank: enrichment = 46.0%, radius = 8.7407 cm" 

Active cycle   37 / 120  Source neutrons :  4666

Running time :                  0:00:12
Estimated running time :        0:00:29
Estimated running time left :   0:00:17

Estimated relative CPU usage :   798.3%

k-eff (analog)    = 0.91912 +/- 0.00302  [0.91321  0.92503]
k-eff (implicit)  = 0.91856 +/- 0.00173  [0.91516  0.92196]

(O4) (MPI=1) (OMP=8) 
------------------------------------------------------------
------------------------------------------------------------

Serpent 2.1.31 -- Static criticality source simulation

Title: "godiva in a water tank: enrichment = 46.0%, radius = 8.7407 cm" 

Active cycle   38 / 120  Source neutrons :  5359

Running time :                  0:00:12
Estimated running time :        0:00:29
Estimated running time left :   0:00:16

Estimated relative CPU usage :   795.3%

k-eff (analog)    = 0.91982 +/- 0.00302  [0.91390  0.92574]
k-eff (implicit)  = 0.91875 +/- 0.00170  [0.91542  0.92209]

(O4) (MPI=1) (OMP=8) 
------------------------------------------------------------
------------------------------------------------------------

Serpent 2.1.31 -- Static criticality source simulation

Title: "godiva in a water tank: enrichment = 46.0%, radius = 8.7407 cm" 

Active cycle   39 / 120  Source neutrons :  4869

Running time :                  0:00:13
Estimated running time :        0:00:29
Estimated running time left :   0:00:16

Estimated relative CPU usage :   797.1%

k-eff (analog)    = 0.91986 +/- 0.00294  [0.91409  0.92562]
k-eff (implicit)  = 0.91902 +/- 0.00168  [0.91574  0.92231]

(O4) (MPI=1) (OMP=8) 
------------------------------------------------------------
------------------------------------------------------------

Serpent 2.1.31 -- Static criticality source simulation

Title: "godiva in a water tank: enrichment = 46.0%, radius = 8.7407 cm" 

Active cycle   40 / 120  Source neutrons :  5112

Running time :                  0:00:13
Estimated running time :        0:00:29
Estimated running time left :   0:00:16

Estimated relative CPU usage :   798.3%

k-eff (analog)    = 0.92040 +/- 0.00292  [0.91468  0.92613]
k-eff (implicit)  = 0.91870 +/- 0.00167  [0.91543  0.92197]

(O4) (MPI=1) (OMP=8) 
------------------------------------------------------------
------------------------------------------------------------

Serpent 2.1.31 -- Static criticality source simulation

Title: "godiva in a water tank: enrichment = 46.0%, radius = 8.7407 cm" 

Active cycle   41 / 120  Source neutrons :  4817

Running time :                  0:00:13
Estimated running time :        0:00:29
Estimated running time left :   0:00:16

Estimated relative CPU usage :   796.0%

k-eff (analog)    = 0.92008 +/- 0.00287  [0.91447  0.92570]
k-eff (implicit)  = 0.91836 +/- 0.00166  [0.91511  0.92162]

(O4) (MPI=1) (OMP=8) 
------------------------------------------------------------
------------------------------------------------------------

Serpent 2.1.31 -- Static criticality source simulation

Title: "godiva in a water tank: enrichment = 46.0%, radius = 8.7407 cm" 

Active cycle   42 / 120  Source neutrons :  5018

Running time :                  0:00:13
Estimated running time :        0:00:29
Estimated running time left :   0:00:16

Estimated relative CPU usage :   794.7%

k-eff (analog)    = 0.91986 +/- 0.00281  [0.91436  0.92535]
k-eff (implicit)  = 0.91804 +/- 0.00165  [0.91480  0.92128]

(O4) (MPI=1) (OMP=8) 
------------------------------------------------------------
------------------------------------------------------------

Serpent 2.1.31 -- Static criticality source simulation

Title: "godiva in a water tank: enrichment = 46.0%, radius = 8.7407 cm" 

Active cycle   43 / 120  Source neutrons :  4833

Running time :                  0:00:13
Estimated running time :        0:00:29
Estimated running time left :   0:00:15

Estimated relative CPU usage :   794.5%

k-eff (analog)    = 0.91893 +/- 0.00289  [0.91327  0.92460]
k-eff (implicit)  = 0.91771 +/- 0.00165  [0.91448  0.92094]

(O4) (MPI=1) (OMP=8) 
------------------------------------------------------------
------------------------------------------------------------

Serpent 2.1.31 -- Static criticality source simulation

Title: "godiva in a water tank: enrichment = 46.0%, radius = 8.7407 cm" 

Active cycle   44 / 120  Source neutrons :  5162

Running time :                  0:00:14
Estimated running time :        0:00:29
Estimated running time left :   0:00:15

Estimated relative CPU usage :   798.2%

k-eff (analog)    = 0.91870 +/- 0.00283  [0.91314  0.92425]
k-eff (implicit)  = 0.91827 +/- 0.00170  [0.91493  0.92161]

(O4) (MPI=1) (OMP=8) 
------------------------------------------------------------
------------------------------------------------------------

Serpent 2.1.31 -- Static criticality source simulation

Title: "godiva in a water tank: enrichment = 46.0%, radius = 8.7407 cm" 

Active cycle   45 / 120  Source neutrons :  5133

Running time :                  0:00:14
Estimated running time :        0:00:29
Estimated running time left :   0:00:15

Estimated relative CPU usage :   797.8%

k-eff (analog)    = 0.91901 +/- 0.00279  [0.91355  0.92448]
k-eff (implicit)  = 0.91821 +/- 0.00167  [0.91494  0.92148]

(O4) (MPI=1) (OMP=8) 
------------------------------------------------------------
------------------------------------------------------------

Serpent 2.1.31 -- Static criticality source simulation

Title: "godiva in a water tank: enrichment = 46.0%, radius = 8.7407 cm" 

Active cycle   46 / 120  Source neutrons :  4898

Running time :                  0:00:14
Estimated running time :        0:00:29
Estimated running time left :   0:00:15

Estimated relative CPU usage :   802.0%

k-eff (analog)    = 0.91890 +/- 0.00273  [0.91355  0.92425]
k-eff (implicit)  = 0.91818 +/- 0.00163  [0.91498  0.92138]

(O4) (MPI=1) (OMP=8) 
------------------------------------------------------------
------------------------------------------------------------

Serpent 2.1.31 -- Static criticality source simulation

Title: "godiva in a water tank: enrichment = 46.0%, radius = 8.7407 cm" 

Active cycle   47 / 120  Source neutrons :  4899

Running time :                  0:00:14
Estimated running time :        0:00:29
Estimated running time left :   0:00:15

Estimated relative CPU usage :   797.7%

k-eff (analog)    = 0.91840 +/- 0.00272  [0.91307  0.92372]
k-eff (implicit)  = 0.91812 +/- 0.00160  [0.91499  0.92125]

(O4) (MPI=1) (OMP=8) 
------------------------------------------------------------
------------------------------------------------------------

Serpent 2.1.31 -- Static criticality source simulation

Title: "godiva in a water tank: enrichment = 46.0%, radius = 8.7407 cm" 

Active cycle   48 / 120  Source neutrons :  5111

Running time :                  0:00:14
Estimated running time :        0:00:29
Estimated running time left :   0:00:14

Estimated relative CPU usage :   798.0%

k-eff (analog)    = 0.91833 +/- 0.00266  [0.91311  0.92354]
k-eff (implicit)  = 0.91801 +/- 0.00157  [0.91493  0.92108]

(O4) (MPI=1) (OMP=8) 
------------------------------------------------------------
------------------------------------------------------------

Serpent 2.1.31 -- Static criticality source simulation

Title: "godiva in a water tank: enrichment = 46.0%, radius = 8.7407 cm" 

Active cycle   49 / 120  Source neutrons :  4998

Running time :                  0:00:15
Estimated running time :        0:00:29
Estimated running time left :   0:00:14

Estimated relative CPU usage :   794.5%

k-eff (analog)    = 0.91826 +/- 0.00261  [0.91315  0.92337]
k-eff (implicit)  = 0.91897 +/- 0.00181  [0.91542  0.92252]

(O4) (MPI=1) (OMP=8) 
------------------------------------------------------------
------------------------------------------------------------

Serpent 2.1.31 -- Static criticality source simulation

Title: "godiva in a water tank: enrichment = 46.0%, radius = 8.7407 cm" 

Active cycle   50 / 120  Source neutrons :  5141

Running time :                  0:00:15
Estimated running time :        0:00:29
Estimated running time left :   0:00:14

Estimated relative CPU usage :   798.0%

k-eff (analog)    = 0.91871 +/- 0.00259  [0.91362  0.92379]
k-eff (implicit)  = 0.91864 +/- 0.00180  [0.91510  0.92218]

(O4) (MPI=1) (OMP=8) 
------------------------------------------------------------
------------------------------------------------------------

Serpent 2.1.31 -- Static criticality source simulation

Title: "godiva in a water tank: enrichment = 46.0%, radius = 8.7407 cm" 

Active cycle   51 / 120  Source neutrons :  4825

Running time :                  0:00:15
Estimated running time :        0:00:29
Estimated running time left :   0:00:14

Estimated relative CPU usage :   794.5%

k-eff (analog)    = 0.91849 +/- 0.00255  [0.91349  0.92349]
k-eff (implicit)  = 0.91847 +/- 0.00178  [0.91499  0.92195]

(O4) (MPI=1) (OMP=8) 
------------------------------------------------------------
------------------------------------------------------------

Serpent 2.1.31 -- Static criticality source simulation

Title: "godiva in a water tank: enrichment = 46.0%, radius = 8.7407 cm" 

Active cycle   52 / 120  Source neutrons :  4952

Running time :                  0:00:15
Estimated running time :        0:00:29
Estimated running time left :   0:00:14

Estimated relative CPU usage :   793.7%

k-eff (analog)    = 0.91812 +/- 0.00253  [0.91316  0.92307]
k-eff (implicit)  = 0.91856 +/- 0.00174  [0.91514  0.92198]

(O4) (MPI=1) (OMP=8) 
------------------------------------------------------------
------------------------------------------------------------

Serpent 2.1.31 -- Static criticality source simulation

Title: "godiva in a water tank: enrichment = 46.0%, radius = 8.7407 cm" 

Active cycle   53 / 120  Source neutrons :  5037

Running time :                  0:00:15
Estimated running time :        0:00:29
Estimated running time left :   0:00:13

Estimated relative CPU usage :   800.3%

k-eff (analog)    = 0.91788 +/- 0.00249  [0.91300  0.92276]
k-eff (implicit)  = 0.91884 +/- 0.00173  [0.91544  0.92223]

(O4) (MPI=1) (OMP=8) 
------------------------------------------------------------
------------------------------------------------------------

Serpent 2.1.31 -- Static criticality source simulation

Title: "godiva in a water tank: enrichment = 46.0%, radius = 8.7407 cm" 

Active cycle   54 / 120  Source neutrons :  5065

Running time :                  0:00:16
Estimated running time :        0:00:29
Estimated running time left :   0:00:13

Estimated relative CPU usage :   798.0%

k-eff (analog)    = 0.91787 +/- 0.00245  [0.91308  0.92267]
k-eff (implicit)  = 0.91918 +/- 0.00174  [0.91577  0.92258]

(O4) (MPI=1) (OMP=8) 
------------------------------------------------------------
------------------------------------------------------------

Serpent 2.1.31 -- Static criticality source simulation

Title: "godiva in a water tank: enrichment = 46.0%, radius = 8.7407 cm" 

Active cycle   55 / 120  Source neutrons :  5093

Running time :                  0:00:16
Estimated running time :        0:00:29
Estimated running time left :   0:00:13

Estimated relative CPU usage :   794.3%

k-eff (analog)    = 0.91817 +/- 0.00242  [0.91343  0.92292]
k-eff (implicit)  = 0.91919 +/- 0.00170  [0.91585  0.92253]

(O4) (MPI=1) (OMP=8) 
------------------------------------------------------------
------------------------------------------------------------

Serpent 2.1.31 -- Static criticality source simulation

Title: "godiva in a water tank: enrichment = 46.0%, radius = 8.7407 cm" 

Active cycle   56 / 120  Source neutrons :  4791

Running time :                  0:00:16
Estimated running time :        0:00:29
Estimated running time left :   0:00:13

Estimated relative CPU usage :   795.8%

k-eff (analog)    = 0.91777 +/- 0.00241  [0.91304  0.92249]
k-eff (implicit)  = 0.91935 +/- 0.00168  [0.91605  0.92264]

(O4) (MPI=1) (OMP=8) 
------------------------------------------------------------
------------------------------------------------------------

Serpent 2.1.31 -- Static criticality source simulation

Title: "godiva in a water tank: enrichment = 46.0%, radius = 8.7407 cm" 

Active cycle   57 / 120  Source neutrons :  5308

Running time :                  0:00:16
Estimated running time :        0:00:29
Estimated running time left :   0:00:12

Estimated relative CPU usage :   800.8%

k-eff (analog)    = 0.91834 +/- 0.00244  [0.91357  0.92312]
k-eff (implicit)  = 0.91930 +/- 0.00165  [0.91606  0.92253]

(O4) (MPI=1) (OMP=8) 
------------------------------------------------------------
------------------------------------------------------------

Serpent 2.1.31 -- Static criticality source simulation

Title: "godiva in a water tank: enrichment = 46.0%, radius = 8.7407 cm" 

Active cycle   58 / 120  Source neutrons :  4807

Running time :                  0:00:16
Estimated running time :        0:00:29
Estimated running time left :   0:00:12

Estimated relative CPU usage :   794.2%

k-eff (analog)    = 0.91827 +/- 0.00240  [0.91357  0.92296]
k-eff (implicit)  = 0.91910 +/- 0.00164  [0.91589  0.92230]

(O4) (MPI=1) (OMP=8) 
------------------------------------------------------------
------------------------------------------------------------

Serpent 2.1.31 -- Static criticality source simulation

Title: "godiva in a water tank: enrichment = 46.0%, radius = 8.7407 cm" 

Active cycle   59 / 120  Source neutrons :  4885

Running time :                  0:00:17
Estimated running time :        0:00:29
Estimated running time left :   0:00:12

Estimated relative CPU usage :   801.1%

k-eff (analog)    = 0.91784 +/- 0.00239  [0.91314  0.92253]
k-eff (implicit)  = 0.91871 +/- 0.00165  [0.91547  0.92195]

(O4) (MPI=1) (OMP=8) 
------------------------------------------------------------
------------------------------------------------------------

Serpent 2.1.31 -- Static criticality source simulation

Title: "godiva in a water tank: enrichment = 46.0%, radius = 8.7407 cm" 

Active cycle   60 / 120  Source neutrons :  5201

Running time :                  0:00:17
Estimated running time :        0:00:29
Estimated running time left :   0:00:12

Estimated relative CPU usage :   795.9%

k-eff (analog)    = 0.91802 +/- 0.00236  [0.91339  0.92264]
k-eff (implicit)  = 0.91871 +/- 0.00162  [0.91553  0.92190]

(O4) (MPI=1) (OMP=8) 
------------------------------------------------------------
------------------------------------------------------------

Serpent 2.1.31 -- Static criticality source simulation

Title: "godiva in a water tank: enrichment = 46.0%, radius = 8.7407 cm" 

Active cycle   61 / 120  Source neutrons :  4951

Running time :                  0:00:17
Estimated running time :        0:00:29
Estimated running time left :   0:00:12

Estimated relative CPU usage :   794.4%

k-eff (analog)    = 0.91804 +/- 0.00232  [0.91349  0.92260]
k-eff (implicit)  = 0.91894 +/- 0.00161  [0.91578  0.92210]

(O4) (MPI=1) (OMP=8) 
------------------------------------------------------------
------------------------------------------------------------

Serpent 2.1.31 -- Static criticality source simulation

Title: "godiva in a water tank: enrichment = 46.0%, radius = 8.7407 cm" 

Active cycle   62 / 120  Source neutrons :  5048

Running time :                  0:00:17
Estimated running time :        0:00:29
Estimated running time left :   0:00:11

Estimated relative CPU usage :   801.4%

k-eff (analog)    = 0.91821 +/- 0.00229  [0.91372  0.92270]
k-eff (implicit)  = 0.91881 +/- 0.00159  [0.91569  0.92193]

(O4) (MPI=1) (OMP=8) 
------------------------------------------------------------
------------------------------------------------------------

Serpent 2.1.31 -- Static criticality source simulation

Title: "godiva in a water tank: enrichment = 46.0%, radius = 8.7407 cm" 

Active cycle   63 / 120  Source neutrons :  4915

Running time :                  0:00:18
Estimated running time :        0:00:29
Estimated running time left :   0:00:11

Estimated relative CPU usage :   798.2%

k-eff (analog)    = 0.91813 +/- 0.00226  [0.91371  0.92255]
k-eff (implicit)  = 0.91828 +/- 0.00165  [0.91504  0.92152]

(O4) (MPI=1) (OMP=8) 
------------------------------------------------------------
------------------------------------------------------------

Serpent 2.1.31 -- Static criticality source simulation

Title: "godiva in a water tank: enrichment = 46.0%, radius = 8.7407 cm" 

Active cycle   64 / 120  Source neutrons :  4792

Running time :                  0:00:18
Estimated running time :        0:00:29
Estimated running time left :   0:00:11

Estimated relative CPU usage :   798.2%

k-eff (analog)    = 0.91745 +/- 0.00232  [0.91290  0.92200]
k-eff (implicit)  = 0.91841 +/- 0.00163  [0.91521  0.92161]

(O4) (MPI=1) (OMP=8) 
------------------------------------------------------------
------------------------------------------------------------

Serpent 2.1.31 -- Static criticality source simulation

Title: "godiva in a water tank: enrichment = 46.0%, radius = 8.7407 cm" 

Active cycle   65 / 120  Source neutrons :  5405

Running time :                  0:00:18
Estimated running time :        0:00:29
Estimated running time left :   0:00:11

Estimated relative CPU usage :   794.6%

k-eff (analog)    = 0.91788 +/- 0.00233  [0.91332  0.92244]
k-eff (implicit)  = 0.91828 +/- 0.00161  [0.91512  0.92144]

(O4) (MPI=1) (OMP=8) 
------------------------------------------------------------
------------------------------------------------------------

Serpent 2.1.31 -- Static criticality source simulation

Title: "godiva in a water tank: enrichment = 46.0%, radius = 8.7407 cm" 

Active cycle   66 / 120  Source neutrons :  4851

Running time :                  0:00:18
Estimated running time :        0:00:29
Estimated running time left :   0:00:11

Estimated relative CPU usage :   798.4%

k-eff (analog)    = 0.91787 +/- 0.00229  [0.91339  0.92236]
k-eff (implicit)  = 0.91784 +/- 0.00165  [0.91461  0.92107]

(O4) (MPI=1) (OMP=8) 
------------------------------------------------------------
------------------------------------------------------------

Serpent 2.1.31 -- Static criticality source simulation

Title: "godiva in a water tank: enrichment = 46.0%, radius = 8.7407 cm" 

Active cycle   67 / 120  Source neutrons :  4998

Running time :                  0:00:18
Estimated running time :        0:00:29
Estimated running time left :   0:00:10

Estimated relative CPU usage :   794.5%

k-eff (analog)    = 0.91786 +/- 0.00226  [0.91344  0.92228]
k-eff (implicit)  = 0.91763 +/- 0.00164  [0.91442  0.92084]

(O4) (MPI=1) (OMP=8) 
------------------------------------------------------------
------------------------------------------------------------

Serpent 2.1.31 -- Static criticality source simulation

Title: "godiva in a water tank: enrichment = 46.0%, radius = 8.7407 cm" 

Active cycle   68 / 120  Source neutrons :  5097

Running time :                  0:00:19
Estimated running time :        0:00:29
Estimated running time left :   0:00:10

Estimated relative CPU usage :   797.9%

k-eff (analog)    = 0.91811 +/- 0.00224  [0.91373  0.92249]
k-eff (implicit)  = 0.91707 +/- 0.00171  [0.91373  0.92042]

(O4) (MPI=1) (OMP=8) 
------------------------------------------------------------
------------------------------------------------------------

Serpent 2.1.31 -- Static criticality source simulation

Title: "godiva in a water tank: enrichment = 46.0%, radius = 8.7407 cm" 

Active cycle   69 / 120  Source neutrons :  4676

Running time :                  0:00:19
Estimated running time :        0:00:29
Estimated running time left :   0:00:10

Estimated relative CPU usage :   798.5%

k-eff (analog)    = 0.91748 +/- 0.00229  [0.91298  0.92197]
k-eff (implicit)  = 0.91706 +/- 0.00168  [0.91376  0.92035]

(O4) (MPI=1) (OMP=8) 
------------------------------------------------------------
------------------------------------------------------------

Serpent 2.1.31 -- Static criticality source simulation

Title: "godiva in a water tank: enrichment = 46.0%, radius = 8.7407 cm" 

Active cycle   70 / 120  Source neutrons :  5260

Running time :                  0:00:19
Estimated running time :        0:00:29
Estimated running time left :   0:00:10

Estimated relative CPU usage :   801.4%

k-eff (analog)    = 0.91751 +/- 0.00226  [0.91308  0.92194]
k-eff (implicit)  = 0.91707 +/- 0.00166  [0.91382  0.92032]

(O4) (MPI=1) (OMP=8) 
------------------------------------------------------------
------------------------------------------------------------

Serpent 2.1.31 -- Static criticality source simulation

Title: "godiva in a water tank: enrichment = 46.0%, radius = 8.7407 cm" 

Active cycle   71 / 120  Source neutrons :  5024

Running time :                  0:00:19
Estimated running time :        0:00:29
Estimated running time left :   0:00:10

Estimated relative CPU usage :   798.0%

k-eff (analog)    = 0.91760 +/- 0.00223  [0.91323  0.92197]
k-eff (implicit)  = 0.91708 +/- 0.00163  [0.91388  0.92029]

(O4) (MPI=1) (OMP=8) 
------------------------------------------------------------
------------------------------------------------------------

Serpent 2.1.31 -- Static criticality source simulation

Title: "godiva in a water tank: enrichment = 46.0%, radius = 8.7407 cm" 

Active cycle   72 / 120  Source neutrons :  5091

Running time :                  0:00:19
Estimated running time :        0:00:29
Estimated running time left :   0:00:09

Estimated relative CPU usage :   798.1%

k-eff (analog)    = 0.91793 +/- 0.00222  [0.91357  0.92228]
k-eff (implicit)  = 0.91704 +/- 0.00161  [0.91388  0.92020]

(O4) (MPI=1) (OMP=8) 
------------------------------------------------------------
------------------------------------------------------------

Serpent 2.1.31 -- Static criticality source simulation

Title: "godiva in a water tank: enrichment = 46.0%, radius = 8.7407 cm" 

Active cycle   73 / 120  Source neutrons :  4926

Running time :                  0:00:20
Estimated running time :        0:00:29
Estimated running time left :   0:00:09

Estimated relative CPU usage :   801.2%

k-eff (analog)    = 0.91805 +/- 0.00220  [0.91375  0.92235]
k-eff (implicit)  = 0.91680 +/- 0.00161  [0.91365  0.91995]

(O4) (MPI=1) (OMP=8) 
------------------------------------------------------------
------------------------------------------------------------

Serpent 2.1.31 -- Static criticality source simulation

Title: "godiva in a water tank: enrichment = 46.0%, radius = 8.7407 cm" 

Active cycle   74 / 120  Source neutrons :  4991

Running time :                  0:00:20
Estimated running time :        0:00:29
Estimated running time left :   0:00:09

Estimated relative CPU usage :   794.4%

k-eff (analog)    = 0.91815 +/- 0.00217  [0.91390  0.92240]
k-eff (implicit)  = 0.91683 +/- 0.00159  [0.91372  0.91994]

(O4) (MPI=1) (OMP=8) 
------------------------------------------------------------
------------------------------------------------------------

Serpent 2.1.31 -- Static criticality source simulation

Title: "godiva in a water tank: enrichment = 46.0%, radius = 8.7407 cm" 

Active cycle   75 / 120  Source neutrons :  4995

Running time :                  0:00:20
Estimated running time :        0:00:29
Estimated running time left :   0:00:09

Estimated relative CPU usage :   796.4%

k-eff (analog)    = 0.91823 +/- 0.00214  [0.91404  0.92243]
k-eff (implicit)  = 0.91661 +/- 0.00158  [0.91351  0.91971]

(O4) (MPI=1) (OMP=8) 
------------------------------------------------------------
------------------------------------------------------------

Serpent 2.1.31 -- Static criticality source simulation

Title: "godiva in a water tank: enrichment = 46.0%, radius = 8.7407 cm" 

Active cycle   76 / 120  Source neutrons :  5135

Running time :                  0:00:20
Estimated running time :        0:00:29
Estimated running time left :   0:00:09

Estimated relative CPU usage :   797.7%

k-eff (analog)    = 0.91864 +/- 0.00215  [0.91442  0.92286]
k-eff (implicit)  = 0.91666 +/- 0.00156  [0.91360  0.91972]

(O4) (MPI=1) (OMP=8) 
------------------------------------------------------------
------------------------------------------------------------

Serpent 2.1.31 -- Static criticality source simulation

Title: "godiva in a water tank: enrichment = 46.0%, radius = 8.7407 cm" 

Active cycle   77 / 120  Source neutrons :  4835

Running time :                  0:00:20
Estimated running time :        0:00:29
Estimated running time left :   0:00:08

Estimated relative CPU usage :   802.2%

k-eff (analog)    = 0.91863 +/- 0.00212  [0.91447  0.92280]
k-eff (implicit)  = 0.91676 +/- 0.00154  [0.91373  0.91978]

(O4) (MPI=1) (OMP=8) 
------------------------------------------------------------
------------------------------------------------------------

Serpent 2.1.31 -- Static criticality source simulation

Title: "godiva in a water tank: enrichment = 46.0%, radius = 8.7407 cm" 

Active cycle   78 / 120  Source neutrons :  4996

Running time :                  0:00:21
Estimated running time :        0:00:29
Estimated running time left :   0:00:08

Estimated relative CPU usage :   798.0%

k-eff (analog)    = 0.91862 +/- 0.00210  [0.91451  0.92273]
k-eff (implicit)  = 0.91675 +/- 0.00152  [0.91376  0.91974]

(O4) (MPI=1) (OMP=8) 
------------------------------------------------------------
------------------------------------------------------------

Serpent 2.1.31 -- Static criticality source simulation

Title: "godiva in a water tank: enrichment = 46.0%, radius = 8.7407 cm" 

Active cycle   79 / 120  Source neutrons :  4828

Running time :                  0:00:21
Estimated running time :        0:00:29
Estimated running time left :   0:00:08

Estimated relative CPU usage :   798.2%

k-eff (analog)    = 0.91820 +/- 0.00211  [0.91406  0.92234]
k-eff (implicit)  = 0.91658 +/- 0.00151  [0.91361  0.91955]

(O4) (MPI=1) (OMP=8) 
------------------------------------------------------------
------------------------------------------------------------

Serpent 2.1.31 -- Static criticality source simulation

Title: "godiva in a water tank: enrichment = 46.0%, radius = 8.7407 cm" 

Active cycle   80 / 120  Source neutrons :  5215

Running time :                  0:00:21
Estimated running time :        0:00:29
Estimated running time left :   0:00:08

Estimated relative CPU usage :   795.6%

k-eff (analog)    = 0.91827 +/- 0.00209  [0.91418  0.92236]
k-eff (implicit)  = 0.91645 +/- 0.00150  [0.91351  0.91939]

(O4) (MPI=1) (OMP=8) 
------------------------------------------------------------
------------------------------------------------------------

Serpent 2.1.31 -- Static criticality source simulation

Title: "godiva in a water tank: enrichment = 46.0%, radius = 8.7407 cm" 

Active cycle   81 / 120  Source neutrons :  4901

Running time :                  0:00:21
Estimated running time :        0:00:29
Estimated running time left :   0:00:08

Estimated relative CPU usage :   795.2%

k-eff (analog)    = 0.91812 +/- 0.00207  [0.91407  0.92217]
k-eff (implicit)  = 0.91638 +/- 0.00148  [0.91347  0.91929]

(O4) (MPI=1) (OMP=8) 
------------------------------------------------------------
------------------------------------------------------------

Serpent 2.1.31 -- Static criticality source simulation

Title: "godiva in a water tank: enrichment = 46.0%, radius = 8.7407 cm" 

Active cycle   82 / 120  Source neutrons :  5001

Running time :                  0:00:21
Estimated running time :        0:00:29
Estimated running time left :   0:00:07

Estimated relative CPU usage :   800.1%

k-eff (analog)    = 0.91797 +/- 0.00205  [0.91396  0.92198]
k-eff (implicit)  = 0.91643 +/- 0.00147  [0.91356  0.91931]

(O4) (MPI=1) (OMP=8) 
------------------------------------------------------------
------------------------------------------------------------

Serpent 2.1.31 -- Static criticality source simulation

Title: "godiva in a water tank: enrichment = 46.0%, radius = 8.7407 cm" 

Active cycle   83 / 120  Source neutrons :  5063

Running time :                  0:00:22
Estimated running time :        0:00:29
Estimated running time left :   0:00:07

Estimated relative CPU usage :   794.6%

k-eff (analog)    = 0.91796 +/- 0.00202  [0.91399  0.92192]
k-eff (implicit)  = 0.91666 +/- 0.00147  [0.91379  0.91954]

(O4) (MPI=1) (OMP=8) 
------------------------------------------------------------
------------------------------------------------------------

Serpent 2.1.31 -- Static criticality source simulation

Title: "godiva in a water tank: enrichment = 46.0%, radius = 8.7407 cm" 

Active cycle   84 / 120  Source neutrons :  5237

Running time :                  0:00:22
Estimated running time :        0:00:29
Estimated running time left :   0:00:07

Estimated relative CPU usage :   797.8%

k-eff (analog)    = 0.91846 +/- 0.00206  [0.91442  0.92250]
k-eff (implicit)  = 0.91670 +/- 0.00145  [0.91386  0.91954]

(O4) (MPI=1) (OMP=8) 
------------------------------------------------------------
------------------------------------------------------------

Serpent 2.1.31 -- Static criticality source simulation

Title: "godiva in a water tank: enrichment = 46.0%, radius = 8.7407 cm" 

Active cycle   85 / 120  Source neutrons :  4871

Running time :                  0:00:22
Estimated running time :        0:00:29
Estimated running time left :   0:00:07

Estimated relative CPU usage :   794.6%

k-eff (analog)    = 0.91867 +/- 0.00205  [0.91466  0.92268]
k-eff (implicit)  = 0.91671 +/- 0.00143  [0.91390  0.91952]

(O4) (MPI=1) (OMP=8) 
------------------------------------------------------------
------------------------------------------------------------

Serpent 2.1.31 -- Static criticality source simulation

Title: "godiva in a water tank: enrichment = 46.0%, radius = 8.7407 cm" 

Active cycle   86 / 120  Source neutrons :  4912

Running time :                  0:00:22
Estimated running time :        0:00:29
Estimated running time left :   0:00:07

Estimated relative CPU usage :   798.1%

k-eff (analog)    = 0.91868 +/- 0.00202  [0.91471  0.92264]
k-eff (implicit)  = 0.91703 +/- 0.00145  [0.91418  0.91987]

(O4) (MPI=1) (OMP=8) 
------------------------------------------------------------
------------------------------------------------------------

Serpent 2.1.31 -- Static criticality source simulation

Title: "godiva in a water tank: enrichment = 46.0%, radius = 8.7407 cm" 

Active cycle   87 / 120  Source neutrons :  5111

Running time :                  0:00:22
Estimated running time :        0:00:29
Estimated running time left :   0:00:06

Estimated relative CPU usage :   797.1%

k-eff (analog)    = 0.91892 +/- 0.00201  [0.91497  0.92287]
k-eff (implicit)  = 0.91705 +/- 0.00143  [0.91424  0.91986]

(O4) (MPI=1) (OMP=8) 
------------------------------------------------------------
------------------------------------------------------------

Serpent 2.1.31 -- Static criticality source simulation

Title: "godiva in a water tank: enrichment = 46.0%, radius = 8.7407 cm" 

Active cycle   88 / 120  Source neutrons :  4887

Running time :                  0:00:23
Estimated running time :        0:00:29
Estimated running time left :   0:00:06

Estimated relative CPU usage :   798.4%

k-eff (analog)    = 0.91892 +/- 0.00199  [0.91501  0.92282]
k-eff (implicit)  = 0.91700 +/- 0.00142  [0.91421  0.91978]

(O4) (MPI=1) (OMP=8) 
------------------------------------------------------------
------------------------------------------------------------

Serpent 2.1.31 -- Static criticality source simulation

Title: "godiva in a water tank: enrichment = 46.0%, radius = 8.7407 cm" 

Active cycle   89 / 120  Source neutrons :  4853

Running time :                  0:00:23
Estimated running time :        0:00:29
Estimated running time left :   0:00:06

Estimated relative CPU usage :   800.2%

k-eff (analog)    = 0.91861 +/- 0.00199  [0.91470  0.92251]
k-eff (implicit)  = 0.91720 +/- 0.00142  [0.91442  0.91998]

(O4) (MPI=1) (OMP=8) 
------------------------------------------------------------
------------------------------------------------------------

Serpent 2.1.31 -- Static criticality source simulation

Title: "godiva in a water tank: enrichment = 46.0%, radius = 8.7407 cm" 

Active cycle   90 / 120  Source neutrons :  5260

Running time :                  0:00:23
Estimated running time :        0:00:29
Estimated running time left :   0:00:06

Estimated relative CPU usage :   793.9%

k-eff (analog)    = 0.91882 +/- 0.00198  [0.91494  0.92271]
k-eff (implicit)  = 0.91755 +/- 0.00144  [0.91472  0.92038]

(O4) (MPI=1) (OMP=8) 
------------------------------------------------------------
------------------------------------------------------------

Serpent 2.1.31 -- Static criticality source simulation

Title: "godiva in a water tank: enrichment = 46.0%, radius = 8.7407 cm" 

Active cycle   91 / 120  Source neutrons :  5114

Running time :                  0:00:23
Estimated running time :        0:00:29
Estimated running time left :   0:00:05

Estimated relative CPU usage :   801.5%

k-eff (analog)    = 0.91927 +/- 0.00201  [0.91533  0.92321]
k-eff (implicit)  = 0.91742 +/- 0.00143  [0.91461  0.92023]

(O4) (MPI=1) (OMP=8) 
------------------------------------------------------------
------------------------------------------------------------

Serpent 2.1.31 -- Static criticality source simulation

Title: "godiva in a water tank: enrichment = 46.0%, radius = 8.7407 cm" 

Active cycle   92 / 120  Source neutrons :  4669

Running time :                  0:00:23
Estimated running time :        0:00:29
Estimated running time left :   0:00:05

Estimated relative CPU usage :   798.7%

k-eff (analog)    = 0.91901 +/- 0.00200  [0.91508  0.92294]
k-eff (implicit)  = 0.91752 +/- 0.00142  [0.91473  0.92030]

(O4) (MPI=1) (OMP=8) 
------------------------------------------------------------
------------------------------------------------------------

Serpent 2.1.31 -- Static criticality source simulation

Title: "godiva in a water tank: enrichment = 46.0%, radius = 8.7407 cm" 

Active cycle   93 / 120  Source neutrons :  5100

Running time :                  0:00:24
Estimated running time :        0:00:29
Estimated running time left :   0:00:05

Estimated relative CPU usage :   797.5%

k-eff (analog)    = 0.91895 +/- 0.00198  [0.91507  0.92284]
k-eff (implicit)  = 0.91738 +/- 0.00141  [0.91461  0.92015]

(O4) (MPI=1) (OMP=8) 
------------------------------------------------------------
------------------------------------------------------------

Serpent 2.1.31 -- Static criticality source simulation

Title: "godiva in a water tank: enrichment = 46.0%, radius = 8.7407 cm" 

Active cycle   94 / 120  Source neutrons :  5031

Running time :                  0:00:24
Estimated running time :        0:00:29
Estimated running time left :   0:00:05

Estimated relative CPU usage :   797.3%

k-eff (analog)    = 0.91896 +/- 0.00196  [0.91511  0.92280]
k-eff (implicit)  = 0.91731 +/- 0.00140  [0.91457  0.92005]

(O4) (MPI=1) (OMP=8) 
------------------------------------------------------------
------------------------------------------------------------

Serpent 2.1.31 -- Static criticality source simulation

Title: "godiva in a water tank: enrichment = 46.0%, radius = 8.7407 cm" 

Active cycle   95 / 120  Source neutrons :  4877

Running time :                  0:00:24
Estimated running time :        0:00:29
Estimated running time left :   0:00:05

Estimated relative CPU usage :   798.0%

k-eff (analog)    = 0.91872 +/- 0.00196  [0.91489  0.92256]
k-eff (implicit)  = 0.91718 +/- 0.00139  [0.91445  0.91990]

(O4) (MPI=1) (OMP=8) 
------------------------------------------------------------
------------------------------------------------------------

Serpent 2.1.31 -- Static criticality source simulation

Title: "godiva in a water tank: enrichment = 46.0%, radius = 8.7407 cm" 

Active cycle   96 / 120  Source neutrons :  5067

Running time :                  0:00:24
Estimated running time :        0:00:29
Estimated running time left :   0:00:04

Estimated relative CPU usage :   794.5%

k-eff (analog)    = 0.91862 +/- 0.00194  [0.91482  0.92242]
k-eff (implicit)  = 0.91725 +/- 0.00138  [0.91455  0.91995]

(O4) (MPI=1) (OMP=8) 
------------------------------------------------------------
------------------------------------------------------------

Serpent 2.1.31 -- Static criticality source simulation

Title: "godiva in a water tank: enrichment = 46.0%, radius = 8.7407 cm" 

Active cycle   97 / 120  Source neutrons :  5120

Running time :                  0:00:25
Estimated running time :        0:00:29
Estimated running time left :   0:00:04

Estimated relative CPU usage :   800.8%

k-eff (analog)    = 0.91874 +/- 0.00192  [0.91498  0.92251]
k-eff (implicit)  = 0.91714 +/- 0.00137  [0.91445  0.91982]

(O4) (MPI=1) (OMP=8) 
------------------------------------------------------------
------------------------------------------------------------

Serpent 2.1.31 -- Static criticality source simulation

Title: "godiva in a water tank: enrichment = 46.0%, radius = 8.7407 cm" 

Active cycle   98 / 120  Source neutrons :  4885

Running time :                  0:00:25
Estimated running time :        0:00:29
Estimated running time left :   0:00:04

Estimated relative CPU usage :   797.4%

k-eff (analog)    = 0.91865 +/- 0.00190  [0.91491  0.92238]
k-eff (implicit)  = 0.91715 +/- 0.00136  [0.91449  0.91980]

(O4) (MPI=1) (OMP=8) 
------------------------------------------------------------
------------------------------------------------------------

Serpent 2.1.31 -- Static criticality source simulation

Title: "godiva in a water tank: enrichment = 46.0%, radius = 8.7407 cm" 

Active cycle   99 / 120  Source neutrons :  5066

Running time :                  0:00:25
Estimated running time :        0:00:29
Estimated running time left :   0:00:04

Estimated relative CPU usage :   794.3%

k-eff (analog)    = 0.91867 +/- 0.00189  [0.91498  0.92237]
k-eff (implicit)  = 0.91721 +/- 0.00134  [0.91458  0.91984]

(O4) (MPI=1) (OMP=8) 
------------------------------------------------------------
------------------------------------------------------------

Serpent 2.1.31 -- Static criticality source simulation

Title: "godiva in a water tank: enrichment = 46.0%, radius = 8.7407 cm" 

Active cycle  100 / 120  Source neutrons :  4991

Running time :                  0:00:25
Estimated running time :        0:00:29
Estimated running time left :   0:00:04

Estimated relative CPU usage :   799.3%

k-eff (analog)    = 0.91868 +/- 0.00187  [0.91502  0.92234]
k-eff (implicit)  = 0.91722 +/- 0.00133  [0.91461  0.91983]

(O4) (MPI=1) (OMP=8) 
------------------------------------------------------------
------------------------------------------------------------

Serpent 2.1.31 -- Static criticality source simulation

Title: "godiva in a water tank: enrichment = 46.0%, radius = 8.7407 cm" 

Active cycle  101 / 120  Source neutrons :  5040

Running time :                  0:00:25
Estimated running time :        0:00:29
Estimated running time left :   0:00:03

Estimated relative CPU usage :   792.4%

k-eff (analog)    = 0.91876 +/- 0.00185  [0.91514  0.92239]
k-eff (implicit)  = 0.91743 +/- 0.00133  [0.91482  0.92004]

(O4) (MPI=1) (OMP=8) 
------------------------------------------------------------
------------------------------------------------------------

Serpent 2.1.31 -- Static criticality source simulation

Title: "godiva in a water tank: enrichment = 46.0%, radius = 8.7407 cm" 

Active cycle  102 / 120  Source neutrons :  5076

Running time :                  0:00:26
Estimated running time :        0:00:29
Estimated running time left :   0:00:03

Estimated relative CPU usage :   798.0%

k-eff (analog)    = 0.91898 +/- 0.00184  [0.91537  0.92259]
k-eff (implicit)  = 0.91754 +/- 0.00132  [0.91494  0.92013]

(O4) (MPI=1) (OMP=8) 
------------------------------------------------------------
------------------------------------------------------------

Serpent 2.1.31 -- Static criticality source simulation

Title: "godiva in a water tank: enrichment = 46.0%, radius = 8.7407 cm" 

Active cycle  103 / 120  Source neutrons :  4968

Running time :                  0:00:26
Estimated running time :        0:00:29
Estimated running time left :   0:00:03

Estimated relative CPU usage :   794.5%

k-eff (analog)    = 0.91913 +/- 0.00183  [0.91554  0.92273]
k-eff (implicit)  = 0.91747 +/- 0.00131  [0.91490  0.92004]

(O4) (MPI=1) (OMP=8) 
------------------------------------------------------------
------------------------------------------------------------

Serpent 2.1.31 -- Static criticality source simulation

Title: "godiva in a water tank: enrichment = 46.0%, radius = 8.7407 cm" 

Active cycle  104 / 120  Source neutrons :  4930

Running time :                  0:00:26
Estimated running time :        0:00:29
Estimated running time left :   0:00:03

Estimated relative CPU usage :   795.8%

k-eff (analog)    = 0.91916 +/- 0.00182  [0.91560  0.92272]
k-eff (implicit)  = 0.91743 +/- 0.00130  [0.91488  0.91998]

(O4) (MPI=1) (OMP=8) 
------------------------------------------------------------
------------------------------------------------------------

Serpent 2.1.31 -- Static criticality source simulation

Title: "godiva in a water tank: enrichment = 46.0%, radius = 8.7407 cm" 

Active cycle  105 / 120  Source neutrons :  4850

Running time :                  0:00:26
Estimated running time :        0:00:29
Estimated running time left :   0:00:03

Estimated relative CPU usage :   797.8%

k-eff (analog)    = 0.91892 +/- 0.00181  [0.91537  0.92248]
k-eff (implicit)  = 0.91738 +/- 0.00129  [0.91486  0.91991]

(O4) (MPI=1) (OMP=8) 
------------------------------------------------------------
------------------------------------------------------------

Serpent 2.1.31 -- Static criticality source simulation

Title: "godiva in a water tank: enrichment = 46.0%, radius = 8.7407 cm" 

Active cycle  106 / 120  Source neutrons :  5060

Running time :                  0:00:26
Estimated running time :        0:00:29
Estimated running time left :   0:00:02

Estimated relative CPU usage :   798.7%

k-eff (analog)    = 0.91879 +/- 0.00180  [0.91526  0.92232]
k-eff (implicit)  = 0.91758 +/- 0.00129  [0.91505  0.92012]

(O4) (MPI=1) (OMP=8) 
------------------------------------------------------------
------------------------------------------------------------

Serpent 2.1.31 -- Static criticality source simulation

Title: "godiva in a water tank: enrichment = 46.0%, radius = 8.7407 cm" 

Active cycle  107 / 120  Source neutrons :  5183

Running time :                  0:00:27
Estimated running time :        0:00:29
Estimated running time left :   0:00:02

Estimated relative CPU usage :   798.2%

k-eff (analog)    = 0.91897 +/- 0.00179  [0.91546  0.92249]
k-eff (implicit)  = 0.91767 +/- 0.00128  [0.91516  0.92019]

(O4) (MPI=1) (OMP=8) 
------------------------------------------------------------
------------------------------------------------------------

Serpent 2.1.31 -- Static criticality source simulation

Title: "godiva in a water tank: enrichment = 46.0%, radius = 8.7407 cm" 

Active cycle  108 / 120  Source neutrons :  4868

Running time :                  0:00:27
Estimated running time :        0:00:29
Estimated running time left :   0:00:02

Estimated relative CPU usage :   801.8%

k-eff (analog)    = 0.91892 +/- 0.00178  [0.91543  0.92240]
k-eff (implicit)  = 0.91742 +/- 0.00130  [0.91488  0.91996]

(O4) (MPI=1) (OMP=8) 
------------------------------------------------------------
------------------------------------------------------------

Serpent 2.1.31 -- Static criticality source simulation

Title: "godiva in a water tank: enrichment = 46.0%, radius = 8.7407 cm" 

Active cycle  109 / 120  Source neutrons :  5113

Running time :                  0:00:27
Estimated running time :        0:00:29
Estimated running time left :   0:00:02

Estimated relative CPU usage :   793.2%

k-eff (analog)    = 0.91906 +/- 0.00177  [0.91559  0.92252]
k-eff (implicit)  = 0.91735 +/- 0.00129  [0.91483  0.91987]

(O4) (MPI=1) (OMP=8) 
------------------------------------------------------------
------------------------------------------------------------

Serpent 2.1.31 -- Static criticality source simulation

Title: "godiva in a water tank: enrichment = 46.0%, radius = 8.7407 cm" 

Active cycle  110 / 120  Source neutrons :  4865

Running time :                  0:00:27
Estimated running time :        0:00:29
Estimated running time left :   0:00:02

Estimated relative CPU usage :   801.9%

k-eff (analog)    = 0.91896 +/- 0.00175  [0.91553  0.92240]
k-eff (implicit)  = 0.91741 +/- 0.00128  [0.91491  0.91991]

(O4) (MPI=1) (OMP=8) 
------------------------------------------------------------
------------------------------------------------------------

Serpent 2.1.31 -- Static criticality source simulation

Title: "godiva in a water tank: enrichment = 46.0%, radius = 8.7407 cm" 

Active cycle  111 / 120  Source neutrons :  5009

Running time :                  0:00:27
Estimated running time :        0:00:29
Estimated running time left :   0:00:01

Estimated relative CPU usage :   798.0%

k-eff (analog)    = 0.91888 +/- 0.00174  [0.91548  0.92229]
k-eff (implicit)  = 0.91747 +/- 0.00127  [0.91499  0.91995]

(O4) (MPI=1) (OMP=8) 
------------------------------------------------------------
------------------------------------------------------------

Serpent 2.1.31 -- Static criticality source simulation

Title: "godiva in a water tank: enrichment = 46.0%, radius = 8.7407 cm" 

Active cycle  112 / 120  Source neutrons :  5151

Running time :                  0:00:28
Estimated running time :        0:00:29
Estimated running time left :   0:00:01

Estimated relative CPU usage :   794.9%

k-eff (analog)    = 0.91905 +/- 0.00173  [0.91566  0.92245]
k-eff (implicit)  = 0.91744 +/- 0.00125  [0.91498  0.91990]

(O4) (MPI=1) (OMP=8) 
------------------------------------------------------------
------------------------------------------------------------

Serpent 2.1.31 -- Static criticality source simulation

Title: "godiva in a water tank: enrichment = 46.0%, radius = 8.7407 cm" 

Active cycle  113 / 120  Source neutrons :  4941

Running time :                  0:00:28
Estimated running time :        0:00:29
Estimated running time left :   0:00:01

Estimated relative CPU usage :   797.6%

k-eff (analog)    = 0.91912 +/- 0.00172  [0.91576  0.92249]
k-eff (implicit)  = 0.91732 +/- 0.00125  [0.91487  0.91977]

(O4) (MPI=1) (OMP=8) 
------------------------------------------------------------
------------------------------------------------------------

Serpent 2.1.31 -- Static criticality source simulation

Title: "godiva in a water tank: enrichment = 46.0%, radius = 8.7407 cm" 

Active cycle  114 / 120  Source neutrons :  4862

Running time :                  0:00:28
Estimated running time :        0:00:29
Estimated running time left :   0:00:01

Estimated relative CPU usage :   794.7%

k-eff (analog)    = 0.91896 +/- 0.00171  [0.91561  0.92231]
k-eff (implicit)  = 0.91732 +/- 0.00124  [0.91489  0.91974]

(O4) (MPI=1) (OMP=8) 
------------------------------------------------------------
------------------------------------------------------------

Serpent 2.1.31 -- Static criticality source simulation

Title: "godiva in a water tank: enrichment = 46.0%, radius = 8.7407 cm" 

Active cycle  115 / 120  Source neutrons :  4948

Running time :                  0:00:28
Estimated running time :        0:00:29
Estimated running time left :   0:00:01

Estimated relative CPU usage :   798.2%

k-eff (analog)    = 0.91873 +/- 0.00171  [0.91537  0.92208]
k-eff (implicit)  = 0.91731 +/- 0.00123  [0.91491  0.91971]

(O4) (MPI=1) (OMP=8) 
------------------------------------------------------------
------------------------------------------------------------

Serpent 2.1.31 -- Static criticality source simulation

Title: "godiva in a water tank: enrichment = 46.0%, radius = 8.7407 cm" 

Active cycle  116 / 120  Source neutrons :  5188

Running time :                  0:00:28
Estimated running time :        0:00:29
Estimated running time left :   0:00:00

Estimated relative CPU usage :   798.2%

k-eff (analog)    = 0.91878 +/- 0.00170  [0.91546  0.92211]
k-eff (implicit)  = 0.91719 +/- 0.00122  [0.91480  0.91959]

(O4) (MPI=1) (OMP=8) 
------------------------------------------------------------
------------------------------------------------------------

Serpent 2.1.31 -- Static criticality source simulation

Title: "godiva in a water tank: enrichment = 46.0%, radius = 8.7407 cm" 

Active cycle  117 / 120  Source neutrons :  4822

Running time :                  0:00:29
Estimated running time :        0:00:29
Estimated running time left :   0:00:00

Estimated relative CPU usage :   801.6%

k-eff (analog)    = 0.91856 +/- 0.00170  [0.91523  0.92189]
k-eff (implicit)  = 0.91720 +/- 0.00121  [0.91483  0.91957]

(O4) (MPI=1) (OMP=8) 
------------------------------------------------------------
------------------------------------------------------------

Serpent 2.1.31 -- Static criticality source simulation

Title: "godiva in a water tank: enrichment = 46.0%, radius = 8.7407 cm" 

Active cycle  118 / 120  Source neutrons :  5137

Running time :                  0:00:29
Estimated running time :        0:00:29
Estimated running time left :   0:00:00

Estimated relative CPU usage :   794.5%

k-eff (analog)    = 0.91854 +/- 0.00168  [0.91525  0.92184]
k-eff (implicit)  = 0.91710 +/- 0.00121  [0.91473  0.91946]

(O4) (MPI=1) (OMP=8) 
------------------------------------------------------------
------------------------------------------------------------

Serpent 2.1.31 -- Static criticality source simulation

Title: "godiva in a water tank: enrichment = 46.0%, radius = 8.7407 cm" 

Active cycle  119 / 120  Source neutrons :  5093

Running time :                  0:00:29
Estimated running time :        0:00:29
Estimated running time left :   0:00:00

Estimated relative CPU usage :   797.8%

k-eff (analog)    = 0.91867 +/- 0.00167  [0.91539  0.92195]
k-eff (implicit)  = 0.91704 +/- 0.00120  [0.91469  0.91938]

(O4) (MPI=1) (OMP=8) 
------------------------------------------------------------
------------------------------------------------------------

Serpent 2.1.31 -- Static criticality source simulation

Title: "godiva in a water tank: enrichment = 46.0%, radius = 8.7407 cm" 

Active cycle  120 / 120  Source neutrons :  4908

Running time :                  0:00:29
Estimated running time :        0:00:29
Estimated running time left :   0:00:00

Estimated relative CPU usage :   800.3%

k-eff (analog)    = 0.91866 +/- 0.00166  [0.91540  0.92191]
k-eff (implicit)  = 0.91703 +/- 0.00119  [0.91470  0.91936]

(O4) (MPI=1) (OMP=8) 
------------------------------------------------------------

Transport cycle completed in 27.7 seconds.

Calculating activities...
OK.

