
  _                   .-=-.           .-=-.          .-==-.       
 { }      __        .' O o '.       .' O o '.       /  -<' )--<   
 { }    .' O'.     / o .-. O \     / o .-. O \     /  .---`       
 { }   / .-. o\   /O  /   \  o\   /O  /   \  o\   /O /            
  \ `-` /   \ O`-'o  /     \  O`-'o  /     \  O`-`o /             
   `-.-`     '.____.'       `._____.'       `.____.'              

Serpent 2 beta

A Continuous-energy Monte Carlo Reactor Physics Burnup Calculation Code

 - Version 2.1.31 (May 16, 2019) -- Contact: serpent@vtt.fi

 - Reference: J. Leppanen, et al. "The Serpent Monte Carlo code: Status,
              development and applications in 2013." Ann. Nucl. Energy,
              82 (2015) 142-150.

 - Compiled May 16 2019 10:33:27

 - MPI Parallel calculation mode available

 - OpenMP Parallel calculation mode available

 - Geometry and mesh plotting available

 - Default data path set to: "/opt/serpent/xsdata"

Begin calculation on Fri Aug 23 09:30:27 2019

Reading input file "godiva19.inp"...

Checking duplicate input definitions...
OK.

Creating geometry...
OK.

Counting geometry zones...

Processing cells...
OK.

Linking materials to geometry...
OK.

Counting cells...
OK.

Processing data for group constant generation:

 - 70 energy groups in micro-group structure
 - 2 energy groups in macro-group structure
 - B1 fundamental mode calculation is not run
 - Group constants generated in 1 universes
 - Discontinuity factors are not calculated
 - Pin-power distributions are not calculated
 - Albedos are not calculated
 - Poison cross sections are not calculated

Plotting geometry:

   0% complete
  50% complete
 100% complete

Reading ACE directory files...
OK.

Reading neutron-induced fission yields...
OK.

Adding nuclides in material uranium...

Nuclide  92235.03c -- uranium 235 at 300K (U-235)
Nuclide  92238.03c -- uranium 238 at 300K (U-238)

Adding nuclides in material water...

Nuclide   1001.03c -- hydrogen at 300K (H-1)
Nuclide   8016.03c -- oxygen 16 at 300K (O-16)

Adding thermal scattering data...

Nuclide   lwj3.00t -- hydrogen at 294K (H-1)

Checking data and printing output...
OK.

Generating unionize energy grids...

Adding points:

  1001.03c -- Points added in neutron grid: 252
  1001.03s -- Points added in neutron grid: 91
  8016.03c -- Points added in neutron grid: 2353
 92235.03c -- Points added in neutron grid: 30672
 92238.03c -- Points added in neutron grid: 64861

Generating unionized energy grid:

 - Unionization performed without grid thinning
   between 1.00E-11 and 20.0 MeV.

 - Final neutron grid size: 98053 points.

 - 3.29 Mb of memory allocated for grid data

OK.

Processing cross sections and ENDF reaction laws...

Nuclide   1001.03c -- hydrogen at 300K (H-1)
Nuclide   1001.03s -- hydrogen at 300K (H-1)
Nuclide   8016.03c -- oxygen 16 at 300K (O-16)
Nuclide  92235.03c -- uranium 235 at 300K (U-235)
Nuclide  92238.03c -- uranium 238 at 300K (U-238)

SUMMARY -- 5 nuclides included in calculation:

 - 5 transport nuclides
 - Neutron energy cut-offs at 1.00E-11 and 20.0 MeV
 - 118 transport reactions
 - 29 special reactions
 - 4 decay reactions
 - 25.46 Mb of memory allocated for data

Normalizing compositions and processing mixtures...
OK.

Allocating memory for macroscopic cross section data...
OK.

Allocating memory for particle structures...
OK.

Calculating maximum densities...
OK.

Performing density cut-off...
OK.

Sorting material-wise reaction lists:

   0% complete
  50% complete
 100% complete

Calculating macroscopic cross sections:

   0% complete
 100% complete

Calculating DT neutron majorant cross section:

   0% complete
 100% complete

Clearing results and statistics...
OK.

Sampling initial source...
OK.

Inactive cycle   1 /  20: k-eff = 1.00000
Inactive cycle   2 /  20: k-eff = 1.00780
Inactive cycle   3 /  20: k-eff = 1.01102
Inactive cycle   4 /  20: k-eff = 1.00071
Inactive cycle   5 /  20: k-eff = 1.02333
Inactive cycle   6 /  20: k-eff = 0.99058
Inactive cycle   7 /  20: k-eff = 1.01733
Inactive cycle   8 /  20: k-eff = 1.00451
Inactive cycle   9 /  20: k-eff = 0.99828
Inactive cycle  10 /  20: k-eff = 1.00647
Inactive cycle  11 /  20: k-eff = 0.96178
Inactive cycle  12 /  20: k-eff = 0.97332
Inactive cycle  13 /  20: k-eff = 1.01440
Inactive cycle  14 /  20: k-eff = 1.00425
Inactive cycle  15 /  20: k-eff = 0.98678
Inactive cycle  16 /  20: k-eff = 0.95382
Inactive cycle  17 /  20: k-eff = 1.01181
Inactive cycle  18 /  20: k-eff = 0.99583
Inactive cycle  19 /  20: k-eff = 0.96436
Inactive cycle  20 /  20: k-eff = 0.97419

----- Begin active cycles -----

------------------------------------------------------------

Serpent 2.1.31 -- Static criticality source simulation

Title: "godiva in a water tank: enrichment = 58.0%, radius = 8.7407 cm" 

Active cycle    1 / 120  Source neutrons :  5133

Running time :                  0:00:05
Estimated running time :        -:--:--
Estimated running time left :   -:--:--

Estimated relative CPU usage :   793.5%

k-eff (analog)    = 1.00011 +/- 0.00000  [1.00011  1.00011]
k-eff (implicit)  = 1.00731 +/- 0.00000  [1.00731  1.00731]

(O4) (MPI=1) (OMP=8) 
------------------------------------------------------------
------------------------------------------------------------

Serpent 2.1.31 -- Static criticality source simulation

Title: "godiva in a water tank: enrichment = 58.0%, radius = 8.7407 cm" 

Active cycle    2 / 120  Source neutrons :  5027

Running time :                  0:00:05
Estimated running time :        -:--:--
Estimated running time left :   -:--:--

Estimated relative CPU usage :   797.6%

k-eff (analog)    = 1.00281 +/- 0.00270  [0.99751  1.00810]
k-eff (implicit)  = 0.99177 +/- 0.01555  [0.96130  1.02224]

(O4) (MPI=1) (OMP=8) 
------------------------------------------------------------
------------------------------------------------------------

Serpent 2.1.31 -- Static criticality source simulation

Title: "godiva in a water tank: enrichment = 58.0%, radius = 8.7407 cm" 

Active cycle    3 / 120  Source neutrons :  4866

Running time :                  0:00:05
Estimated running time :        -:--:--
Estimated running time left :   -:--:--

Estimated relative CPU usage :   797.8%

k-eff (analog)    = 0.99472 +/- 0.00823  [0.97859  1.01086]
k-eff (implicit)  = 0.99811 +/- 0.01099  [0.97657  1.01964]

(O4) (MPI=1) (OMP=8) 
------------------------------------------------------------
------------------------------------------------------------

Serpent 2.1.31 -- Static criticality source simulation

Title: "godiva in a water tank: enrichment = 58.0%, radius = 8.7407 cm" 

Active cycle    4 / 120  Source neutrons :  5195

Running time :                  0:00:06
Estimated running time :        -:--:--
Estimated running time left :   -:--:--

Estimated relative CPU usage :   794.1%

k-eff (analog)    = 1.00022 +/- 0.00801  [0.98453  1.01592]
k-eff (implicit)  = 0.99637 +/- 0.00796  [0.98077  1.01197]

(O4) (MPI=1) (OMP=8) 
------------------------------------------------------------
------------------------------------------------------------

Serpent 2.1.31 -- Static criticality source simulation

Title: "godiva in a water tank: enrichment = 58.0%, radius = 8.7407 cm" 

Active cycle    5 / 120  Source neutrons :  4937

Running time :                  0:00:06
Estimated running time :        -:--:--
Estimated running time left :   -:--:--

Estimated relative CPU usage :   797.6%

k-eff (analog)    = 1.00096 +/- 0.00625  [0.98872  1.01321]
k-eff (implicit)  = 0.99589 +/- 0.00619  [0.98376  1.00801]

(O4) (MPI=1) (OMP=8) 
------------------------------------------------------------
------------------------------------------------------------

Serpent 2.1.31 -- Static criticality source simulation

Title: "godiva in a water tank: enrichment = 58.0%, radius = 8.7407 cm" 

Active cycle    6 / 120  Source neutrons :  5079

Running time :                  0:00:06
Estimated running time :        -:--:--
Estimated running time left :   -:--:--

Estimated relative CPU usage :   797.3%

k-eff (analog)    = 1.00410 +/- 0.00599  [0.99236  1.01583]
k-eff (implicit)  = 0.99491 +/- 0.00514  [0.98482  1.00499]

(O4) (MPI=1) (OMP=8) 
------------------------------------------------------------
------------------------------------------------------------

Serpent 2.1.31 -- Static criticality source simulation

Title: "godiva in a water tank: enrichment = 58.0%, radius = 8.7407 cm" 

Active cycle    7 / 120  Source neutrons :  4996

Running time :                  0:00:06
Estimated running time :        -:--:--
Estimated running time left :   -:--:--

Estimated relative CPU usage :   798.1%

k-eff (analog)    = 1.00622 +/- 0.00549  [0.99547  1.01698]
k-eff (implicit)  = 0.99080 +/- 0.00598  [0.97908  1.00252]

(O4) (MPI=1) (OMP=8) 
------------------------------------------------------------
------------------------------------------------------------

Serpent 2.1.31 -- Static criticality source simulation

Title: "godiva in a water tank: enrichment = 58.0%, radius = 8.7407 cm" 

Active cycle    8 / 120  Source neutrons :  4765

Running time :                  0:00:06
Estimated running time :        -:--:--
Estimated running time left :   -:--:--

Estimated relative CPU usage :   795.9%

k-eff (analog)    = 1.00183 +/- 0.00647  [0.98914  1.01451]
k-eff (implicit)  = 0.99258 +/- 0.00547  [0.98185  1.00331]

(O4) (MPI=1) (OMP=8) 
------------------------------------------------------------
------------------------------------------------------------

Serpent 2.1.31 -- Static criticality source simulation

Title: "godiva in a water tank: enrichment = 58.0%, radius = 8.7407 cm" 

Active cycle    9 / 120  Source neutrons :  5249

Running time :                  0:00:07
Estimated running time :        -:--:--
Estimated running time left :   -:--:--

Estimated relative CPU usage :   796.9%

k-eff (analog)    = 1.00378 +/- 0.00603  [0.99196  1.01561]
k-eff (implicit)  = 0.99099 +/- 0.00508  [0.98102  1.00095]

(O4) (MPI=1) (OMP=8) 
------------------------------------------------------------
------------------------------------------------------------

Serpent 2.1.31 -- Static criticality source simulation

Title: "godiva in a water tank: enrichment = 58.0%, radius = 8.7407 cm" 

Active cycle   10 / 120  Source neutrons :  4850

Running time :                  0:00:07
Estimated running time :        0:00:30
Estimated running time left :   0:00:23

Estimated relative CPU usage :   801.5%

k-eff (analog)    = 1.00229 +/- 0.00560  [0.99131  1.01326]
k-eff (implicit)  = 0.99226 +/- 0.00472  [0.98300  1.00151]

(O4) (MPI=1) (OMP=8) 
------------------------------------------------------------
------------------------------------------------------------

Serpent 2.1.31 -- Static criticality source simulation

Title: "godiva in a water tank: enrichment = 58.0%, radius = 8.7407 cm" 

Active cycle   11 / 120  Source neutrons :  5119

Running time :                  0:00:07
Estimated running time :        0:00:30
Estimated running time left :   0:00:23

Estimated relative CPU usage :   794.2%

k-eff (analog)    = 1.00321 +/- 0.00515  [0.99312  1.01329]
k-eff (implicit)  = 0.99277 +/- 0.00430  [0.98434  1.00120]

(O4) (MPI=1) (OMP=8) 
------------------------------------------------------------
------------------------------------------------------------

Serpent 2.1.31 -- Static criticality source simulation

Title: "godiva in a water tank: enrichment = 58.0%, radius = 8.7407 cm" 

Active cycle   12 / 120  Source neutrons :  4861

Running time :                  0:00:07
Estimated running time :        0:00:30
Estimated running time left :   0:00:23

Estimated relative CPU usage :   797.5%

k-eff (analog)    = 1.00162 +/- 0.00496  [0.99191  1.01134]
k-eff (implicit)  = 0.99222 +/- 0.00396  [0.98445  0.99999]

(O4) (MPI=1) (OMP=8) 
------------------------------------------------------------
------------------------------------------------------------

Serpent 2.1.31 -- Static criticality source simulation

Title: "godiva in a water tank: enrichment = 58.0%, radius = 8.7407 cm" 

Active cycle   13 / 120  Source neutrons :  5030

Running time :                  0:00:07
Estimated running time :        0:00:30
Estimated running time left :   0:00:22

Estimated relative CPU usage :   797.6%

k-eff (analog)    = 1.00074 +/- 0.00465  [0.99164  1.00985]
k-eff (implicit)  = 0.99268 +/- 0.00368  [0.98548  0.99989]

(O4) (MPI=1) (OMP=8) 
------------------------------------------------------------
------------------------------------------------------------

Serpent 2.1.31 -- Static criticality source simulation

Title: "godiva in a water tank: enrichment = 58.0%, radius = 8.7407 cm" 

Active cycle   14 / 120  Source neutrons :  4978

Running time :                  0:00:08
Estimated running time :        0:00:30
Estimated running time left :   0:00:22

Estimated relative CPU usage :   801.1%

k-eff (analog)    = 0.99967 +/- 0.00443  [0.99099  1.00836]
k-eff (implicit)  = 0.99382 +/- 0.00359  [0.98679  1.00085]

(O4) (MPI=1) (OMP=8) 
------------------------------------------------------------
------------------------------------------------------------

Serpent 2.1.31 -- Static criticality source simulation

Title: "godiva in a water tank: enrichment = 58.0%, radius = 8.7407 cm" 

Active cycle   15 / 120  Source neutrons :  4860

Running time :                  0:00:08
Estimated running time :        0:00:30
Estimated running time left :   0:00:22

Estimated relative CPU usage :   794.8%

k-eff (analog)    = 0.99691 +/- 0.00497  [0.98717  1.00664]
k-eff (implicit)  = 0.99397 +/- 0.00334  [0.98741  1.00052]

(O4) (MPI=1) (OMP=8) 
------------------------------------------------------------
------------------------------------------------------------

Serpent 2.1.31 -- Static criticality source simulation

Title: "godiva in a water tank: enrichment = 58.0%, radius = 8.7407 cm" 

Active cycle   16 / 120  Source neutrons :  5266

Running time :                  0:00:08
Estimated running time :        0:00:30
Estimated running time left :   0:00:22

Estimated relative CPU usage :   796.3%

k-eff (analog)    = 0.99767 +/- 0.00471  [0.98844  1.00690]
k-eff (implicit)  = 0.99391 +/- 0.00313  [0.98778  1.00004]

(O4) (MPI=1) (OMP=8) 
------------------------------------------------------------
------------------------------------------------------------

Serpent 2.1.31 -- Static criticality source simulation

Title: "godiva in a water tank: enrichment = 58.0%, radius = 8.7407 cm" 

Active cycle   17 / 120  Source neutrons :  4972

Running time :                  0:00:08
Estimated running time :        0:00:30
Estimated running time left :   0:00:22

Estimated relative CPU usage :   797.7%

k-eff (analog)    = 0.99802 +/- 0.00444  [0.98932  1.00671]
k-eff (implicit)  = 0.99378 +/- 0.00294  [0.98802  0.99954]

(O4) (MPI=1) (OMP=8) 
------------------------------------------------------------
------------------------------------------------------------

Serpent 2.1.31 -- Static criticality source simulation

Title: "godiva in a water tank: enrichment = 58.0%, radius = 8.7407 cm" 

Active cycle   18 / 120  Source neutrons :  5103

Running time :                  0:00:09
Estimated running time :        0:00:30
Estimated running time left :   0:00:21

Estimated relative CPU usage :   798.4%

k-eff (analog)    = 0.99947 +/- 0.00443  [0.99079  1.00815]
k-eff (implicit)  = 0.99340 +/- 0.00280  [0.98791  0.99888]

(O4) (MPI=1) (OMP=8) 
------------------------------------------------------------
------------------------------------------------------------

Serpent 2.1.31 -- Static criticality source simulation

Title: "godiva in a water tank: enrichment = 58.0%, radius = 8.7407 cm" 

Active cycle   19 / 120  Source neutrons :  4641

Running time :                  0:00:09
Estimated running time :        0:00:30
Estimated running time left :   0:00:21

Estimated relative CPU usage :   795.9%

k-eff (analog)    = 0.99690 +/- 0.00491  [0.98727  1.00653]
k-eff (implicit)  = 0.99315 +/- 0.00266  [0.98793  0.99836]

(O4) (MPI=1) (OMP=8) 
------------------------------------------------------------
------------------------------------------------------------

Serpent 2.1.31 -- Static criticality source simulation

Title: "godiva in a water tank: enrichment = 58.0%, radius = 8.7407 cm" 

Active cycle   20 / 120  Source neutrons :  5276

Running time :                  0:00:09
Estimated running time :        0:00:30
Estimated running time left :   0:00:21

Estimated relative CPU usage :   797.5%

k-eff (analog)    = 0.99721 +/- 0.00467  [0.98805  1.00637]
k-eff (implicit)  = 0.99311 +/- 0.00252  [0.98817  0.99806]

(O4) (MPI=1) (OMP=8) 
------------------------------------------------------------
------------------------------------------------------------

Serpent 2.1.31 -- Static criticality source simulation

Title: "godiva in a water tank: enrichment = 58.0%, radius = 8.7407 cm" 

Active cycle   21 / 120  Source neutrons :  4984

Running time :                  0:00:09
Estimated running time :        0:00:30
Estimated running time left :   0:00:21

Estimated relative CPU usage :   794.6%

k-eff (analog)    = 0.99734 +/- 0.00445  [0.98862  1.00605]
k-eff (implicit)  = 0.99306 +/- 0.00240  [0.98836  0.99777]

(O4) (MPI=1) (OMP=8) 
------------------------------------------------------------
------------------------------------------------------------

Serpent 2.1.31 -- Static criticality source simulation

Title: "godiva in a water tank: enrichment = 58.0%, radius = 8.7407 cm" 

Active cycle   22 / 120  Source neutrons :  4903

Running time :                  0:00:09
Estimated running time :        0:00:30
Estimated running time left :   0:00:21

Estimated relative CPU usage :   797.6%

k-eff (analog)    = 0.99657 +/- 0.00431  [0.98813  1.00502]
k-eff (implicit)  = 0.99261 +/- 0.00233  [0.98804  0.99718]

(O4) (MPI=1) (OMP=8) 
------------------------------------------------------------
------------------------------------------------------------

Serpent 2.1.31 -- Static criticality source simulation

Title: "godiva in a water tank: enrichment = 58.0%, radius = 8.7407 cm" 

Active cycle   23 / 120  Source neutrons :  5007

Running time :                  0:00:10
Estimated running time :        0:00:30
Estimated running time left :   0:00:20

Estimated relative CPU usage :   796.1%

k-eff (analog)    = 0.99593 +/- 0.00417  [0.98777  1.00410]
k-eff (implicit)  = 0.99200 +/- 0.00231  [0.98747  0.99653]

(O4) (MPI=1) (OMP=8) 
------------------------------------------------------------
------------------------------------------------------------

Serpent 2.1.31 -- Static criticality source simulation

Title: "godiva in a water tank: enrichment = 58.0%, radius = 8.7407 cm" 

Active cycle   24 / 120  Source neutrons :  5015

Running time :                  0:00:10
Estimated running time :        0:00:30
Estimated running time left :   0:00:20

Estimated relative CPU usage :   797.7%

k-eff (analog)    = 0.99547 +/- 0.00401  [0.98760  1.00334]
k-eff (implicit)  = 0.99267 +/- 0.00231  [0.98813  0.99720]

(O4) (MPI=1) (OMP=8) 
------------------------------------------------------------
------------------------------------------------------------

Serpent 2.1.31 -- Static criticality source simulation

Title: "godiva in a water tank: enrichment = 58.0%, radius = 8.7407 cm" 

Active cycle   25 / 120  Source neutrons :  5179

Running time :                  0:00:10
Estimated running time :        0:00:30
Estimated running time left :   0:00:20

Estimated relative CPU usage :   796.1%

k-eff (analog)    = 0.99646 +/- 0.00397  [0.98867  1.00425]
k-eff (implicit)  = 0.99212 +/- 0.00228  [0.98764  0.99659]

(O4) (MPI=1) (OMP=8) 
------------------------------------------------------------
------------------------------------------------------------

Serpent 2.1.31 -- Static criticality source simulation

Title: "godiva in a water tank: enrichment = 58.0%, radius = 8.7407 cm" 

Active cycle   26 / 120  Source neutrons :  4804

Running time :                  0:00:10
Estimated running time :        0:00:30
Estimated running time left :   0:00:20

Estimated relative CPU usage :   798.1%

k-eff (analog)    = 0.99583 +/- 0.00387  [0.98824  1.00341]
k-eff (implicit)  = 0.99179 +/- 0.00222  [0.98744  0.99614]

(O4) (MPI=1) (OMP=8) 
------------------------------------------------------------
------------------------------------------------------------

Serpent 2.1.31 -- Static criticality source simulation

Title: "godiva in a water tank: enrichment = 58.0%, radius = 8.7407 cm" 

Active cycle   27 / 120  Source neutrons :  5148

Running time :                  0:00:10
Estimated running time :        0:00:30
Estimated running time left :   0:00:19

Estimated relative CPU usage :   797.4%

k-eff (analog)    = 0.99632 +/- 0.00376  [0.98896  1.00368]
k-eff (implicit)  = 0.99183 +/- 0.00214  [0.98764  0.99601]

(O4) (MPI=1) (OMP=8) 
------------------------------------------------------------
------------------------------------------------------------

Serpent 2.1.31 -- Static criticality source simulation

Title: "godiva in a water tank: enrichment = 58.0%, radius = 8.7407 cm" 

Active cycle   28 / 120  Source neutrons :  4832

Running time :                  0:00:11
Estimated running time :        0:00:30
Estimated running time left :   0:00:19

Estimated relative CPU usage :   797.2%

k-eff (analog)    = 0.99557 +/- 0.00370  [0.98832  1.00281]
k-eff (implicit)  = 0.99200 +/- 0.00207  [0.98795  0.99605]

(O4) (MPI=1) (OMP=8) 
------------------------------------------------------------
------------------------------------------------------------

Serpent 2.1.31 -- Static criticality source simulation

Title: "godiva in a water tank: enrichment = 58.0%, radius = 8.7407 cm" 

Active cycle   29 / 120  Source neutrons :  5011

Running time :                  0:00:11
Estimated running time :        0:00:30
Estimated running time left :   0:00:19

Estimated relative CPU usage :   795.7%

k-eff (analog)    = 0.99494 +/- 0.00362  [0.98784  1.00204]
k-eff (implicit)  = 0.99149 +/- 0.00206  [0.98746  0.99552]

(O4) (MPI=1) (OMP=8) 
------------------------------------------------------------
------------------------------------------------------------

Serpent 2.1.31 -- Static criticality source simulation

Title: "godiva in a water tank: enrichment = 58.0%, radius = 8.7407 cm" 

Active cycle   30 / 120  Source neutrons :  4994

Running time :                  0:00:11
Estimated running time :        0:00:30
Estimated running time left :   0:00:19

Estimated relative CPU usage :   797.6%

k-eff (analog)    = 0.99431 +/- 0.00356  [0.98734  1.00128]
k-eff (implicit)  = 0.99225 +/- 0.00213  [0.98808  0.99642]

(O4) (MPI=1) (OMP=8) 
------------------------------------------------------------
------------------------------------------------------------

Serpent 2.1.31 -- Static criticality source simulation

Title: "godiva in a water tank: enrichment = 58.0%, radius = 8.7407 cm" 

Active cycle   31 / 120  Source neutrons :  5264

Running time :                  0:00:11
Estimated running time :        0:00:30
Estimated running time left :   0:00:19

Estimated relative CPU usage :   797.7%

k-eff (analog)    = 0.99539 +/- 0.00360  [0.98833  1.00245]
k-eff (implicit)  = 0.99206 +/- 0.00207  [0.98801  0.99611]

(O4) (MPI=1) (OMP=8) 
------------------------------------------------------------
------------------------------------------------------------

Serpent 2.1.31 -- Static criticality source simulation

Title: "godiva in a water tank: enrichment = 58.0%, radius = 8.7407 cm" 

Active cycle   32 / 120  Source neutrons :  4926

Running time :                  0:00:12
Estimated running time :        0:00:30
Estimated running time left :   0:00:18

Estimated relative CPU usage :   794.3%

k-eff (analog)    = 0.99592 +/- 0.00353  [0.98901  1.00284]
k-eff (implicit)  = 0.99190 +/- 0.00201  [0.98796  0.99583]

(O4) (MPI=1) (OMP=8) 
------------------------------------------------------------
------------------------------------------------------------

Serpent 2.1.31 -- Static criticality source simulation

Title: "godiva in a water tank: enrichment = 58.0%, radius = 8.7407 cm" 

Active cycle   33 / 120  Source neutrons :  4886

Running time :                  0:00:12
Estimated running time :        0:00:30
Estimated running time left :   0:00:18

Estimated relative CPU usage :   797.6%

k-eff (analog)    = 0.99573 +/- 0.00343  [0.98901  1.00244]
k-eff (implicit)  = 0.99189 +/- 0.00195  [0.98808  0.99571]

(O4) (MPI=1) (OMP=8) 
------------------------------------------------------------
------------------------------------------------------------

Serpent 2.1.31 -- Static criticality source simulation

Title: "godiva in a water tank: enrichment = 58.0%, radius = 8.7407 cm" 

Active cycle   34 / 120  Source neutrons :  5202

Running time :                  0:00:12
Estimated running time :        0:00:30
Estimated running time left :   0:00:18

Estimated relative CPU usage :   801.0%

k-eff (analog)    = 0.99672 +/- 0.00347  [0.98992  1.00352]
k-eff (implicit)  = 0.99235 +/- 0.00194  [0.98854  0.99616]

(O4) (MPI=1) (OMP=8) 
------------------------------------------------------------
------------------------------------------------------------

Serpent 2.1.31 -- Static criticality source simulation

Title: "godiva in a water tank: enrichment = 58.0%, radius = 8.7407 cm" 

Active cycle   35 / 120  Source neutrons :  4876

Running time :                  0:00:12
Estimated running time :        0:00:30
Estimated running time left :   0:00:18

Estimated relative CPU usage :   794.2%

k-eff (analog)    = 0.99692 +/- 0.00337  [0.99031  1.00354]
k-eff (implicit)  = 0.99178 +/- 0.00197  [0.98791  0.99564]

(O4) (MPI=1) (OMP=8) 
------------------------------------------------------------
------------------------------------------------------------

Serpent 2.1.31 -- Static criticality source simulation

Title: "godiva in a water tank: enrichment = 58.0%, radius = 8.7407 cm" 

Active cycle   36 / 120  Source neutrons :  4935

Running time :                  0:00:12
Estimated running time :        0:00:30
Estimated running time left :   0:00:18

Estimated relative CPU usage :   797.8%

k-eff (analog)    = 0.99675 +/- 0.00328  [0.99032  1.00319]
k-eff (implicit)  = 0.99144 +/- 0.00195  [0.98763  0.99526]

(O4) (MPI=1) (OMP=8) 
------------------------------------------------------------
------------------------------------------------------------

Serpent 2.1.31 -- Static criticality source simulation

Title: "godiva in a water tank: enrichment = 58.0%, radius = 8.7407 cm" 

Active cycle   37 / 120  Source neutrons :  5023

Running time :                  0:00:13
Estimated running time :        0:00:30
Estimated running time left :   0:00:17

Estimated relative CPU usage :   801.2%

k-eff (analog)    = 0.99671 +/- 0.00319  [0.99045  1.00297]
k-eff (implicit)  = 0.99069 +/- 0.00204  [0.98669  0.99468]

(O4) (MPI=1) (OMP=8) 
------------------------------------------------------------
------------------------------------------------------------

Serpent 2.1.31 -- Static criticality source simulation

Title: "godiva in a water tank: enrichment = 58.0%, radius = 8.7407 cm" 

Active cycle   38 / 120  Source neutrons :  4738

Running time :                  0:00:13
Estimated running time :        0:00:30
Estimated running time left :   0:00:17

Estimated relative CPU usage :   797.8%

k-eff (analog)    = 0.99531 +/- 0.00341  [0.98862  1.00200]
k-eff (implicit)  = 0.99087 +/- 0.00199  [0.98696  0.99477]

(O4) (MPI=1) (OMP=8) 
------------------------------------------------------------
------------------------------------------------------------

Serpent 2.1.31 -- Static criticality source simulation

Title: "godiva in a water tank: enrichment = 58.0%, radius = 8.7407 cm" 

Active cycle   39 / 120  Source neutrons :  5270

Running time :                  0:00:13
Estimated running time :        0:00:30
Estimated running time left :   0:00:17

Estimated relative CPU usage :   794.3%

k-eff (analog)    = 0.99528 +/- 0.00332  [0.98876  1.00179]
k-eff (implicit)  = 0.99109 +/- 0.00195  [0.98726  0.99492]

(O4) (MPI=1) (OMP=8) 
------------------------------------------------------------
------------------------------------------------------------

Serpent 2.1.31 -- Static criticality source simulation

Title: "godiva in a water tank: enrichment = 58.0%, radius = 8.7407 cm" 

Active cycle   40 / 120  Source neutrons :  4994

Running time :                  0:00:13
Estimated running time :        0:00:30
Estimated running time left :   0:00:17

Estimated relative CPU usage :   795.9%

k-eff (analog)    = 0.99522 +/- 0.00324  [0.98887  1.00157]
k-eff (implicit)  = 0.99112 +/- 0.00190  [0.98739  0.99485]

(O4) (MPI=1) (OMP=8) 
------------------------------------------------------------
------------------------------------------------------------

Serpent 2.1.31 -- Static criticality source simulation

Title: "godiva in a water tank: enrichment = 58.0%, radius = 8.7407 cm" 

Active cycle   41 / 120  Source neutrons :  4996

Running time :                  0:00:13
Estimated running time :        0:00:30
Estimated running time left :   0:00:16

Estimated relative CPU usage :   796.9%

k-eff (analog)    = 0.99514 +/- 0.00316  [0.98895  1.00134]
k-eff (implicit)  = 0.99099 +/- 0.00186  [0.98735  0.99464]

(O4) (MPI=1) (OMP=8) 
------------------------------------------------------------
------------------------------------------------------------

Serpent 2.1.31 -- Static criticality source simulation

Title: "godiva in a water tank: enrichment = 58.0%, radius = 8.7407 cm" 

Active cycle   42 / 120  Source neutrons :  4857

Running time :                  0:00:14
Estimated running time :        0:00:30
Estimated running time left :   0:00:16

Estimated relative CPU usage :   797.9%

k-eff (analog)    = 0.99440 +/- 0.00317  [0.98818  1.00062]
k-eff (implicit)  = 0.99140 +/- 0.00186  [0.98775  0.99505]

(O4) (MPI=1) (OMP=8) 
------------------------------------------------------------
------------------------------------------------------------

Serpent 2.1.31 -- Static criticality source simulation

Title: "godiva in a water tank: enrichment = 58.0%, radius = 8.7407 cm" 

Active cycle   43 / 120  Source neutrons :  5068

Running time :                  0:00:14
Estimated running time :        0:00:30
Estimated running time left :   0:00:16

Estimated relative CPU usage :   797.3%

k-eff (analog)    = 0.99399 +/- 0.00313  [0.98786  1.00012]
k-eff (implicit)  = 0.99182 +/- 0.00186  [0.98816  0.99547]

(O4) (MPI=1) (OMP=8) 
------------------------------------------------------------
------------------------------------------------------------

Serpent 2.1.31 -- Static criticality source simulation

Title: "godiva in a water tank: enrichment = 58.0%, radius = 8.7407 cm" 

Active cycle   44 / 120  Source neutrons :  5001

Running time :                  0:00:14
Estimated running time :        0:00:30
Estimated running time left :   0:00:16

Estimated relative CPU usage :   800.2%

k-eff (analog)    = 0.99361 +/- 0.00308  [0.98757  0.99964]
k-eff (implicit)  = 0.99223 +/- 0.00187  [0.98857  0.99589]

(O4) (MPI=1) (OMP=8) 
------------------------------------------------------------
------------------------------------------------------------

Serpent 2.1.31 -- Static criticality source simulation

Title: "godiva in a water tank: enrichment = 58.0%, radius = 8.7407 cm" 

Active cycle   45 / 120  Source neutrons :  5190

Running time :                  0:00:14
Estimated running time :        0:00:30
Estimated running time left :   0:00:16

Estimated relative CPU usage :   797.1%

k-eff (analog)    = 0.99406 +/- 0.00304  [0.98810  1.00003]
k-eff (implicit)  = 0.99204 +/- 0.00183  [0.98845  0.99564]

(O4) (MPI=1) (OMP=8) 
------------------------------------------------------------
------------------------------------------------------------

Serpent 2.1.31 -- Static criticality source simulation

Title: "godiva in a water tank: enrichment = 58.0%, radius = 8.7407 cm" 

Active cycle   46 / 120  Source neutrons :  4908

Running time :                  0:00:15
Estimated running time :        0:00:30
Estimated running time left :   0:00:15

Estimated relative CPU usage :   801.5%

k-eff (analog)    = 0.99410 +/- 0.00298  [0.98826  0.99993]
k-eff (implicit)  = 0.99240 +/- 0.00183  [0.98882  0.99599]

(O4) (MPI=1) (OMP=8) 
------------------------------------------------------------
------------------------------------------------------------

Serpent 2.1.31 -- Static criticality source simulation

Title: "godiva in a water tank: enrichment = 58.0%, radius = 8.7407 cm" 

Active cycle   47 / 120  Source neutrons :  5017

Running time :                  0:00:15
Estimated running time :        0:00:30
Estimated running time left :   0:00:15

Estimated relative CPU usage :   794.7%

k-eff (analog)    = 0.99420 +/- 0.00291  [0.98849  0.99991]
k-eff (implicit)  = 0.99230 +/- 0.00179  [0.98878  0.99582]

(O4) (MPI=1) (OMP=8) 
------------------------------------------------------------
------------------------------------------------------------

Serpent 2.1.31 -- Static criticality source simulation

Title: "godiva in a water tank: enrichment = 58.0%, radius = 8.7407 cm" 

Active cycle   48 / 120  Source neutrons :  4902

Running time :                  0:00:15
Estimated running time :        0:00:30
Estimated running time left :   0:00:15

Estimated relative CPU usage :   795.3%

k-eff (analog)    = 0.99389 +/- 0.00287  [0.98826  0.99952]
k-eff (implicit)  = 0.99244 +/- 0.00176  [0.98899  0.99590]

(O4) (MPI=1) (OMP=8) 
------------------------------------------------------------
------------------------------------------------------------

Serpent 2.1.31 -- Static criticality source simulation

Title: "godiva in a water tank: enrichment = 58.0%, radius = 8.7407 cm" 

Active cycle   49 / 120  Source neutrons :  5100

Running time :                  0:00:15
Estimated running time :        0:00:30
Estimated running time left :   0:00:15

Estimated relative CPU usage :   798.3%

k-eff (analog)    = 0.99399 +/- 0.00281  [0.98848  0.99951]
k-eff (implicit)  = 0.99267 +/- 0.00174  [0.98925  0.99608]

(O4) (MPI=1) (OMP=8) 
------------------------------------------------------------
------------------------------------------------------------

Serpent 2.1.31 -- Static criticality source simulation

Title: "godiva in a water tank: enrichment = 58.0%, radius = 8.7407 cm" 

Active cycle   50 / 120  Source neutrons :  4952

Running time :                  0:00:15
Estimated running time :        0:00:30
Estimated running time left :   0:00:14

Estimated relative CPU usage :   800.0%

k-eff (analog)    = 0.99390 +/- 0.00276  [0.98850  0.99931]
k-eff (implicit)  = 0.99213 +/- 0.00179  [0.98863  0.99563]

(O4) (MPI=1) (OMP=8) 
------------------------------------------------------------
------------------------------------------------------------

Serpent 2.1.31 -- Static criticality source simulation

Title: "godiva in a water tank: enrichment = 58.0%, radius = 8.7407 cm" 

Active cycle   51 / 120  Source neutrons :  4998

Running time :                  0:00:16
Estimated running time :        0:00:30
Estimated running time left :   0:00:14

Estimated relative CPU usage :   777.8%

k-eff (analog)    = 0.99380 +/- 0.00270  [0.98850  0.99911]
k-eff (implicit)  = 0.99217 +/- 0.00175  [0.98874  0.99561]

(O4) (MPI=1) (OMP=8) 
------------------------------------------------------------
------------------------------------------------------------

Serpent 2.1.31 -- Static criticality source simulation

Title: "godiva in a water tank: enrichment = 58.0%, radius = 8.7407 cm" 

Active cycle   52 / 120  Source neutrons :  4868

Running time :                  0:00:16
Estimated running time :        0:00:30
Estimated running time left :   0:00:14

Estimated relative CPU usage :   797.1%

k-eff (analog)    = 0.99321 +/- 0.00272  [0.98788  0.99854]
k-eff (implicit)  = 0.99246 +/- 0.00174  [0.98905  0.99588]

(O4) (MPI=1) (OMP=8) 
------------------------------------------------------------
------------------------------------------------------------

Serpent 2.1.31 -- Static criticality source simulation

Title: "godiva in a water tank: enrichment = 58.0%, radius = 8.7407 cm" 

Active cycle   53 / 120  Source neutrons :  5169

Running time :                  0:00:16
Estimated running time :        0:00:30
Estimated running time left :   0:00:14

Estimated relative CPU usage :   796.1%

k-eff (analog)    = 0.99325 +/- 0.00267  [0.98802  0.99848]
k-eff (implicit)  = 0.99241 +/- 0.00171  [0.98906  0.99576]

(O4) (MPI=1) (OMP=8) 
------------------------------------------------------------
------------------------------------------------------------

Serpent 2.1.31 -- Static criticality source simulation

Title: "godiva in a water tank: enrichment = 58.0%, radius = 8.7407 cm" 

Active cycle   54 / 120  Source neutrons :  4896

Running time :                  0:00:16
Estimated running time :        0:00:30
Estimated running time left :   0:00:14

Estimated relative CPU usage :   801.5%

k-eff (analog)    = 0.99291 +/- 0.00264  [0.98773  0.99808]
k-eff (implicit)  = 0.99250 +/- 0.00168  [0.98920  0.99579]

(O4) (MPI=1) (OMP=8) 
------------------------------------------------------------
------------------------------------------------------------

Serpent 2.1.31 -- Static criticality source simulation

Title: "godiva in a water tank: enrichment = 58.0%, radius = 8.7407 cm" 

Active cycle   55 / 120  Source neutrons :  4896

Running time :                  0:00:16
Estimated running time :        0:00:30
Estimated running time left :   0:00:13

Estimated relative CPU usage :   793.9%

k-eff (analog)    = 0.99221 +/- 0.00268  [0.98695  0.99747]
k-eff (implicit)  = 0.99291 +/- 0.00170  [0.98958  0.99624]

(O4) (MPI=1) (OMP=8) 
------------------------------------------------------------
------------------------------------------------------------

Serpent 2.1.31 -- Static criticality source simulation

Title: "godiva in a water tank: enrichment = 58.0%, radius = 8.7407 cm" 

Active cycle   56 / 120  Source neutrons :  5319

Running time :                  0:00:17
Estimated running time :        0:00:30
Estimated running time left :   0:00:13

Estimated relative CPU usage :   800.6%

k-eff (analog)    = 0.99262 +/- 0.00267  [0.98739  0.99785]
k-eff (implicit)  = 0.99338 +/- 0.00174  [0.98998  0.99679]

(O4) (MPI=1) (OMP=8) 
------------------------------------------------------------
------------------------------------------------------------

Serpent 2.1.31 -- Static criticality source simulation

Title: "godiva in a water tank: enrichment = 58.0%, radius = 8.7407 cm" 

Active cycle   57 / 120  Source neutrons :  5104

Running time :                  0:00:17
Estimated running time :        0:00:30
Estimated running time left :   0:00:13

Estimated relative CPU usage :   797.5%

k-eff (analog)    = 0.99339 +/- 0.00273  [0.98804  0.99874]
k-eff (implicit)  = 0.99361 +/- 0.00172  [0.99024  0.99699]

(O4) (MPI=1) (OMP=8) 
------------------------------------------------------------
------------------------------------------------------------

Serpent 2.1.31 -- Static criticality source simulation

Title: "godiva in a water tank: enrichment = 58.0%, radius = 8.7407 cm" 

Active cycle   58 / 120  Source neutrons :  4870

Running time :                  0:00:17
Estimated running time :        0:00:30
Estimated running time left :   0:00:13

Estimated relative CPU usage :   797.7%

k-eff (analog)    = 0.99367 +/- 0.00270  [0.98838  0.99895]
k-eff (implicit)  = 0.99444 +/- 0.00188  [0.99075  0.99814]

(O4) (MPI=1) (OMP=8) 
------------------------------------------------------------
------------------------------------------------------------

Serpent 2.1.31 -- Static criticality source simulation

Title: "godiva in a water tank: enrichment = 58.0%, radius = 8.7407 cm" 

Active cycle   59 / 120  Source neutrons :  5178

Running time :                  0:00:17
Estimated running time :        0:00:30
Estimated running time left :   0:00:13

Estimated relative CPU usage :   801.1%

k-eff (analog)    = 0.99454 +/- 0.00279  [0.98907  1.00002]
k-eff (implicit)  = 0.99482 +/- 0.00189  [0.99112  0.99853]

(O4) (MPI=1) (OMP=8) 
------------------------------------------------------------
------------------------------------------------------------

Serpent 2.1.31 -- Static criticality source simulation

Title: "godiva in a water tank: enrichment = 58.0%, radius = 8.7407 cm" 

Active cycle   60 / 120  Source neutrons :  4861

Running time :                  0:00:18
Estimated running time :        0:00:30
Estimated running time left :   0:00:12

Estimated relative CPU usage :   796.2%

k-eff (analog)    = 0.99491 +/- 0.00277  [0.98948  1.00034]
k-eff (implicit)  = 0.99447 +/- 0.00189  [0.99076  0.99818]

(O4) (MPI=1) (OMP=8) 
------------------------------------------------------------
------------------------------------------------------------

Serpent 2.1.31 -- Static criticality source simulation

Title: "godiva in a water tank: enrichment = 58.0%, radius = 8.7407 cm" 

Active cycle   61 / 120  Source neutrons :  4886

Running time :                  0:00:18
Estimated running time :        0:00:30
Estimated running time left :   0:00:12

Estimated relative CPU usage :   795.8%

k-eff (analog)    = 0.99488 +/- 0.00272  [0.98954  1.00022]
k-eff (implicit)  = 0.99449 +/- 0.00186  [0.99084  0.99814]

(O4) (MPI=1) (OMP=8) 
------------------------------------------------------------
------------------------------------------------------------

Serpent 2.1.31 -- Static criticality source simulation

Title: "godiva in a water tank: enrichment = 58.0%, radius = 8.7407 cm" 

Active cycle   62 / 120  Source neutrons :  5032

Running time :                  0:00:18
Estimated running time :        0:00:30
Estimated running time left :   0:00:12

Estimated relative CPU usage :   798.5%

k-eff (analog)    = 0.99495 +/- 0.00268  [0.98970  1.00021]
k-eff (implicit)  = 0.99436 +/- 0.00183  [0.99076  0.99796]

(O4) (MPI=1) (OMP=8) 
------------------------------------------------------------
------------------------------------------------------------

Serpent 2.1.31 -- Static criticality source simulation

Title: "godiva in a water tank: enrichment = 58.0%, radius = 8.7407 cm" 

Active cycle   63 / 120  Source neutrons :  5049

Running time :                  0:00:18
Estimated running time :        0:00:30
Estimated running time left :   0:00:12

Estimated relative CPU usage :   797.4%

k-eff (analog)    = 0.99518 +/- 0.00265  [0.98999  1.00037]
k-eff (implicit)  = 0.99464 +/- 0.00183  [0.99106  0.99822]

(O4) (MPI=1) (OMP=8) 
------------------------------------------------------------
------------------------------------------------------------

Serpent 2.1.31 -- Static criticality source simulation

Title: "godiva in a water tank: enrichment = 58.0%, radius = 8.7407 cm" 

Active cycle   64 / 120  Source neutrons :  4925

Running time :                  0:00:18
Estimated running time :        0:00:30
Estimated running time left :   0:00:11

Estimated relative CPU usage :   799.2%

k-eff (analog)    = 0.99517 +/- 0.00261  [0.99006  1.00027]
k-eff (implicit)  = 0.99439 +/- 0.00182  [0.99083  0.99795]

(O4) (MPI=1) (OMP=8) 
------------------------------------------------------------
------------------------------------------------------------

Serpent 2.1.31 -- Static criticality source simulation

Title: "godiva in a water tank: enrichment = 58.0%, radius = 8.7407 cm" 

Active cycle   65 / 120  Source neutrons :  4942

Running time :                  0:00:19
Estimated running time :        0:00:30
Estimated running time left :   0:00:11

Estimated relative CPU usage :   797.5%

k-eff (analog)    = 0.99497 +/- 0.00257  [0.98993  1.00002]
k-eff (implicit)  = 0.99453 +/- 0.00179  [0.99102  0.99805]

(O4) (MPI=1) (OMP=8) 
------------------------------------------------------------
------------------------------------------------------------

Serpent 2.1.31 -- Static criticality source simulation

Title: "godiva in a water tank: enrichment = 58.0%, radius = 8.7407 cm" 

Active cycle   66 / 120  Source neutrons :  5063

Running time :                  0:00:19
Estimated running time :        0:00:30
Estimated running time left :   0:00:11

Estimated relative CPU usage :   794.1%

k-eff (analog)    = 0.99498 +/- 0.00253  [0.99001  0.99994]
k-eff (implicit)  = 0.99454 +/- 0.00177  [0.99108  0.99800]

(O4) (MPI=1) (OMP=8) 
------------------------------------------------------------
------------------------------------------------------------

Serpent 2.1.31 -- Static criticality source simulation

Title: "godiva in a water tank: enrichment = 58.0%, radius = 8.7407 cm" 

Active cycle   67 / 120  Source neutrons :  5095

Running time :                  0:00:19
Estimated running time :        0:00:30
Estimated running time left :   0:00:11

Estimated relative CPU usage :   800.3%

k-eff (analog)    = 0.99526 +/- 0.00251  [0.99034  1.00018]
k-eff (implicit)  = 0.99478 +/- 0.00176  [0.99134  0.99822]

(O4) (MPI=1) (OMP=8) 
------------------------------------------------------------
------------------------------------------------------------

Serpent 2.1.31 -- Static criticality source simulation

Title: "godiva in a water tank: enrichment = 58.0%, radius = 8.7407 cm" 

Active cycle   68 / 120  Source neutrons :  5068

Running time :                  0:00:19
Estimated running time :        0:00:30
Estimated running time left :   0:00:11

Estimated relative CPU usage :   800.9%

k-eff (analog)    = 0.99574 +/- 0.00252  [0.99080  1.00068]
k-eff (implicit)  = 0.99478 +/- 0.00173  [0.99139  0.99817]

(O4) (MPI=1) (OMP=8) 
------------------------------------------------------------
------------------------------------------------------------

Serpent 2.1.31 -- Static criticality source simulation

Title: "godiva in a water tank: enrichment = 58.0%, radius = 8.7407 cm" 

Active cycle   69 / 120  Source neutrons :  4718

Running time :                  0:00:19
Estimated running time :        0:00:30
Estimated running time left :   0:00:10

Estimated relative CPU usage :   798.2%

k-eff (analog)    = 0.99536 +/- 0.00251  [0.99044  1.00028]
k-eff (implicit)  = 0.99499 +/- 0.00172  [0.99163  0.99836]

(O4) (MPI=1) (OMP=8) 
------------------------------------------------------------
------------------------------------------------------------

Serpent 2.1.31 -- Static criticality source simulation

Title: "godiva in a water tank: enrichment = 58.0%, radius = 8.7407 cm" 

Active cycle   70 / 120  Source neutrons :  5157

Running time :                  0:00:20
Estimated running time :        0:00:30
Estimated running time left :   0:00:10

Estimated relative CPU usage :   794.6%

k-eff (analog)    = 0.99543 +/- 0.00248  [0.99058  1.00028]
k-eff (implicit)  = 0.99502 +/- 0.00169  [0.99170  0.99834]

(O4) (MPI=1) (OMP=8) 
------------------------------------------------------------
------------------------------------------------------------

Serpent 2.1.31 -- Static criticality source simulation

Title: "godiva in a water tank: enrichment = 58.0%, radius = 8.7407 cm" 

Active cycle   71 / 120  Source neutrons :  4961

Running time :                  0:00:20
Estimated running time :        0:00:30
Estimated running time left :   0:00:10

Estimated relative CPU usage :   801.0%

k-eff (analog)    = 0.99539 +/- 0.00244  [0.99060  1.00017]
k-eff (implicit)  = 0.99504 +/- 0.00167  [0.99177  0.99831]

(O4) (MPI=1) (OMP=8) 
------------------------------------------------------------
------------------------------------------------------------

Serpent 2.1.31 -- Static criticality source simulation

Title: "godiva in a water tank: enrichment = 58.0%, radius = 8.7407 cm" 

Active cycle   72 / 120  Source neutrons :  5094

Running time :                  0:00:20
Estimated running time :        0:00:30
Estimated running time left :   0:00:10

Estimated relative CPU usage :   797.6%

k-eff (analog)    = 0.99561 +/- 0.00242  [0.99087  1.00034]
k-eff (implicit)  = 0.99468 +/- 0.00168  [0.99138  0.99799]

(O4) (MPI=1) (OMP=8) 
------------------------------------------------------------
------------------------------------------------------------

Serpent 2.1.31 -- Static criticality source simulation

Title: "godiva in a water tank: enrichment = 58.0%, radius = 8.7407 cm" 

Active cycle   73 / 120  Source neutrons :  4899

Running time :                  0:00:20
Estimated running time :        0:00:30
Estimated running time left :   0:00:10

Estimated relative CPU usage :   797.6%

k-eff (analog)    = 0.99554 +/- 0.00239  [0.99086  1.00021]
k-eff (implicit)  = 0.99491 +/- 0.00168  [0.99162  0.99820]

(O4) (MPI=1) (OMP=8) 
------------------------------------------------------------
------------------------------------------------------------

Serpent 2.1.31 -- Static criticality source simulation

Title: "godiva in a water tank: enrichment = 58.0%, radius = 8.7407 cm" 

Active cycle   74 / 120  Source neutrons :  5013

Running time :                  0:00:20
Estimated running time :        0:00:30
Estimated running time left :   0:00:09

Estimated relative CPU usage :   794.3%

k-eff (analog)    = 0.99551 +/- 0.00235  [0.99090  1.00012]
k-eff (implicit)  = 0.99473 +/- 0.00166  [0.99147  0.99799]

(O4) (MPI=1) (OMP=8) 
------------------------------------------------------------
------------------------------------------------------------

Serpent 2.1.31 -- Static criticality source simulation

Title: "godiva in a water tank: enrichment = 58.0%, radius = 8.7407 cm" 

Active cycle   75 / 120  Source neutrons :  4916

Running time :                  0:00:21
Estimated running time :        0:00:30
Estimated running time left :   0:00:09

Estimated relative CPU usage :   797.8%

k-eff (analog)    = 0.99525 +/- 0.00233  [0.99068  0.99983]
k-eff (implicit)  = 0.99465 +/- 0.00164  [0.99143  0.99787]

(O4) (MPI=1) (OMP=8) 
------------------------------------------------------------
------------------------------------------------------------

Serpent 2.1.31 -- Static criticality source simulation

Title: "godiva in a water tank: enrichment = 58.0%, radius = 8.7407 cm" 

Active cycle   76 / 120  Source neutrons :  5110

Running time :                  0:00:21
Estimated running time :        0:00:30
Estimated running time left :   0:00:09

Estimated relative CPU usage :   801.2%

k-eff (analog)    = 0.99529 +/- 0.00230  [0.99077  0.99981]
k-eff (implicit)  = 0.99476 +/- 0.00163  [0.99157  0.99795]

(O4) (MPI=1) (OMP=8) 
------------------------------------------------------------
------------------------------------------------------------

Serpent 2.1.31 -- Static criticality source simulation

Title: "godiva in a water tank: enrichment = 58.0%, radius = 8.7407 cm" 

Active cycle   77 / 120  Source neutrons :  4898

Running time :                  0:00:21
Estimated running time :        0:00:30
Estimated running time left :   0:00:09

Estimated relative CPU usage :   801.5%

k-eff (analog)    = 0.99506 +/- 0.00229  [0.99058  0.99954]
k-eff (implicit)  = 0.99479 +/- 0.00160  [0.99165  0.99794]

(O4) (MPI=1) (OMP=8) 
------------------------------------------------------------
------------------------------------------------------------

Serpent 2.1.31 -- Static criticality source simulation

Title: "godiva in a water tank: enrichment = 58.0%, radius = 8.7407 cm" 

Active cycle   78 / 120  Source neutrons :  5198

Running time :                  0:00:21
Estimated running time :        0:00:30
Estimated running time left :   0:00:08

Estimated relative CPU usage :   797.7%

k-eff (analog)    = 0.99534 +/- 0.00227  [0.99088  0.99979]
k-eff (implicit)  = 0.99445 +/- 0.00162  [0.99127  0.99762]

(O4) (MPI=1) (OMP=8) 
------------------------------------------------------------
------------------------------------------------------------

Serpent 2.1.31 -- Static criticality source simulation

Title: "godiva in a water tank: enrichment = 58.0%, radius = 8.7407 cm" 

Active cycle   79 / 120  Source neutrons :  4761

Running time :                  0:00:22
Estimated running time :        0:00:30
Estimated running time left :   0:00:08

Estimated relative CPU usage :   797.7%

k-eff (analog)    = 0.99499 +/- 0.00227  [0.99054  0.99944]
k-eff (implicit)  = 0.99438 +/- 0.00160  [0.99124  0.99752]

(O4) (MPI=1) (OMP=8) 
------------------------------------------------------------
------------------------------------------------------------

Serpent 2.1.31 -- Static criticality source simulation

Title: "godiva in a water tank: enrichment = 58.0%, radius = 8.7407 cm" 

Active cycle   80 / 120  Source neutrons :  5087

Running time :                  0:00:22
Estimated running time :        0:00:30
Estimated running time left :   0:00:08

Estimated relative CPU usage :   794.6%

k-eff (analog)    = 0.99486 +/- 0.00225  [0.99046  0.99926]
k-eff (implicit)  = 0.99433 +/- 0.00158  [0.99123  0.99744]

(O4) (MPI=1) (OMP=8) 
------------------------------------------------------------
------------------------------------------------------------

Serpent 2.1.31 -- Static criticality source simulation

Title: "godiva in a water tank: enrichment = 58.0%, radius = 8.7407 cm" 

Active cycle   81 / 120  Source neutrons :  5115

Running time :                  0:00:22
Estimated running time :        0:00:30
Estimated running time left :   0:00:08

Estimated relative CPU usage :   797.2%

k-eff (analog)    = 0.99501 +/- 0.00222  [0.99065  0.99937]
k-eff (implicit)  = 0.99447 +/- 0.00157  [0.99140  0.99755]

(O4) (MPI=1) (OMP=8) 
------------------------------------------------------------
------------------------------------------------------------

Serpent 2.1.31 -- Static criticality source simulation

Title: "godiva in a water tank: enrichment = 58.0%, radius = 8.7407 cm" 

Active cycle   82 / 120  Source neutrons :  4885

Running time :                  0:00:22
Estimated running time :        0:00:30
Estimated running time left :   0:00:08

Estimated relative CPU usage :   794.3%

k-eff (analog)    = 0.99488 +/- 0.00220  [0.99057  0.99919]
k-eff (implicit)  = 0.99415 +/- 0.00158  [0.99104  0.99725]

(O4) (MPI=1) (OMP=8) 
------------------------------------------------------------
------------------------------------------------------------

Serpent 2.1.31 -- Static criticality source simulation

Title: "godiva in a water tank: enrichment = 58.0%, radius = 8.7407 cm" 

Active cycle   83 / 120  Source neutrons :  5025

Running time :                  0:00:22
Estimated running time :        0:00:30
Estimated running time left :   0:00:07

Estimated relative CPU usage :   798.6%

k-eff (analog)    = 0.99481 +/- 0.00217  [0.99055  0.99907]
k-eff (implicit)  = 0.99425 +/- 0.00157  [0.99117  0.99732]

(O4) (MPI=1) (OMP=8) 
------------------------------------------------------------
------------------------------------------------------------

Serpent 2.1.31 -- Static criticality source simulation

Title: "godiva in a water tank: enrichment = 58.0%, radius = 8.7407 cm" 

Active cycle   84 / 120  Source neutrons :  5142

Running time :                  0:00:23
Estimated running time :        0:00:30
Estimated running time left :   0:00:07

Estimated relative CPU usage :   797.5%

k-eff (analog)    = 0.99507 +/- 0.00216  [0.99083  0.99932]
k-eff (implicit)  = 0.99451 +/- 0.00157  [0.99143  0.99758]

(O4) (MPI=1) (OMP=8) 
------------------------------------------------------------
------------------------------------------------------------

Serpent 2.1.31 -- Static criticality source simulation

Title: "godiva in a water tank: enrichment = 58.0%, radius = 8.7407 cm" 

Active cycle   85 / 120  Source neutrons :  5104

Running time :                  0:00:23
Estimated running time :        0:00:30
Estimated running time left :   0:00:07

Estimated relative CPU usage :   794.3%

k-eff (analog)    = 0.99558 +/- 0.00220  [0.99127  0.99989]
k-eff (implicit)  = 0.99464 +/- 0.00156  [0.99159  0.99769]

(O4) (MPI=1) (OMP=8) 
------------------------------------------------------------
------------------------------------------------------------

Serpent 2.1.31 -- Static criticality source simulation

Title: "godiva in a water tank: enrichment = 58.0%, radius = 8.7407 cm" 

Active cycle   86 / 120  Source neutrons :  4772

Running time :                  0:00:23
Estimated running time :        0:00:30
Estimated running time left :   0:00:07

Estimated relative CPU usage :   801.4%

k-eff (analog)    = 0.99553 +/- 0.00217  [0.99127  0.99979]
k-eff (implicit)  = 0.99443 +/- 0.00155  [0.99138  0.99747]

(O4) (MPI=1) (OMP=8) 
------------------------------------------------------------
------------------------------------------------------------

Serpent 2.1.31 -- Static criticality source simulation

Title: "godiva in a water tank: enrichment = 58.0%, radius = 8.7407 cm" 

Active cycle   87 / 120  Source neutrons :  4974

Running time :                  0:00:23
Estimated running time :        0:00:30
Estimated running time left :   0:00:07

Estimated relative CPU usage :   794.4%

k-eff (analog)    = 0.99542 +/- 0.00215  [0.99120  0.99963]
k-eff (implicit)  = 0.99449 +/- 0.00154  [0.99148  0.99750]

(O4) (MPI=1) (OMP=8) 
------------------------------------------------------------
------------------------------------------------------------

Serpent 2.1.31 -- Static criticality source simulation

Title: "godiva in a water tank: enrichment = 58.0%, radius = 8.7407 cm" 

Active cycle   88 / 120  Source neutrons :  5032

Running time :                  0:00:23
Estimated running time :        0:00:30
Estimated running time left :   0:00:06

Estimated relative CPU usage :   798.5%

k-eff (analog)    = 0.99538 +/- 0.00213  [0.99121  0.99955]
k-eff (implicit)  = 0.99427 +/- 0.00154  [0.99127  0.99728]

(O4) (MPI=1) (OMP=8) 
------------------------------------------------------------
------------------------------------------------------------

Serpent 2.1.31 -- Static criticality source simulation

Title: "godiva in a water tank: enrichment = 58.0%, radius = 8.7407 cm" 

Active cycle   89 / 120  Source neutrons :  4903

Running time :                  0:00:24
Estimated running time :        0:00:30
Estimated running time left :   0:00:06

Estimated relative CPU usage :   799.7%

k-eff (analog)    = 0.99513 +/- 0.00212  [0.99097  0.99928]
k-eff (implicit)  = 0.99434 +/- 0.00152  [0.99136  0.99732]

(O4) (MPI=1) (OMP=8) 
------------------------------------------------------------
------------------------------------------------------------

Serpent 2.1.31 -- Static criticality source simulation

Title: "godiva in a water tank: enrichment = 58.0%, radius = 8.7407 cm" 

Active cycle   90 / 120  Source neutrons :  5013

Running time :                  0:00:24
Estimated running time :        0:00:30
Estimated running time left :   0:00:06

Estimated relative CPU usage :   794.3%

k-eff (analog)    = 0.99491 +/- 0.00211  [0.99078  0.99903]
k-eff (implicit)  = 0.99426 +/- 0.00151  [0.99131  0.99721]

(O4) (MPI=1) (OMP=8) 
------------------------------------------------------------
------------------------------------------------------------

Serpent 2.1.31 -- Static criticality source simulation

Title: "godiva in a water tank: enrichment = 58.0%, radius = 8.7407 cm" 

Active cycle   91 / 120  Source neutrons :  5036

Running time :                  0:00:24
Estimated running time :        0:00:30
Estimated running time left :   0:00:06

Estimated relative CPU usage :   797.7%

k-eff (analog)    = 0.99477 +/- 0.00209  [0.99068  0.99886]
k-eff (implicit)  = 0.99389 +/- 0.00153  [0.99088  0.99689]

(O4) (MPI=1) (OMP=8) 
------------------------------------------------------------
------------------------------------------------------------

Serpent 2.1.31 -- Static criticality source simulation

Title: "godiva in a water tank: enrichment = 58.0%, radius = 8.7407 cm" 

Active cycle   92 / 120  Source neutrons :  5074

Running time :                  0:00:24
Estimated running time :        0:00:30
Estimated running time left :   0:00:05

Estimated relative CPU usage :   797.9%

k-eff (analog)    = 0.99479 +/- 0.00206  [0.99075  0.99884]
k-eff (implicit)  = 0.99410 +/- 0.00153  [0.99110  0.99710]

(O4) (MPI=1) (OMP=8) 
------------------------------------------------------------
------------------------------------------------------------

Serpent 2.1.31 -- Static criticality source simulation

Title: "godiva in a water tank: enrichment = 58.0%, radius = 8.7407 cm" 

Active cycle   93 / 120  Source neutrons :  5010

Running time :                  0:00:25
Estimated running time :        0:00:30
Estimated running time left :   0:00:05

Estimated relative CPU usage :   797.6%

k-eff (analog)    = 0.99484 +/- 0.00204  [0.99083  0.99884]
k-eff (implicit)  = 0.99425 +/- 0.00152  [0.99127  0.99724]

(O4) (MPI=1) (OMP=8) 
------------------------------------------------------------
------------------------------------------------------------

Serpent 2.1.31 -- Static criticality source simulation

Title: "godiva in a water tank: enrichment = 58.0%, radius = 8.7407 cm" 

Active cycle   94 / 120  Source neutrons :  5162

Running time :                  0:00:25
Estimated running time :        0:00:30
Estimated running time left :   0:00:05

Estimated relative CPU usage :   794.8%

k-eff (analog)    = 0.99523 +/- 0.00206  [0.99119  0.99926]
k-eff (implicit)  = 0.99425 +/- 0.00151  [0.99130  0.99720]

(O4) (MPI=1) (OMP=8) 
------------------------------------------------------------
------------------------------------------------------------

Serpent 2.1.31 -- Static criticality source simulation

Title: "godiva in a water tank: enrichment = 58.0%, radius = 8.7407 cm" 

Active cycle   95 / 120  Source neutrons :  4763

Running time :                  0:00:25
Estimated running time :        0:00:30
Estimated running time left :   0:00:05

Estimated relative CPU usage :   795.6%

k-eff (analog)    = 0.99509 +/- 0.00204  [0.99109  0.99909]
k-eff (implicit)  = 0.99427 +/- 0.00149  [0.99135  0.99719]

(O4) (MPI=1) (OMP=8) 
------------------------------------------------------------
------------------------------------------------------------

Serpent 2.1.31 -- Static criticality source simulation

Title: "godiva in a water tank: enrichment = 58.0%, radius = 8.7407 cm" 

Active cycle   96 / 120  Source neutrons :  5164

Running time :                  0:00:25
Estimated running time :        0:00:30
Estimated running time left :   0:00:05

Estimated relative CPU usage :   797.5%

k-eff (analog)    = 0.99529 +/- 0.00203  [0.99132  0.99927]
k-eff (implicit)  = 0.99437 +/- 0.00148  [0.99147  0.99727]

(O4) (MPI=1) (OMP=8) 
------------------------------------------------------------
------------------------------------------------------------

Serpent 2.1.31 -- Static criticality source simulation

Title: "godiva in a water tank: enrichment = 58.0%, radius = 8.7407 cm" 

Active cycle   97 / 120  Source neutrons :  4984

Running time :                  0:00:25
Estimated running time :        0:00:30
Estimated running time left :   0:00:04

Estimated relative CPU usage :   797.7%

k-eff (analog)    = 0.99546 +/- 0.00202  [0.99151  0.99941]
k-eff (implicit)  = 0.99434 +/- 0.00146  [0.99147  0.99721]

(O4) (MPI=1) (OMP=8) 
------------------------------------------------------------
------------------------------------------------------------

Serpent 2.1.31 -- Static criticality source simulation

Title: "godiva in a water tank: enrichment = 58.0%, radius = 8.7407 cm" 

Active cycle   98 / 120  Source neutrons :  4916

Running time :                  0:00:26
Estimated running time :        0:00:30
Estimated running time left :   0:00:04

Estimated relative CPU usage :   797.9%

k-eff (analog)    = 0.99545 +/- 0.00199  [0.99154  0.99936]
k-eff (implicit)  = 0.99438 +/- 0.00145  [0.99154  0.99722]

(O4) (MPI=1) (OMP=8) 
------------------------------------------------------------
------------------------------------------------------------

Serpent 2.1.31 -- Static criticality source simulation

Title: "godiva in a water tank: enrichment = 58.0%, radius = 8.7407 cm" 

Active cycle   99 / 120  Source neutrons :  5027

Running time :                  0:00:26
Estimated running time :        0:00:30
Estimated running time left :   0:00:04

Estimated relative CPU usage :   797.8%

k-eff (analog)    = 0.99549 +/- 0.00197  [0.99162  0.99936]
k-eff (implicit)  = 0.99451 +/- 0.00144  [0.99169  0.99733]

(O4) (MPI=1) (OMP=8) 
------------------------------------------------------------
------------------------------------------------------------

Serpent 2.1.31 -- Static criticality source simulation

Title: "godiva in a water tank: enrichment = 58.0%, radius = 8.7407 cm" 

Active cycle  100 / 120  Source neutrons :  4999

Running time :                  0:00:26
Estimated running time :        0:00:30
Estimated running time left :   0:00:04

Estimated relative CPU usage :   794.4%

k-eff (analog)    = 0.99553 +/- 0.00196  [0.99170  0.99937]
k-eff (implicit)  = 0.99453 +/- 0.00143  [0.99173  0.99732]

(O4) (MPI=1) (OMP=8) 
------------------------------------------------------------
------------------------------------------------------------

Serpent 2.1.31 -- Static criticality source simulation

Title: "godiva in a water tank: enrichment = 58.0%, radius = 8.7407 cm" 

Active cycle  101 / 120  Source neutrons :  4979

Running time :                  0:00:26
Estimated running time :        0:00:30
Estimated running time left :   0:00:04

Estimated relative CPU usage :   778.9%

k-eff (analog)    = 0.99553 +/- 0.00194  [0.99174  0.99933]
k-eff (implicit)  = 0.99449 +/- 0.00141  [0.99173  0.99726]

(O4) (MPI=1) (OMP=8) 
------------------------------------------------------------
------------------------------------------------------------

Serpent 2.1.31 -- Static criticality source simulation

Title: "godiva in a water tank: enrichment = 58.0%, radius = 8.7407 cm" 

Active cycle  102 / 120  Source neutrons :  4865

Running time :                  0:00:26
Estimated running time :        0:00:30
Estimated running time left :   0:00:03

Estimated relative CPU usage :   798.0%

k-eff (analog)    = 0.99527 +/- 0.00194  [0.99147  0.99906]
k-eff (implicit)  = 0.99434 +/- 0.00141  [0.99159  0.99710]

(O4) (MPI=1) (OMP=8) 
------------------------------------------------------------
------------------------------------------------------------

Serpent 2.1.31 -- Static criticality source simulation

Title: "godiva in a water tank: enrichment = 58.0%, radius = 8.7407 cm" 

Active cycle  103 / 120  Source neutrons :  5141

Running time :                  0:00:27
Estimated running time :        0:00:30
Estimated running time left :   0:00:03

Estimated relative CPU usage :   797.8%

k-eff (analog)    = 0.99527 +/- 0.00192  [0.99152  0.99903]
k-eff (implicit)  = 0.99440 +/- 0.00139  [0.99167  0.99713]

(O4) (MPI=1) (OMP=8) 
------------------------------------------------------------
------------------------------------------------------------

Serpent 2.1.31 -- Static criticality source simulation

Title: "godiva in a water tank: enrichment = 58.0%, radius = 8.7407 cm" 

Active cycle  104 / 120  Source neutrons :  5005

Running time :                  0:00:27
Estimated running time :        0:00:30
Estimated running time left :   0:00:03

Estimated relative CPU usage :   800.0%

k-eff (analog)    = 0.99529 +/- 0.00190  [0.99157  0.99901]
k-eff (implicit)  = 0.99417 +/- 0.00140  [0.99142  0.99691]

(O4) (MPI=1) (OMP=8) 
------------------------------------------------------------
------------------------------------------------------------

Serpent 2.1.31 -- Static criticality source simulation

Title: "godiva in a water tank: enrichment = 58.0%, radius = 8.7407 cm" 

Active cycle  105 / 120  Source neutrons :  4904

Running time :                  0:00:27
Estimated running time :        0:00:30
Estimated running time left :   0:00:03

Estimated relative CPU usage :   793.6%

k-eff (analog)    = 0.99512 +/- 0.00189  [0.99142  0.99882]
k-eff (implicit)  = 0.99418 +/- 0.00139  [0.99146  0.99689]

(O4) (MPI=1) (OMP=8) 
------------------------------------------------------------
------------------------------------------------------------

Serpent 2.1.31 -- Static criticality source simulation

Title: "godiva in a water tank: enrichment = 58.0%, radius = 8.7407 cm" 

Active cycle  106 / 120  Source neutrons :  5103

Running time :                  0:00:27
Estimated running time :        0:00:30
Estimated running time left :   0:00:02

Estimated relative CPU usage :   801.5%

k-eff (analog)    = 0.99515 +/- 0.00187  [0.99148  0.99881]
k-eff (implicit)  = 0.99420 +/- 0.00137  [0.99151  0.99689]

(O4) (MPI=1) (OMP=8) 
------------------------------------------------------------
------------------------------------------------------------

Serpent 2.1.31 -- Static criticality source simulation

Title: "godiva in a water tank: enrichment = 58.0%, radius = 8.7407 cm" 

Active cycle  107 / 120  Source neutrons :  4976

Running time :                  0:00:28
Estimated running time :        0:00:30
Estimated running time left :   0:00:02

Estimated relative CPU usage :   794.9%

k-eff (analog)    = 0.99513 +/- 0.00185  [0.99150  0.99876]
k-eff (implicit)  = 0.99434 +/- 0.00137  [0.99166  0.99702]

(O4) (MPI=1) (OMP=8) 
------------------------------------------------------------
------------------------------------------------------------

Serpent 2.1.31 -- Static criticality source simulation

Title: "godiva in a water tank: enrichment = 58.0%, radius = 8.7407 cm" 

Active cycle  108 / 120  Source neutrons :  4979

Running time :                  0:00:28
Estimated running time :        0:00:30
Estimated running time left :   0:00:02

Estimated relative CPU usage :   795.7%

k-eff (analog)    = 0.99507 +/- 0.00184  [0.99147  0.99867]
k-eff (implicit)  = 0.99425 +/- 0.00136  [0.99159  0.99691]

(O4) (MPI=1) (OMP=8) 
------------------------------------------------------------
------------------------------------------------------------

Serpent 2.1.31 -- Static criticality source simulation

Title: "godiva in a water tank: enrichment = 58.0%, radius = 8.7407 cm" 

Active cycle  109 / 120  Source neutrons :  5034

Running time :                  0:00:28
Estimated running time :        0:00:30
Estimated running time left :   0:00:02

Estimated relative CPU usage :   799.4%

k-eff (analog)    = 0.99507 +/- 0.00182  [0.99151  0.99864]
k-eff (implicit)  = 0.99430 +/- 0.00135  [0.99167  0.99694]

(O4) (MPI=1) (OMP=8) 
------------------------------------------------------------
------------------------------------------------------------

Serpent 2.1.31 -- Static criticality source simulation

Title: "godiva in a water tank: enrichment = 58.0%, radius = 8.7407 cm" 

Active cycle  110 / 120  Source neutrons :  4988

Running time :                  0:00:28
Estimated running time :        0:00:30
Estimated running time left :   0:00:02

Estimated relative CPU usage :   795.9%

k-eff (analog)    = 0.99505 +/- 0.00180  [0.99152  0.99859]
k-eff (implicit)  = 0.99454 +/- 0.00135  [0.99189  0.99720]

(O4) (MPI=1) (OMP=8) 
------------------------------------------------------------
------------------------------------------------------------

Serpent 2.1.31 -- Static criticality source simulation

Title: "godiva in a water tank: enrichment = 58.0%, radius = 8.7407 cm" 

Active cycle  111 / 120  Source neutrons :  5082

Running time :                  0:00:28
Estimated running time :        0:00:30
Estimated running time left :   0:00:01

Estimated relative CPU usage :   797.7%

k-eff (analog)    = 0.99518 +/- 0.00179  [0.99168  0.99869]
k-eff (implicit)  = 0.99459 +/- 0.00134  [0.99196  0.99723]

(O4) (MPI=1) (OMP=8) 
------------------------------------------------------------
------------------------------------------------------------

Serpent 2.1.31 -- Static criticality source simulation

Title: "godiva in a water tank: enrichment = 58.0%, radius = 8.7407 cm" 

Active cycle  112 / 120  Source neutrons :  5058

Running time :                  0:00:29
Estimated running time :        0:00:30
Estimated running time left :   0:00:01

Estimated relative CPU usage :   800.9%

k-eff (analog)    = 0.99542 +/- 0.00179  [0.99191  0.99892]
k-eff (implicit)  = 0.99458 +/- 0.00133  [0.99197  0.99719]

(O4) (MPI=1) (OMP=8) 
------------------------------------------------------------
------------------------------------------------------------

Serpent 2.1.31 -- Static criticality source simulation

Title: "godiva in a water tank: enrichment = 58.0%, radius = 8.7407 cm" 

Active cycle  113 / 120  Source neutrons :  4874

Running time :                  0:00:29
Estimated running time :        0:00:30
Estimated running time left :   0:00:01

Estimated relative CPU usage :   794.1%

k-eff (analog)    = 0.99542 +/- 0.00177  [0.99194  0.99889]
k-eff (implicit)  = 0.99471 +/- 0.00133  [0.99211  0.99731]

(O4) (MPI=1) (OMP=8) 
------------------------------------------------------------
------------------------------------------------------------

Serpent 2.1.31 -- Static criticality source simulation

Title: "godiva in a water tank: enrichment = 58.0%, radius = 8.7407 cm" 

Active cycle  114 / 120  Source neutrons :  5065

Running time :                  0:00:29
Estimated running time :        0:00:30
Estimated running time left :   0:00:01

Estimated relative CPU usage :   797.8%

k-eff (analog)    = 0.99553 +/- 0.00176  [0.99208  0.99898]
k-eff (implicit)  = 0.99459 +/- 0.00132  [0.99201  0.99718]

(O4) (MPI=1) (OMP=8) 
------------------------------------------------------------
------------------------------------------------------------

Serpent 2.1.31 -- Static criticality source simulation

Title: "godiva in a water tank: enrichment = 58.0%, radius = 8.7407 cm" 

Active cycle  115 / 120  Source neutrons :  4903

Running time :                  0:00:29
Estimated running time :        0:00:30
Estimated running time left :   0:00:01

Estimated relative CPU usage :   797.5%

k-eff (analog)    = 0.99547 +/- 0.00175  [0.99205  0.99890]
k-eff (implicit)  = 0.99453 +/- 0.00131  [0.99196  0.99709]

(O4) (MPI=1) (OMP=8) 
------------------------------------------------------------
------------------------------------------------------------

Serpent 2.1.31 -- Static criticality source simulation

Title: "godiva in a water tank: enrichment = 58.0%, radius = 8.7407 cm" 

Active cycle  116 / 120  Source neutrons :  4952

Running time :                  0:00:29
Estimated running time :        0:00:30
Estimated running time left :   0:00:00

Estimated relative CPU usage :   801.3%

k-eff (analog)    = 0.99533 +/- 0.00174  [0.99193  0.99874]
k-eff (implicit)  = 0.99434 +/- 0.00131  [0.99177  0.99691]

(O4) (MPI=1) (OMP=8) 
------------------------------------------------------------
------------------------------------------------------------

Serpent 2.1.31 -- Static criticality source simulation

Title: "godiva in a water tank: enrichment = 58.0%, radius = 8.7407 cm" 

Active cycle  117 / 120  Source neutrons :  5004

Running time :                  0:00:30
Estimated running time :        0:00:30
Estimated running time left :   0:00:00

Estimated relative CPU usage :   794.5%

k-eff (analog)    = 0.99520 +/- 0.00173  [0.99182  0.99859]
k-eff (implicit)  = 0.99436 +/- 0.00130  [0.99181  0.99691]

(O4) (MPI=1) (OMP=8) 
------------------------------------------------------------
------------------------------------------------------------

Serpent 2.1.31 -- Static criticality source simulation

Title: "godiva in a water tank: enrichment = 58.0%, radius = 8.7407 cm" 

Active cycle  118 / 120  Source neutrons :  5047

Running time :                  0:00:30
Estimated running time :        0:00:30
Estimated running time left :   0:00:00

Estimated relative CPU usage :   797.6%

k-eff (analog)    = 0.99515 +/- 0.00171  [0.99179  0.99851]
k-eff (implicit)  = 0.99431 +/- 0.00129  [0.99178  0.99684]

(O4) (MPI=1) (OMP=8) 
------------------------------------------------------------
------------------------------------------------------------

Serpent 2.1.31 -- Static criticality source simulation

Title: "godiva in a water tank: enrichment = 58.0%, radius = 8.7407 cm" 

Active cycle  119 / 120  Source neutrons :  4935

Running time :                  0:00:30
Estimated running time :        0:00:30
Estimated running time left :   0:00:00

Estimated relative CPU usage :   801.3%

k-eff (analog)    = 0.99500 +/- 0.00171  [0.99165  0.99834]
k-eff (implicit)  = 0.99446 +/- 0.00129  [0.99193  0.99699]

(O4) (MPI=1) (OMP=8) 
------------------------------------------------------------
------------------------------------------------------------

Serpent 2.1.31 -- Static criticality source simulation

Title: "godiva in a water tank: enrichment = 58.0%, radius = 8.7407 cm" 

Active cycle  120 / 120  Source neutrons :  5271

Running time :                  0:00:30
Estimated running time :        0:00:30
Estimated running time left :   0:00:00

Estimated relative CPU usage :   795.2%

k-eff (analog)    = 0.99528 +/- 0.00172  [0.99192  0.99865]
k-eff (implicit)  = 0.99456 +/- 0.00128  [0.99204  0.99707]

(O4) (MPI=1) (OMP=8) 
------------------------------------------------------------

Transport cycle completed in 28.8 seconds.

Calculating activities...
OK.

